
[2023-12-14 18:21:46.826] 4782.3750 
[2023-12-14 18:21:46.846] magnitudes:40000;    3901.0000 
[2023-12-14 18:21:46.846] magnitudes:50000;    3523.8125 
[2023-12-14 18:21:46.846] magnitudes:60000;    3348.4375 
[2023-12-14 18:21:46.846] magnitudes:70000;    3576.1875 
[2023-12-14 18:21:46.846] magnitudes:200;  845197.0000 
[2023-12-14 18:21:46.846] magnitudes:500;  281914.1250 
[2023-12-14 18:21:46.846] magnitudes:800;  164956.0000 
[2023-12-14 18:21:46.846] magnitudes:1000;  131271.8125 
[2023-12-14 18:21:46.846] magnitudes:2000;   64858.8125 
[2023-12-14 18:21:46.846] magnitudes:5000;   26116.5000 
[2023-12-14 18:21:46.846] magnitudes:8000;   16544.6875 
[2023-12-14 18:21:46.846] magnitudes:10000;   13230.6875 
[2023-12-14 18:21:46.846] magnitudes:15000;    8915.3125 
[2023-12-14 18:21:46.846] magnitudes:20000;    6821.9375 
[2023-12-14 18:21:46.846] magnitudes:30000;    4798.1250 
[2023-12-14 18:21:46.846] magnitudes:40000;    3841.0625 
[2023-12-14 18:21:46.846] magnitudes:50000;    3523.8125 
[2023-12-14 18:21:46.846] magnitudes:60000;    3348.4375 
[2023-12-14 18:21:46.846] magnitudes:70000;    3576.1875 
[2023-12-14 18:21:46.846] magnitudes:200;  845034.7500 
[2023-12-14 18:21:46.846] magnitudes:500;  269949.0000 
[2023-12-14 18:21:46.846] magnitudes:800;  164956.0000 
[2023-12-14 18:21:46.846] magnitudes:1000;  131271.8125 
[2023-12-14 18:21:46.846] magnitudes:2000;   64858.8125 
[2023-12-14 18:21:46.846] magnitudes:5000;   26269.5625 
[2023-12-14 18:21:46.846] magnitudes:8000;   16333.0000 
[2023-12-14 18:21:46.846] magnitudes:10000;   13189.0625 
[2023-12-14 18:21:46.846] magnitudes:15000;    8950.5625 
[2023-12-14 18:21:46.846] magnitudes:20000;    6863.8125 
[2023-12-14 18:21:46.846] magnitudes:30000;    4798.1250 
[2023-12-14 18:21:46.846] magnitudes:40000;    4016.5625 
[2023-12-14 18:21:46.846] magnitudes:50000;    3535.5000 
[2023-12-14 18:21:46.860] magnitudes:60000;    3348.4375 
[2023-12-14 18:21:46.860] magnitudes:70000;    3576.1875 
[2023-12-14 18:21:46.860] magnitudes:200;  869997.6875 
[2023-12-14 18:21:46.860] magnitudes:500;  273213.6250 
[2023-12-14 18:21:46.860] magnitudes:800;  164956.0000 
[2023-12-14 18:21:46.860] magnitudes:1000;  131271.8125 
[2023-12-14 18:21:46.860] magnitudes:2000;   64858.8125 
[2023-12-14 18:21:46.860] magnitudes:5000;   26116.5000 
[2023-12-14 18:21:46.860] magnitudes:8000;   16333.0000 
[2023-12-14 18:21:46.860] magnitudes:10000;   13189.0625 
[2023-12-14 18:21:46.860] magnitudes:15000;    8919.8750 
[2023-12-14 18:21:46.860] magnitudes:20000;    6821.9375 
[2023-12-14 18:21:46.860] magnitudes:30000;    4798.1250 
[2023-12-14 18:21:46.860] magnitudes:40000;    3914.1875 
[2023-12-14 18:21:46.860] magnitudes:50000;    3523.8125 
[2023-12-14 18:21:46.860] magnitudes:60000;    3348.4375 
[2023-12-14 18:21:46.860] magnitudes:70000;    3576.1875 
[2023-12-14 18:21:46.860] magnitudes:200;  828306.3125 
[2023-12-14 18:21:46.860] magnitudes:500;  266486.0000 
[2023-12-14 18:21:46.860] magnitudes:800;  166960.3750 
[2023-12-14 18:21:46.860] magnitudes:1000;  131271.8125 
[2023-12-14 18:21:46.860] magnitudes:2000;   64858.8125 
[2023-12-14 18:21:46.860] magnitudes:5000;   26116.5000 
[2023-12-14 18:21:46.860] magnitudes:8000;   16544.6875 
[2023-12-14 18:21:46.860] magnitudes:10000;   13189.0625 
[2023-12-14 18:21:46.860] magnitudes:15000;    8950.5625 
[2023-12-14 18:21:46.860] magnitudes:20000;    6800.2500 
[2023-12-14 18:21:46.860] magnitudes:30000;    4782.3750 
[2023-12-14 18:21:46.860] magnitudes:40000;    4016.5625 
[2023-12-14 18:21:46.860] magnitudes:50000;    3535.5000 
[2023-12-14 18:21:46.860] magnitudes:60000;    3348.4375 
[2023-12-14 18:21:46.877] magnitudes:70000;    3576.1875 
[2023-12-14 18:21:46.877] magnitudes:200;  804438.4375 
[2023-12-14 18:21:46.877] magnitudes:500;  242415.4375 
[2023-12-14 18:21:46.877] magnitudes:800;  166960.3750 
[2023-12-14 18:21:46.877] magnitudes:1000;  129684.4375 
[2023-12-14 18:21:46.877] magnitudes:2000;   64858.8125 
[2023-12-14 18:21:46.877] magnitudes:5000;   26116.5000 
[2023-12-14 18:21:46.877] magnitudes:8000;   16439.3750 
[2023-12-14 18:21:46.877] magnitudes:10000;   13131.8750 
[2023-12-14 18:21:46.877] magnitudes:15000;    8950.5625 
[2023-12-14 18:21:46.877] magnitudes:20000;    6800.2500 
[2023-12-14 18:21:46.877] magnitudes:30000;    4798.1250 
[2023-12-14 18:21:46.877] magnitudes:40000;    3841.0625 
[2023-12-14 18:21:46.877] magnitudes:50000;    3535.5000 
[2023-12-14 18:21:46.877] magnitudes:60000;    3348.4375 
[2023-12-14 18:21:46.877] magnitudes:70000;    3576.1875 
[2023-12-14 18:21:46.877] magnitudes:200;  819981.3125 
[2023-12-14 18:21:46.877] magnitudes:500;  248453.5000 
[2023-12-14 18:21:46.877] magnitudes:800;  166960.3750 
[2023-12-14 18:21:46.877] magnitudes:1000;  129684.4375 
[2023-12-14 18:21:46.877] magnitudes:2000;   64858.8125 
[2023-12-14 18:21:46.877] magnitudes:5000;   26116.5000 
[2023-12-14 18:21:46.877] magnitudes:8000;   16523.4375 
[2023-12-14 18:21:46.877] magnitudes:10000;   13131.8750 
[2023-12-14 18:21:46.877] magnitudes:15000;    8955.1875 
[2023-12-14 18:21:46.877] magnitudes:20000;    6821.9375 
[2023-12-14 18:21:46.877] magnitudes:30000;    4782.3750 
[2023-12-14 18:21:46.877] magnitudes:40000;    4016.5625 
[2023-12-14 18:21:46.877] magnitudes:50000;    3535.5000 
[2023-12-14 18:21:46.877] magnitudes:60000;    3348.4375 
[2023-12-14 18:21:46.877] magnitudes:70000;    3576.1875 
[2023-12-14 18:21:46.893] magnitudes:200;  819981.3125 
[2023-12-14 18:21:46.893] magnitudes:500;  269084.0625 
[2023-12-14 18:21:46.893] magnitudes:800;  166960.3750 
[2023-12-14 18:21:46.893] magnitudes:1000;  129684.4375 
[2023-12-14 18:21:46.893] magnitudes:2000;   64858.8125 
[2023-12-14 18:21:46.893] magnitudes:5000;   26116.5000 
[2023-12-14 18:21:46.893] magnitudes:8000;   16544.6875 
[2023-12-14 18:21:46.893] magnitudes:10000;   13230.6875 
[2023-12-14 18:21:46.893] magnitudes:15000;    8915.3125 
[2023-12-14 18:21:46.893] magnitudes:20000;    6821.9375 
[2023-12-14 18:21:46.893] magnitudes:30000;    4800.2500 
[2023-12-14 18:21:46.893] magnitudes:40000;    4030.1875 
[2023-12-14 18:21:46.893] magnitudes:50000;    3523.8125 
[2023-12-14 18:21:46.893] magnitudes:60000;    3348.4375 
[2023-12-14 18:21:46.893] magnitudes:70000;    3576.1875 
[2023-12-14 18:21:46.893] magnitudes:200;  828637.4375 
[2023-12-14 18:21:46.893] magnitudes:500;  275932.0000 
[2023-12-14 18:21:46.893] magnitudes:800;  166661.2500 
[2023-12-14 18:21:46.893] magnitudes:1000;  129684.4375 
[2023-12-14 18:21:46.893] magnitudes:2000;   64858.8125 
[2023-12-14 18:21:46.893] magnitudes:5000;   26116.5000 
[2023-12-14 18:21:46.893] magnitudes:8000;   16544.6875 
[2023-12-14 18:21:46.893] magnitudes:10000;   13230.6875 
[2023-12-14 18:21:46.893] magnitudes:15000;    8950.5625 
[2023-12-14 18:21:46.893] magnitudes:20000;    6800.2500 
[2023-12-14 18:21:46.893] magnitudes:30000;    4798.1250 
[2023-12-14 18:21:46.893] magnitudes:40000;    3901.0000 
[2023-12-14 18:21:46.893] magnitudes:50000;    3523.8125 
[2023-12-14 18:21:46.893] magnitudes:60000;    3348.4375 
[2023-12-14 18:21:46.893] magnitudes:70000;    3576.1875 
[2023-12-14 18:21:46.893] magnitudes:200;  845034.7500 
[2023-12-14 18:21:46.893] magnitudes:500;  281914.1250 
[2023-12-14 18:21:46.908] magnitudes:800;  164956.0000 
[2023-12-14 18:21:46.908] magnitudes:1000;  131271.8125 
[2023-12-14 18:21:46.908] magnitudes:2000;   64858.8125 
[2023-12-14 18:21:46.908] magnitudes:5000;   26269.5625 
[2023-12-14 18:21:46.908] magnitudes:8000;   16544.6875 
[2023-12-14 18:21:46.908] magnitudes:10000;   13230.6875 
[2023-12-14 18:21:46.908] magnitudes:15000;    8955.1875 
[2023-12-14 18:21:46.908] magnitudes:20000;    6841.9375 
[2023-12-14 18:21:46.908] magnitudes:30000;    4782.3750 
[2023-12-14 18:21:46.908] magnitudes:40000;    3849.3750 
[2023-12-14 18:21:46.908] magnitudes:50000;    3535.5000 
[2023-12-14 18:21:46.908] magnitudes:60000;    3348.4375 
[2023-12-14 18:21:46.908] magnitudes:70000;    3576.1875 
[2023-12-14 18:21:46.908] magnitudes:200;  845034.7500 
[2023-12-14 18:21:46.908] magnitudes:500;  269949.0000 
[2023-12-14 18:21:46.908] magnitudes:800;  164956.0000 
[2023-12-14 18:21:46.908] magnitudes:1000;  131271.8125 
[2023-12-14 18:21:46.908] magnitudes:2000;   64858.8125 
[2023-12-14 18:21:46.908] magnitudes:5000;   26269.5625 
[2023-12-14 18:21:46.908] magnitudes:8000;   16333.0000 
[2023-12-14 18:21:46.908] magnitudes:10000;   13230.6875 
[2023-12-14 18:21:46.908] magnitudes:15000;    8950.5625 
[2023-12-14 18:21:46.908] magnitudes:20000;    6800.2500 
[2023-12-14 18:21:46.908] magnitudes:30000;    4784.5000 
[2023-12-14 18:21:46.908] magnitudes:40000;    3901.0000 
[2023-12-14 18:21:46.908] magnitudes:50000;    3523.8125 
[2023-12-14 18:21:46.908] magnitudes:60000;    3348.4375 
[2023-12-14 18:21:46.908] magnitudes:70000;    3576.1875 
[2023-12-14 18:21:46.908] magnitudes:200;  870312.8750 
[2023-12-14 18:21:46.908] magnitudes:500;  278624.0625 
[2023-12-14 18:21:46.908] magnitudes:800;  164956.0000 
[2023-12-14 18:21:46.923] magnitudes:1000;  131271.8125 
[2023-12-14 18:21:46.923] magnitudes:2000;   64858.8125 
[2023-12-14 18:21:46.923] magnitudes:5000;   26269.5625 
[2023-12-14 18:21:46.923] magnitudes:8000;   16544.6875 
[2023-12-14 18:21:46.923] magnitudes:10000;   13189.0625 
[2023-12-14 18:21:46.923] magnitudes:15000;    8950.5625 
[2023-12-14 18:21:46.923] magnitudes:20000;    6863.8125 
[2023-12-14 18:21:46.923] magnitudes:30000;    4798.1250 
[2023-12-14 18:21:46.923] magnitudes:40000;    3849.3750 
[2023-12-14 18:21:46.923] magnitudes:50000;    3535.5000 
[2023-12-14 18:21:46.923] magnitudes:60000;    3348.4375 
[2023-12-14 18:21:46.923] magnitudes:70000;    3576.1875 
[2023-12-14 18:21:46.923] magnitudes:200;  828306.3125 
[2023-12-14 18:21:46.923] magnitudes:500;  266565.1250 
[2023-12-14 18:21:46.923] magnitudes:800;  166960.3750 
[2023-12-14 18:21:46.923] magnitudes:1000;  131271.8125 
[2023-12-14 18:21:46.923] magnitudes:2000;   64858.8125 
[2023-12-14 18:21:46.923] magnitudes:5000;   26116.5000 
[2023-12-14 18:21:46.923] magnitudes:8000;   16544.6875 
[2023-12-14 18:21:46.923] magnitudes:10000;   13189.0625 
[2023-12-14 18:21:46.923] magnitudes:15000;    8955.1875 
[2023-12-14 18:21:46.923] magnitudes:20000;    6841.9375 
[2023-12-14 18:21:46.923] magnitudes:30000;    4782.3750 
[2023-12-14 18:21:46.923] magnitudes:40000;    3901.0000 
[2023-12-14 18:21:46.923] magnitudes:50000;    3535.5000 
[2023-12-14 18:21:46.923] magnitudes:60000;    3348.4375 
[2023-12-14 18:21:46.923] magnitudes:70000;    3576.1875 
[2023-12-14 18:21:46.923] magnitudes:200;  804438.4375 
[2023-12-14 18:21:46.923] magnitudes:500;  245415.7500 
[2023-12-14 18:21:46.923] magnitudes:800;  166960.3750 
[2023-12-14 18:21:46.923] magnitudes:1000;  129684.4375 
[2023-12-14 18:21:46.923] magnitudes:2000;   64858.8125 
[2023-12-14 18:21:46.939] magnitudes:5000;   26116.5000 
[2023-12-14 18:21:46.939] magnitudes:8000;   16544.6875 
[2023-12-14 18:21:46.939] magnitudes:10000;   13189.0625 
[2023-12-14 18:21:46.939] magnitudes:15000;    8955.1875 
[2023-12-14 18:21:46.939] magnitudes:20000;    6863.8125 
[2023-12-14 18:21:46.939] magnitudes:30000;    4782.3750 
[2023-12-14 18:21:46.939] magnitudes:40000;    4016.5625 
[2023-12-14 18:21:46.939] magnitudes:50000;    3523.8125 
[2023-12-14 18:21:46.939] magnitudes:60000;    3348.4375 
[2023-12-14 18:21:46.939] magnitudes:70000;    3576.1875 
[2023-12-14 18:21:46.939] magnitudes:200;  819981.3125 
[2023-12-14 18:21:46.939] magnitudes:500;  272166.8125 
[2023-12-14 18:21:46.939] magnitudes:800;  166960.3750 
[2023-12-14 18:21:46.939] magnitudes:1000;  131271.8125 
[2023-12-14 18:21:46.939] magnitudes:2000;   64858.8125 
[2023-12-14 18:21:46.939] magnitudes:5000;   26116.5000 
[2023-12-14 18:21:46.939] magnitudes:8000;   16439.3750 
[2023-12-14 18:21:46.939] magnitudes:10000;   13131.8750 
[2023-12-14 18:21:46.939] magnitudes:15000;    8950.5625 
[2023-12-14 18:21:46.939] magnitudes:20000;    6841.9375 
[2023-12-14 18:21:46.939] magnitudes:30000;    4800.2500 
[2023-12-14 18:21:46.939] magnitudes:40000;    4016.5625 
[2023-12-14 18:21:46.939] magnitudes:50000;    3523.8125 
[2023-12-14 18:21:46.939] magnitudes:60000;    3348.4375 
[2023-12-14 18:21:46.939] magnitudes:70000;    3576.1875 
[2023-12-14 18:21:46.939] magnitudes:200;  819981.3125 
[2023-12-14 18:21:46.939] magnitudes:500;  272408.6875 
[2023-12-14 18:21:46.939] magnitudes:800;  166661.2500 
[2023-12-14 18:21:46.939] magnitudes:1000;  129684.4375 
[2023-12-14 18:21:46.939] magnitudes:2000;   64858.8125 
[2023-12-14 18:21:46.939] magnitudes:5000;   26116.5000 
[2023-12-14 18:21:46.954] magnitudes:8000;   16544.6875 
[2023-12-14 18:21:46.954] magnitudes:10000;   13230.6875 
[2023-12-14 18:21:46.954] magnitudes:15000;    8919.8750 
[2023-12-14 18:21:46.954] magnitudes:20000;    6821.9375 
[2023-12-14 18:21:46.954] magnitudes:30000;    4798.1250 
[2023-12-14 18:21:46.954] magnitudes:40000;    3841.0625 
[2023-12-14 18:21:46.954] magnitudes:50000;    3535.5000 
[2023-12-14 18:21:46.954] magnitudes:60000;    3348.4375 
[2023-12-14 18:21:46.954] magnitudes:70000;    3576.1875 
[2023-12-14 18:21:46.954] magnitudes:200;  828637.4375 
[2023-12-14 18:21:46.954] magnitudes:500;  279017.8125 
[2023-12-14 18:21:46.954] magnitudes:800;  164956.0000 
[2023-12-14 18:21:46.954] magnitudes:1000;  129684.4375 
[2023-12-14 18:21:46.954] magnitudes:2000;   64858.8125 
[2023-12-14 18:21:46.954] magnitudes:5000;   26116.5000 
[2023-12-14 18:21:46.954] magnitudes:8000;   16544.6875 
[2023-12-14 18:21:46.954] magnitudes:10000;   13230.6875 
[2023-12-14 18:21:46.954] magnitudes:15000;    8950.5625 
[2023-12-14 18:21:46.954] magnitudes:20000;    6863.8125 
[2023-12-14 18:21:46.954] magnitudes:30000;    4782.3750 
[2023-12-14 18:21:46.954] magnitudes:40000;    3901.0000 
[2023-12-14 18:21:46.954] magnitudes:50000;    3535.5000 
[2023-12-14 18:21:46.954] magnitudes:60000;    3348.4375 
[2023-12-14 18:21:46.954] magnitudes:70000;    3576.1875 
[2023-12-14 18:21:46.954] magnitudes:200;  845034.7500 
[2023-12-14 18:21:46.954] magnitudes:500;  278466.4375 
[2023-12-14 18:21:46.954] magnitudes:800;  164956.0000 
[2023-12-14 18:21:46.954] magnitudes:1000;  131271.8125 
[2023-12-14 18:21:46.954] magnitudes:2000;   64858.8125 
[2023-12-14 18:21:46.954] magnitudes:5000;   26116.5000 
[2023-12-14 18:21:46.954] magnitudes:8000;   16544.6875 
[2023-12-14 18:21:46.961] magnitudes:10000;   13230.6875 
[2023-12-14 18:21:46.961] magnitudes:15000;    8955.1875 
[2023-12-14 18:21:46.961] magnitudes:20000;    6821.9375 
[2023-12-14 18:21:46.961] magnitudes:30000;    4798.1250 
[2023-12-14 18:21:46.961] magnitudes:40000;    3849.3750 
[2023-12-14 18:21:46.961] magnitudes:50000;    3535.5000 
[2023-12-14 18:21:46.961] magnitudes:60000;    3348.4375 
[2023-12-14 18:21:46.961] magnitudes:70000;    3576.1875 
[2023-12-14 18:21:46.961] magnitudes:200;  845034.7500 
[2023-12-14 18:21:46.961] magnitudes:500;  269949.0000 
[2023-12-14 18:21:46.961] magnitudes:800;  166960.3750 
[2023-12-14 18:21:46.961] magnitudes:1000;  129684.4375 
[2023-12-14 18:21:46.961] magnitudes:2000;   64858.8125 
[2023-12-14 18:21:46.961] magnitudes:5000;   26116.5000 
[2023-12-14 18:21:46.961] magnitudes:8000;   16544.6875 
[2023-12-14 18:21:46.961] magnitudes:10000;   13230.6875 
[2023-12-14 18:21:46.961] magnitudes:15000;    8950.5625 
[2023-12-14 18:21:46.961] magnitudes:20000;    6863.8125 
[2023-12-14 18:21:46.961] magnitudes:30000;    4798.1250 
[2023-12-14 18:21:46.961] magnitudes
[2023-12-14 18:21:46.961] magnitudes:20000;    6800.2500 
[2023-12-14 18:21:46.961] magnitudes:30000;    4798.1250 
[2023-12-14 18:21:46.961] magnitudes:40000;    3914.1875 
[2023-12-14 18:21:46.961] magnitudes:50000;    3523.8125 
[2023-12-14 18:21:46.967] magnitudes:60000;    3348.4375 
[2023-12-14 18:21:46.996] magnitudes:70000;    3576.1875 
[2023-12-14 18:21:47.026] magnitudes:200;  836712.2500 
[2023-12-14 18:21:47.044] magnitudes:500;  265221.5000 
[2023-12-14 18:21:47.079] magnitudes:800;  166960.3750 
[2023-12-14 18:21:47.108] magnitudes:1000;  131271.8125 
[2023-12-14 18:21:47.140] magnitudes:2000;   64858.8125 
[2023-12-14 18:21:47.172] magnitudes:5000;   26116.5000 
[2023-12-14 18:21:47.210] magnitudes:8000;   16333.0000 
[2023-12-14 18:21:47.219] magnitudes:10000;   13230.6875 
[2023-12-14 18:21:47.250] magnitudes:15000;    8955.1875 
[2023-12-14 18:21:47.284] magnitudes:20000;    6863.8125 
[2023-12-14 18:21:47.315] magnitudes:30000;    4798.1250 
[2023-12-14 18:21:47.347] magnitudes:40000;    3901.0000 
[2023-12-14 18:21:47.379] magnitudes:50000;    3551.6875 
[2023-12-14 18:21:47.394] magnitudes:60000;    3348.4375 
[2023-12-14 18:21:47.428] magnitudes:70000;    3576.1875 
[2023-12-14 18:21:47.459] magnitudes:200;  803755.9375 
[2023-12-14 18:21:47.491] magnitudes:500;  245415.7500 
[2023-12-14 18:21:47.522] magnitudes:800;  166661.2500 
[2023-12-14 18:21:47.555] magnitudes:1000;  129684.4375 
[2023-12-14 18:21:47.586] magnitudes:2000;   65544.3125 
[2023-12-14 18:21:47.603] magnitudes:5000;   26049.8750 
[2023-12-14 18:21:47.635] magnitudes:8000;   16566.0000 
[2023-12-14 18:21:47.666] magnitudes:10000;   13331.7500 
[2023-12-14 18:21:47.698] magnitudes:15000;    8860.0625 
[2023-12-14 18:21:47.731] magnitudes:20000;    6874.6250 
[2023-12-14 18:21:47.747] magnitudes:30000;    4739.6875 
[2023-12-14 18:21:47.779] magnitudes:40000;    3919.5625 
[2023-12-14 18:21:47.811] magnitudes:50000;    3442.9375 
[2023-12-14 18:21:47.843] magnitudes:60000;    3446.0625 
[2023-12-14 18:21:47.875] magnitudes:70000;    3196.3750 
[2023-12-14 18:21:47.907] magnitudes:200;  836712.2500 
[2023-12-14 18:21:47.938] magnitudes:500;  281914.9375 
[2023-12-14 18:21:47.955] magnitudes:800;  167025.4375 
[2023-12-14 18:21:47.987] magnitudes:1000;  116429.9375 
[2023-12-14 18:21:48.018] magnitudes:2000;   62604.3125 
[2023-12-14 18:21:48.050] magnitudes:5000;   25192.6250 
[2023-12-14 18:21:48.083] magnitudes:8000;   16001.4375 
[2023-12-14 18:21:48.115] magnitudes:10000;   12540.8750 
[2023-12-14 18:21:48.130] magnitudes:15000;    8519.5625 
[2023-12-14 18:21:48.162] magnitudes:20000;    6548.3750 
[2023-12-14 18:21:48.195] magnitudes:30000;    4468.4375 
[2023-12-14 18:21:48.227] magnitudes:40000;    3571.6250 
[2023-12-14 18:21:48.259] magnitudes:50000;    3207.5625 
[2023-12-14 18:21:48.291] magnitudes:60000;    3193.0625 
[2023-12-14 18:21:48.307] magnitudes:70000;    3191.3750 
[2023-12-14 18:21:48.338] magnitudes:200;  793100.5000 
[2023-12-14 18:21:48.371] magnitudes:500;  245713.3750 
[2023-12-14 18:21:48.402] magnitudes:800;  156576.0000 
[2023-12-14 18:21:48.435] magnitudes:1000;  120697.0625 
[2023-12-14 18:21:48.467] magnitudes:2000;   59521.4375 
[2023-12-14 18:21:48.499] magnitudes:5000;   22502.2500 
[2023-12-14 18:21:48.515] magnitudes:8000;   14706.5000 
[2023-12-14 18:21:48.547] magnitudes:10000;   11318.0000 
[2023-12-14 18:21:48.578] magnitudes:15000;    7981.6875 
[2023-12-14 18:21:48.611] magnitudes:20000;    5954.5625 
[2023-12-14 18:21:48.643] magnitudes:30000;    4465.3125 
[2023-12-14 18:21:48.675] magnitudes:40000;    3454.3750 
[2023-12-14 18:21:48.690] magnitudes:50000;    2990.8750 
[2023-12-14 18:21:48.723] magnitudes:60000;    2986.8750 
[2023-12-14 18:21:48.756] magnitudes:70000;    3352.5000 
[2023-12-14 18:21:48.787] magnitudes:200; 1073609.6250 
[2023-12-14 18:21:48.819] magnitudes:500;  200031.1875 
[2023-12-14 18:21:48.852] magnitudes:800;  153256.8125 
[2023-12-14 18:21:48.883] magnitudes:1000;  112050.3125 
[2023-12-14 18:21:48.898] magnitudes:2000;   55639.1250 
[2023-12-14 18:21:48.931] magnitudes:5000;   20978.2500 
[2023-12-14 18:21:48.962] magnitudes:8000;   13245.5000 
[2023-12-14 18:21:48.995] magnitudes:10000;    9549.7500 
[2023-12-14 18:21:49.030] magnitudes:15000;    6747.8125 
[2023-12-14 18:21:49.060] magnitudes:20000;    5101.1875 
[2023-12-14 18:21:49.078] magnitudes:30000;    3638.6875 
[2023-12-14 18:21:49.109] magnitudes:40000;    2912.8125 
[2023-12-14 18:21:49.139] magnitudes:50000;    2653.0625 
[2023-12-14 18:21:49.172] magnitudes:60000;    2653.6250 
[2023-12-14 18:21:49.204] magnitudes:70000;    2648.4375 
[2023-12-14 18:21:49.235] magnitudes:200;  637742.0000 
[2023-12-14 18:21:49.268] magnitudes:500;  228175.3125 
[2023-12-14 18:21:49.283] magnitudes:800;  131955.5625 
[2023-12-14 18:21:49.314] magnitudes:1000;  106211.6875 
[2023-12-14 18:21:49.347] magnitudes:2000;   52661.3125 
[2023-12-14 18:21:49.378] magnitudes:5000;   21491.1875 
[2023-12-14 18:21:49.410] magnitudes:8000;   19417.3750 
[2023-12-14 18:21:49.442] magnitudes:10000;    8241.7500 
[2023-12-14 18:21:49.463] magnitudes:15000;    7553.0625 
[2023-12-14 18:21:49.491] magnitudes:20000;    5675.9375 
[2023-12-14 18:21:49.523] magnitudes:30000;    2835.3125 
[2023-12-14 18:21:49.555] magnitudes:40000;    2853.1250 
[2023-12-14 18:21:49.587] magnitudes:50000;    3158.3125 
[2023-12-14 18:21:49.619] magnitudes:60000;    2969.3750 
[2023-12-14 18:21:49.635] magnitudes:70000;    3302.1875 
[2023-12-14 18:21:49.666] magnitudes:200;  802046.8750 
[2023-12-14 18:21:49.698] magnitudes:500;  214719.8750 
[2023-12-14 18:21:49.730] magnitudes:800;  137819.1250 
[2023-12-14 18:21:49.763] magnitudes:1000;  118690.8750 
[2023-12-14 18:21:49.795] magnitudes:2000;   55244.5625 
[2023-12-14 18:21:49.826] magnitudes:5000;   22597.0000 
[2023-12-14 18:21:49.848] magnitudes:8000;   13964.8750 
[2023-12-14 18:21:49.875] magnitudes:10000;   11462.1875 
[2023-12-14 18:21:49.906] magnitudes:15000;    7522.8125 
[2023-12-14 18:21:49.938] magnitudes:20000;    5576.5625 
[2023-12-14 18:21:49.971] magnitudes:30000;    3889.5625 
[2023-12-14 18:21:49.987] magnitudes:40000;    3114.3750 
[2023-12-14 18:21:50.019] magnitudes:50000;    2775.6875 
[2023-12-14 18:21:50.051] magnitudes:60000;    2630.3125 
[2023-12-14 18:21:50.083] magnitudes:70000;    2696.2500 
[2023-12-14 18:21:50.116] magnitudes:200;  568341.0625 
[2023-12-14 18:21:50.146] magnitudes:500;  221166.9375 
[2023-12-14 18:21:50.178] magnitudes:800;  130150.3750 
[2023-12-14 18:21:50.198] magnitudes:1000;  100019.2500 
[2023-12-14 18:21:50.231] magnitudes:2000;   50823.7500 
[2023-12-14 18:21:50.259] magnitudes:5000;   21069.9375 
[2023-12-14 18:21:50.292] magnitudes:8000;   13181.5000 
[2023-12-14 18:21:50.323] magnitudes:10000;   10886.2500 
[2023-12-14 18:21:50.356] magnitudes:15000;    7166.2500 
[2023-12-14 18:21:50.370] magnitudes:20000;    5621.1875 
[2023-12-14 18:21:50.402] magnitudes:30000;    3247.2500 
[2023-12-14 18:21:50.436] magnitudes:40000;    2490.8750 
[2023-12-14 18:21:50.467] magnitudes:50000;    4579.1250 
[2023-12-14 18:21:50.498] magnitudes:60000;    6260.3750 
[2023-12-14 18:21:50.533] magnitudes:70000;    7435.1250 
[2023-12-14 18:21:50.563] magnitudes:200;   26270.9375 
[2023-12-14 18:21:50.581] magnitudes:500;   30590.8125 
[2023-12-14 18:21:50.614] magnitudes:800;   30026.0000 
[2023-12-14 18:21:50.643] magnitudes:1000;   30908.1875 
[2023-12-14 18:21:50.675] magnitudes:2000;   25478.6250 
[2023-12-14 18:21:50.707] magnitudes:5000;   17898.5625 
[2023-12-14 18:21:50.739] magnitudes:8000;   14455.3125 
[2023-12-14 18:21:50.755] magnitudes:10000;   12554.6250 
[2023-12-14 18:21:50.786] magnitudes:15000;    8948.1250 
[2023-12-14 18:21:50.818] magnitudes:20000;    6992.6875 
[2023-12-14 18:21:50.851] magnitudes:30000;    5112.3125 
[2023-12-14 18:21:50.883] magnitudes:40000;    4291.6250 
[2023-12-14 18:21:50.915] magnitudes:50000;    3440.8750 
[2023-12-14 18:21:50.931] magnitudes:60000;    3420.0000 
[2023-12-14 18:21:50.964] magnitudes:70000;    3446.9375 
[2023-12-14 18:21:50.995] magnitudes:200;   46288.8125 
[2023-12-14 18:21:51.027] magnitudes:500;   43364.1250 
[2023-12-14 18:21:51.058] magnitudes:800;   42924.5625 
[2023-12-14 18:21:51.090] magnitudes:1000;   41467.6250 
[2023-12-14 18:21:51.123] magnitudes:2000;   36871.5625 
[2023-12-14 18:21:51.139] magnitudes:5000;   24106.7500 
[2023-12-14 18:21:51.170] magnitudes:8000;   17155.8750 
[2023-12-14 18:21:51.203] magnitudes:10000;   14073.4375 
[2023-12-14 18:21:51.235] magnitudes:15000;    9630.5000 
[2023-12-14 18:21:51.266] magnitudes:20000;    7483.3125 
[2023-12-14 18:21:51.298] magnitudes:30000;    5233.0625 
[2023-12-14 18:21:51.314] magnitudes:40000;    4258.8750 
[2023-12-14 18:21:51.348] magnitudes:50000;    3575.0000 
[2023-12-14 18:21:51.378] magnitudes:60000;    3471.0625 
[2023-12-14 18:21:51.410] magnitudes:70000;    3631.7500 
[2023-12-14 18:21:51.444] magnitudes:200;   45960.5000 
[2023-12-14 18:21:51.476] magnitudes:500;   44052.8125 
[2023-12-14 18:21:51.507] magnitudes:800;   43034.6875 
[2023-12-14 18:21:51.523] magnitudes:1000;   42557.8750 
[2023-12-14 18:21:51.555] magnitudes:2000;   38395.6250 
[2023-12-14 18:21:51.588] magnitudes:5000;   25397.8750 
[2023-12-14 18:21:51.618] magnitudes:8000;   18073.7500 
[2023-12-14 18:21:51.651] magnitudes:10000;   14809.3125 
[2023-12-14 18:21:51.683] magnitudes:15000;   10465.8125 
[2023-12-14 18:21:51.698] magnitudes:20000;    8002.5000 
[2023-12-14 18:21:51.731] magnitudes:30000;    5574.0000 
[2023-12-14 18:21:51.763] magnitudes:40000;    4458.2500 
[2023-12-14 18:21:51.795] magnitudes:50000;    3852.3125 
[2023-12-14 18:21:51.827] magnitudes:60000;    3689.6250 
[2023-12-14 18:21:51.844] magnitudes:70000;    3573.6875 
[2023-12-14 18:21:51.891] magnitudes:200;   44809.3750 
[2023-12-14 18:21:51.907] magnitudes:500;   43505.3125 
[2023-12-14 18:21:51.938] magnitudes:800;   43578.0625 
[2023-12-14 18:21:51.971] magnitudes:1000;   42967.4375 
[2023-12-14 18:21:52.003] magnitudes:2000;   39334.2500 
[2023-12-14 18:21:52.034] magnitudes:5000;   26390.6875 
[2023-12-14 18:21:52.050] magnitudes:8000;   19214.3750 
[2023-12-14 18:21:52.082] magnitudes:10000;   15678.6250 
[2023-12-14 18:21:52.115] magnitudes:15000;   11109.4375 
[2023-12-14 18:21:52.147] magnitudes:20000;    8415.3750 
[2023-12-14 18:21:52.179] magnitudes:30000;    5957.3750 
[2023-12-14 18:21:52.211] magnitudes:40000;    4689.0000 
[2023-12-14 18:21:52.226] magnitudes:50000;    4099.6250 
[2023-12-14 18:21:52.258] magnitudes:60000;    3778.6875 
[2023-12-14 18:21:52.291] magnitudes:70000;    3853.5000 
[2023-12-14 18:21:52.324] magnitudes:200;   45404.5625 
[2023-12-14 18:21:52.355] magnitudes:500;   44623.7500 
[2023-12-14 18:21:52.387] magnitudes:800;   43286.1875 
[2023-12-14 18:21:52.420] magnitudes:1000;   42992.3125 
[2023-12-14 18:21:52.436] magnitudes:2000;   39025.4375 
[2023-12-14 18:21:52.466] magnitudes:5000;   26519.6875 
[2023-12-14 18:21:52.499] magnitudes:8000;   19086.6250 
[2023-12-14 18:21:52.531] magnitudes:10000;   16480.2500 
[2023-12-14 18:21:52.562] magnitudes:15000;   12197.7500 
[2023-12-14 18:21:52.596] magnitudes:20000;    9333.0625 
[2023-12-14 18:21:52.614] magnitudes:30000;    6374.1875 
[2023-12-14 18:21:52.643] magnitudes:40000;    4882.5000 
[2023-12-14 18:21:52.674] magnitudes:50000;    4172.4375 
[2023-12-14 18:21:52.708] magnitudes:60000;    3799.4375 
[2023-12-14 18:21:52.740] magnitudes:70000;    3853.5000 
[2023-12-14 18:21:52.771] magnitudes:200;   44739.0000 
[2023-12-14 18:21:52.802] magnitudes:500;   44607.1250 
[2023-12-14 18:21:52.819] magnitudes:800;   43917.9375 
[2023-12-14 18:21:52.850] magnitudes:1000;   43434.1250 
[2023-12-14 18:21:52.882] magnitudes:2000;   39703.8750 
[2023-12-14 18:21:52.916] magnitudes:5000;   26995.7500 
[2023-12-14 18:21:52.947] magnitudes:8000;   18234.1875 
[2023-12-14 18:21:52.979] magnitudes:10000;   14703.3750 
[2023-12-14 18:21:53.000] magnitudes:15000;    9951.9375 
[2023-12-14 18:21:53.026] magnitudes:20000;    7400.8750 
[2023-12-14 18:21:53.059] magnitudes:30000;    5281.4375 
[2023-12-14 18:21:53.096] magnitudes:40000;    4326.4375 
[2023-12-14 18:21:53.123] magnitudes:50000;    3575.7500 
[2023-12-14 18:21:53.155] magnitudes:60000;    3312.3750 
[2023-12-14 18:21:53.171] magnitudes:70000;    3365.0000 
[2023-12-14 18:21:53.202] magnitudes:200;   44098.1875 
[2023-12-14 18:21:53.234] magnitudes:500;   43233.2500 
[2023-12-14 18:21:53.267] magnitudes:800;   41894.7500 
[2023-12-14 18:21:53.298] magnitudes:1000;   40730.8750 
[2023-12-14 18:21:53.331] magnitudes:2000;   34344.7500 
[2023-12-14 18:21:53.363] magnitudes:5000;   20010.0625 
[2023-12-14 18:21:53.382] magnitudes:8000;   13582.9375 
[2023-12-14 18:21:53.410] magnitudes:10000;   11194.9375 
[2023-12-14 18:21:53.442] magnitudes:15000;    7336.5625 
[2023-12-14 18:21:53.475] magnitudes:20000;    4315.0625 
[2023-12-14 18:21:53.507] magnitudes:30000;    1408.3750 
[2023-12-14 18:21:53.539] magnitudes:40000;    2241.1250 
[2023-12-14 18:21:53.555] magnitudes:50000;    2024.2500 
[2023-12-14 18:21:53.587] magnitudes:60000;    2562.1250 
[2023-12-14 18:21:53.619] magnitudes:70000;    2568.9375 
[2023-12-14 18:21:53.651] magnitudes:200;  629076.5000 
[2023-12-14 18:21:53.685] magnitudes:500;  240840.1250 
[2023-12-14 18:21:53.715] magnitudes:800;  124771.1875 
[2023-12-14 18:21:53.747] magnitudes:1000;  101916.6875 
[2023-12-14 18:21:53.767] magnitudes:2000;   50071.5625 
[2023-12-14 18:21:53.800] magnitudes:5000;   20780.6250 
[2023-12-14 18:21:53.827] magnitudes:8000;   12497.3750 
[2023-12-14 18:21:53.859] magnitudes:10000;   10336.4375 
[2023-12-14 18:21:53.891] magnitudes:15000;    6749.3125 
[2023-12-14 18:21:53.923] magnitudes:20000;    5382.0000 
[2023-12-14 18:21:53.939] magnitudes:30000;    3601.0625 
[2023-12-14 18:21:53.971] magnitudes:40000;    3033.4375 
[2023-12-14 18:21:54.003] magnitudes:50000;    2582.5625 
[2023-12-14 18:21:54.035] magnitudes:60000;    2540.2500 
[2023-12-14 18:21:54.067] magnitudes:70000;    2568.9375 
[2023-12-14 18:21:54.099] magnitudes:200;  652419.3750 
[2023-12-14 18:21:54.131] magnitudes:500;  230817.1875 
[2023-12-14 18:21:54.151] magnitudes:800;  126864.8125 
[2023-12-14 18:21:54.184] magnitudes:1000;   98137.8125 
[2023-12-14 18:21:54.211] magnitudes:2000;   48977.0000 
[2023-12-14 18:21:54.242] magnitudes:5000;   28134.4375 
[2023-12-14 18:21:54.275] magnitudes:8000;   15410.8750 
[2023-12-14 18:21:54.291] magnitudes:10000;   14845.6250 
[2023-12-14 18:21:54.323] magnitudes:15000;   11913.6875 
[2023-12-14 18:21:54.355] magnitudes:20000;    9332.7500 
[2023-12-14 18:21:54.386] magnitudes:30000;    6483.6875 
[2023-12-14 18:21:54.420] magnitudes:40000;    5194.8750 
[2023-12-14 18:21:54.451] magnitudes:50000;    4752.6250 
[2023-12-14 18:21:54.466] magnitudes:60000;    4588.7500 
[2023-12-14 18:21:54.501] magnitudes:70000;    4699.4375 
[2023-12-14 18:21:54.531] magnitudes:200;   48279.3750 
[2023-12-14 18:21:54.562] magnitudes:500;   49950.1250 
[2023-12-14 18:21:54.595] magnitudes:800;   48703.5000 
[2023-12-14 18:21:54.627] magnitudes:1000;   49252.1250 
[2023-12-14 18:21:54.658] magnitudes:2000;   46197.1875 
[2023-12-14 18:21:54.674] magnitudes:5000;   32936.0625 
[2023-12-14 18:21:54.706] magnitudes:8000;   23664.5625 
[2023-12-14 18:21:54.738] magnitudes:10000;   19669.2500 
[2023-12-14 18:21:54.771] magnitudes:15000;   13742.4375 
[2023-12-14 18:21:54.802] magnitudes:20000;   10601.6250 
[2023-12-14 18:21:54.837] magnitudes:30000;    7318.1875 
[2023-12-14 18:21:54.851] magnitudes:40000;    5713.0000 
[2023-12-14 18:21:54.883] magnitudes:50000;    4938.3750 
[2023-12-14 18:21:54.915] magnitudes:60000;    4476.4375 
[2023-12-14 18:21:54.946] magnitudes:70000;    4666.9375 
[2023-12-14 18:21:54.978] magnitudes:200;   48773.4375 
[2023-12-14 18:21:55.011] magnitudes:500;   48157.9375 
[2023-12-14 18:21:55.044] magnitudes:800;   47811.0625 
[2023-12-14 18:21:55.058] magnitudes:1000;   47548.5000 
[2023-12-14 18:21:55.091] magnitudes:2000;   45106.5000 
[2023-12-14 18:21:55.123] magnitudes:5000;   32667.5625 
[2023-12-14 18:21:55.154] magnitudes:8000;   23713.0000 
[2023-12-14 18:21:55.186] magnitudes:10000;   19783.5000 
[2023-12-14 18:21:55.218] magnitudes:15000;   13897.6875 
[2023-12-14 18:21:55.234] magnitudes:20000;   10718.6875 
[2023-12-14 18:21:55.266] magnitudes:30000;    7426.1250 
[2023-12-14 18:21:55.299] magnitudes:40000;    5865.8125 
[2023-12-14 18:21:55.332] magnitudes:50000;    5077.5625 
[2023-12-14 18:21:55.363] magnitudes:60000;    4574.1875 
[2023-12-14 18:21:55.395] magnitudes:70000;    4628.0625 
[2023-12-14 18:21:55.426] magnitudes:200;   48525.8750 
[2023-12-14 18:21:55.443] magnitudes:500;   48260.8750 
[2023-12-14 18:21:55.474] magnitudes:800;   47945.9375 
[2023-12-14 18:21:55.508] magnitudes:1000;   47636.8125 
[2023-12-14 18:21:55.538] magnitudes:2000;   45424.0625 
[2023-12-14 18:21:55.572] magnitudes:5000;   33155.2500 
[2023-12-14 18:21:55.603] magnitudes:8000;   24070.3125 
[2023-12-14 18:21:55.618] magnitudes:10000;   20737.1250 
[2023-12-14 18:21:55.650] magnitudes:15000;   14915.0000 
[2023-12-14 18:21:55.682] magnitudes:20000;   11658.1875 
[2023-12-14 18:21:55.715] magnitudes:30000;    8073.6250 
[2023-12-14 18:21:55.746] magnitudes:40000;    6336.3125 
[2023-12-14 18:21:55.779] magnitudes:50000;    5444.5000 
[2023-12-14 18:21:55.795] magnitudes:60000;    5087.1250 
[2023-12-14 18:21:55.827] magnitudes:70000;    4665.8125 
[2023-12-14 18:21:55.858] magnitudes:200;   48116.6875 
[2023-12-14 18:21:55.890] magnitudes:500;   47633.7500 
[2023-12-14 18:21:55.923] magnitudes:800;   47191.2500 
[2023-12-14 18:21:55.955] magnitudes:1000;   47552.1875 
[2023-12-14 18:21:55.987] magnitudes:2000;   46249.0000 
[2023-12-14 18:21:56.002] magnitudes:5000;   34125.9375 
[2023-12-14 18:21:56.034] magnitudes:8000;   24543.2500 
[2023-12-14 18:21:56.067] magnitudes:10000;   20402.4375 
[2023-12-14 18:21:56.099] magnitudes:15000;   14066.1250 
[2023-12-14 18:21:56.131] magnitudes:20000;    9975.8125 
[2023-12-14 18:21:56.151] magnitudes:30000;    6522.6875 
[2023-12-14 18:21:56.178] magnitudes:40000;    4813.3125 
[2023-12-14 18:21:56.210] magnitudes:50000;    3776.0625 
[2023-12-14 18:21:56.243] magnitudes:60000;    2540.2500 
[2023-12-14 18:21:56.275] magnitudes:70000;    2568.9375 
[2023-12-14 18:21:56.307] magnitudes:200;  565436.6250 
[2023-12-14 18:21:56.339] magnitudes:500;  237144.6875 
[2023-12-14 18:21:56.354] magnitudes:800;  125700.8750 
[2023-12-14 18:21:56.386] magnitudes:1000;  104772.6250 
[2023-12-14 18:21:56.418] magnitudes:2000;   52657.2500 
[2023-12-14 18:21:56.451] magnitudes:5000;   21234.0625 
[2023-12-14 18:21:56.482] magnitudes:8000;   13268.1250 
[2023-12-14 18:21:56.515] magnitudes:10000;   10719.1250 
[2023-12-14 18:21:56.535] magnitudes:15000;    7311.1250 
[2023-12-14 18:21:56.562] magnitudes:20000;    5532.8750 
[2023-12-14 18:21:56.596] magnitudes:30000;    3947.1250 
[2023-12-14 18:21:56.629] magnitudes:40000;    3122.4375 
[2023-12-14 18:21:56.659] magnitudes:50000;    2862.7500 
[2023-12-14 18:21:56.692] magnitudes:60000;    2562.1250 
[2023-12-14 18:21:56.706] magnitudes:70000;    2609.8125 
[2023-12-14 18:21:56.738] magnitudes:200; 1192876.1250 
[2023-12-14 18:21:56.771] magnitudes:500;  216248.3750 
[2023-12-14 18:21:56.804] magnitudes:800;  345517.0625 
[2023-12-14 18:21:56.834] magnitudes:1000;  576355.5000 
[2023-12-14 18:21:56.867] magnitudes:2000;   25996.6875 
[2023-12-14 18:21:56.899] magnitudes:5000;    9496.1875 
[2023-12-14 18:21:56.919] magnitudes:8000;    4946.8750 
[2023-12-14 18:21:56.947] magnitudes:10000;   10256.3125 
[2023-12-14 18:21:56.979] magnitudes:15000;   10359.8750 
[2023-12-14 18:21:57.011] magnitudes:20000;    8697.0000 
[2023-12-14 18:21:57.042] magnitudes:30000;    6480.4375 
[2023-12-14 18:21:57.075] magnitudes:40000;    4674.4375 
[2023-12-14 18:21:57.090] magnitudes:50000;    4292.0625 
[2023-12-14 18:21:57.124] magnitudes:60000;    4059.3750 
[2023-12-14 18:21:57.155] magnitudes:70000;    4080.6250 
[2023-12-14 18:21:57.186] magnitudes:200;   46343.4375 
[2023-12-14 18:21:57.218] magnitudes:500;   44815.2500 
[2023-12-14 18:21:57.251] magnitudes:800;   43570.6875 
[2023-12-14 18:21:57.283] magnitudes:1000;   43202.3750 
[2023-12-14 18:21:57.303] magnitudes:2000;   39772.8125 
[2023-12-14 18:21:57.336] magnitudes:5000;   28096.5625 
[2023-12-14 18:21:57.363] magnitudes:8000;   19894.5000 
[2023-12-14 18:21:57.395] magnitudes:10000;   16994.1875 
[2023-12-14 18:21:57.427] magnitudes:15000;   11842.1250 
[2023-12-14 18:21:57.458] magnitudes:20000;    8692.3125 
[2023-12-14 18:21:57.474] magnitudes:30000;    5979.5625 
[2023-12-14 18:21:57.506] magnitudes:40000;    4933.7500 
[2023-12-14 18:21:57.539] magnitudes:50000;    4204.0000 
[2023-12-14 18:21:57.573] magnitudes:60000;    3934.8750 
[2023-12-14 18:21:57.604] magnitudes:70000;    4207.7500 
[2023-12-14 18:21:57.634] magnitudes:200;   47113.1250 
[2023-12-14 18:21:57.667] magnitudes:500;   46003.1875 
[2023-12-14 18:21:57.686] magnitudes:800;   45929.0625 
[2023-12-14 18:21:57.719] magnitudes:1000;   44949.2500 
[2023-12-14 18:21:57.747] magnitudes:2000;   41412.3750 
[2023-12-14 18:21:57.779] magnitudes:5000;   29933.0625 
[2023-12-14 18:21:57.811] magnitudes:8000;   21428.5625 
[2023-12-14 18:21:57.843] magnitudes:10000;   17735.5000 
[2023-12-14 18:21:57.859] magnitudes:15000;   11944.1250 
[2023-12-14 18:21:57.890] magnitudes:20000;    9474.6250 
[2023-12-14 18:21:57.922] magnitudes:30000;    6422.0625 
[2023-12-14 18:21:57.955] magnitudes:40000;    5091.6250 
[2023-12-14 18:21:57.986] magnitudes:50000;    4382.1250 
[2023-12-14 18:21:58.021] magnitudes:60000;    4180.0625 
[2023-12-14 18:21:58.035] magnitudes:70000;    4173.1875 
[2023-12-14 18:21:58.070] magnitudes:200;   47592.5000 
[2023-12-14 18:21:58.099] magnitudes:500;   46310.8750 
[2023-12-14 18:21:58.131] magnitudes:800;   45999.8125 
[2023-12-14 18:21:58.163] magnitudes:1000;   45190.8750 
[2023-12-14 18:21:58.197] magnitudes:2000;   43059.0000 
[2023-12-14 18:21:58.227] magnitudes:5000;   31468.6250 
[2023-12-14 18:21:58.242] magnitudes:8000;   21803.3125 
[2023-12-14 18:21:58.274] magnitudes:10000;   17892.2500 
[2023-12-14 18:21:58.306] magnitudes:15000;   12633.4375 
[2023-12-14 18:21:58.340] magnitudes:20000;    9990.6250 
[2023-12-14 18:21:58.371] magnitudes:30000;    6810.5625 
[2023-12-14 18:21:58.386] magnitudes:40000;    5689.9375 
[2023-12-14 18:21:58.420] magnitudes:50000;    5095.8125 
[2023-12-14 18:21:58.453] magnitudes:60000;    4584.1250 
[2023-12-14 18:21:58.482] magnitudes:70000;    4665.8125 
[2023-12-14 18:21:58.517] magnitudes:200;   47990.3125 
[2023-12-14 18:21:58.546] magnitudes:500;   46526.9375 
[2023-12-14 18:21:58.581] magnitudes:800;   46439.9375 
[2023-12-14 18:21:58.594] magnitudes:1000;   46703.3750 
[2023-12-14 18:21:58.626] magnitudes:2000;   42980.8125 
[2023-12-14 18:21:58.660] magnitudes:5000;   30375.2500 
[2023-12-14 18:21:58.691] magnitudes:8000;   22072.0625 
[2023-12-14 18:21:58.723] magnitudes:10000;   18155.3125 
[2023-12-14 18:21:58.754] magnitudes:15000;   12879.0000 
[2023-12-14 18:21:58.770] magnitudes:20000;    9911.9375 
[2023-12-14 18:21:58.803] magnitudes:30000;    6905.2500 
[2023-12-14 18:21:58.835] magnitudes:40000;    5567.9375 
[2023-12-14 18:21:58.866] magnitudes:50000;    4640.4375 
[2023-12-14 18:21:58.899] magnitudes:60000;    4312.2500 
[2023-12-14 18:21:58.931] magnitudes:70000;    4426.3125 
[2023-12-14 18:21:58.964] magnitudes:200;   46714.5625 
[2023-12-14 18:21:58.978] magnitudes:500;   45796.0000 
[2023-12-14 18:21:59.011] magnitudes:800;   45889.0625 
[2023-12-14 18:21:59.043] magnitudes:1000;   45266.8750 
[2023-12-14 18:21:59.075] magnitudes:2000;   42317.5000 
[2023-12-14 18:21:59.106] magnitudes:5000;   29672.0625 
[2023-12-14 18:21:59.138] magnitudes:8000;   21457.3750 
[2023-12-14 18:21:59.155] magnitudes:10000;   17901.3750 
[2023-12-14 18:21:59.187] magnitudes:15000;   13255.7500 
[2023-12-14 18:21:59.219] magnitudes:20000;   10153.0625 
[2023-12-14 18:21:59.250] magnitudes:30000;    7029.4375 
[2023-12-14 18:21:59.283] magnitudes:40000;    5547.7500 
[2023-12-14 18:21:59.314] magnitudes:50000;    4769.6250 
[2023-12-14 18:21:59.330] magnitudes:60000;    4171.3125 
[2023-12-14 18:21:59.362] magnitudes:70000;    4173.1875 
[2023-12-14 18:21:59.395] magnitudes:200;   47636.0000 
[2023-12-14 18:21:59.427] magnitudes:500;   46382.3125 
[2023-12-14 18:21:59.459] magnitudes:800;   45612.6875 
[2023-12-14 18:21:59.490] magnitudes:1000;   45275.0000 
[2023-12-14 18:21:59.523] magnitudes:2000;   41945.1875 
[2023-12-14 18:21:59.538] magnitudes:5000;   29403.8750 
[2023-12-14 18:21:59.571] magnitudes:8000;   20719.9375 
[2023-12-14 18:21:59.604] magnitudes:10000;   17118.9375 
[2023-12-14 18:21:59.635] magnitudes:15000;   12002.7500 
[2023-12-14 18:21:59.667] magnitudes:20000;    8984.5000 
[2023-12-14 18:21:59.698] magnitudes:30000;    6314.2500 
[2023-12-14 18:21:59.715] magnitudes:40000;    4985.7500 
[2023-12-14 18:21:59.746] magnitudes:50000;    4583.3125 
[2023-12-14 18:21:59.781] magnitudes:60000;    4467.1875 
[2023-12-14 18:21:59.812] magnitudes:70000;    4461.8750 
[2023-12-14 18:21:59.843] magnitudes:200;   46499.3750 
[2023-12-14 18:21:59.877] magnitudes:500;   45822.0625 
[2023-12-14 18:21:59.908] magnitudes:800;   45504.7500 
[2023-12-14 18:21:59.924] magnitudes:1000;   44569.7500 
[2023-12-14 18:21:59.954] magnitudes:2000;   40404.3750 
[2023-12-14 18:21:59.986] magnitudes:5000;   26396.9375 
[2023-12-14 18:22:00.019] magnitudes:8000;   13399.4375 
[2023-12-14 18:22:00.051] magnitudes:10000;   10956.3125 
[2023-12-14 18:22:00.082] magnitudes:15000;    7458.2500 
[2023-12-14 18:22:00.099] magnitudes:20000;    5595.8125 
[2023-12-14 18:22:00.131] magnitudes:30000;    3946.5625 
[2023-12-14 18:22:00.163] magnitudes:40000;    3158.5000 
[2023-12-14 18:22:00.195] magnitudes:50000;    2862.7500 
[2023-12-14 18:22:00.227] magnitudes:60000;    2832.5625 
[2023-12-14 18:22:00.243] magnitudes:70000;    2568.9375 
[2023-12-14 18:22:00.291] magnitudes:200;  596380.5625 
[2023-12-14 18:22:00.307] magnitudes:500;  205793.8125 
[2023-12-14 18:22:00.338] magnitudes:800;  126031.1875 
[2023-12-14 18:22:00.371] magnitudes:1000;  101611.4375 
[2023-12-14 18:22:00.403] magnitudes:2000;   50823.7500 
[2023-12-14 18:22:00.435] magnitudes:5000;   20875.7500 
[2023-12-14 18:22:00.455] magnitudes:8000;   12967.4375 
[2023-12-14 18:22:00.487] magnitudes:10000;  125088.1875 
[2023-12-14 18:22:00.515] magnitudes:15000;    7471.5625 
[2023-12-14 18:22:00.547] magnitudes:20000;    7157.4375 
[2023-12-14 18:22:00.580] magnitudes:30000;    5587.6875 
[2023-12-14 18:22:00.610] magnitudes:40000;    4631.4375 
[2023-12-14 18:22:00.626] magnitudes:50000;    4182.4375 
[2023-12-14 18:22:00.659] magnitudes:60000;    3940.2500 
[2023-12-14 18:22:00.691] magnitudes:70000;    4487.3125 
[2023-12-14 18:22:00.722] magnitudes:200;   46479.3125 
[2023-12-14 18:22:00.755] magnitudes:500;   45475.2500 
[2023-12-14 18:22:00.788] magnitudes:800;   45106.6250 
[2023-12-14 18:22:00.819] magnitudes:1000;   44977.0625 
[2023-12-14 18:22:00.838] magnitudes:2000;   42887.8750 
[2023-12-14 18:22:00.870] magnitudes:5000;   31288.9375 
[2023-12-14 18:22:00.898] magnitudes:8000;   22483.1250 
[2023-12-14 18:22:00.932] magnitudes:10000;   18739.0000 
[2023-12-14 18:22:00.963] magnitudes:15000;   13136.6875 
[2023-12-14 18:22:00.995] magnitudes:20000;   10126.2500 
[2023-12-14 18:22:01.011] magnitudes:30000;    6999.4375 
[2023-12-14 18:22:01.043] magnitudes:40000;    5474.0000 
[2023-12-14 18:22:01.076] magnitudes:50000;    4771.1250 
[2023-12-14 18:22:01.108] magnitudes:60000;    4446.1250 
[2023-12-14 18:22:01.139] magnitudes:70000;    4301.6250 
[2023-12-14 18:22:01.170] magnitudes:200;   45507.1250 
[2023-12-14 18:22:01.204] magnitudes:500;   45225.8750 
[2023-12-14 18:22:01.222] magnitudes:800;   44900.8750 
[2023-12-14 18:22:01.255] magnitudes:1000;   44613.2500 
[2023-12-14 18:22:01.283] magnitudes:2000;   42265.6875 
[2023-12-14 18:22:01.315] magnitudes:5000;   31007.5000 
[2023-12-14 18:22:01.347] magnitudes:8000;   23027.6875 
[2023-12-14 18:22:01.378] magnitudes:10000;   19523.7500 
[2023-12-14 18:22:01.394] magnitudes:15000;   13662.5625 
[2023-12-14 18:22:01.426] magnitudes:20000;   10572.5000 
[2023-12-14 18:22:01.458] magnitudes:30000;    7455.6875 
[2023-12-14 18:22:01.490] magnitudes:40000;    6048.2500 
[2023-12-14 18:22:01.522] magnitudes:50000;    5258.0000 
[2023-12-14 18:22:01.555] magnitudes:60000;    4913.0000 
[2023-12-14 18:22:01.570] magnitudes:70000;    4703.2500 
[2023-12-14 18:22:01.605] magnitudes:200;   45695.1875 
[2023-12-14 18:22:01.639] magnitudes:500;   47405.3125 
[2023-12-14 18:22:01.666] magnitudes:800;   45993.9375 
[2023-12-14 18:22:01.699] magnitudes:1000;   46705.0625 
[2023-12-14 18:22:01.732] magnitudes:2000;   45644.8750 
[2023-12-14 18:22:01.763] magnitudes:5000;   34149.8750 
[2023-12-14 18:22:01.779] magnitudes:8000;   24756.5625 
[2023-12-14 18:22:01.810] magnitudes:10000;   20846.9375 
[2023-12-14 18:22:01.842] magnitudes:15000;   14637.3750 
[2023-12-14 18:22:01.875] magnitudes:20000;   11340.3125 
[2023-12-14 18:22:01.907] magnitudes:30000;    7925.6250 
[2023-12-14 18:22:01.939] magnitudes:40000;    6260.4375 
[2023-12-14 18:22:01.954] magnitudes:50000;    5396.7500 
[2023-12-14 18:22:01.989] magnitudes:60000;    5080.1250 
[2023-12-14 18:22:02.018] magnitudes:70000;    5043.6875 
[2023-12-14 18:22:02.051] magnitudes:200;   46433.3750 
[2023-12-14 18:22:02.082] magnitudes:500;   47092.8125 
[2023-12-14 18:22:02.116] magnitudes:800;   46051.6250 
[2023-12-14 18:22:02.146] magnitudes:1000;   46633.5625 
[2023-12-14 18:22:02.163] magnitudes:2000;   46147.7500 
[2023-12-14 18:22:02.197] magnitudes:5000;   34916.3125 
[2023-12-14 18:22:02.227] magnitudes:8000;   25407.1250 
[2023-12-14 18:22:02.259] magnitudes:10000;   21443.1250 
[2023-12-14 18:22:02.291] magnitudes:15000;   15131.1875 
[2023-12-14 18:22:02.323] magnitudes:20000;   11777.0000 
[2023-12-14 18:22:02.339] magnitudes:30000;    8212.1875 
[2023-12-14 18:22:02.373] magnitudes:40000;    6542.3750 
[2023-12-14 18:22:02.402] magnitudes:50000;    5534.5625 
[2023-12-14 18:22:02.434] magnitudes:60000;    5267.0625 
[2023-12-14 18:22:02.467] magnitudes:70000;    5372.0625 
[2023-12-14 18:22:02.498] magnitudes:200;   46550.4375 
[2023-12-14 18:22:02.531] magnitudes:500;   47231.1250 
[2023-12-14 18:22:02.547] magnitudes:800;   46264.7500 
[2023-12-14 18:22:02.578] magnitudes:1000;   46897.8125 
[2023-12-14 18:22:02.610] magnitudes:2000;   46546.5000 
[2023-12-14 18:22:02.644] magnitudes:5000;   35426.3125 
[2023-12-14 18:22:02.675] magnitudes:8000;   26071.3750 
[2023-12-14 18:22:02.690] magnitudes:10000;   21829.6250 
[2023-12-14 18:22:02.722] magnitudes:15000;   15433.5625 
[2023-12-14 18:22:02.755] magnitudes:20000;   11960.1250 
[2023-12-14 18:22:02.788] magnitudes:30000;    8278.3750 
[2023-12-14 18:22:02.820] magnitudes:40000;    6625.3125 
[2023-12-14 18:22:02.850] magnitudes:50000;    5596.7500 
[2023-12-14 18:22:02.866] magnitudes:60000;    5224.1875 
[2023-12-14 18:22:02.900] magnitudes:70000;    5413.8125 
[2023-12-14 18:22:02.930] magnitudes:200;   46244.5625 
[2023-12-14 18:22:02.963] magnitudes:500;   47936.3750 
[2023-12-14 18:22:02.996] magnitudes:800;   46465.8125 
[2023-12-14 18:22:03.026] magnitudes:1000;   46970.0625 
[2023-12-14 18:22:03.060] magnitudes:2000;   46856.3125 
[2023-12-14 18:22:03.075] magnitudes:5000;   35721.8125 
[2023-12-14 18:22:03.106] magnitudes:8000;   26335.4375 
[2023-12-14 18:22:03.139] magnitudes:10000;   22072.5625 
[2023-12-14 18:22:03.170] magnitudes:15000;   15640.0625 
[2023-12-14 18:22:03.203] magnitudes:20000;   12101.1250 
[2023-12-14 18:22:03.237] magnitudes:30000;    8412.1250 
[2023-12-14 18:22:03.250] magnitudes:40000;    6632.1875 
[2023-12-14 18:22:03.283] magnitudes:50000;    5753.3750 
[2023-12-14 18:22:03.314] magnitudes:60000;    5394.6250 
[2023-12-14 18:22:03.346] magnitudes:70000;    5413.8125 
[2023-12-14 18:22:03.378] magnitudes:200;   46804.6250 
[2023-12-14 18:22:03.410] magnitudes:500;   46688.5000 
[2023-12-14 18:22:03.443] magnitudes:800;   46691.7500 
[2023-12-14 18:22:03.458] magnitudes:1000;   47298.0625 
[2023-12-14 18:22:03.491] magnitudes:2000;   47387.6250 
[2023-12-14 18:22:03.523] magnitudes:5000;   36885.7500 
[2023-12-14 18:22:03.555] magnitudes:8000;   27381.5625 
[2023-12-14 18:22:03.587] magnitudes:10000;   22918.4375 
[2023-12-14 18:22:03.618] magnitudes:15000;   16282.3125 
[2023-12-14 18:22:03.635] magnitudes:20000;   12533.6250 
[2023-12-14 18:22:03.666] magnitudes:30000;    8802.1250 
[2023-12-14 18:22:03.700] magnitudes:40000;    6859.4375 
[2023-12-14 18:22:03.731] magnitudes:50000;    5796.1875 
[2023-12-14 18:22:03.763] magnitudes:60000;    5249.1250 
[2023-12-14 18:22:03.794] magnitudes:70000;    5370.7500 
[2023-12-14 18:22:03.826] magnitudes:200;   45568.9375 
[2023-12-14 18:22:03.842] magnitudes:500;   45174.4375 
[2023-12-14 18:22:03.874] magnitudes:800;   44217.0000 
[2023-12-14 18:22:03.907] magnitudes:1000;   43418.3750 
[2023-12-14 18:22:03.939] magnitudes:2000;   43500.6875 
[2023-12-14 18:22:03.972] magnitudes:5000;   29797.8125 
[2023-12-14 18:22:04.003] magnitudes:8000;    9885.6250 
[2023-12-14 18:22:04.018] magnitudes:10000;   10428.0000 
[2023-12-14 18:22:04.051] magnitudes:15000;    7011.6250 
[2023-12-14 18:22:04.083] magnitudes:20000;    5344.0000 
[2023-12-14 18:22:04.114] magnitudes:30000;    3833.8750 
[2023-12-14 18:22:04.146] magnitudes:40000;    2970.5625 
[2023-12-14 18:22:04.181] magnitudes:50000;    2849.5000 
[2023-12-14 18:22:04.194] magnitudes:60000;    2562.1250 
[2023-12-14 18:22:04.227] magnitudes:70000;    2609.8125 
[2023-12-14 18:22:04.258] magnitudes:200;  556385.1250 
[2023-12-14 18:22:04.290] magnitudes:500;  194658.6875 
[2023-12-14 18:22:04.324] magnitudes:800;  129571.7500 
[2023-12-14 18:22:04.355] magnitudes:1000;  106764.6250 
[2023-12-14 18:22:04.387] magnitudes:2000;   50268.2500 
[2023-12-14 18:22:04.408] magnitudes:5000;   20875.7500 
[2023-12-14 18:22:04.435] magnitudes:8000;   13052.6250 
[2023-12-14 18:22:04.466] magnitudes:10000;   10719.1250 
[2023-12-14 18:22:04.498] magnitudes:15000;    7062.8125 
[2023-12-14 18:22:04.531] magnitudes:20000;    8690.8125 
[2023-12-14 18:22:04.563] magnitudes:30000;   10876.2500 
[2023-12-14 18:22:04.578] magnitudes:40000;    5271.6250 
[2023-12-14 18:22:04.610] magnitudes:50000;    4429.1250 
[2023-12-14 18:22:04.642] magnitudes:60000;    4013.3125 
[2023-12-14 18:22:04.676] magnitudes:70000;    4215.6250 
[2023-12-14 18:22:04.706] magnitudes:200;   48535.3125 
[2023-12-14 18:22:04.739] magnitudes:500;   46464.1875 
[2023-12-14 18:22:04.771] magnitudes:800;   45703.5625 
[2023-12-14 18:22:04.791] magnitudes:1000;   44512.9375 
[2023-12-14 18:22:04.818] magnitudes:2000;   40861.1250 
[2023-12-14 18:22:04.850] magnitudes:5000;   29275.3750 
[2023-12-14 18:22:04.883] magnitudes:8000;   21042.2500 
[2023-12-14 18:22:04.915] magnitudes:10000;   17903.7500 
[2023-12-14 18:22:04.931] magnitudes:15000;   12595.0000 
[2023-12-14 18:22:04.962] magnitudes:20000;    9972.1250 
[2023-12-14 18:22:04.995] magnitudes:30000;    7030.8125 
[2023-12-14 18:22:05.026] magnitudes:40000;    5579.8750 
[2023-12-14 18:22:05.059] magnitudes:50000;    4784.3750 
[2023-12-14 18:22:05.091] magnitudes:60000;    4608.9375 
[2023-12-14 18:22:05.106] magnitudes:70000;    4609.3750 
[2023-12-14 18:22:05.141] magnitudes:200;   47584.5625 
[2023-12-14 18:22:05.175] magnitudes:500;   44583.9375 
[2023-12-14 18:22:05.202] magnitudes:800;   43636.0000 
[2023-12-14 18:22:05.236] magnitudes:1000;   42776.5000 
[2023-12-14 18:22:05.268] magnitudes:2000;   39535.1875 
[2023-12-14 18:22:05.300] magnitudes:5000;   29475.2500 
[2023-12-14 18:22:05.314] magnitudes:8000;   21763.6250 
[2023-12-14 18:22:05.346] magnitudes:10000;   18397.0625 
[2023-12-14 18:22:05.378] magnitudes:15000;   13165.8125 
[2023-12-14 18:22:05.412] magnitudes:20000;   10414.5000 
[2023-12-14 18:22:05.444] magnitudes:30000;    7300.2500 
[2023-12-14 18:22:05.475] magnitudes:40000;    5847.5625 
[2023-12-14 18:22:05.490] magnitudes:50000;    5024.1250 
[2023-12-14 18:22:05.525] magnitudes:60000;    4732.8125 
[2023-12-14 18:22:05.555] magnitudes:70000;    4937.6875 
[2023-12-14 18:22:05.587] magnitudes:200;   47049.3125 
[2023-12-14 18:22:05.619] magnitudes:500;   44421.1875 
[2023-12-14 18:22:05.651] magnitudes:800;   43094.5000 
[2023-12-14 18:22:05.682] magnitudes:1000;   42196.5625 
[2023-12-14 18:22:05.699] magnitudes:2000;   39004.9375 
[2023-12-14 18:22:05.731] magnitudes:5000;   28921.1875 
[2023-12-14 18:22:05.762] magnitudes:8000;   21600.3750 
[2023-12-14 18:22:05.794] magnitudes:10000;   18203.1875 
[2023-12-14 18:22:05.826] magnitudes:15000;   13100.6875 
[2023-12-14 18:22:05.859] magnitudes:20000;   10288.6875 
[2023-12-14 18:22:05.875] magnitudes:30000;    7270.9375 
[2023-12-14 18:22:05.909] magnitudes:40000;    5795.5000 
[2023-12-14 18:22:05.939] magnitudes:50000;    4979.6875 
[2023-12-14 18:22:05.971] magnitudes:60000;    4676.8125 
[2023-12-14 18:22:06.003] magnitudes:70000;    4897.7500 
[2023-12-14 18:22:06.035] magnitudes:200;   46573.0000 
[2023-12-14 18:22:06.067] magnitudes:500;   44460.1250 
[2023-12-14 18:22:06.082] magnitudes:800;   42635.3750 
[2023-12-14 18:22:06.115] magnitudes:1000;   41678.0000 
[2023-12-14 18:22:06.146] magnitudes:2000;   38472.9375 
[2023-12-14 18:22:06.178] magnitudes:5000;   28480.2500 
[2023-12-14 18:22:06.211] magnitudes:8000;   21401.6250 
[2023-12-14 18:22:06.242] magnitudes:10000;   18000.0625 
[2023-12-14 18:22:06.258] magnitudes:15000;   13076.4375 
[2023-12-14 18:22:06.291] magnitudes:20000;   10201.9375 
[2023-12-14 18:22:06.322] magnitudes:30000;    7276.7500 
[2023-12-14 18:22:06.355] magnitudes:40000;    5834.3750 
[2023-12-14 18:22:06.386] magnitudes:50000;    4957.7500 
[2023-12-14 18:22:06.419] magnitudes:60000;    4660.5000 
[2023-12-14 18:22:06.434] magnitudes:70000;    4897.7500 
[2023-12-14 18:22:06.466] magnitudes:200;   47223.8750 
[2023-12-14 18:22:06.498] magnitudes:500;   44286.3125 
[2023-12-14 18:22:06.531] magnitudes:800;   42407.0625 
[2023-12-14 18:22:06.562] magnitudes:1000;   41425.7500 
[2023-12-14 18:22:06.595] magnitudes:2000;   38325.6250 
[2023-12-14 18:22:06.626] magnitudes:5000;   28480.0000 
[2023-12-14 18:22:06.642] magnitudes:8000;   21438.2500 
[2023-12-14 18:22:06.675] magnitudes:10000;   18021.8125 
[2023-12-14 18:22:06.708] magnitudes:15000;   13137.6250 
[2023-12-14 18:22:06.738] magnitudes:20000;   10216.8750 
[2023-12-14 18:22:06.771] magnitudes:30000;    7303.3750 
[2023-12-14 18:22:06.786] magnitudes:40000;    5766.1875 
[2023-12-14 18:22:06.819] magnitudes:50000;    4951.3125 
[2023-12-14 18:22:06.851] magnitudes:60000;    4660.5000 
[2023-12-14 18:22:06.882] magnitudes:70000;    4857.4375 
[2023-12-14 18:22:06.915] magnitudes:200;   46333.3125 
[2023-12-14 18:22:06.947] magnitudes:500;   44426.4375 
[2023-12-14 18:22:06.979] magnitudes:800;   42437.6250 
[2023-12-14 18:22:06.994] magnitudes:1000;   41600.0000 
[2023-12-14 18:22:07.026] magnitudes:2000;   38277.1250 
[2023-12-14 18:22:07.058] magnitudes:5000;   28423.8125 
[2023-12-14 18:22:07.090] magnitudes:8000;   21207.5625 
[2023-12-14 18:22:07.122] magnitudes:10000;   17884.3125 
[2023-12-14 18:22:07.156] magnitudes:15000;   13047.1875 
[2023-12-14 18:22:07.175] magnitudes:20000;   10182.2500 
[2023-12-14 18:22:07.202] magnitudes:30000;    7276.5000 
[2023-12-14 18:22:07.234] magnitudes:40000;    5741.3125 
[2023-12-14 18:22:07.266] magnitudes:50000;    5104.6250 
[2023-12-14 18:22:07.299] magnitudes:60000;    4660.5000 
[2023-12-14 18:22:07.332] magnitudes:70000;    4857.4375 
[2023-12-14 18:22:07.362] magnitudes:200;   47239.1875 
[2023-12-14 18:22:07.379] magnitudes:500;   44735.1250 
[2023-12-14 18:22:07.410] magnitudes:800;   42321.0000 
[2023-12-14 18:22:07.443] magnitudes:1000;   41554.9375 
[2023-12-14 18:22:07.474] magnitudes:2000;   38014.4375 
[2023-12-14 18:22:07.508] magnitudes:5000;   28574.3750 
[2023-12-14 18:22:07.538] magnitudes:8000;   21243.5000 
[2023-12-14 18:22:07.558] magnitudes:10000;   18016.5000 
[2023-12-14 18:22:07.587] magnitudes:15000;   13019.1875 
[2023-12-14 18:22:07.618] magnitudes:20000;   10205.4375 
[2023-12-14 18:22:07.650] magnitudes:30000;    7268.8750 
[2023-12-14 18:22:07.683] magnitudes:40000;    5747.1875 
[2023-12-14 18:22:07.716] magnitudes:50000;    5082.1875 
[2023-12-14 18:22:07.730] magnitudes:60000;    4644.3125 
[2023-12-14 18:22:07.762] magnitudes:70000;    4857.4375 
[2023-12-14 18:22:07.794] magnitudes:200;   46645.3750 
[2023-12-14 18:22:07.827] magnitudes:500;   44877.8750 
[2023-12-14 18:22:07.859] magnitudes:800;   42341.5625 
[2023-12-14 18:22:07.891] magnitudes:1000;   41518.8750 
[2023-12-14 18:22:07.923] magnitudes:2000;   37907.9375 
[2023-12-14 18:22:07.943] magnitudes:5000;   28642.0625 
[2023-12-14 18:22:07.971] magnitudes:8000;   21174.3750 
[2023-12-14 18:22:08.003] magnitudes:10000;   18076.5000 
[2023-12-14 18:22:08.036] magnitudes:15000;   12963.4375 
[2023-12-14 18:22:08.066] magnitudes:20000;   10236.8750 
[2023-12-14 18:22:08.100] magnitudes:30000;    7210.0000 
[2023-12-14 18:22:08.115] magnitudes:40000;    5724.0625 
[2023-12-14 18:22:08.146] magnitudes:50000;    5003.0625 
[2023-12-14 18:22:08.178] magnitudes:60000;    4622.1875 
[2023-12-14 18:22:08.211] magnitudes:70000;    4857.4375 
[2023-12-14 18:22:08.242] magnitudes:200;   46541.0625 
[2023-12-14 18:22:08.275] magnitudes:500;   44396.9375 
[2023-12-14 18:22:08.307] magnitudes:800;   42122.8750 
[2023-12-14 18:22:08.327] magnitudes:1000;   41180.6875 
[2023-12-14 18:22:08.354] magnitudes:2000;   37735.8125 
[2023-12-14 18:22:08.386] magnitudes:5000;   28450.3125 
[2023-12-14 18:22:08.418] magnitudes:8000;   21063.0625 
[2023-12-14 18:22:08.451] magnitudes:10000;   18005.5625 
[2023-12-14 18:22:08.483] magnitudes:15000;   12869.4375 
[2023-12-14 18:22:08.499] magnitudes:20000;   10226.8125 
[2023-12-14 18:22:08.530] magnitudes:30000;    7217.6250 
[2023-12-14 18:22:08.563] magnitudes:40000;    5849.8750 
[2023-12-14 18:22:08.596] magnitudes:50000;    4938.3750 
[2023-12-14 18:22:08.626] magnitudes:60000;    4622.1875 
[2023-12-14 18:22:08.658] magnitudes:70000;    4857.4375 
[2023-12-14 18:22:08.691] magnitudes:200;   47235.1875 
[2023-12-14 18:22:08.711] magnitudes:500;   44558.8750 
[2023-12-14 18:22:08.739] magnitudes:800;   42218.3125 
[2023-12-14 18:22:08.770] magnitudes:1000;   41330.8125 
[2023-12-14 18:22:08.803] magnitudes:2000;   38022.7500 
[2023-12-14 18:22:08.835] magnitudes:5000;   28644.6875 
[2023-12-14 18:22:08.867] magnitudes:8000;   21290.6250 
[2023-12-14 18:22:08.882] magnitudes:10000;   18206.6250 
[2023-12-14 18:22:08.915] magnitudes:15000;   13112.0000 
[2023-12-14 18:22:08.946] magnitudes:20000;   10400.0625 
[2023-12-14 18:22:08.978] magnitudes:30000;    7327.6250 
[2023-12-14 18:22:09.010] magnitudes:40000;    5931.5625 
[2023-12-14 18:22:09.026] magnitudes:50000;    5172.3750 
[2023-12-14 18:22:09.061] magnitudes:60000;    5002.0000 
[2023-12-14 18:22:09.095] magnitudes:70000;    5501.8750 
[2023-12-14 18:22:09.123] magnitudes:200;   47586.9375 
[2023-12-14 18:22:09.154] magnitudes:500;   49501.8125 
[2023-12-14 18:22:09.186] magnitudes:800;   45132.1250 
[2023-12-14 18:22:09.218] magnitudes:1000;   43798.6250 
[2023-12-14 18:22:09.234] magnitudes:2000;   34027.5625 
[2023-12-14 18:22:09.268] magnitudes:5000;    3411.8750 
[2023-12-14 18:22:09.299] magnitudes:8000;    9083.6250 
[2023-12-14 18:22:09.331] magnitudes:10000;   10827.1250 
[2023-12-14 18:22:09.363] magnitudes:15000;    7220.3750 
[2023-12-14 18:22:09.394] magnitudes:20000;    5665.3750 
[2023-12-14 18:22:09.410] magnitudes:30000;    3861.5000 
[2023-12-14 18:22:09.443] magnitudes:40000;    3054.3750 
[2023-12-14 18:22:09.474] magnitudes:50000;    2872.5000 
[2023-12-14 18:22:09.506] magnitudes:60000;    2832.5625 
[2023-12-14 18:22:09.539] magnitudes:70000;    2609.8125 
[2023-12-14 18:22:09.572] magnitudes:200;  637138.3750 
[2023-12-14 18:22:09.602] magnitudes:500;  215415.9375 
[2023-12-14 18:22:09.618] magnitudes:800;  131399.1250 
[2023-12-14 18:22:09.650] magnitudes:1000;  103494.9375 
[2023-12-14 18:22:09.682] magnitudes:2000;   51001.3750 
[2023-12-14 18:22:09.715] magnitudes:5000;   20116.3750 
[2023-12-14 18:22:09.747] magnitudes:8000;   12913.1250 
[2023-12-14 18:22:09.779] magnitudes:10000;   10133.2500 
[2023-12-14 18:22:09.794] magnitudes:15000;    6881.0625 
[2023-12-14 18:22:09.827] magnitudes:20000;    5244.5000 
[2023-12-14 18:22:09.859] magnitudes:30000;    3721.0000 
[2023-12-14 18:22:09.891] magnitudes:40000;    2980.7500 
[2023-12-14 18:22:09.923] magnitudes:50000;    2582.5625 
[2023-12-14 18:22:09.955] magnitudes:60000;    2196.4375 
[2023-12-14 18:22:09.971] magnitudes:70000;    3645.1875 
[2023-12-14 18:22:10.002] magnitudes:200;   52311.2500 
[2023-12-14 18:22:10.034] magnitudes:500;   52430.5625 
[2023-12-14 18:22:10.068] magnitudes:800;   50550.2500 
[2023-12-14 18:22:10.099] magnitudes:1000;   50872.5625 
[2023-12-14 18:22:10.131] magnitudes:2000;   48745.3125 
[2023-12-14 18:22:10.163] magnitudes:5000;   35522.3750 
[2023-12-14 18:22:10.178] magnitudes:8000;   26343.7500 
[2023-12-14 18:22:10.210] magnitudes:10000;   22312.7500 
[2023-12-14 18:22:10.243] magnitudes:15000;   16098.5625 
[2023-12-14 18:22:10.275] magnitudes:20000;   12121.6250 
[2023-12-14 18:22:10.306] magnitudes:30000;    8178.4375 
[2023-12-14 18:22:10.339] magnitudes:40000;    6399.5625 
[2023-12-14 18:22:10.355] magnitudes:50000;    5771.0625 
[2023-12-14 18:22:10.386] magnitudes:60000;    5438.8750 
[2023-12-14 18:22:10.420] magnitudes:70000;    5413.8125 
[2023-12-14 18:22:10.451] magnitudes:200;   51230.9375 
[2023-12-14 18:22:10.483] magnitudes:500;   52498.6250 
[2023-12-14 18:22:10.515] magnitudes:800;   52143.7500 
[2023-12-14 18:22:10.546] magnitudes:1000;   52222.0000 
[2023-12-14 18:22:10.562] magnitudes:2000;   51382.3125 
[2023-12-14 18:22:10.595] magnitudes:5000;   39077.4375 
[2023-12-14 18:22:10.626] magnitudes:8000;   29055.5000 
[2023-12-14 18:22:10.659] magnitudes:10000;   24444.9375 
[2023-12-14 18:22:10.690] magnitudes:15000;   17610.0625 
[2023-12-14 18:22:10.723] magnitudes:20000;   13628.8125 
[2023-12-14 18:22:10.739] magnitudes:30000;    9572.6875 
[2023-12-14 18:22:10.771] magnitudes:40000;    7500.7500 
[2023-12-14 18:22:10.804] magnitudes:50000;    6522.8750 
[2023-12-14 18:22:10.835] magnitudes:60000;    5912.6250 
[2023-12-14 18:22:10.867] magnitudes:70000;    6133.8125 
[2023-12-14 18:22:10.898] magnitudes:200;   52834.6875 
[2023-12-14 18:22:10.931] magnitudes:500;   51576.4375 
[2023-12-14 18:22:10.948] magnitudes:800;   52233.3750 
[2023-12-14 18:22:10.979] magnitudes:1000;   52322.1875 
[2023-12-14 18:22:11.011] magnitudes:2000;   51573.8750 
[2023-12-14 18:22:11.043] magnitudes:5000;   39614.8125 
[2023-12-14 18:22:11.075] magnitudes:8000;   29540.0000 
[2023-12-14 18:22:11.090] magnitudes:10000;   24978.0000 
[2023-12-14 18:22:11.123] magnitudes:15000;   18033.7500 
[2023-12-14 18:22:11.154] magnitudes:20000;   13978.2500 
[2023-12-14 18:22:11.186] magnitudes:30000;    9764.2500 
[2023-12-14 18:22:11.218] magnitudes:40000;    7701.5000 
[2023-12-14 18:22:11.250] magnitudes:50000;    6605.4375 
[2023-12-14 18:22:11.267] magnitudes:60000;    6051.5625 
[2023-12-14 18:22:11.298] magnitudes:70000;    6133.8125 
[2023-12-14 18:22:11.331] magnitudes:200;   52024.0625 
[2023-12-14 18:22:11.363] magnitudes:500;   51523.8750 
[2023-12-14 18:22:11.395] magnitudes:800;   52365.8750 
[2023-12-14 18:22:11.428] magnitudes:1000;   52450.2500 
[2023-12-14 18:22:11.459] magnitudes:2000;   51582.4375 
[2023-12-14 18:22:11.480] magnitudes:5000;   39806.1250 
[2023-12-14 18:22:11.506] magnitudes:8000;   29603.5000 
[2023-12-14 18:22:11.539] magnitudes:10000;   25146.8750 
[2023-12-14 18:22:11.570] magnitudes:15000;   18058.8125 
[2023-12-14 18:22:11.602] magnitudes:20000;   14057.1250 
[2023-12-14 18:22:11.634] magnitudes:30000;    9897.8750 
[2023-12-14 18:22:11.651] magnitudes:40000;    7750.0000 
[2023-12-14 18:22:11.683] magnitudes:50000;    6679.5625 
[2023-12-14 18:22:11.714] magnitudes:60000;    6022.1250 
[2023-12-14 18:22:11.747] magnitudes:70000;    6133.8125 
[2023-12-14 18:22:11.778] magnitudes:200;   52161.0625 
[2023-12-14 18:22:11.810] magnitudes:500;   52094.1250 
[2023-12-14 18:22:11.842] magnitudes:800;   52335.5000 
[2023-12-14 18:22:11.863] magnitudes:1000;   52664.1250 
[2023-12-14 18:22:11.890] magnitudes:2000;   51582.9375 
[2023-12-14 18:22:11.923] magnitudes:5000;   40139.0000 
[2023-12-14 18:22:11.955] magnitudes:8000;   29891.3125 
[2023-12-14 18:22:11.986] magnitudes:10000;   25426.8125 
[2023-12-14 18:22:12.018] magnitudes:15000;   18230.1250 
[2023-12-14 18:22:12.035] magnitudes:20000;   14272.6250 
[2023-12-14 18:22:12.066] magnitudes:30000;    9987.3750 
[2023-12-14 18:22:12.098] magnitudes:40000;    7847.0625 
[2023-12-14 18:22:12.130] magnitudes:50000;    6700.4375 
[2023-12-14 18:22:12.162] magnitudes:60000;    6143.0000 
[2023-12-14 18:22:12.195] magnitudes:70000;    6133.8125 
[2023-12-14 18:22:12.227] magnitudes:200;   52620.6875 
[2023-12-14 18:22:12.246] magnitudes:500;   51789.4375 
[2023-12-14 18:22:12.274] magnitudes:800;   52328.1250 
[2023-12-14 18:22:12.307] magnitudes:1000;   52474.3750 
[2023-12-14 18:22:12.339] magnitudes:2000;   51476.6250 
[2023-12-14 18:22:12.370] magnitudes:5000;   40148.3125 
[2023-12-14 18:22:12.402] magnitudes:8000;   29899.4375 
[2023-12-14 18:22:12.418] magnitudes:10000;   25509.7500 
[2023-12-14 18:22:12.450] magnitudes:15000;   18283.5000 
[2023-12-14 18:22:12.483] magnitudes:20000;   14312.3750 
[2023-12-14 18:22:12.515] magnitudes:30000;    9997.6250 
[2023-12-14 18:22:12.547] magnitudes:40000;    7847.0625 
[2023-12-14 18:22:12.578] magnitudes:50000;    6793.2500 
[2023-12-14 18:22:12.596] magnitudes:60000;    6143.0000 
[2023-12-14 18:22:12.629] magnitudes:70000;    6133.8125 
[2023-12-14 18:22:12.660] magnitudes:200;   51976.2500 
[2023-12-14 18:22:12.690] magnitudes:500;   50937.5000 
[2023-12-14 18:22:12.722] magnitudes:800;   52295.0625 
[2023-12-14 18:22:12.755] magnitudes:1000;   52638.0000 
[2023-12-14 18:22:12.786] magnitudes:2000;   51682.6250 
[2023-12-14 18:22:12.802] magnitudes:5000;   40185.1250 
[2023-12-14 18:22:12.834] magnitudes:8000;   29969.3750 
[2023-12-14 18:22:12.867] magnitudes:10000;   25548.7500 
[2023-12-14 18:22:12.898] magnitudes:15000;   18308.5000 
[2023-12-14 18:22:12.930] magnitudes:20000;   14346.4375 
[2023-12-14 18:22:12.962] magnitudes:30000;   10025.9375 
[2023-12-14 18:22:12.980] magnitudes:40000;    7917.5625 
[2023-12-14 18:22:13.014] magnitudes:50000;    6763.8125 
[2023-12-14 18:22:13.042] magnitudes:60000;    6315.3750 
[2023-12-14 18:22:13.074] magnitudes:70000;    6133.8125 
[2023-12-14 18:22:13.106] magnitudes:200;   53168.0000 
[2023-12-14 18:22:13.138] magnitudes:500;   51542.8750 
[2023-12-14 18:22:13.170] magnitudes:800;   52295.6875 
[2023-12-14 18:22:13.187] magnitudes:1000;   52460.3750 
[2023-12-14 18:22:13.218] magnitudes:2000;   51770.1250 
[2023-12-14 18:22:13.251] magnitudes:5000;   40179.3125 
[2023-12-14 18:22:13.284] magnitudes:8000;   30134.0625 
[2023-12-14 18:22:13.315] magnitudes:10000;   25610.3125 
[2023-12-14 18:22:13.331] magnitudes:15000;   18388.4375 
[2023-12-14 18:22:13.362] magnitudes:20000;   14408.6875 
[2023-12-14 18:22:13.397] magnitudes:30000;   10057.3750 
[2023-12-14 18:22:13.427] magnitudes:40000;    7981.2500 
[2023-12-14 18:22:13.458] magnitudes:50000;    6772.0000 
[2023-12-14 18:22:13.491] magnitudes:60000;    6315.3750 
[2023-12-14 18:22:13.506] magnitudes:70000;    6084.9375 
[2023-12-14 18:22:13.538] magnitudes:200;   52470.6875 
[2023-12-14 18:22:13.570] magnitudes:500;   52109.5625 
[2023-12-14 18:22:13.603] magnitudes:800;   52239.8125 
[2023-12-14 18:22:13.635] magnitudes:1000;   52625.0625 
[2023-12-14 18:22:13.666] magnitudes:2000;   51775.0000 
[2023-12-14 18:22:13.699] magnitudes:5000;   40207.3125 
[2023-12-14 18:22:13.714] magnitudes:8000;   30209.0625 
[2023-12-14 18:22:13.746] magnitudes:10000;   25615.0000 
[2023-12-14 18:22:13.778] magnitudes:15000;   18500.8125 
[2023-12-14 18:22:13.811] magnitudes:20000;   14428.4375 
[2023-12-14 18:22:13.843] magnitudes:30000;   10120.9375 
[2023-12-14 18:22:13.875] magnitudes:40000;    7997.5625 
[2023-12-14 18:22:13.890] magnitudes:50000;    6844.5000 
[2023-12-14 18:22:13.922] magnitudes:60000;    6346.5000 
[2023-12-14 18:22:13.955] magnitudes:70000;    6432.9375 
[2023-12-14 18:22:13.986] magnitudes:200;   52791.8125 
[2023-12-14 18:22:14.018] magnitudes:500;   51641.2500 
[2023-12-14 18:22:14.051] magnitudes:800;   52205.0625 
[2023-12-14 18:22:14.083] magnitudes:1000;   52601.9375 
[2023-12-14 18:22:14.098] magnitudes:2000;   51941.3125 
[2023-12-14 18:22:14.130] magnitudes:5000;   40401.1250 
[2023-12-14 18:22:14.163] magnitudes:8000;   30493.3125 
[2023-12-14 18:22:14.195] magnitudes:10000;   25810.0000 
[2023-12-14 18:22:14.226] magnitudes:15000;   18675.3750 
[2023-12-14 18:22:14.259] magnitudes:20000;   14477.0000 
[2023-12-14 18:22:14.273] magnitudes:30000;   10092.8125 
[2023-12-14 18:22:14.306] magnitudes:40000;    7525.5625 
[2023-12-14 18:22:14.338] magnitudes:50000;    5436.1250 
[2023-12-14 18:22:14.371] magnitudes:60000;    2407.1875 
[2023-12-14 18:22:14.403] magnitudes:70000;    3100.0625 
[2023-12-14 18:22:14.434] magnitudes:200;  737890.3125 
[2023-12-14 18:22:14.466] magnitudes:500;  221777.6875 
[2023-12-14 18:22:14.482] magnitudes:800;  132406.3125 
[2023-12-14 18:22:14.514] magnitudes:1000;  107937.1875 
[2023-12-14 18:22:14.546] magnitudes:2000;   55125.9375 
[2023-12-14 18:22:14.579] magnitudes:5000;   22086.8750 
[2023-12-14 18:22:14.611] magnitudes:8000;   13636.6250 
[2023-12-14 18:22:14.643] magnitudes:10000;   10987.1250 
[2023-12-14 18:22:14.658] magnitudes:15000;    7663.6875 
[2023-12-14 18:22:14.690] magnitudes:20000;    5941.1875 
[2023-12-14 18:22:14.723] magnitudes:30000;    4264.1875 
[2023-12-14 18:22:14.754] magnitudes:40000;    3531.3125 
[2023-12-14 18:22:14.786] magnitudes:50000;    2998.2500 
[2023-12-14 18:22:14.819] magnitudes:60000;    2832.5625 
[2023-12-14 18:22:14.834] magnitudes:70000;    3146.3125 
[2023-12-14 18:22:14.866] magnitudes:200;  632123.0000 
[2023-12-14 18:22:14.899] magnitudes:500;  247579.8750 
[2023-12-14 18:22:14.930] magnitudes:800;  142797.8750 
[2023-12-14 18:22:14.962] magnitudes:1000;  114546.8750 
[2023-12-14 18:22:14.994] magnitudes:2000;   57833.2500 
[2023-12-14 18:22:15.027] magnitudes:5000;   24124.1250 
[2023-12-14 18:22:15.042] magnitudes:8000;   15523.6875 
[2023-12-14 18:22:15.074] magnitudes:10000;   12581.3125 
[2023-12-14 18:22:15.107] magnitudes:15000;    8510.3125 
[2023-12-14 18:22:15.138] magnitudes:20000;    6530.7500 
[2023-12-14 18:22:15.172] magnitudes:30000;    4595.0000 
[2023-12-14 18:22:15.202] magnitudes:40000;    3749.3750 
[2023-12-14 18:22:15.218] magnitudes:50000;    3399.6875 
[2023-12-14 18:22:15.250] magnitudes:60000;    3111.1875 
[2023-12-14 18:22:15.283] magnitudes:70000;    3633.0625 
[2023-12-14 18:22:15.316] magnitudes:200;  778607.6875 
[2023-12-14 18:22:15.346] magnitudes:500;  233183.0000 
[2023-12-14 18:22:15.378] magnitudes:800;  154544.5000 
[2023-12-14 18:22:15.413] magnitudes:1000;  121479.3125 
[2023-12-14 18:22:15.426] magnitudes:2000;   60189.4375 
[2023-12-14 18:22:15.458] magnitudes:5000;   25001.4375 
[2023-12-14 18:22:15.490] magnitudes:8000;   15539.0625 
[2023-12-14 18:22:15.524] magnitudes:10000;   12536.0000 
[2023-12-14 18:22:15.555] magnitudes:15000;    8442.6250 
[2023-12-14 18:22:15.572] magnitudes:20000;    6425.3125 
[2023-12-14 18:22:15.602] magnitudes:30000;    4595.0000 
[2023-12-14 18:22:15.634] magnitudes:40000;    3762.1875 
[2023-12-14 18:22:15.666] magnitudes:50000;    3399.6875 
[2023-12-14 18:22:15.698] magnitudes:60000;    3111.1875 
[2023-12-14 18:22:15.730] magnitudes:70000;    3633.0625 
[2023-12-14 18:22:15.762] magnitudes:200;  787021.6875 
[2023-12-14 18:22:15.782] magnitudes:500;  255438.8125 
[2023-12-14 18:22:15.810] magnitudes:800;  154275.2500 
[2023-12-14 18:22:15.842] magnitudes:1000;  123046.3125 
[2023-12-14 18:22:15.875] magnitudes:2000;   60189.4375 
[2023-12-14 18:22:15.906] magnitudes:5000;   24846.6875 
[2023-12-14 18:22:15.938] magnitudes:8000;   15419.0625 
[2023-12-14 18:22:15.954] magnitudes:10000;   12639.0625 
[2023-12-14 18:22:15.986] magnitudes:15000;    8442.6250 
[2023-12-14 18:22:16.019] magnitudes:20000;    6530.7500 
[2023-12-14 18:22:16.050] magnitudes:30000;    4592.9375 
[2023-12-14 18:22:16.083] magnitudes:40000;    3575.1875 
[2023-12-14 18:22:16.115] magnitudes:50000;    3399.6875 
[2023-12-14 18:22:16.132] magnitudes:60000;    3111.1875 
[2023-12-14 18:22:16.166] magnitudes:70000;    3146.3125 
[2023-12-14 18:22:16.194] magnitudes:200;  786847.2500 
[2023-12-14 18:22:16.226] magnitudes:500;  250478.6250 
[2023-12-14 18:22:16.258] magnitudes:800;  154544.5000 
[2023-12-14 18:22:16.291] magnitudes:1000;  121180.5625 
[2023-12-14 18:22:16.323] magnitudes:2000;   60189.4375 
[2023-12-14 18:22:16.338] magnitudes:5000;   25001.4375 
[2023-12-14 18:22:16.371] magnitudes:8000;   15518.8750 
[2023-12-14 18:22:16.402] magnitudes:10000;   12536.0000 
[2023-12-14 18:22:16.433] magnitudes:15000;    8476.2500 
[2023-12-14 18:22:16.466] magnitudes:20000;    6539.0625 
[2023-12-14 18:22:16.499] magnitudes:30000;    4595.0000 
[2023-12-14 18:22:16.516] magnitudes:40000;    3749.3750 
[2023-12-14 18:22:16.549] magnitudes:50000;    3399.6875 
[2023-12-14 18:22:16.579] magnitudes:60000;    3111.1875 
[2023-12-14 18:22:16.610] magnitudes:70000;    3146.3125 
[2023-12-14 18:22:16.642] magnitudes:200;  786847.2500 
[2023-12-14 18:22:16.675] magnitudes:500;  229390.8750 
[2023-12-14 18:22:16.706] magnitudes:800;  156576.0000 
[2023-12-14 18:22:16.722] magnitudes:1000;  121479.3125 
[2023-12-14 18:22:16.755] magnitudes:2000;   60918.0000 
[2023-12-14 18:22:16.786] magnitudes:5000;   24623.8750 
[2023-12-14 18:22:16.818] magnitudes:8000;   15438.8750 
[2023-12-14 18:22:16.850] magnitudes:10000;   12583.4375 
[2023-12-14 18:22:16.883] magnitudes:15000;    8476.2500 
[2023-12-14 18:22:16.897] magnitudes:20000;    6530.7500 
[2023-12-14 18:22:16.935] magnitudes:30000;    4592.9375 
[2023-12-14 18:22:16.962] magnitudes:40000;    3875.6250 
[2023-12-14 18:22:16.994] magnitudes:50000;    3399.6875 
[2023-12-14 18:22:17.028] magnitudes:60000;    3387.0625 
[2023-12-14 18:22:17.058] magnitudes:70000;    3146.3125 
[2023-12-14 18:22:17.090] magnitudes:200;  786847.2500 
[2023-12-14 18:22:17.105] magnitudes:500;  233183.0000 
[2023-12-14 18:22:17.143] magnitudes:800;  156576.0000 
[2023-12-14 18:22:17.170] magnitudes:1000;  121479.3125 
[2023-12-14 18:22:17.202] magnitudes:2000;   61257.8750 
[2023-12-14 18:22:17.234] magnitudes:5000;   25001.4375 
[2023-12-14 18:22:17.266] magnitudes:8000;   15518.8750 
[2023-12-14 18:22:17.288] magnitudes:10000;   12639.0625 
[2023-12-14 18:22:17.325] magnitudes:15000;    8442.6250 
[2023-12-14 18:22:17.346] magnitudes:20000;    6551.8125 
[2023-12-14 18:22:17.379] magnitudes:30000;    4595.0000 
[2023-12-14 18:22:17.410] magnitudes:40000;    3676.5000 
[2023-12-14 18:22:17.442] magnitudes:50000;    3399.6875 
[2023-12-14 18:22:17.458] magnitudes:60000;    3111.1875 
[2023-12-14 18:22:17.491] magnitudes:70000;    3633.0625 
[2023-12-14 18:22:17.522] magnitudes:200;  786847.2500 
[2023-12-14 18:22:17.554] magnitudes:500;  255438.8125 
[2023-12-14 18:22:17.586] magnitudes:800;  156576.0000 
[2023-12-14 18:22:17.618] magnitudes:1000;  121479.3125 
[2023-12-14 18:22:17.636] magnitudes:2000;   61257.8750 
[2023-12-14 18:22:17.672] magnitudes:5000;   24846.6875 
[2023-12-14 18:22:17.706] magnitudes:8000;   15539.0625 
[2023-12-14 18:22:17.730] magnitudes:10000;   12536.0000 
[2023-12-14 18:22:17.761] magnitudes:15000;    8442.6250 
[2023-12-14 18:22:17.794] magnitudes:20000;    6539.0625 
[2023-12-14 18:22:17.809] magnitudes:30000;    4595.0000 
[2023-12-14 18:22:17.842] magnitudes:40000;    3676.5000 
[2023-12-14 18:22:17.875] magnitudes:50000;    3399.6875 
[2023-12-14 18:22:17.907] magnitudes:60000;    3111.1875 
[2023-12-14 18:22:17.939] magnitudes:70000;    3146.3125 
[2023-12-14 18:22:17.970] magnitudes:200;  786847.2500 
[2023-12-14 18:22:18.002] magnitudes:500;  255438.8125 
[2023-12-14 18:22:18.019] magnitudes:800;  156576.0000 
[2023-12-14 18:22:18.056] magnitudes:1000;  123046.3125 
[2023-12-14 18:22:18.082] magnitudes:2000;   61257.8750 
[2023-12-14 18:22:18.114] magnitudes:5000;   25001.4375 
[2023-12-14 18:22:18.146] magnitudes:8000;   15518.8750 
[2023-12-14 18:22:18.179] magnitudes:10000;   12639.0625 
[2023-12-14 18:22:18.194] magnitudes:15000;    8442.6250 
[2023-12-14 18:22:18.226] magnitudes:20000;    6530.7500 
[2023-12-14 18:22:18.259] magnitudes:30000;    4592.9375 
