
[2023-12-14 18:18:33.133]  
[2023-12-14 18:18:33.157] magnitudes:8000;   13647.1250 
[2023-12-14 18:18:33.157] magnitudes:10000;   10972.2500 
[2023-12-14 18:18:33.157] magnitudes:15000;    7550.5000 
[2023-12-14 18:18:33.157] magnitudes:20000;    5716.1875 
[2023-12-14 18:18:33.157] magnitudes:30000;    3967.1875 
[2023-12-14 18:18:33.157] magnitudes:40000;    3289.8750 
[2023-12-14 18:18:33.157] magnitudes:50000;    2859.6875 
[2023-12-14 18:18:33.157] magnitudes:60000;    2815.7500 
[2023-12-14 18:18:33.157] magnitudes:70000;    3136.8750 
[2023-12-14 18:18:33.159] magnitudes:200;  695974.5000 
[2023-12-14 18:18:33.159] magnitudes:500;  215536.2500 
[2023-12-14 18:18:33.159] magnitudes:800;  131773.0625 
[2023-12-14 18:18:33.159] magnitudes:1000;  110094.3125 
[2023-12-14 18:18:33.159] magnitudes:2000;   53398.3750 
[2023-12-14 18:18:33.159] magnitudes:5000;   21729.0625 
[2023-12-14 18:18:33.159] magnitudes:8000;   13610.5000 
[2023-12-14 18:18:33.159] magnitudes:10000;   10972.2500 
[2023-12-14 18:18:33.159] magnitudes:15000;    7385.8125 
[2023-12-14 18:18:33.159] magnitudes:20000;    5742.6250 
[2023-12-14 18:18:33.159] magnitudes:30000;    3982.1875 
[2023-12-14 18:18:33.159] magnitudes:40000;    3364.0625 
[2023-12-14 18:18:33.159] magnitudes:50000;    2859.6875 
[2023-12-14 18:18:33.159] magnitudes:60000;    2807.0000 
[2023-12-14 18:18:33.159] magnitudes:70000;    3136.8750 
[2023-12-14 18:18:33.159] magnitudes:200;  695777.0625 
[2023-12-14 18:18:33.159] magnitudes:500;  215739.8750 
[2023-12-14 18:18:33.159] magnitudes:800;  133777.3125 
[2023-12-14 18:18:33.159] magnitudes:1000;  110094.3125 
[2023-12-14 18:18:33.159] magnitudes:2000;   53398.3750 
[2023-12-14 18:18:33.159] magnitudes:5000;   21729.0625 
[2023-12-14 18:18:33.159] magnitudes:8000;   13610.5000 
[2023-12-14 18:18:33.159] magnitudes:10000;   11022.0000 
[2023-12-14 18:18:33.174] magnitudes:15000;    7412.3125 
[2023-12-14 18:18:33.174] magnitudes:20000;    5723.7500 
[2023-12-14 18:18:33.174] magnitudes:30000;    3967.1875 
[2023-12-14 18:18:33.174] magnitudes:40000;    3237.5000 
[2023-12-14 18:18:33.174] magnitudes:50000;    2859.6875 
[2023-12-14 18:18:33.174] magnitudes:60000;    2807.0000 
[2023-12-14 18:18:33.174] magnitudes:70000;    3141.5625 
[2023-12-14 18:18:33.174] magnitudes:200;  670876.8125 
[2023-12-14 18:18:33.174] magnitudes:500;  219072.4375 
[2023-12-14 18:18:33.174] magnitudes:800;  133777.3125 
[2023-12-14 18:18:33.174] magnitudes:1000;  105068.6875 
[2023-12-14 18:18:33.174] magnitudes:2000;   54001.8125 
[2023-12-14 18:18:33.174] magnitudes:5000;   21729.0625 
[2023-12-14 18:18:33.174] magnitudes:8000;   13593.2500 
[2023-12-14 18:18:33.174] magnitudes:10000;   11022.0000 
[2023-12-14 18:18:33.174] magnitudes:15000;    7382.0625 
[2023-12-14 18:18:33.174] magnitudes:20000;    5735.0000 
[2023-12-14 18:18:33.174] magnitudes:30000;    3967.1875 
[2023-12-14 18:18:33.174] magnitudes:40000;    3289.8750 
[2023-12-14 18:18:33.174] magnitudes:50000;    2846.6250 
[2023-12-14 18:18:33.174] magnitudes:60000;    2815.7500 
[2023-12-14 18:18:33.174] magnitudes:70000;    3141.5625 
[2023-12-14 18:18:33.174] magnitudes:200;  687444.1875 
[2023-12-14 18:18:33.174] magnitudes:500;  218871.8750 
[2023-12-14 18:18:33.174] magnitudes:800;  142705.2500 
[2023-12-14 18:18:33.174] magnitudes:1000;  104772.6250 
[2023-12-14 18:18:33.174] magnitudes:2000;   54001.8125 
[2023-12-14 18:18:33.174] magnitudes:5000;   21729.0625 
[2023-12-14 18:18:33.174] magnitudes:8000;   13810.7500 
[2023-12-14 18:18:33.174] magnitudes:10000;   10972.2500 
[2023-12-14 18:18:33.174] magnitudes:15000;    7550.5000 
[2023-12-14 18:18:33.190] magnitudes:20000;    5833.1875 
[2023-12-14 18:18:33.190] magnitudes:30000;    4094.5625 
[2023-12-14 18:18:33.190] magnitudes:40000;    3425.8125 
[2023-12-14 18:18:33.190] magnitudes:50000;    2995.2500 
[2023-12-14 18:18:33.190] magnitudes:60000;    2815.7500 
[2023-12-14 18:18:33.190] magnitudes:70000;    3136.8750 
[2023-12-14 18:18:33.190] magnitudes:200;  704011.5625 
[2023-12-14 18:18:33.190] magnitudes:500;  222355.0000 
[2023-12-14 18:18:33.190] magnitudes:800;  137819.1250 
[2023-12-14 18:18:33.190] magnitudes:1000;  112050.3125 
[2023-12-14 18:18:33.190] magnitudes:2000;   54766.3750 
[2023-12-14 18:18:33.190] magnitudes:5000;   22194.0625 
[2023-12-14 18:18:33.190] magnitudes:8000;   14031.9375 
[2023-12-14 18:18:33.190] magnitudes:10000;   11279.3125 
[2023-12-14 18:18:33.190] magnitudes:15000;    7687.4375 
[2023-12-14 18:18:33.190] magnitudes:20000;    5825.4375 
[2023-12-14 18:18:33.190] magnitudes:30000;    4205.4375 
[2023-12-14 18:18:33.190] magnitudes:40000;    3356.7500 
[2023-12-14 18:18:33.190] magnitudes:50000;    3009.0000 
[2023-12-14 18:18:33.190] magnitudes:60000;    2815.7500 
[2023-12-14 18:18:33.190] magnitudes:70000;    3136.8750 
[2023-12-14 18:18:33.190] magnitudes:200;  712343.1875 
[2023-12-14 18:18:33.190] magnitudes:500;  225687.0000 
[2023-12-14 18:18:33.190] magnitudes:800;  144877.0625 
[2023-12-14 18:18:33.190] magnitudes:1000;  111743.7500 
[2023-12-14 18:18:33.190] magnitudes:2000;   55119.5625 
[2023-12-14 18:18:33.190] magnitudes:5000;   22194.0625 
[2023-12-14 18:18:33.190] magnitudes:8000;   14031.9375 
[2023-12-14 18:18:33.190] magnitudes:10000;   11243.0000 
[2023-12-14 18:18:33.190] magnitudes:15000;    7652.1875 
[2023-12-14 18:18:33.190] magnitudes:20000;    5844.5625 
[2023-12-14 18:18:33.190] magnitudes:30000;    4096.1875 
[2023-12-14 18:18:33.205] magnitudes:40000;    3368.5000 
[2023-12-14 18:18:33.205] magnitudes:50000;    3009.0000 
[2023-12-14 18:18:33.205] magnitudes:60000;    2815.7500 
[2023-12-14 18:18:33.205] magnitudes:70000;    3136.8750 
[2023-12-14 18:18:33.205] magnitudes:200;  712535.8125 
[2023-12-14 18:18:33.205] magnitudes:500;  225687.0000 
[2023-12-14 18:18:33.205] magnitudes:800;  135813.3125 
[2023-12-14 18:18:33.205] magnitudes:1000;  112050.3125 
[2023-12-14 18:18:33.205] magnitudes:2000;   54766.3750 
[2023-12-14 18:18:33.205] magnitudes:5000;   22194.0625 
[2023-12-14 18:18:33.205] magnitudes:8000;   14143.7500 
[2023-12-14 18:18:33.205] magnitudes:10000;   11279.3125 
[2023-12-14 18:18:33.205] magnitudes:15000;    7683.5625 
[2023-12-14 18:18:33.205] magnitudes:20000;    5844.5625 
[2023-12-14 18:18:33.205] magnitudes:30000;    4094.5625 
[2023-12-14 18:18:33.205] magnitudes:40000;    3368.5000 
[2023-12-14 18:18:33.205] magnitudes:50000;    3009.0000 
[2023-12-14 18:18:33.205] magnitudes:60000;    2815.7500 
[2023-12-14 18:18:33.205] magnitudes:70000;    3141.5625 
[2023-12-14 18:18:33.205] magnitudes:200;  712343.1875 
[2023-12-14 18:18:33.205] magnitudes:500;  225492.3125 
[2023-12-14 18:18:33.205] magnitudes:800;  144877.0625 
[2023-12-14 18:18:33.205] magnitudes:1000;  113721.6875 
[2023-12-14 18:18:33.205] magnitudes:2000;   54766.3750 
[2023-12-14 18:18:33.205] magnitudes:5000;   22502.2500 
[2023-12-14 18:18:33.205] magnitudes:8000;   14143.7500 
[2023-12-14 18:18:33.205] magnitudes:10000;   11429.7500 
[2023-12-14 18:18:33.205] magnitudes:15000;    7687.4375 
[2023-12-14 18:18:33.205] magnitudes:20000;    5852.3750 
[2023-12-14 18:18:33.205] magnitudes:30000;    4080.6875 
[2023-12-14 18:18:33.205] magnitudes:40000;    3368.5000 
[2023-12-14 18:18:33.220] magnitudes:50000;    3009.0000 
[2023-12-14 18:18:33.220] magnitudes:60000;    2815.7500 
[2023-12-14 18:18:33.220] magnitudes:70000;    3141.5625 
[2023-12-14 18:18:33.220] magnitudes:200;  728909.3125 
[2023-12-14 18:18:33.220] magnitudes:500;  225687.0000 
[2023-12-14 18:18:33.220] magnitudes:800;  144877.0625 
[2023-12-14 18:18:33.220] magnitudes:1000;  113721.6875 
[2023-12-14 18:18:33.220] magnitudes:2000;   55119.5625 
[2023-12-14 18:18:33.220] magnitudes:5000;   22502.2500 
[2023-12-14 18:18:33.220] magnitudes:8000;   14049.7500 
[2023-12-14 18:18:33.220] magnitudes:10000;   11392.9375 
[2023-12-14 18:18:33.220] magnitudes:15000;    7652.1875 
[2023-12-14 18:18:33.220] magnitudes:20000;    5825.4375 
[2023-12-14 18:18:33.220] magnitudes:30000;    4094.5625 
[2023-12-14 18:18:33.220] magnitudes:40000;    3476.1250 
[2023-12-14 18:18:33.220] magnitudes:50000;    3009.0000 
[2023-12-14 18:18:33.220] magnitudes:60000;    2815.7500 
[2023-12-14 18:18:33.220] magnitudes:70000;    3136.8750 
[2023-12-14 18:18:33.220] magnitudes:200;  704011.5625 
[2023-12-14 18:18:33.220] magnitudes:500;  225687.0000 
[2023-12-14 18:18:33.220] magnitudes:800;  137819.1250 
[2023-12-14 18:18:33.220] magnitudes:1000;  108224.6875 
[2023-12-14 18:18:33.220] magnitudes:2000;   54154.4375 
[2023-12-14 18:18:33.220] magnitudes:5000;   22502.2500 
[2023-12-14 18:18:33.220] magnitudes:8000;   14049.7500 
[2023-12-14 18:18:33.220] magnitudes:10000;   11378.1875 
[2023-12-14 18:18:33.220] magnitudes:15000;    7683.5625 
[2023-12-14 18:18:33.220] magnitudes:20000;    5825.4375 
[2023-12-14 18:18:33.220] magnitudes:30000;    4080.6875 
[2023-12-14 18:18:33.220] magnitudes:40000;    3421.1875 
[2023-12-14 18:18:33.220] magnitudes:50000;    3009.0000 
[2023-12-14 18:18:33.236] magnitudes:60000;    2815.7500 
[2023-12-14 18:18:33.236] magnitudes:70000;    3136.8750 
[2023-12-14 18:18:33.236] magnitudes:200;  704206.5000 
[2023-12-14 18:18:33.236] magnitudes:500;  228970.5625 
[2023-12-14 18:18:33.236] magnitudes:800;  137819.1250 
[2023-12-14 18:18:33.236] magnitudes:1000;  113721.6875 
[2023-12-14 18:18:33.236] magnitudes:2000;   54154.4375 
[2023-12-14 18:18:33.236] magnitudes:5000;   22502.2500 
[2023-12-14 18:18:33.236] magnitudes:8000;   14049.7500 
[2023-12-14 18:18:33.236] magnitudes:10000;   11316.0000 
[2023-12-14 18:18:33.236] magnitudes:15000;    7683.5625 
[2023-12-14 18:18:33.236] magnitudes:20000;    5825.4375 
[2023-12-14 18:18:33.236] magnitudes:30000;    4096.1875 
[2023-12-14 18:18:33.236] magnitudes:40000;    3368.5000 
[2023-12-14 18:18:33.236] magnitudes:50000;    3009.0000 
[2023-12-14 18:18:33.236] magnitudes:60000;    2815.7500 
[2023-12-14 18:18:33.236] magnitudes:70000;    3136.8750 
[2023-12-14 18:18:33.236] magnitudes:200;  687444.1875 
[2023-12-14 18:18:33.236] magnitudes:500;  255783.1875 
[2023-12-14 18:18:33.236] magnitudes:800;  135813.3125 
[2023-12-14 18:18:33.236] magnitudes:1000;  112050.3125 
[2023-12-14 18:18:33.236] magnitudes:2000;   55119.5625 
[2023-12-14 18:18:33.236] magnitudes:5000;   22502.2500 
[2023-12-14 18:18:33.236] magnitudes:8000;   14049.7500 
[2023-12-14 18:18:33.236] magnitudes:10000;   11279.3125 
[2023-12-14 18:18:33.236] magnitudes:15000;    7687.4375 
[2023-12-14 18:18:33.236] magnitudes:20000;    5825.4375 
[2023-12-14 18:18:33.236] magnitudes:30000;    4094.5625 
[2023-12-14 18:18:33.236] magnitudes:40000;    3356.7500 
[2023-12-14 18:18:33.236] magnitudes:50000;    3009.0000 
[2023-12-14 18:18:33.236] magnitudes:60000;    2815.7500 
[2023-12-14 18:18:33.236] magnitudes:70000;    3141.5625 
[2023-12-14 18:18:33.253] magnitudes:200;  695777.0625 
[2023-12-14 18:18:33.253] magnitudes:500;  221113.6875 
[2023-12-14 18:18:33.253] magnitudes:800;  137819.1250 
[2023-12-14 18:18:33.253] magnitudes:1000;  112050.3125 
[2023-12-14 18:18:33.253] magnitudes:2000;   55520.3750 
[2023-12-14 18:18:33.253] magnitudes:5000;   22194.0625 
[2023-12-14 18:18:33.253] magnitudes:8000;   14049.7500 
[2023-12-14 18:18:33.253] magnitudes:10000;   11279.3125 
[2023-12-14 18:18:33.253] magnitudes:15000;    7652.1875 
[2023-12-14 18:18:33.253] magnitudes:20000;    5844.5625 
[2023-12-14 18:18:33.253] magnitudes:30000;    4080.6875 
[2023-12-14 18:18:33.253] magnitudes:40000;    3433.1875 
[2023-12-14 18:18:33.253] magnitudes:50000;    3009.0000 
[2023-12-14 18:18:33.253] magnitudes:60000;    2815.7500 
[2023-12-14 18:18:33.253] magnitudes:70000;    3136.8750 
[2023-12-14 18:18:33.253] magnitudes:200;  712343.1875 
[2023-12-14 18:18:33.253] magnitudes:500;  228778.7500 
[2023-12-14 18:18:33.253] magnitudes:800;  137819.1250 
[2023-12-14 18:18:33.253] magnitudes:1000;  106634.1250 
[2023-12-14 18:18:33.253] magnitudes:2000;   55868.8125 
[2023-12-14 18:18:33.253] magnitudes:5000;   22194.0625 
[2023-12-14 18:18:33.253] magnitudes:8000;   14049.7500 
[2023-12-14 18:18:33.253] magnitudes:10000;   11279.3125 
[2023-12-14 18:18:33.253] magnitudes:15000;    7687.4375 
[2023-12-14 18:18:33.253] magnitudes:20000;    5825.4375 
[2023-12-14 18:18:33.253] magnitudes:30000;    4096.1875 
[2023-12-14 18:18:33.253] magnitudes:40000;    3237.5000 
[2023-12-14 18:18:33.253] magnitudes:50000;    2995.2500 
[2023-12-14 18:18:33.253] magnitudes:60000;    2807.0000 
[2023-12-14 18:18:33.253] magnitudes:70000;    3141.5625 
[2023-12-14 18:18:33.253] magnitudes:200;  704011.5625 
[2023-12-14 18:18:33.269] magnitudes:500;  228778.7500 
[2023-12-14 18:18:33.269] magnitudes:800;  135813.3125 
[2023-12-14 18:18:33.269] magnitudes:1000;  112050.3125 
[2023-12-14 18:18:33.269] magnitudes:2000;   54766.3750 
[2023-12-14 18:18:33.269] magnitudes:5000;   22194.0625 
[2023-12-14 18:18:33.269] magnitudes:8000;   14049.7500 
[2023-12-14 18:18:33.269] magnitudes:10000;   11279.3125 
[2023-12-14 18:18:33.269] magnitudes:15000;    7656.0625 
[2023-12-14 18:18:33.269] magnitudes:20000;    5825.4375 
[2023-12-14 18:18:33.269] magnitudes:30000;    4096.1875 
[2023-12-14 18:18:33.269] magnitudes:40000;    3421.1875 
[2023-12-14 18:18:33.269] magnitudes:50000;    3009.0000 
[2023-12-14 18:18:33.269] magnitudes:60000;    2815.7500 
[2023-12-14 18:18:33.269] magnitudes:70000;    3136.8750 
[2023-12-14 18:18:33.269] magnitudes:200;  720578.7500 
[2023-12-14 18:18:33.269] magnitudes:500;  221018.1875 
[2023-12-14 18:18:33.269] magnitudes:800;  135813.3125 
[2023-12-14 18:18:33.269] magnitudes:1000;  113419.6250 
[2023-12-14 18:18:33.269] magnitudes:2000;   54766.3750 
[2023-12-14 18:18:33.269] magnitudes:5000;   22502.2500 
[2023-12-14 18:18:33.269] magnitudes:8000;   14125.5625 
[2023-12-14 18:18:33.269] magnitudes:10000;   11279.3125 
[2023-12-14 18:18:33.269] magnitudes:15000;    7683.5625 
[2023-12-14 18:18:33.269] magnitudes:20000;    5833.1875 
[2023-12-14 18:18:33.269] magnitudes:30000;    4094.5625 
[2023-12-14 18:18:33.269] magnitudes:40000;    3476.1250 
[2023-12-14 18:18:33.269] magnitudes:50000;    2995.2500 
[2023-12-14 18:18:33.269] magnitudes:60000;    2807.0000 
[2023-12-14 18:18:33.269] magnitudes:70000;    3136.8750 
[2023-12-14 18:18:33.269] magnitudes:200;  712343.1875 
[2023-12-14 18:18:33.269] magnitudes:500;  221113.6875 
[2023-12-14 18:18:33.279] magnitudes:800;  136119.0625 
[2023-12-14 18:18:33.279] magnitudes:1000;  113721.6875 
[2023-12-14 18:18:33.279] magnitudes:2000;   54766.3750 
[2023-12-14 18:18:33.279] magnitudes:5000;   22502.2500 
[2023-12-14 18:18:33.279] magnitudes:8000;   14031.9375 
[2023-12-14 18:18:33.279] magnitudes:10000;   11228.4375 
[2023-12-14 18:18:33.279] magnitudes:15000;    7687.4375 
[2023-12-14 18:18:33.279] magnitudes:20000;    5844.5625 
[2023-12-14 18:18:33.279] magnitudes:30000;    4080.6875 
[2023-12-14 18:18:33.279] magnitudes:40000;    3349.5625 
[2023-12-14 18:18:33.279] magnitudes:50000;    3009.0000 
[2023-12-14 18:18:33.279] magnitudes:60000;    2807.0000 
[2023-12-14 18:18:33.279] magnitudes:70000;    3141.5625 
[2023-12-14 18:18:33.279] magnitudes:200;  720578.7500 
[2023-12-14 18:18:33.279] magnitudes:500;  228778.7500 
[2023-12-14 18:18:33.279] magnitudes:800;  135813.3125 
[2023-12-14 18:18:33.279] magnitudes:1000;  113721.6875 
[2023-12-14 18:18:33.279] magnitudes:2000;   54766.3750 
[2023-12-14 18:18:33.279] magnitudes:5000;   22502.2500 
[2023-12-14 18:18:33.279] magnitudes:
[2023-12-14 18:18:33.279] magnitudes:15000;    7485.5000 
[2023-12-14 18:18:33.279] magnitudes:20000;    5833.1875 
[2023-12-14 18:18:33.279] magnitudes:30000;    4082.3125 
[2023-12-14 18:18:33.279] magnitudes:40000;    3421.1875 
[2023-12-14 18:18:33.285] magnitudes:50000;    2984.8750 
[2023-12-14 18:18:33.310] magnitudes:60000;    2840.1250 
[2023-12-14 18:18:33.343] magnitudes:70000;    3136.8750 
[2023-12-14 18:18:33.375] magnitudes:200;  695777.0625 
[2023-12-14 18:18:33.407] magnitudes:500;  252108.8750 
[2023-12-14 18:18:33.439] magnitudes:800;  135813.3125 
[2023-12-14 18:18:33.454] magnitudes:1000;  112050.3125 
[2023-12-14 18:18:33.486] magnitudes:2000;   54766.3750 
[2023-12-14 18:18:33.522] magnitudes:5000;   22194.0625 
[2023-12-14 18:18:33.554] magnitudes:8000;   14049.7500 
[2023-12-14 18:18:33.584] magnitudes:10000;   11279.3125 
[2023-12-14 18:18:33.615] magnitudes:15000;    7550.5000 
[2023-12-14 18:18:33.630] magnitudes:20000;    5844.5625 
[2023-12-14 18:18:33.662] magnitudes:30000;    4108.4375 
[2023-12-14 18:18:33.696] magnitudes:40000;    3368.5000 
[2023-12-14 18:18:33.727] magnitudes:50000;    2872.8750 
[2023-12-14 18:18:33.759] magnitudes:60000;    2840.1250 
[2023-12-14 18:18:33.791] magnitudes:70000;    3186.5000 
[2023-12-14 18:18:33.823] magnitudes:200;  638602.0000 
[2023-12-14 18:18:33.838] magnitudes:500;  255783.1875 
[2023-12-14 18:18:33.871] magnitudes:800;  133528.4375 
[2023-12-14 18:18:33.903] magnitudes:1000;  102860.3125 
[2023-12-14 18:18:33.935] magnitudes:2000;   52661.3125 
[2023-12-14 18:18:33.967] magnitudes:5000;   20351.9375 
[2023-12-14 18:18:33.998] magnitudes:8000;   12894.6875 
[2023-12-14 18:18:34.014] magnitudes:10000;   10256.2500 
[2023-12-14 18:18:34.047] magnitudes:15000;    6971.5000 
[2023-12-14 18:18:34.079] magnitudes:20000;    5168.3125 
[2023-12-14 18:18:34.110] magnitudes:30000;    3695.5000 
[2023-12-14 18:18:34.143] magnitudes:40000;    3044.8750 
[2023-12-14 18:18:34.175] magnitudes:50000;    2646.8125 
[2023-12-14 18:18:34.190] magnitudes:60000;    2591.1250 
[2023-12-14 18:18:34.222] magnitudes:70000;    2605.7500 
[2023-12-14 18:18:34.254] magnitudes:200;  537143.0000 
[2023-12-14 18:18:34.287] magnitudes:500;  211350.9375 
[2023-12-14 18:18:34.318] magnitudes:800;  133777.3125 
[2023-12-14 18:18:34.351] magnitudes:1000;  122343.7500 
[2023-12-14 18:18:34.382] magnitudes:2000;   62124.6875 
[2023-12-14 18:18:34.398] magnitudes:5000;   24134.3750 
[2023-12-14 18:18:34.431] magnitudes:8000;   13886.6250 
[2023-12-14 18:18:34.463] magnitudes:10000;   10486.6250 
[2023-12-14 18:18:34.495] magnitudes:15000;    7708.0625 
[2023-12-14 18:18:34.527] magnitudes:20000;    6302.5000 
[2023-12-14 18:18:34.559] magnitudes:30000;    4518.3750 
[2023-12-14 18:18:34.575] magnitudes:40000;    3642.0000 
[2023-12-14 18:18:34.607] magnitudes:50000;    3341.3125 
[2023-12-14 18:18:34.638] magnitudes:60000;    3201.3125 
[2023-12-14 18:18:34.672] magnitudes:70000;    3191.3750 
[2023-12-14 18:18:34.703] magnitudes:200; 1125036.2500 
[2023-12-14 18:18:34.737] magnitudes:500;  266811.1250 
[2023-12-14 18:18:34.768] magnitudes:800;  146193.5000 
[2023-12-14 18:18:34.787] magnitudes:1000;  120697.0625 
[2023-12-14 18:18:34.814] magnitudes:2000;   59081.8125 
[2023-12-14 18:18:34.847] magnitudes:5000;   22806.3125 
[2023-12-14 18:18:34.880] magnitudes:8000;   14729.6875 
[2023-12-14 18:18:34.911] magnitudes:10000;   11448.1250 
[2023-12-14 18:18:34.943] magnitudes:15000;    7760.7500 
[2023-12-14 18:18:34.958] magnitudes:20000;    5821.8125 
[2023-12-14 18:18:34.991] magnitudes:30000;    4375.6250 
[2023-12-14 18:18:35.023] magnitudes:40000;    3616.1250 
[2023-12-14 18:18:35.055] magnitudes:50000;    3325.8125 
[2023-12-14 18:18:35.087] magnitudes:60000;    3146.3125 
[2023-12-14 18:18:35.119] magnitudes:70000;    3191.3750 
[2023-12-14 18:18:35.150] magnitudes:200; 1081883.3750 
[2023-12-14 18:18:35.166] magnitudes:500;  311027.5000 
[2023-12-14 18:18:35.199] magnitudes:800;  142442.1250 
[2023-12-14 18:18:35.231] magnitudes:1000;  115368.8125 
[2023-12-14 18:18:35.262] magnitudes:2000;   57183.5625 
[2023-12-14 18:18:35.295] magnitudes:5000;   22844.1875 
[2023-12-14 18:18:35.327] magnitudes:8000;   14333.0625 
[2023-12-14 18:18:35.342] magnitudes:10000;   11497.1250 
[2023-12-14 18:18:35.374] magnitudes:15000;    7773.6250 
[2023-12-14 18:18:35.407] magnitudes:20000;    5806.3750 
[2023-12-14 18:18:35.438] magnitudes:30000;    4167.0625 
[2023-12-14 18:18:35.470] magnitudes:40000;    3236.6250 
[2023-12-14 18:18:35.489] magnitudes:50000;    3006.2500 
[2023-12-14 18:18:35.523] magnitudes:60000;    2722.6250 
[2023-12-14 18:18:35.550] magnitudes:70000;    3045.7500 
[2023-12-14 18:18:35.582] magnitudes:200;  678199.4375 
[2023-12-14 18:18:35.615] magnitudes:500;  261550.1875 
[2023-12-14 18:18:35.646] magnitudes:800;  133559.5000 
[2023-12-14 18:18:35.679] magnitudes:1000;  119891.8125 
[2023-12-14 18:18:35.694] magnitudes:2000;   61512.4375 
[2023-12-14 18:18:35.727] magnitudes:5000;   25888.7500 
[2023-12-14 18:18:35.759] magnitudes:8000;   17031.8125 
[2023-12-14 18:18:35.791] magnitudes:10000;   13551.9375 
[2023-12-14 18:18:35.823] magnitudes:15000;    9220.5625 
[2023-12-14 18:18:35.855] magnitudes:20000;    6966.0625 
[2023-12-14 18:18:35.873] magnitudes:30000;    4906.6250 
[2023-12-14 18:18:35.906] magnitudes:40000;    4052.5000 
[2023-12-14 18:18:35.935] magnitudes:50000;    3451.2500 
[2023-12-14 18:18:35.968] magnitudes:60000;    3425.2500 
[2023-12-14 18:18:35.999] magnitudes:70000;    3627.6250 
[2023-12-14 18:18:36.031] magnitudes:200; 1027633.9375 
[2023-12-14 18:18:36.062] magnitudes:500;  280307.3750 
[2023-12-14 18:18:36.078] magnitudes:800;  170779.3125 
[2023-12-14 18:18:36.110] magnitudes:1000;  134285.1250 
[2023-12-14 18:18:36.142] magnitudes:2000;   65167.3125 
[2023-12-14 18:18:36.175] magnitudes:5000;   26657.1250 
[2023-12-14 18:18:36.207] magnitudes:8000;   16696.5000 
[2023-12-14 18:18:36.240] magnitudes:10000;   13446.0000 
[2023-12-14 18:18:36.256] magnitudes:15000;    8970.1250 
[2023-12-14 18:18:36.289] magnitudes:20000;    7040.1250 
[2023-12-14 18:18:36.318] magnitudes:30000;    5825.5625 
[2023-12-14 18:18:36.351] magnitudes:40000;    4892.4375 
[2023-12-14 18:18:36.383] magnitudes:50000;    6317.3750 
[2023-12-14 18:18:36.414] magnitudes:60000;    7567.0000 
[2023-12-14 18:18:36.430] magnitudes:70000;    7101.3750 
[2023-12-14 18:18:36.462] magnitudes:200;63613990.4375 
[2023-12-14 18:18:36.495] magnitudes:500; 3033473.9375 
[2023-12-14 18:18:36.526] magnitudes:800; 1436111.6875 
[2023-12-14 18:18:36.558] magnitudes:1000; 1085035.9375 
[2023-12-14 18:18:36.590] magnitudes:2000;  589916.3750 
[2023-12-14 18:18:36.623] magnitudes:5000;  188857.9375 
[2023-12-14 18:18:36.638] magnitudes:8000;  103456.5000 
[2023-12-14 18:18:36.673] magnitudes:10000;   86942.0000 
[2023-12-14 18:18:36.705] magnitudes:15000;   48041.1875 
[2023-12-14 18:18:36.735] magnitudes:20000;   32130.6875 
[2023-12-14 18:18:36.767] magnitudes:30000;   17098.8750 
[2023-12-14 18:18:36.799] magnitudes:40000;   11679.6875 
[2023-12-14 18:18:36.814] magnitudes:50000;    8901.5625 
[2023-12-14 18:18:36.847] magnitudes:60000;    7421.3125 
[2023-12-14 18:18:36.878] magnitudes:70000;    7264.6875 
[2023-12-14 18:18:36.910] magnitudes:200; 2370120.8750 
[2023-12-14 18:18:36.943] magnitudes:500; 2117571.9375 
[2023-12-14 18:18:36.975] magnitudes:800; 1836480.2500 
[2023-12-14 18:18:37.007] magnitudes:1000;  260860.7500 
[2023-12-14 18:18:37.022] magnitudes:2000;  151461.3750 
[2023-12-14 18:18:37.057] magnitudes:5000;  101237.8750 
[2023-12-14 18:18:37.086] magnitudes:8000;   65197.3750 
[2023-12-14 18:18:37.120] magnitudes:10000;   51381.0000 
[2023-12-14 18:18:37.151] magnitudes:15000;   32119.7500 
[2023-12-14 18:18:37.183] magnitudes:20000;   22637.0625 
[2023-12-14 18:18:37.198] magnitudes:30000;   13490.2500 
[2023-12-14 18:18:37.230] magnitudes:40000;    9560.3750 
[2023-12-14 18:18:37.264] magnitudes:50000;    7529.4375 
[2023-12-14 18:18:37.295] magnitudes:60000;    6551.0625 
[2023-12-14 18:18:37.328] magnitudes:70000;    6507.3750 
[2023-12-14 18:18:37.358] magnitudes:200;   60248.8750 
[2023-12-14 18:18:37.393] magnitudes:500;   66701.3750 
[2023-12-14 18:18:37.407] magnitudes:800;   75048.5000 
[2023-12-14 18:18:37.440] magnitudes:1000;   79658.3125 
[2023-12-14 18:18:37.472] magnitudes:2000;   95423.2500 
[2023-12-14 18:18:37.502] magnitudes:5000;   81358.6875 
[2023-12-14 18:18:37.535] magnitudes:8000;   57809.2500 
[2023-12-14 18:18:37.568] magnitudes:10000;   46888.0625 
[2023-12-14 18:18:37.582] magnitudes:15000;   30717.0625 
[2023-12-14 18:18:37.615] magnitudes:20000;   22010.4375 
[2023-12-14 18:18:37.647] magnitudes:30000;   13476.6250 
[2023-12-14 18:18:37.679] magnitudes:40000;    9639.1875 
[2023-12-14 18:18:37.710] magnitudes:50000;    7511.8750 
[2023-12-14 18:18:37.727] magnitudes:60000;    6741.3750 
[2023-12-14 18:18:37.759] magnitudes:70000;    6478.5625 
[2023-12-14 18:18:37.790] magnitudes:200;   60102.8750 
[2023-12-14 18:18:37.822] magnitudes:500;   64510.5625 
[2023-12-14 18:18:37.855] magnitudes:800;   70018.6875 
[2023-12-14 18:18:37.887] magnitudes:1000;   74272.0625 
[2023-12-14 18:18:37.918] magnitudes:2000;   90281.8125 
[2023-12-14 18:18:37.934] magnitudes:5000;   77953.8125 
[2023-12-14 18:18:37.967] magnitudes:8000;   55910.8125 
[2023-12-14 18:18:37.998] magnitudes:10000;   45729.1875 
[2023-12-14 18:18:38.030] magnitudes:15000;   30126.2500 
[2023-12-14 18:18:38.063] magnitudes:20000;   21689.5000 
[2023-12-14 18:18:38.094] magnitudes:30000;   13302.3125 
[2023-12-14 18:18:38.110] magnitudes:40000;    9609.2500 
[2023-12-14 18:18:38.142] magnitudes:50000;    7694.8125 
[2023-12-14 18:18:38.175] magnitudes:60000;    6720.9375 
[2023-12-14 18:18:38.206] magnitudes:70000;    6416.0000 
[2023-12-14 18:18:38.239] magnitudes:200;   63306.5000 
[2023-12-14 18:18:38.271] magnitudes:500;   67095.6875 
[2023-12-14 18:18:38.303] magnitudes:800;   75730.6875 
[2023-12-14 18:18:38.318] magnitudes:1000;   81985.6250 
[2023-12-14 18:18:38.350] magnitudes:2000;  100955.9375 
[2023-12-14 18:18:38.383] magnitudes:5000;   87614.0000 
[2023-12-14 18:18:38.415] magnitudes:8000;   63569.6875 
[2023-12-14 18:18:38.447] magnitudes:10000;   51047.0625 
[2023-12-14 18:18:38.478] magnitudes:15000;   33644.7500 
[2023-12-14 18:18:38.495] magnitudes:20000;   24373.6875 
[2023-12-14 18:18:38.526] magnitudes:30000;   14855.7500 
[2023-12-14 18:18:38.558] magnitudes:40000;   11066.3125 
[2023-12-14 18:18:38.591] magnitudes:50000;    9046.7500 
[2023-12-14 18:18:38.622] magnitudes:60000;    7748.1875 
[2023-12-14 18:18:38.654] magnitudes:70000;    7535.1875 
[2023-12-14 18:18:38.687] magnitudes:200;   61811.3125 
[2023-12-14 18:18:38.702] magnitudes:500;   64252.0000 
[2023-12-14 18:18:38.734] magnitudes:800;   76936.8125 
[2023-12-14 18:18:38.767] magnitudes:1000;   81537.5000 
[2023-12-14 18:18:38.801] magnitudes:2000;  103511.8125 
[2023-12-14 18:18:38.831] magnitudes:5000;   93817.0000 
[2023-12-14 18:18:38.863] magnitudes:8000;   70049.7500 
[2023-12-14 18:18:38.878] magnitudes:10000;   48676.8750 
[2023-12-14 18:18:38.912] magnitudes:15000;   36555.6250 
[2023-12-14 18:18:38.943] magnitudes:20000;   15302.9375 
[2023-12-14 18:18:38.974] magnitudes:30000;    4317.1875 
[2023-12-14 18:18:39.006] magnitudes:40000;    3821.7500 
[2023-12-14 18:18:39.040] magnitudes:50000;    3463.3125 
[2023-12-14 18:18:39.059] magnitudes:60000;    3465.4375 
[2023-12-14 18:18:39.090] magnitudes:70000;    3685.1250 
[2023-12-14 18:18:39.119] magnitudes:200;  954243.3750 
[2023-12-14 18:18:39.151] magnitudes:500;  214224.5625 
[2023-12-14 18:18:39.183] magnitudes:800;  175372.1250 
[2023-12-14 18:18:39.215] magnitudes:1000;  131662.3125 
[2023-12-14 18:18:39.246] magnitudes:2000;   64439.1250 
[2023-12-14 18:18:39.262] magnitudes:5000;   26198.8125 
[2023-12-14 18:18:39.295] magnitudes:8000;   16413.3750 
[2023-12-14 18:18:39.326] magnitudes:10000;   13253.1875 
[2023-12-14 18:18:39.358] magnitudes:15000;    8830.6875 
[2023-12-14 18:18:39.394] magnitudes:20000;    6831.5625 
[2023-12-14 18:18:39.424] magnitudes:30000;    4824.5625 
[2023-12-14 18:18:39.441] magnitudes:40000;    3968.1875 
[2023-12-14 18:18:39.475] magnitudes:50000;    3479.5625 
[2023-12-14 18:18:39.503] magnitudes:60000;    3465.4375 
[2023-12-14 18:18:39.535] magnitudes:70000;    3685.1250 
[2023-12-14 18:18:39.566] magnitudes:200; 5831452.3125 
[2023-12-14 18:18:39.598] magnitudes:500; 2654345.9375 
[2023-12-14 18:18:39.630] magnitudes:800;  919584.1875 
[2023-12-14 18:18:39.645] magnitudes:1000;  148311.3125 
[2023-12-14 18:18:39.679] magnitudes:2000;   45520.7500 
[2023-12-14 18:18:39.710] magnitudes:5000;    7665.3125 
[2023-12-14 18:18:39.743] magnitudes:8000;   17481.9375 
[2023-12-14 18:18:39.776] magnitudes:10000;   13367.6250 
[2023-12-14 18:18:39.806] magnitudes:15000;   11061.1875 
[2023-12-14 18:18:39.822] magnitudes:20000;   10268.9375 
[2023-12-14 18:18:39.859] magnitudes:30000;    7174.3750 
[2023-12-14 18:18:39.887] magnitudes:40000;    5707.4375 
[2023-12-14 18:18:39.920] magnitudes:50000;    4775.0000 
[2023-12-14 18:18:39.952] magnitudes:60000;    4376.0625 
[2023-12-14 18:18:39.966] magnitudes:70000;    4443.3125 
[2023-12-14 18:18:39.998] magnitudes:200;   46498.1875 
[2023-12-14 18:18:40.031] magnitudes:500;   44932.5000 
[2023-12-14 18:18:40.062] magnitudes:800;   43797.4375 
[2023-12-14 18:18:40.095] magnitudes:1000;   41123.6250 
[2023-12-14 18:18:40.127] magnitudes:2000;   33036.1250 
[2023-12-14 18:18:40.159] magnitudes:5000;   18889.1875 
[2023-12-14 18:18:40.174] magnitudes:8000;   13230.3750 
[2023-12-14 18:18:40.209] magnitudes:10000;   11336.4375 
[2023-12-14 18:18:40.240] magnitudes:15000;    8437.9375 
[2023-12-14 18:18:40.271] magnitudes:20000;    6863.5000 
[2023-12-14 18:18:40.302] magnitudes:30000;    5286.0000 
[2023-12-14 18:18:40.335] magnitudes:40000;    4537.5000 
[2023-12-14 18:18:40.350] magnitudes:50000;    4135.7500 
[2023-12-14 18:18:40.382] magnitudes:60000;    4147.4375 
[2023-12-14 18:18:40.418] magnitudes:70000;    4359.8125 
[2023-12-14 18:18:40.447] magnitudes:200;   47784.0625 
[2023-12-14 18:18:40.478] magnitudes:500;   44162.8750 
[2023-12-14 18:18:40.510] magnitudes:800;   42417.1250 
[2023-12-14 18:18:40.544] magnitudes:1000;   41061.7500 
[2023-12-14 18:18:40.559] magnitudes:2000;   33647.6875 
[2023-12-14 18:18:40.593] magnitudes:5000;   21482.4375 
[2023-12-14 18:18:40.622] magnitudes:8000;   16299.6250 
[2023-12-14 18:18:40.654] magnitudes:10000;   14961.3750 
[2023-12-14 18:18:40.687] magnitudes:15000;   11211.6250 
[2023-12-14 18:18:40.718] magnitudes:20000;    9170.6250 
[2023-12-14 18:18:40.734] magnitudes:30000;    6647.1250 
[2023-12-14 18:18:40.767] magnitudes:40000;    5673.3125 
[2023-12-14 18:18:40.798] magnitudes:50000;    5304.8125 
[2023-12-14 18:18:40.831] magnitudes:60000;    5077.7500 
[2023-12-14 18:18:40.865] magnitudes:70000;    5407.8750 
[2023-12-14 18:18:40.896] magnitudes:200;   46319.1250 
[2023-12-14 18:18:40.927] magnitudes:500;   47311.7500 
[2023-12-14 18:18:40.942] magnitudes:800;   43870.6875 
[2023-12-14 18:18:40.974] magnitudes:1000;   43623.6875 
[2023-12-14 18:18:41.007] magnitudes:2000;   38314.2500 
[2023-12-14 18:18:41.038] magnitudes:5000;   27927.1875 
[2023-12-14 18:18:41.071] magnitudes:8000;   22658.1875 
[2023-12-14 18:18:41.103] magnitudes:10000;   20408.5000 
[2023-12-14 18:18:41.118] magnitudes:15000;   15979.6875 
[2023-12-14 18:18:41.150] magnitudes:20000;   12933.0000 
[2023-12-14 18:18:41.183] magnitudes:30000;    9030.6875 
[2023-12-14 18:18:41.215] magnitudes:40000;    6946.3750 
[2023-12-14 18:18:41.247] magnitudes:50000;    5808.2500 
[2023-12-14 18:18:41.279] magnitudes:60000;    5195.5000 
[2023-12-14 18:18:41.294] magnitudes:70000;    5349.6250 
[2023-12-14 18:18:41.325] magnitudes:200;   47173.0000 
[2023-12-14 18:18:41.358] magnitudes:500;   47107.4375 
[2023-12-14 18:18:41.390] magnitudes:800;   44003.1250 
[2023-12-14 18:18:41.422] magnitudes:1000;   43527.1250 
[2023-12-14 18:18:41.457] magnitudes:2000;   39083.4375 
[2023-12-14 18:18:41.487] magnitudes:5000;   28126.3125 
[2023-12-14 18:18:41.502] magnitudes:8000;   22195.6875 
[2023-12-14 18:18:41.535] magnitudes:10000;   19579.4375 
[2023-12-14 18:18:41.566] magnitudes:15000;   13910.8125 
[2023-12-14 18:18:41.598] magnitudes:20000;    9958.5000 
[2023-12-14 18:18:41.630] magnitudes:30000;    5554.2500 
[2023-12-14 18:18:41.662] magnitudes:40000;    4343.6250 
[2023-12-14 18:18:41.678] magnitudes:50000;    6471.3750 
[2023-12-14 18:18:41.711] magnitudes:60000;    3242.4375 
[2023-12-14 18:18:41.743] magnitudes:70000;    3685.1250 
[2023-12-14 18:18:41.774] magnitudes:200;  324628.4375 
[2023-12-14 18:18:41.807] magnitudes:500;  244549.1250 
[2023-12-14 18:18:41.839] magnitudes:800;  177250.6875 
[2023-12-14 18:18:41.871] magnitudes:1000;  137373.9375 
[2023-12-14 18:18:41.885] magnitudes:2000;   66284.9375 
[2023-12-14 18:18:41.918] magnitudes:5000;   27034.0625 
[2023-12-14 18:18:41.951] magnitudes:8000;   17009.6250 
[2023-12-14 18:18:41.983] magnitudes:10000;   13446.0000 
[2023-12-14 18:18:42.014] magnitudes:15000;    9023.9375 
[2023-12-14 18:18:42.030] magnitudes:20000;    6986.8125 
[2023-12-14 18:18:42.063] magnitudes:30000;    4859.7500 
[2023-12-14 18:18:42.095] magnitudes:40000;    3996.3125 
[2023-12-14 18:18:42.128] magnitudes:50000;    3491.6875 
[2023-12-14 18:18:42.159] magnitudes:60000;    3465.4375 
[2023-12-14 18:18:42.190] magnitudes:70000;    3685.1250 
[2023-12-14 18:18:42.222] magnitudes:200;132243139.0000 
[2023-12-14 18:18:42.238] magnitudes:500; 2956148.8125 
[2023-12-14 18:18:42.270] magnitudes:800;  397331.3125 
[2023-12-14 18:18:42.302] magnitudes:1000;  138683.5625 
[2023-12-14 18:18:42.334] magnitudes:2000;   54666.3125 
[2023-12-14 18:18:42.366] magnitudes:5000;   28661.8750 
[2023-12-14 18:18:42.400] magnitudes:8000;   32517.7500 
[2023-12-14 18:18:42.414] magnitudes:10000;   30934.3125 
[2023-12-14 18:18:42.449] magnitudes:15000;   22318.8125 
[2023-12-14 18:18:42.478] magnitudes:20000;   18983.0000 
[2023-12-14 18:18:42.510] magnitudes:30000;   12721.3125 
[2023-12-14 18:18:42.543] magnitudes:40000;    9198.3750 
[2023-12-14 18:18:42.576] magnitudes:50000;    7491.1875 
[2023-12-14 18:18:42.594] magnitudes:60000;    6866.9375 
[2023-12-14 18:18:42.622] magnitudes:70000;    6507.3750 
[2023-12-14 18:18:42.654] magnitudes:200;   53299.9375 
[2023-12-14 18:18:42.686] magnitudes:500;   61427.0625 
[2023-12-14 18:18:42.718] magnitudes:800;   63843.5000 
[2023-12-14 18:18:42.750] magnitudes:1000;   69828.6875 
[2023-12-14 18:18:42.783] magnitudes:2000;   78971.6250 
[2023-12-14 18:18:42.798] magnitudes:5000;   68385.4375 
[2023-12-14 18:18:42.830] magnitudes:8000;   50295.1250 
[2023-12-14 18:18:42.862] magnitudes:10000;   41367.2500 
[2023-12-14 18:18:42.894] magnitudes:15000;   28606.9375 
[2023-12-14 18:18:42.926] magnitudes:20000;   21374.7500 
[2023-12-14 18:18:42.958] magnitudes:30000;   13543.9375 
[2023-12-14 18:18:42.977] magnitudes:40000;    9862.4375 
[2023-12-14 18:18:43.011] magnitudes:50000;    8139.8750 
[2023-12-14 18:18:43.040] magnitudes:60000;    7190.9375 
[2023-12-14 18:18:43.071] magnitudes:70000;    7028.3750 
[2023-12-14 18:18:43.104] magnitudes:200;   52925.1250 
[2023-12-14 18:18:43.134] magnitudes:500;   57146.5625 
[2023-12-14 18:18:43.166] magnitudes:800;   62526.7500 
[2023-12-14 18:18:43.182] magnitudes:1000;   67440.0000 
[2023-12-14 18:18:43.215] magnitudes:2000;   81916.8750 
[2023-12-14 18:18:43.246] magnitudes:5000;   74627.4375 
[2023-12-14 18:18:43.278] magnitudes:8000;   56641.0000 
[2023-12-14 18:18:43.310] magnitudes:10000;   47977.9375 
[2023-12-14 18:18:43.342] magnitudes:15000;   33618.3125 
[2023-12-14 18:18:43.358] magnitudes:20000;   25002.6250 
[2023-12-14 18:18:43.395] magnitudes:30000;   15715.6250 
[2023-12-14 18:18:43.423] magnitudes:40000;   11207.5000 
[2023-12-14 18:18:43.454] magnitudes:50000;    8977.6250 
[2023-12-14 18:18:43.486] magnitudes:60000;    7578.8750 
[2023-12-14 18:18:43.518] magnitudes:70000;    7504.8125 
[2023-12-14 18:18:43.550] magnitudes:200;   56446.8125 
[2023-12-14 18:18:43.566] magnitudes:500;   61076.0000 
[2023-12-14 18:18:43.598] magnitudes:800;   66807.1875 
[2023-12-14 18:18:43.630] magnitudes:1000;   72259.3125 
[2023-12-14 18:18:43.663] magnitudes:2000;   88288.1875 
[2023-12-14 18:18:43.694] magnitudes:5000;   82748.9375 
[2023-12-14 18:18:43.727] magnitudes:8000;   63684.0000 
[2023-12-14 18:18:43.745] magnitudes:10000;   54298.8125 
[2023-12-14 18:18:43.778] magnitudes:15000;   36896.5000 
[2023-12-14 18:18:43.806] magnitudes:20000;   26917.6250 
[2023-12-14 18:18:43.842] magnitudes:30000;   16365.5625 
[2023-12-14 18:18:43.872] magnitudes:40000;   11554.3750 
[2023-12-14 18:18:43.902] magnitudes:50000;    9082.1250 
[2023-12-14 18:18:43.918] magnitudes:60000;    7591.1250 
[2023-12-14 18:18:43.950] magnitudes:70000;    7049.5000 
[2023-12-14 18:18:43.982] magnitudes:200;   55996.0625 
[2023-12-14 18:18:44.015] magnitudes:500;   58952.8750 
[2023-12-14 18:18:44.046] magnitudes:800;   65423.1250 
[2023-12-14 18:18:44.078] magnitudes:1000;   68482.1875 
[2023-12-14 18:18:44.110] magnitudes:2000;   79844.2500 
[2023-12-14 18:18:44.128] magnitudes:5000;   72009.8125 
[2023-12-14 18:18:44.162] magnitudes:8000;   55096.3750 
[2023-12-14 18:18:44.190] magnitudes:10000;   46519.9375 
[2023-12-14 18:18:44.222] magnitudes:15000;   27414.3125 
[2023-12-14 18:18:44.255] magnitudes:20000;   18186.8125 
[2023-12-14 18:18:44.270] magnitudes:30000;   10896.1250 
[2023-12-14 18:18:44.302] magnitudes:40000;    5706.4375 
[2023-12-14 18:18:44.334] magnitudes:50000;    3549.8750 
[2023-12-14 18:18:44.365] magnitudes:60000;    3496.0625 
[2023-12-14 18:18:44.398] magnitudes:70000;    3745.4375 
[2023-12-14 18:18:44.431] magnitudes:200;  855686.5000 
[2023-12-14 18:18:44.462] magnitudes:500;  240782.8125 
[2023-12-14 18:18:44.478] magnitudes:800;  161233.7500 
[2023-12-14 18:18:44.512] magnitudes:1000;  139587.5625 
[2023-12-14 18:18:44.542] magnitudes:2000;   67844.8125 
[2023-12-14 18:18:44.574] magnitudes:5000;   27034.0625 
[2023-12-14 18:18:44.606] magnitudes:8000;   16786.2500 
[2023-12-14 18:18:44.638] magnitudes:10000;   13551.9375 
[2023-12-14 18:18:44.655] magnitudes:15000;    9061.1875 
[2023-12-14 18:18:44.686] magnitudes:20000;    1766.6250 
[2023-12-14 18:18:44.719] magnitudes:30000;   10647.3125 
[2023-12-14 18:18:44.750] magnitudes:40000;    8629.5000 
[2023-12-14 18:18:44.782] magnitudes:50000;    7379.0625 
[2023-12-14 18:18:44.816] magnitudes:60000;    6832.4375 
[2023-12-14 18:18:44.830] magnitudes:70000;    6990.0000 
[2023-12-14 18:18:44.862] magnitudes:200;   59227.6250 
[2023-12-14 18:18:44.895] magnitudes:500;   64275.8750 
[2023-12-14 18:18:44.925] magnitudes:800;   75886.4375 
[2023-12-14 18:18:44.959] magnitudes:1000;   82287.3125 
[2023-12-14 18:18:44.990] magnitudes:2000;  101752.6875 
[2023-12-14 18:18:45.022] magnitudes:5000;   84986.9375 
[2023-12-14 18:18:45.037] magnitudes:8000;   62123.8125 
[2023-12-14 18:18:45.070] magnitudes:10000;   51185.0625 
[2023-12-14 18:18:45.102] magnitudes:15000;   35289.7500 
[2023-12-14 18:18:45.135] magnitudes:20000;   26474.0625 
[2023-12-14 18:18:45.165] magnitudes:30000;   16989.1250 
[2023-12-14 18:18:45.199] magnitudes:40000;   12448.5000 
[2023-12-14 18:18:45.215] magnitudes:50000;   10053.8125 
[2023-12-14 18:18:45.245] magnitudes:60000;    8772.0000 
[2023-12-14 18:18:45.278] magnitudes:70000;    8811.8750 
[2023-12-14 18:18:45.310] magnitudes:200;   52207.0000 
[2023-12-14 18:18:45.342] magnitudes:500;   60024.2500 
[2023-12-14 18:18:45.375] magnitudes:800;   71380.7500 
[2023-12-14 18:18:45.406] magnitudes:1000;   78122.3125 
[2023-12-14 18:18:45.422] magnitudes:2000;  100328.6250 
[2023-12-14 18:18:45.454] magnitudes:5000;   88542.1875 
[2023-12-14 18:18:45.489] magnitudes:8000;   66470.6875 
[2023-12-14 18:18:45.519] magnitudes:10000;   55953.8750 
[2023-12-14 18:18:45.550] magnitudes:15000;   39572.3750 
[2023-12-14 18:18:45.582] magnitudes:20000;   30009.5625 
[2023-12-14 18:18:45.597] magnitudes:30000;   19432.4375 
[2023-12-14 18:18:45.630] magnitudes:40000;   14034.3750 
[2023-12-14 18:18:45.662] magnitudes:50000;   11054.6250 
[2023-12-14 18:18:45.693] magnitudes:60000;    9552.1250 
[2023-12-14 18:18:45.726] magnitudes:70000;    9038.0625 
[2023-12-14 18:18:45.758] magnitudes:200;   55707.4375 
[2023-12-14 18:18:45.791] magnitudes:500;   65054.3125 
[2023-12-14 18:18:45.806] magnitudes:800;   83099.5000 
[2023-12-14 18:18:45.837] magnitudes:1000;   93215.1875 
[2023-12-14 18:18:45.870] magnitudes:2000;  122806.8125 
[2023-12-14 18:18:45.902] magnitudes:5000;  110714.3750 
[2023-12-14 18:18:45.934] magnitudes:8000;   85435.9375 
[2023-12-14 18:18:45.966] magnitudes:10000;   82219.8125 
[2023-12-14 18:18:45.982] magnitudes:15000;   68143.4375 
[2023-12-14 18:18:46.014] magnitudes:20000;   42285.2500 
[2023-12-14 18:18:46.047] magnitudes:30000;   22390.5000 
[2023-12-14 18:18:46.078] magnitudes:40000;   14981.0000 
[2023-12-14 18:18:46.110] magnitudes:50000;   11484.6875 
[2023-12-14 18:18:46.143] magnitudes:60000;    9610.9375 
[2023-12-14 18:18:46.158] magnitudes:70000;    9223.2500 
[2023-12-14 18:18:46.190] magnitudes:200;   58109.1250 
[2023-12-14 18:18:46.222] magnitudes:500;   84648.8125 
[2023-12-14 18:18:46.254] magnitudes:800;   97069.2500 
[2023-12-14 18:18:46.286] magnitudes:1000;   96568.8750 
[2023-12-14 18:18:46.318] magnitudes:2000;  107647.1875 
[2023-12-14 18:18:46.350] magnitudes:5000;   56217.1875 
[2023-12-14 18:18:46.365] magnitudes:8000;   16717.0000 
[2023-12-14 18:18:46.398] magnitudes:10000;   13876.9375 
[2023-12-14 18:18:46.430] magnitudes:15000;    9334.9375 
[2023-12-14 18:18:46.463] magnitudes:20000;    7286.0000 
[2023-12-14 18:18:46.494] magnitudes:30000;    5104.1250 
[2023-12-14 18:18:46.514] magnitudes:40000;    4133.8750 
[2023-12-14 18:18:46.547] magnitudes:50000;    3690.3125 
[2023-12-14 18:18:46.574] magnitudes:60000;    3496.0625 
[2023-12-14 18:18:46.606] magnitudes:70000;    3243.6250 
[2023-12-14 18:18:46.638] magnitudes:200; 2613151.0625 
[2023-12-14 18:18:46.670] magnitudes:500;  112600.3125 
[2023-12-14 18:18:46.703] magnitudes:800;   79981.9375 
[2023-12-14 18:18:46.718] magnitudes:1000;   57386.2500 
[2023-12-14 18:18:46.750] magnitudes:2000;   76005.4375 
[2023-12-14 18:18:46.782] magnitudes:5000;   57822.5000 
[2023-12-14 18:18:46.815] magnitudes:8000;   41323.4375 
[2023-12-14 18:18:46.846] magnitudes:10000;   35795.5000 
[2023-12-14 18:18:46.878] magnitudes:15000;   26499.0625 
[2023-12-14 18:18:46.897] magnitudes:20000;   19256.8750 
[2023-12-14 18:18:46.930] magnitudes:30000;   11359.3750 
[2023-12-14 18:18:46.959] magnitudes:40000;    7904.3750 
[2023-12-14 18:18:46.991] magnitudes:50000;    6380.1875 
[2023-12-14 18:18:47.023] magnitudes:60000;    5534.5000 
[2023-12-14 18:18:47.055] magnitudes:70000;    5583.2500 
[2023-12-14 18:18:47.086] magnitudes:200;   60465.8125 
[2023-12-14 18:18:47.102] magnitudes:500;   61983.8750 
[2023-12-14 18:18:47.134] magnitudes:800;   64164.6875 
[2023-12-14 18:18:47.166] magnitudes:1000;   65596.4375 
[2023-12-14 18:18:47.198] magnitudes:2000;   72365.2500 
[2023-12-14 18:18:47.230] magnitudes:5000;   61358.8125 
[2023-12-14 18:18:47.262] magnitudes:8000;   45473.7500 
[2023-12-14 18:18:47.282] magnitudes:10000;   38929.0000 
[2023-12-14 18:18:47.314] magnitudes:15000;   26778.1875 
[2023-12-14 18:18:47.342] magnitudes:20000;   19662.8750 
[2023-12-14 18:18:47.374] magnitudes:30000;   12067.3125 
[2023-12-14 18:18:47.406] magnitudes:40000;    8637.7500 
[2023-12-14 18:18:47.438] magnitudes:50000;    6934.4375 
[2023-12-14 18:18:47.454] magnitudes:60000;    6137.5000 
[2023-12-14 18:18:47.486] magnitudes:70000;    5968.7500 
[2023-12-14 18:18:47.520] magnitudes:200;   57807.3750 
[2023-12-14 18:18:47.550] magnitudes:500;   62430.5625 
[2023-12-14 18:18:47.583] magnitudes:800;   63215.5000 
[2023-12-14 18:18:47.614] magnitudes:1000;   65593.7500 
[2023-12-14 18:18:47.648] magnitudes:2000;   72866.2500 
[2023-12-14 18:18:47.664] magnitudes:5000;   63063.3125 
[2023-12-14 18:18:47.698] magnitudes:8000;   47569.5625 
[2023-12-14 18:18:47.726] magnitudes:10000;   40561.9375 
[2023-12-14 18:18:47.758] magnitudes:15000;   27766.4375 
[2023-12-14 18:18:47.790] magnitudes:20000;   20430.8750 
[2023-12-14 18:18:47.822] magnitudes:30000;   12346.8125 
[2023-12-14 18:18:47.838] magnitudes:40000;    8569.9375 
[2023-12-14 18:18:47.869] magnitudes:50000;    6781.4375 
[2023-12-14 18:18:47.901] magnitudes:60000;    5722.5000 
[2023-12-14 18:18:47.934] magnitudes:70000;    4735.5625 
[2023-12-14 18:18:47.967] magnitudes:200; 2137287.1250 
[2023-12-14 18:18:47.998] magnitudes:500;  355919.5625 
[2023-12-14 18:18:48.030] magnitudes:800;  181575.7500 
[2023-12-14 18:18:48.048] magnitudes:1000;  134625.3125 
[2023-12-14 18:18:48.081] magnitudes:2000;   64801.6250 
[2023-12-14 18:18:48.112] magnitudes:5000;   25400.6875 
[2023-12-14 18:18:48.143] magnitudes:8000;   15867.7500 
[2023-12-14 18:18:48.175] magnitudes:10000;   12133.1250 
[2023-12-14 18:18:48.205] magnitudes:15000;    7913.9375 
[2023-12-14 18:18:48.222] magnitudes:20000;    6015.0000 
[2023-12-14 18:18:48.255] magnitudes:30000;    4208.6250 
[2023-12-14 18:18:48.286] magnitudes:40000;    3340.5000 
[2023-12-14 18:18:48.318] magnitudes:50000;    3109.5000 
[2023-12-14 18:18:48.350] magnitudes:60000;    2898.8125 
[2023-12-14 18:18:48.381] magnitudes:70000;    3243.6250 
[2023-12-14 18:18:48.415] magnitudes:200;  600050.3750 
[2023-12-14 18:18:48.431] magnitudes:500;  257554.8125 
[2023-12-14 18:18:48.465] magnitudes:800;  150641.0625 
[2023-12-14 18:18:48.494] magnitudes:1000;  118326.8125 
[2023-12-14 18:18:48.526] magnitudes:2000;   59240.3125 
[2023-12-14 18:18:48.558] magnitudes:5000;   23959.0000 
[2023-12-14 18:18:48.590] magnitudes:8000;   15150.6875 
[2023-12-14 18:18:48.606] magnitudes:10000;   11773.7500 
[2023-12-14 18:18:48.638] magnitudes:15000;    7913.9375 
[2023-12-14 18:18:48.671] magnitudes:20000;    5800.0625 
[2023-12-14 18:18:48.702] magnitudes:30000;    3875.1875 
[2023-12-14 18:18:48.734] magnitudes:40000;    3288.3750 
[2023-12-14 18:18:48.749] magnitudes:50000;    3442.1250 
[2023-12-14 18:18:48.782] magnitudes:60000;    3297.9375 
[2023-12-14 18:18:48.815] magnitudes:70000;    3806.7500 
[2023-12-14 18:18:48.845] magnitudes:200; 1763028.0625 
[2023-12-14 18:18:48.877] magnitudes:500;  297763.1250 
[2023-12-14 18:18:48.911] magnitudes:800;  188329.6250 
[2023-12-14 18:18:48.942] magnitudes:1000;  146228.7500 
[2023-12-14 18:18:48.958] magnitudes:2000;   74320.2500 
[2023-12-14 18:18:48.989] magnitudes:5000;   29659.3750 
[2023-12-14 18:18:49.021] magnitudes:8000;   18158.3750 
[2023-12-14 18:18:49.054] magnitudes:10000;   14775.8125 
[2023-12-14 18:18:49.085] magnitudes:15000;    9395.1250 
[2023-12-14 18:18:49.118] magnitudes:20000;    6979.1875 
[2023-12-14 18:18:49.134] magnitudes:30000;    4929.5625 
[2023-12-14 18:18:49.166] magnitudes:40000;    4242.4375 
[2023-12-14 18:18:49.198] magnitudes:50000;    3566.8125 
[2023-12-14 18:18:49.232] magnitudes:60000;    3250.0000 
[2023-12-14 18:18:49.262] magnitudes:70000;    3806.7500 
[2023-12-14 18:18:49.298] magnitudes:200; 1184217.1875 
[2023-12-14 18:18:49.325] magnitudes:500;  261721.7500 
[2023-12-14 18:18:49.342] magnitudes:800;  168884.7500 
[2023-12-14 18:18:49.374] magnitudes:1000;  132958.6875 
[2023-12-14 18:18:49.406] magnitudes:2000;   67469.1250 
[2023-12-14 18:18:49.438] magnitudes:5000;   26759.8125 
[2023-12-14 18:18:49.470] magnitudes:8000;   17044.8125 
[2023-12-14 18:18:49.502] magnitudes:10000;   13455.2500 
[2023-12-14 18:18:49.518] magnitudes:15000;    9257.5625 
[2023-12-14 18:18:49.550] magnitudes:20000;    7060.1250 
[2023-12-14 18:18:49.582] magnitudes:30000;    4983.6250 
[2023-12-14 18:18:49.613] magnitudes:40000;    4025.8750 
[2023-12-14 18:18:49.646] magnitudes:50000;    3584.0625 
[2023-12-14 18:18:49.677] magnitudes:60000;    3570.1250 
[2023-12-14 18:18:49.693] magnitudes:70000;    3806.7500 
[2023-12-14 18:18:49.726] magnitudes:200;  803414.4375 
[2023-12-14 18:18:49.758] magnitudes:500;  240415.8750 
[2023-12-14 18:18:49.790] magnitudes:800;  169164.6875 
[2023-12-14 18:18:49.822] magnitudes:1000;  132958.6875 
[2023-12-14 18:18:49.854] magnitudes:2000;   68253.3125 
[2023-12-14 18:18:49.885] magnitudes:5000;   26890.6875 
[2023-12-14 18:18:49.903] magnitudes:8000;   17066.6250 
[2023-12-14 18:18:49.934] magnitudes:10000;   13612.7500 
[2023-12-14 18:18:49.968] magnitudes:15000;    9296.8125 
[2023-12-14 18:18:49.999] magnitudes:20000;    7036.1875 
[2023-12-14 18:18:50.030] magnitudes:30000;    4983.6250 
[2023-12-14 18:18:50.062] magnitudes:40000;    3970.8750 
[2023-12-14 18:18:50.083] magnitudes:50000;    3584.0625 
[2023-12-14 18:18:50.110] magnitudes:60000;    3570.1250 
[2023-12-14 18:18:50.141] magnitudes:70000;    3806.7500 
[2023-12-14 18:18:50.174] magnitudes:200; 1229918.5625 
[2023-12-14 18:18:50.207] magnitudes:500;  210489.3750 
[2023-12-14 18:18:50.239] magnitudes:800;  169164.6875 
[2023-12-14 18:18:50.270] magnitudes:1000;  134285.1250 
[2023-12-14 18:18:50.285] magnitudes:2000;   67469.1250 
[2023-12-14 18:18:50.318] magnitudes:5000;   27080.3125 
[2023-12-14 18:18:50.350] magnitudes:8000;   17044.8125 
[2023-12-14 18:18:50.383] magnitudes:10000;   13567.3750 
[2023-12-14 18:18:50.415] magnitudes:15000;    9296.8125 
[2023-12-14 18:18:50.446] magnitudes:20000;    7060.1250 
[2023-12-14 18:18:50.467] magnitudes:30000;    4981.5000 
[2023-12-14 18:18:50.494] magnitudes:40000;    3970.8750 
[2023-12-14 18:18:50.525] magnitudes:50000;    3601.2500 
[2023-12-14 18:18:50.558] magnitudes:60000;    3570.1250 
[2023-12-14 18:18:50.589] magnitudes:70000;    3806.7500 
[2023-12-14 18:18:50.621] magnitudes:200;  731538.1875 
[2023-12-14 18:18:50.654] magnitudes:500;  258769.1250 
[2023-12-14 18:18:50.669] magnitudes:800;  166321.5000 
[2023-12-14 18:18:50.701] magnitudes:1000;  134017.6250 
[2023-12-14 18:18:50.734] magnitudes:2000;   67469.1250 
[2023-12-14 18:18:50.766] magnitudes:5000;   27212.6875 
[2023-12-14 18:18:50.798] magnitudes:8000;   17044.8125 
[2023-12-14 18:18:50.830] magnitudes:10000;   13679.8750 
[2023-12-14 18:18:50.851] magnitudes:15000;    9157.5000 
[2023-12-14 18:18:50.877] magnitudes:20000;    7060.1250 
[2023-12-14 18:18:50.910] magnitudes:30000;    5001.2500 
[2023-12-14 18:18:50.942] magnitudes:40000;    4100.0000 
[2023-12-14 18:18:50.984] magnitudes:50000;    3584.0625 
[2023-12-14 18:18:50.989] magnitudes:60000;    3570.1250 
[2023-12-14 18:18:51.024] magnitudes:70000;    3806.7500 
[2023-12-14 18:18:51.053] magnitudes:200; 1131845.6250 
[2023-12-14 18:18:51.092] magnitudes:500;  245713.3750 
[2023-12-14 18:18:51.117] magnitudes:800;  169164.6875 
[2023-12-14 18:18:51.150] magnitudes:1000;  139666.6875 
[2023-12-14 18:18:51.182] magnitudes:2000;   67469.1250 
[2023-12-14 18:18:51.206] magnitudes:5000;   27212.6875 
[2023-12-14 18:18:51.240] magnitudes:8000;   17044.8125 
[2023-12-14 18:18:51.262] magnitudes:10000;   13725.6250 
[2023-12-14 18:18:51.293] magnitudes:15000;    9296.8125 
[2023-12-14 18:18:51.325] magnitudes:20000;    7084.3125 
[2023-12-14 18:18:51.359] magnitudes:30000;    5001.2500 
[2023-12-14 18:18:51.374] magnitudes:40000;    4025.8750 
[2023-12-14 18:18:51.406] magnitudes:50000;    3614.4375 
[2023-12-14 18:18:51.438] magnitudes:60000;    3570.1250 
[2023-12-14 18:18:51.469] magnitudes:70000;    3806.7500 
[2023-12-14 18:18:51.502] magnitudes:200;  813259.8750 
[2023-12-14 18:18:51.533] magnitudes:500;  235214.0625 
[2023-12-14 18:18:51.565] magnitudes:800;  166321.5000 
[2023-12-14 18:18:51.586] magnitudes:1000;  132958.6875 
[2023-12-14 18:18:51.623] magnitudes:2000;   68253.3125 
[2023-12-14 18:18:51.645] magnitudes:5000;   27080.3125 
[2023-12-14 18:18:51.677] magnitudes:8000;   17044.8125 
[2023-12-14 18:18:51.710] magnitudes:10000;   13725.6250 
[2023-12-14 18:18:51.741] magnitudes:15000;    9139.9375 
[2023-12-14 18:18:51.757] magnitudes:20000;    7060.1250 
[2023-12-14 18:18:51.790] magnitudes:30000;    4983.6250 
[2023-12-14 18:18:51.821] magnitudes:40000;    4100.0000 
[2023-12-14 18:18:51.853] magnitudes:50000;    3584.0625 
[2023-12-14 18:18:51.886] magnitudes:60000;    3558.5000 
[2023-12-14 18:18:51.918] magnitudes:70000;    3806.7500 
[2023-12-14 18:18:51.951] magnitudes:200;  695974.5000 
[2023-12-14 18:18:51.969] magnitudes:500;  276567.7500 
