
[2023-12-14 18:21:14.546] magnitudes:10000;   13793.6875 
[2023-12-14 18:21:14.569] magnitudes:15000;    9404.4375 
[2023-12-14 18:21:14.569] magnitudes:20000;    7114.7500 
[2023-12-14 18:21:14.569] magnitudes:30000;    5106.7500 
[2023-12-14 18:21:14.569] magnitudes:40000;    4213.8125 
[2023-12-14 18:21:14.569] magnitudes:50000;    3696.4375 
[2023-12-14 18:21:14.569] magnitudes:60000;    3406.0000 
[2023-12-14 18:21:14.569] magnitudes:70000;    3633.0625 
[2023-12-14 18:21:14.569] magnitudes:200;  869681.9375 
[2023-12-14 18:21:14.569] magnitudes:500;  273059.0625 
[2023-12-14 18:21:14.569] magnitudes:800;  170995.9375 
[2023-12-14 18:21:14.569] magnitudes:1000;  134428.8750 
[2023-12-14 18:21:14.569] magnitudes:2000;   68119.6250 
[2023-12-14 18:21:14.569] magnitudes:5000;   27485.3750 
[2023-12-14 18:21:14.569] magnitudes:8000;   17231.4375 
[2023-12-14 18:21:14.569] magnitudes:10000;   13749.1250 
[2023-12-14 18:21:14.569] magnitudes:15000;    9409.5000 
[2023-12-14 18:21:14.569] magnitudes:20000;    7091.6250 
[2023-12-14 18:21:14.569] magnitudes:30000;    5013.9375 
[2023-12-14 18:21:14.569] magnitudes:40000;    4098.6250 
[2023-12-14 18:21:14.569] magnitudes:50000;    3696.4375 
[2023-12-14 18:21:14.569] magnitudes:60000;    3711.6250 
[2023-12-14 18:21:14.569] magnitudes:70000;    3627.6250 
[2023-12-14 18:21:14.569] magnitudes:200;  869681.9375 
[2023-12-14 18:21:14.569] magnitudes:500;  281914.1250 
[2023-12-14 18:21:14.569] magnitudes:800;  170995.9375 
[2023-12-14 18:21:14.569] magnitudes:1000;  134736.6875 
[2023-12-14 18:21:14.569] magnitudes:2000;   67379.5000 
[2023-12-14 18:21:14.569] magnitudes:5000;   27485.3750 
[2023-12-14 18:21:14.569] magnitudes:8000;   17344.6875 
[2023-12-14 18:21:14.569] magnitudes:10000;   13944.0625 
[2023-12-14 18:21:14.569] magnitudes:15000;    9276.3125 
[2023-12-14 18:21:14.569] magnitudes:20000;    7114.7500 
[2023-12-14 18:21:14.585] magnitudes:30000;    4994.9375 
[2023-12-14 18:21:14.585] magnitudes:40000;    4093.3750 
[2023-12-14 18:21:14.585] magnitudes:50000;    3696.4375 
[2023-12-14 18:21:14.585] magnitudes:60000;    3406.0000 
[2023-12-14 18:21:14.585] magnitudes:70000;    3627.6250 
[2023-12-14 18:21:14.585] magnitudes:200;  870628.3750 
[2023-12-14 18:21:14.585] magnitudes:500;  278466.4375 
[2023-12-14 18:21:14.585] magnitudes:800;  170995.9375 
[2023-12-14 18:21:14.585] magnitudes:1000;  134428.8750 
[2023-12-14 18:21:14.585] magnitudes:2000;   68119.6250 
[2023-12-14 18:21:14.585] magnitudes:5000;   27637.6875 
[2023-12-14 18:21:14.585] magnitudes:8000;   17150.5000 
[2023-12-14 18:21:14.585] magnitudes:10000;   14004.3750 
[2023-12-14 18:21:14.585] magnitudes:15000;    9371.4375 
[2023-12-14 18:21:14.585] magnitudes:20000;    7224.4375 
[2023-12-14 18:21:14.585] magnitudes:30000;    4997.1250 
[2023-12-14 18:21:14.585] magnitudes:40000;    3989.3125 
[2023-12-14 18:21:14.585] magnitudes:50000;    3696.4375 
[2023-12-14 18:21:14.585] magnitudes:60000;    3406.0000 
[2023-12-14 18:21:14.585] magnitudes:70000;    3627.6250 
[2023-12-14 18:21:14.585] magnitudes:200;  845034.7500 
[2023-12-14 18:21:14.585] magnitudes:500;  275294.8125 
[2023-12-14 18:21:14.585] magnitudes:800;  170995.9375 
[2023-12-14 18:21:14.585] magnitudes:1000;  134428.8750 
[2023-12-14 18:21:14.585] magnitudes:2000;   68119.6250 
[2023-12-14 18:21:14.585] magnitudes:5000;   27357.8750 
[2023-12-14 18:21:14.585] magnitudes:8000;   17150.5000 
[2023-12-14 18:21:14.585] magnitudes:10000;   13944.0625 
[2023-12-14 18:21:14.585] magnitudes:15000;    9409.5000 
[2023-12-14 18:21:14.585] magnitudes:20000;    7224.4375 
[2023-12-14 18:21:14.585] magnitudes:30000;    4997.1250 
[2023-12-14 18:21:14.600] magnitudes:40000;    4098.6250 
[2023-12-14 18:21:14.600] magnitudes:50000;    3596.7500 
[2023-12-14 18:21:14.600] magnitudes:60000;    3711.6250 
[2023-12-14 18:21:14.600] magnitudes:70000;    3627.6250 
[2023-12-14 18:21:14.600] magnitudes:200;  820650.3750 
[2023-12-14 18:21:14.600] magnitudes:500;  279017.8125 
[2023-12-14 18:21:14.600] magnitudes:800;  170995.9375 
[2023-12-14 18:21:14.600] magnitudes:1000;  132840.2500 
[2023-12-14 18:21:14.600] magnitudes:2000;   68119.6250 
[2023-12-14 18:21:14.600] magnitudes:5000;   27485.3750 
[2023-12-14 18:21:14.600] magnitudes:8000;   17326.8125 
[2023-12-14 18:21:14.600] magnitudes:10000;   13749.1250 
[2023-12-14 18:21:14.600] magnitudes:15000;    9409.5000 
[2023-12-14 18:21:14.600] magnitudes:20000;    7224.4375 
[2023-12-14 18:21:14.600] magnitudes:30000;    5106.7500 
[2023-12-14 18:21:14.600] magnitudes:40000;    3980.5000 
[2023-12-14 18:21:14.600] magnitudes:50000;    3584.4375 
[2023-12-14 18:21:14.600] magnitudes:60000;    3711.6250 
[2023-12-14 18:21:14.600] magnitudes:70000;    3627.6250 
[2023-12-14 18:21:14.600] magnitudes:200;  836712.2500 
[2023-12-14 18:21:14.600] magnitudes:500;  282069.8125 
[2023-12-14 18:21:14.600] magnitudes:800;  170995.9375 
[2023-12-14 18:21:14.600] magnitudes:1000;  141256.9375 
[2023-12-14 18:21:14.600] magnitudes:2000;   68119.6250 
[2023-12-14 18:21:14.600] magnitudes:5000;   27739.9375 
[2023-12-14 18:21:14.600] magnitudes:8000;   17366.3750 
[2023-12-14 18:21:14.600] magnitudes:10000;   13899.0000 
[2023-12-14 18:21:14.600] magnitudes:15000;    9409.5000 
[2023-12-14 18:21:14.600] magnitudes:20000;    7114.7500 
[2023-12-14 18:21:14.600] magnitudes:30000;    5123.9375 
[2023-12-14 18:21:14.600] magnitudes:40000;    4173.3750 
[2023-12-14 18:21:14.614] magnitudes:50000;    3696.4375 
[2023-12-14 18:21:14.614] magnitudes:60000;    3711.6250 
[2023-12-14 18:21:14.614] magnitudes:70000;    3627.6250 
[2023-12-14 18:21:14.614] magnitudes:200;  836548.1875 
[2023-12-14 18:21:14.614] magnitudes:500;  278781.6875 
[2023-12-14 18:21:14.614] magnitudes:800;  170995.9375 
[2023-12-14 18:21:14.614] magnitudes:1000;  132840.2500 
[2023-12-14 18:21:14.614] magnitudes:2000;   68119.6250 
[2023-12-14 18:21:14.614] magnitudes:5000;   27485.3750 
[2023-12-14 18:21:14.614] magnitudes:8000;   17366.3750 
[2023-12-14 18:21:14.614] magnitudes:10000;   13749.1250 
[2023-12-14 18:21:14.614] magnitudes:15000;    9409.5000 
[2023-12-14 18:21:14.614] magnitudes:20000;    7114.7500 
[2023-12-14 18:21:14.614] magnitudes:30000;    5121.6875 
[2023-12-14 18:21:14.614] magnitudes:40000;    4107.5625 
[2023-12-14 18:21:14.614] magnitudes:50000;    3696.4375 
[2023-12-14 18:21:14.614] magnitudes:60000;    3406.0000 
[2023-12-14 18:21:14.614] magnitudes:70000;    3627.6250 
[2023-12-14 18:21:14.614] magnitudes:200;  853436.8750 
[2023-12-14 18:21:14.614] magnitudes:500;  282303.3125 
[2023-12-14 18:21:14.614] magnitudes:800;  170995.9375 
[2023-12-14 18:21:14.614] magnitudes:1000;  134428.8750 
[2023-12-14 18:21:14.614] magnitudes:2000;   68119.6250 
[2023-12-14 18:21:14.614] magnitudes:5000;   27485.3750 
[2023-12-14 18:21:14.614] magnitudes:8000;   17366.3750 
[2023-12-14 18:21:14.614] magnitudes:10000;   13899.0000 
[2023-12-14 18:21:14.614] magnitudes:15000;    9409.5000 
[2023-12-14 18:21:14.614] magnitudes:20000;    7114.7500 
[2023-12-14 18:21:14.614] magnitudes:30000;    5121.6875 
[2023-12-14 18:21:14.614] magnitudes:40000;    4121.9375 
[2023-12-14 18:21:14.614] magnitudes:50000;    3696.4375 
[2023-12-14 18:21:14.614] magnitudes:60000;    3406.0000 
[2023-12-14 18:21:14.631] magnitudes:70000;    3627.6250 
[2023-12-14 18:21:14.631] magnitudes:200;  861438.3125 
[2023-12-14 18:21:14.631] magnitudes:500;  285397.0625 
[2023-12-14 18:21:14.631] magnitudes:800;  168990.1875 
[2023-12-14 18:21:14.631] magnitudes:1000;  134736.6875 
[2023-12-14 18:21:14.631] magnitudes:2000;   68119.6250 
[2023-12-14 18:21:14.631] magnitudes:5000;   27485.3750 
[2023-12-14 18:21:14.631] magnitudes:8000;   17480.7500 
[2023-12-14 18:21:14.631] magnitudes:10000;   13793.6875 
[2023-12-14 18:21:14.631] magnitudes:15000;    9409.5000 
[2023-12-14 18:21:14.631] magnitudes:20000;    7114.7500 
[2023-12-14 18:21:14.631] magnitudes:30000;    5121.6875 
[2023-12-14 18:21:14.631] magnitudes:40000;    4121.9375 
[2023-12-14 18:21:14.631] magnitudes:50000;    3696.4375 
[2023-12-14 18:21:14.631] magnitudes:60000;    3711.6250 
[2023-12-14 18:21:14.631] magnitudes:70000;    3627.6250 
[2023-12-14 18:21:14.631] magnitudes:200;  861438.3125 
[2023-12-14 18:21:14.631] magnitudes:500;  307594.1875 
[2023-12-14 18:21:14.631] magnitudes:800;  170703.8750 
[2023-12-14 18:21:14.631] magnitudes:1000;  134428.8750 
[2023-12-14 18:21:14.631] magnitudes:2000;   68889.3750 
[2023-12-14 18:21:14.631] magnitudes:5000;   27739.9375 
[2023-12-14 18:21:14.631] magnitudes:8000;   17150.5000 
[2023-12-14 18:21:14.631] magnitudes:10000;   13899.0000 
[2023-12-14 18:21:14.631] magnitudes:15000;    9409.5000 
[2023-12-14 18:21:14.631] magnitudes:20000;    7114.7500 
[2023-12-14 18:21:14.631] magnitudes:30000;    5106.7500 
[2023-12-14 18:21:14.631] magnitudes:40000;    4178.6875 
[2023-12-14 18:21:14.631] magnitudes:50000;    3713.6875 
[2023-12-14 18:21:14.631] magnitudes:60000;    3406.0000 
[2023-12-14 18:21:14.631] magnitudes:70000;    3627.6250 
[2023-12-14 18:21:14.649] magnitudes:200;  886403.8125 
[2023-12-14 18:21:14.649] magnitudes:500;  276592.5000 
[2023-12-14 18:21:14.649] magnitudes:800;  170995.9375 
[2023-12-14 18:21:14.649] magnitudes:1000;  134428.8750 
[2023-12-14 18:21:14.649] magnitudes:2000;   68889.3750 
[2023-12-14 18:21:14.649] magnitudes:5000;   27357.8750 
[2023-12-14 18:21:14.649] magnitudes:8000;   17366.3750 
[2023-12-14 18:21:14.649] magnitudes:10000;   14004.3750 
[2023-12-14 18:21:14.649] magnitudes:15000;    9409.5000 
[2023-12-14 18:21:14.649] magnitudes:20000;    7201.0000 
[2023-12-14 18:21:14.649] magnitudes:30000;    4994.9375 
[2023-12-14 18:21:14.649] magnitudes:40000;    4164.3750 
[2023-12-14 18:21:14.649] magnitudes:50000;    3613.5625 
[2023-12-14 18:21:14.649] magnitudes:60000;    3711.6250 
[2023-12-14 18:21:14.649] magnitudes:70000;    3627.6250 
[2023-12-14 18:21:14.649] magnitudes:200;  836712.2500 
[2023-12-14 18:21:14.649] magnitudes:500;  285243.1875 
[2023-12-14 18:21:14.649] magnitudes:800;  170995.9375 
[2023-12-14 18:21:14.649] magnitudes:1000;  141256.9375 
[2023-12-14 18:21:14.649] magnitudes:2000;   68889.3750 
[2023-12-14 18:21:14.649] magnitudes:5000;   27485.3750 
[2023-12-14 18:21:14.649] magnitudes:8000;   17150.5000 
[2023-12-14 18:21:14.649] magnitudes:10000;   13899.0000 
[2023-12-14 18:21:14.649] magnitudes:15000;    9409.5000 
[2023-12-14 18:21:14.649] magnitudes:20000;    7224.4375 
[2023-12-14 18:21:14.649] magnitudes:30000;    5013.9375 
[2023-12-14 18:21:14.649] magnitudes:40000;    3989.3125 
[2023-12-14 18:21:14.649] magnitudes:50000;    3713.6875 
[2023-12-14 18:21:14.649] magnitudes:60000;    3711.6250 
[2023-12-14 18:21:14.649] magnitudes:70000;    3627.6250 
[2023-12-14 18:21:14.649] magnitudes:200;  837531.7500 
[2023-12-14 18:21:14.649] magnitudes:500;  276287.0000 
[2023-12-14 18:21:14.660] magnitudes:800;  170995.9375 
[2023-12-14 18:21:14.660] magnitudes:1000;  134428.8750 
[2023-12-14 18:21:14.660] magnitudes:2000;   68119.6250 
[2023-12-14 18:21:14.660] magnitudes:5000;   27357.8750 
[2023-12-14 18:21:14.660] magnitudes:8000;   17150.5000 
[2023-12-14 18:21:14.660] magnitudes:10000;   13944.0625 
[2023-12-14 18:21:14.660] magnitudes:15000;    9409.5000 
[2023-12-14 18:21:14.660] magnitudes:20000;    7224.4375 
[2023-12-14 18:21:14.660] magnitudes:30000;    5013.9375 
[2023-12-14 18:21:14.660] magnitudes:40000;    4173.3750 
[2023-12-14 18:21:14.660] magnitudes:50000;    3683.7500 
[2023-12-14 18:21:14.660] magnitudes:60000;    3711.6250 
[2023-12-14 18:21:14.660] magnitudes:70000;    3627.6250 
[2023-12-14 18:21:14.660] magnitudes:200;  828306.3125 
[2023-12-14 18:21:14.660] magnitudes:500;  276439.8125 
[2023-12-14 18:21:14.660] magnitudes:800;  170995.9375 
[2023-12-14 18:21:14.660] magnitudes:1000;  134428.8750 
[2023-12-14 18:21:14.660] magnitudes:2000;   68119.6250 
[2023-12-14 18:21:14.660] magnitudes:5000;   27485.3750 
[2023-12-14 18:21:14.660] magnitudes:8000;   17366.3750 
[2023-12-14 18:21:14.660] magnitudes:10000;   13944.0625 
[2023-12-14 18:21:14.660] magnitudes:15000;    9409.5000 
[2023-12-14 18:21:14.660] magnitudes:20000;    7114.7500 
[2023-12-14 18:21:14.660] magnitudes:30000;    5011.7500 
[2023-12-14 18:21:14.660] magnitudes:40000;    3989.3125 
[2023-12-14 18:21:14.660] magnitudes:50000;    3696.4375 
[2023-12-14 18:21:14.660] magnitudes:60000;    3711.6250 
[2023-12-14 18:21:14.660] magnitudes:70000;    3627.6250 
[2023-12-14 18:21:14.660] magnitudes:200;  828471.8750 
[2023-12-14 18:21:14.660] magnitudes:500;  281914.1250 
[2023-12-14 18:21:14.660] magnitudes:800;  170995.9375 
[2023-12-14 18:21:14.676] magnitudes:1000;  132840.2500 
[2023-12-14 18:21:14.676] magnitudes:2000;   68119.6250 
[2023-12-14 18:21:14.676] magnitudes:5000;   27178.2500 
[2023-12-14 18:21:14.676] magnitudes:8000;   17366.3750 
[2023-12-14 18:21:14.676] magnitudes:10000;   13749.1250 
[2023-12-14 18:21:14.676] magnitudes:15000;    9409.5000 
[2023-12-14 18:21:14.676] magnitudes:20000;    7224.4375 
[2023-12-14 18:21:14.676] magnitudes:30000;    5104.5000 
[2023-12-14 18:21:14.676] magnitudes:40000;    4164.3750 
[2023-12-14 18:21:14.676] magnitudes:50000;    3696.4375 
[2023-12-14 18:21:14.676] magnitudes:60000;    3406.0000 
[2023-12-14 18:21:14.676] magnitudes:70000;    3627.6250 
[2023-12-14 18:21:14.676] magnitudes:200;  861438.3125 
[2023-12-14 18:21:14.676] magnitudes:500;  281758.3125 
[2023-12-14 18:21:14.676] magnitudes:800;  170995.9375 
[2023-12-14 18:21:14.676] magnitudes:1000;  132840.2500 
[2023-12-14 18:21:14.676] magnitudes:2000;   68119.6250 
[2023-12-14 18:21:14.676] magnitudes:5000;   27485.3750 
[2023-12-14 18:21:14.676] magnitudes:8000;   17366.3750 
[2023-12-14 18:21:14.676] magnitudes:10000;   13793.6875 
[2023-12-14 18:21:14.676] magnitudes:15000;    9409.5000 
[2023-12-14 18:21:14.676] magnitudes:20000;    7114.7500 
[2023-12-14 18:21:14.676] magnitudes:30000;    5104.5000 
[2023-12-14 18:21:14.676] magnitudes:40000;    4093.3750 
[2023-12-14 18:21:14.676] magnitudes:50000;    3596.7500 
[2023-12-14 18:21:14.676] magnitudes:60000;    3406.0000 
[2023-12-14 18:21:14.676] magnitudes:70000;    3685.1250 
[2023-12-14 18:21:14.676] magnitudes:200;  836548.1875 
[2023-12-14 18:21:14.676] magnitudes:500;  273059.0625 
[2023-12-14 18:21:14.676] magnitudes:800;  170995.9375 
[2023-12-14 18:21:14.676] magnitudes:1000;  134428.8750 
[2023-12-14 18:21:14.685] magnitudes:2000;   68119.6250 
[2023-12-14 18:21:14.685] magnitudes:5000;   27357.8750 
[2023-12-14 18:21:14.685] magnitudes:8000;   17366.3750 
[2023-12-14 18:21:14.685] magnitudes:10000;   13687.5625 
[2023-12-14 18:21:14.685] magnitudes:15000;    9409.5000 
[2023-12-14 18:21:14.685] magnitudes:20000;    7114.7500 
[2023-12-14 18:21:14.685] magnitudes:30000;    5123.9375 
[2023-12-14 18:21:14.685] magnitudes:40000;    4107.5625 
[2023-12-14 18:21:14.685] magnitudes:50000;    3683.7500 
[2023-12-14 18:21:14.685] magnitudes:60000;    3711.6250 
[2023-12-14 18:21:14.685] magnitudes:70000;    3627.6250 
[2023-12-14 18:21:14.685] magnitudes:200;  861438.3125 
[2023-12-14 18:21:14.685] magnitudes:500;  254348.1250 
[2023-12-14 18:21:14.685] magnitudes:800;  170995.9375 
[2023-12-14 18:21:14.685] magnitudes:1000;  141580.3125 
[2023-12-14 18:21:14.685] magnitudes:2000;   68119.6250 
[2023-12-14 18:21:14.685] magnitudes:5000;   27485.3750 
[2023-12-14 18:21:14.685] magnitudes:8000;   17150.5000 
[2023-12-14 18:21:14.685] magnitudes:10000;   13944.0625 
[2023-12-14 18:21:14.685] magnitudes
[2023-12-14 18:21:14.685] magnitudes:20000;    7224.4375 
[2023-12-14 18:21:14.685] magnitudes:30000;    5013.9375 
[2023-12-14 18:21:14.685] magnitudes:40000;    3980.5000 
[2023-12-14 18:21:14.685] magnitudes:50000;    3584.4375 
[2023-12-14 18:21:14.688] magnitudes:60000;    3406.0000 
[2023-12-14 18:21:14.721] magnitudes:70000;    3627.6250 
[2023-12-14 18:21:14.756] magnitudes:200;  845034.7500 
[2023-12-14 18:21:14.769] magnitudes:500;  278781.6875 
[2023-12-14 18:21:14.801] magnitudes:800;  170995.9375 
[2023-12-14 18:21:14.832] magnitudes:1000;  132840.2500 
[2023-12-14 18:21:14.865] magnitudes:2000;   68119.6250 
[2023-12-14 18:21:14.897] magnitudes:5000;   27357.8750 
[2023-12-14 18:21:14.912] magnitudes:8000;   17150.5000 
[2023-12-14 18:21:14.945] magnitudes:10000;   13793.6875 
[2023-12-14 18:21:14.976] magnitudes:15000;    9276.3125 
[2023-12-14 18:21:15.009] magnitudes:20000;    7124.0625 
[2023-12-14 18:21:15.041] magnitudes:30000;    5028.6875 
[2023-12-14 18:21:15.073] magnitudes:40000;    4187.8750 
[2023-12-14 18:21:15.092] magnitudes:50000;    3613.5625 
[2023-12-14 18:21:15.120] magnitudes:60000;    3435.6250 
[2023-12-14 18:21:15.152] magnitudes:70000;    3685.1250 
[2023-12-14 18:21:15.184] magnitudes:200;  836548.1875 
[2023-12-14 18:21:15.216] magnitudes:500;  275294.8125 
[2023-12-14 18:21:15.250] magnitudes:800;  170995.9375 
[2023-12-14 18:21:15.282] magnitudes:1000;  132840.2500 
[2023-12-14 18:21:15.297] magnitudes:2000;   67794.1875 
[2023-12-14 18:21:15.329] magnitudes:5000;   26967.1875 
[2023-12-14 18:21:15.361] magnitudes:8000;   17115.9375 
[2023-12-14 18:21:15.393] magnitudes:10000;   13705.0000 
[2023-12-14 18:21:15.424] magnitudes:15000;    9194.2500 
[2023-12-14 18:21:15.456] magnitudes:20000;    6986.8125 
[2023-12-14 18:21:15.480] magnitudes:30000;    4971.8750 
[2023-12-14 18:21:15.504] magnitudes:40000;    4005.2500 
[2023-12-14 18:21:15.537] magnitudes:50000;    3677.2500 
[2023-12-14 18:21:15.569] magnitudes:60000;    3496.0625 
[2023-12-14 18:21:15.601] magnitudes:70000;    3685.1250 
[2023-12-14 18:21:15.632] magnitudes:200; 1148454.3125 
[2023-12-14 18:21:15.664] magnitudes:500;  288381.5625 
[2023-12-14 18:21:15.682] magnitudes:800;  166661.2500 
[2023-12-14 18:21:15.714] magnitudes:1000;  141064.7500 
[2023-12-14 18:21:15.746] magnitudes:2000;   69389.5625 
[2023-12-14 18:21:15.776] magnitudes:5000;   27554.0000 
[2023-12-14 18:21:15.810] magnitudes:8000;   17487.1250 
[2023-12-14 18:21:15.840] magnitudes:10000;   13570.2500 
[2023-12-14 18:21:15.856] magnitudes:15000;    9119.7500 
[2023-12-14 18:21:15.888] magnitudes:20000;    6820.0000 
[2023-12-14 18:21:15.920] magnitudes:30000;    4761.3125 
[2023-12-14 18:21:15.954] magnitudes:40000;    4005.2500 
[2023-12-14 18:21:15.985] magnitudes:50000;    3491.6875 
[2023-12-14 18:21:16.016] magnitudes:60000;    3183.2500 
[2023-12-14 18:21:16.033] magnitudes:70000;    3685.1250 
[2023-12-14 18:21:16.065] magnitudes:200;  812415.8750 
[2023-12-14 18:21:16.097] magnitudes:500;  227544.1875 
[2023-12-14 18:21:16.128] magnitudes:800;  152540.5000 
[2023-12-14 18:21:16.161] magnitudes:1000;  125663.4375 
[2023-12-14 18:21:16.193] magnitudes:2000;   62891.2500 
[2023-12-14 18:21:16.225] magnitudes:5000;   24691.8125 
[2023-12-14 18:21:16.247] magnitudes:8000;   15495.6250 
[2023-12-14 18:21:16.273] magnitudes:10000;   12464.2500 
[2023-12-14 18:21:16.305] magnitudes:15000;    8395.1875 
[2023-12-14 18:21:16.336] magnitudes:20000;    6361.9375 
[2023-12-14 18:21:16.368] magnitudes:30000;    4434.3750 
[2023-12-14 18:21:16.401] magnitudes:40000;    3689.7500 
[2023-12-14 18:21:16.416] magnitudes:50000;    3292.0625 
[2023-12-14 18:21:16.449] magnitudes:60000;    2960.1875 
[2023-12-14 18:21:16.481] magnitudes:70000;    3296.7500 
[2023-12-14 18:21:16.513] magnitudes:200; 1174212.1250 
[2023-12-14 18:21:16.546] magnitudes:500;  240840.1250 
[2023-12-14 18:21:16.578] magnitudes:800;  142797.8750 
[2023-12-14 18:21:16.610] magnitudes:1000;  118280.1875 
[2023-12-14 18:21:16.628] magnitudes:2000;   59081.8125 
[2023-12-14 18:21:16.660] magnitudes:5000;   24405.5000 
[2023-12-14 18:21:16.689] magnitudes:8000;   15465.1250 
[2023-12-14 18:21:16.720] magnitudes:10000;   12231.0000 
[2023-12-14 18:21:16.753] magnitudes:15000;    8312.8750 
[2023-12-14 18:21:16.785] magnitudes:20000;    6411.4375 
[2023-12-14 18:21:16.801] magnitudes:30000;    4498.6875 
[2023-12-14 18:21:16.832] magnitudes:40000;    3654.3750 
[2023-12-14 18:21:16.865] magnitudes:50000;    3204.9375 
[2023-12-14 18:21:16.899] magnitudes:60000;    3339.2500 
[2023-12-14 18:21:16.928] magnitudes:70000;    3409.2500 
[2023-12-14 18:21:16.961] magnitudes:200;  906756.2500 
[2023-12-14 18:21:16.994] magnitudes:500;  245825.8125 
[2023-12-14 18:21:17.012] magnitudes:800;  143146.8750 
[2023-12-14 18:21:17.045] magnitudes:1000;  125385.4375 
[2023-12-14 18:21:17.073] magnitudes:2000;   59081.8125 
[2023-12-14 18:21:17.105] magnitudes:5000;   24601.8750 
[2023-12-14 18:21:17.137] magnitudes:8000;   15236.8125 
[2023-12-14 18:21:17.153] magnitudes:10000;   12389.5625 
[2023-12-14 18:21:17.184] magnitudes:15000;    8280.5000 
[2023-12-14 18:21:17.217] magnitudes:20000;    6417.4375 
[2023-12-14 18:21:17.248] magnitudes:30000;    4445.1875 
[2023-12-14 18:21:17.280] magnitudes:40000;    3624.2500 
[2023-12-14 18:21:17.314] magnitudes:50000;    3204.9375 
[2023-12-14 18:21:17.328] magnitudes:60000;    3014.2500 
[2023-12-14 18:21:17.362] magnitudes:70000;    3352.5000 
[2023-12-14 18:21:17.393] magnitudes:200; 1050613.0625 
[2023-12-14 18:21:17.427] magnitudes:500;  209807.5000 
[2023-12-14 18:21:17.456] magnitudes:800; 2745933.0000 
[2023-12-14 18:21:17.489] magnitudes:1000;  260682.3750 
[2023-12-14 18:21:17.520] magnitudes:2000;  134120.8750 
[2023-12-14 18:21:17.536] magnitudes:5000;   53688.5000 
[2023-12-14 18:21:17.569] magnitudes:8000;   10622.2500 
[2023-12-14 18:21:17.601] magnitudes:10000;    9085.4375 
[2023-12-14 18:21:17.633] magnitudes:15000;   18281.7500 
[2023-12-14 18:21:17.665] magnitudes:20000;    6770.3125 
[2023-12-14 18:21:17.697] magnitudes:30000;    5058.0000 
[2023-12-14 18:21:17.713] magnitudes:40000;    3986.3125 
[2023-12-14 18:21:17.744] magnitudes:50000;    3558.1875 
[2023-12-14 18:21:17.777] magnitudes:60000;    3514.0625 
[2023-12-14 18:21:17.808] magnitudes:70000;    3645.1875 
[2023-12-14 18:21:17.842] magnitudes:200;   38926.8125 
[2023-12-14 18:21:17.873] magnitudes:500;   41533.4375 
[2023-12-14 18:21:17.905] magnitudes:800;   42441.4375 
[2023-12-14 18:21:17.922] magnitudes:1000;   44655.7500 
[2023-12-14 18:21:17.953] magnitudes:2000;   47914.1875 
[2023-12-14 18:21:17.985] magnitudes:5000;   41367.9375 
[2023-12-14 18:21:18.018] magnitudes:8000;   31192.8750 
[2023-12-14 18:21:18.049] magnitudes:10000;   26365.4375 
[2023-12-14 18:21:18.081] magnitudes:15000;   18715.9375 
[2023-12-14 18:21:18.097] magnitudes:20000;   14387.6875 
[2023-12-14 18:21:18.128] magnitudes:30000;    9800.9375 
[2023-12-14 18:21:18.161] magnitudes:40000;    7533.6250 
[2023-12-14 18:21:18.193] magnitudes:50000;    6435.0625 
[2023-12-14 18:21:18.225] magnitudes:60000;    5804.1875 
[2023-12-14 18:21:18.256] magnitudes:70000;    5640.7500 
[2023-12-14 18:21:18.290] magnitudes:200;   45505.5625 
[2023-12-14 18:21:18.305] magnitudes:500;   46912.0625 
[2023-12-14 18:21:18.337] magnitudes:800;   48099.5000 
[2023-12-14 18:21:18.369] magnitudes:1000;   49115.4375 
[2023-12-14 18:21:18.400] magnitudes:2000;   52959.8125 
[2023-12-14 18:21:18.432] magnitudes:5000;   46282.1875 
[2023-12-14 18:21:18.465] magnitudes:8000;   35135.4375 
[2023-12-14 18:21:18.481] magnitudes:10000;   29594.1250 
[2023-12-14 18:21:18.513] magnitudes:15000;   20762.7500 
[2023-12-14 18:21:18.545] magnitudes:20000;   15835.1875 
[2023-12-14 18:21:18.577] magnitudes:30000;   10680.9375 
[2023-12-14 18:21:18.609] magnitudes:40000;    8229.8750 
[2023-12-14 18:21:18.641] magnitudes:50000;    6867.6250 
[2023-12-14 18:21:18.656] magnitudes:60000;    6240.6875 
[2023-12-14 18:21:18.689] magnitudes:70000;    5955.2500 
[2023-12-14 18:21:18.721] magnitudes:200;   46131.7500 
[2023-12-14 18:21:18.752] magnitudes:500;   46912.9375 
[2023-12-14 18:21:18.785] magnitudes:800;   48109.5000 
[2023-12-14 18:21:18.816] magnitudes:1000;   49148.3125 
[2023-12-14 18:21:18.849] magnitudes:2000;   53472.4375 
[2023-12-14 18:21:18.864] magnitudes:5000;   48095.5000 
[2023-12-14 18:21:18.897] magnitudes:8000;   37364.8750 
[2023-12-14 18:21:18.928] magnitudes:10000;   31712.5000 
[2023-12-14 18:21:18.961] magnitudes:15000;   22139.4375 
[2023-12-14 18:21:18.995] magnitudes:20000;   17792.3125 
[2023-12-14 18:21:19.024] magnitudes:30000;   11954.1250 
[2023-12-14 18:21:19.041] magnitudes:40000;    9042.5000 
[2023-12-14 18:21:19.072] magnitudes:50000;    7508.1875 
[2023-12-14 18:21:19.105] magnitudes:60000;    6647.4375 
[2023-12-14 18:21:19.137] magnitudes:70000;    6416.0000 
[2023-12-14 18:21:19.169] magnitudes:200;   46526.4375 
[2023-12-14 18:21:19.201] magnitudes:500;   46884.2500 
[2023-12-14 18:21:19.234] magnitudes:800;   48160.5625 
[2023-12-14 18:21:19.248] magnitudes:1000;   49257.1250 
[2023-12-14 18:21:19.280] magnitudes:2000;   54077.5625 
[2023-12-14 18:21:19.313] magnitudes:5000;   49314.9375 
[2023-12-14 18:21:19.345] magnitudes:8000;   38158.0625 
[2023-12-14 18:21:19.376] magnitudes:10000;   32414.8125 
[2023-12-14 18:21:19.397] magnitudes:15000;   23037.2500 
[2023-12-14 18:21:19.425] magnitudes:20000;   17618.9375 
[2023-12-14 18:21:19.457] magnitudes:30000;   11845.8125 
[2023-12-14 18:21:19.489] magnitudes:40000;    9107.3750 
[2023-12-14 18:21:19.520] magnitudes:50000;    7485.3750 
[2023-12-14 18:21:19.553] magnitudes:60000;    6647.4375 
[2023-12-14 18:21:19.569] magnitudes:70000;    6741.8750 
[2023-12-14 18:21:19.601] magnitudes:200;   47071.8750 
[2023-12-14 18:21:19.632] magnitudes:500;   47211.8750 
[2023-12-14 18:21:19.665] magnitudes:800;   48735.6250 
[2023-12-14 18:21:19.696] magnitudes:1000;   49979.5625 
[2023-12-14 18:21:19.729] magnitudes:2000;   55284.9375 
[2023-12-14 18:21:19.761] magnitudes:5000;   50461.5625 
[2023-12-14 18:21:19.781] magnitudes:8000;   38853.8125 
[2023-12-14 18:21:19.808] magnitudes:10000;   32913.0625 
[2023-12-14 18:21:19.841] magnitudes:15000;   23572.0000 
[2023-12-14 18:21:19.873] magnitudes:20000;   17676.1875 
[2023-12-14 18:21:19.905] magnitudes:30000;   12342.2500 
[2023-12-14 18:21:19.938] magnitudes:40000;    9231.8125 
[2023-12-14 18:21:19.953] magnitudes:50000;    7333.1250 
[2023-12-14 18:21:19.984] magnitudes:60000;    6694.0625 
[2023-12-14 18:21:20.017] magnitudes:70000;    6416.0000 
[2023-12-14 18:21:20.049] magnitudes:200;   45894.0000 
[2023-12-14 18:21:20.081] magnitudes:500;   47468.5625 
[2023-12-14 18:21:20.113] magnitudes:800;   49213.7500 
[2023-12-14 18:21:20.148] magnitudes:1000;   51280.5000 
[2023-12-14 18:21:20.165] magnitudes:2000;   57686.0000 
[2023-12-14 18:21:20.197] magnitudes:5000;   52522.5625 
[2023-12-14 18:21:20.225] magnitudes:8000;   40496.7500 
[2023-12-14 18:21:20.256] magnitudes:10000;   34407.5625 
[2023-12-14 18:21:20.288] magnitudes:15000;   24509.5625 
[2023-12-14 18:21:20.321] magnitudes:20000;   19071.1250 
[2023-12-14 18:21:20.337] magnitudes:30000;   12803.5625 
[2023-12-14 18:21:20.368] magnitudes:40000;    9617.7500 
[2023-12-14 18:21:20.401] magnitudes:50000;    7990.3125 
[2023-12-14 18:21:20.433] magnitudes:60000;    7111.1875 
[2023-12-14 18:21:20.464] magnitudes:70000;    7100.3750 
[2023-12-14 18:21:20.497] magnitudes:200;   46210.8750 
[2023-12-14 18:21:20.529] magnitudes:500;   48570.8125 
[2023-12-14 18:21:20.548] magnitudes:800;   52156.3125 
[2023-12-14 18:21:20.581] magnitudes:1000;   55609.4375 
[2023-12-14 18:21:20.610] magnitudes:2000;   66604.1875 
[2023-12-14 18:21:20.643] magnitudes:5000;   59021.7500 
[2023-12-14 18:21:20.672] magnitudes:8000;   44060.3125 
[2023-12-14 18:21:20.704] magnitudes:10000;   37190.5000 
[2023-12-14 18:21:20.720] magnitudes:15000;   25912.5625 
[2023-12-14 18:21:20.753] magnitudes:20000;   19600.0625 
[2023-12-14 18:21:20.784] magnitudes:30000;   13415.7500 
[2023-12-14 18:21:20.817] magnitudes:40000;   10299.6875 
[2023-12-14 18:21:20.850] magnitudes:50000;    8717.3750 
[2023-12-14 18:21:20.880] magnitudes:60000;   11006.1875 
[2023-12-14 18:21:20.896] magnitudes:70000;   18746.1875 
[2023-12-14 18:21:20.931] magnitudes:200;80875002.6875 
[2023-12-14 18:21:20.964] magnitudes:500;30661777.1875 
[2023-12-14 18:21:20.993] magnitudes:800; 1113505.2500 
[2023-12-14 18:21:21.025] magnitudes:1000;  164208.5000 
[2023-12-14 18:21:21.057] magnitudes:2000;   69744.3750 
[2023-12-14 18:21:21.089] magnitudes:5000;   29380.8750 
[2023-12-14 18:21:21.105] magnitudes:8000;   16155.1875 
[2023-12-14 18:21:21.136] magnitudes:10000;   13832.9375 
[2023-12-14 18:21:21.168] magnitudes:15000;    7683.0625 
[2023-12-14 18:21:21.200] magnitudes:20000;    5962.5000 
[2023-12-14 18:21:21.233] magnitudes:30000;    4215.6875 
[2023-12-14 18:21:21.265] magnitudes:40000;    3426.3750 
[2023-12-14 18:21:21.281] magnitudes:50000;    3116.8125 
[2023-12-14 18:21:21.315] magnitudes:60000;    2942.6250 
[2023-12-14 18:21:21.346] magnitudes:70000;    3302.1875 
[2023-12-14 18:21:21.377] magnitudes:200;  737145.8750 
[2023-12-14 18:21:21.409] magnitudes:500;  244707.0000 
[2023-12-14 18:21:21.441] magnitudes:800;  149822.1875 
[2023-12-14 18:21:21.473] magnitudes:1000;  117383.0625 
[2023-12-14 18:21:21.488] magnitudes:2000;   57537.9375 
[2023-12-14 18:21:21.520] magnitudes:5000;   23823.0000 
[2023-12-14 18:21:21.554] magnitudes:8000;   14580.6875 
[2023-12-14 18:21:21.586] magnitudes:10000;   12052.3750 
[2023-12-14 18:21:21.616] magnitudes:15000;    8020.2500 
[2023-12-14 18:21:21.632] magnitudes:20000;    6213.8750 
[2023-12-14 18:21:21.665] magnitudes:30000;    4359.4375 
[2023-12-14 18:21:21.696] magnitudes:40000;    3564.8750 
[2023-12-14 18:21:21.729] magnitudes:50000;    3131.8125 
[2023-12-14 18:21:21.760] magnitudes:60000;    2942.6250 
[2023-12-14 18:21:21.793] magnitudes:70000;    3302.1875 
[2023-12-14 18:21:21.825] magnitudes:200; 1070025.1250 
[2023-12-14 18:21:21.840] magnitudes:500;  274275.8125 
[2023-12-14 18:21:21.873] magnitudes:800;  151954.5625 
[2023-12-14 18:21:21.904] magnitudes:1000;  117383.0625 
[2023-12-14 18:21:21.937] magnitudes:2000;   58315.0000 
[2023-12-14 18:21:21.970] magnitudes:5000;   23128.8125 
[2023-12-14 18:21:22.001] magnitudes:8000;   14262.7500 
[2023-12-14 18:21:22.016] magnitudes:10000;   23135.3125 
[2023-12-14 18:21:22.049] magnitudes:15000;   41311.0000 
[2023-12-14 18:21:22.081] magnitudes:20000;   23421.5000 
[2023-12-14 18:21:22.113] magnitudes:30000;   11424.1250 
[2023-12-14 18:21:22.145] magnitudes:40000;    8049.7500 
[2023-12-14 18:21:22.176] magnitudes:50000;    6893.1875 
[2023-12-14 18:21:22.192] magnitudes:60000;    6223.1250 
[2023-12-14 18:21:22.225] magnitudes:70000;    6227.0000 
[2023-12-14 18:21:22.258] magnitudes:200;   55362.0000 
[2023-12-14 18:21:22.289] magnitudes:500;   55888.5000 
[2023-12-14 18:21:22.320] magnitudes:800;   57559.6250 
[2023-12-14 18:21:22.354] magnitudes:1000;   58861.3750 
[2023-12-14 18:21:22.386] magnitudes:2000;   63439.0000 
[2023-12-14 18:21:22.400] magnitudes:5000;   52969.0000 
[2023-12-14 18:21:22.432] magnitudes:8000;   39081.4375 
[2023-12-14 18:21:22.465] magnitudes:10000;   32822.0625 
[2023-12-14 18:21:22.497] magnitudes:15000;   22952.3125 
[2023-12-14 18:21:22.528] magnitudes:20000;   17317.6875 
[2023-12-14 18:21:22.560] magnitudes:30000;   11630.7500 
[2023-12-14 18:21:22.576] magnitudes:40000;    9149.3750 
[2023-12-14 18:21:22.608] magnitudes:50000;    7513.5625 
[2023-12-14 18:21:22.640] magnitudes:60000;    6840.7500 
[2023-12-14 18:21:22.673] magnitudes:70000;    6593.5000 
[2023-12-14 18:21:22.705] magnitudes:200;   54460.0625 
[2023-12-14 18:21:22.737] magnitudes:500;   55124.0625 
[2023-12-14 18:21:22.769] magnitudes:800;   56813.9375 
[2023-12-14 18:21:22.785] magnitudes:1000;   58114.8125 
[2023-12-14 18:21:22.817] magnitudes:2000;   63319.5000 
[2023-12-14 18:21:22.848] magnitudes:5000;   56323.0000 
[2023-12-14 18:21:22.882] magnitudes:8000;   43291.8750 
[2023-12-14 18:21:22.913] magnitudes:10000;   36581.1250 
[2023-12-14 18:21:22.946] magnitudes:15000;   25640.2500 
[2023-12-14 18:21:22.960] magnitudes:20000;   19534.4375 
[2023-12-14 18:21:22.993] magnitudes:30000;   13013.0625 
[2023-12-14 18:21:23.025] magnitudes:40000;    9681.0625 
[2023-12-14 18:21:23.057] magnitudes:50000;    7947.0000 
[2023-12-14 18:21:23.088] magnitudes:60000;    7069.7500 
[2023-12-14 18:21:23.120] magnitudes:70000;    6894.3750 
[2023-12-14 18:21:23.153] magnitudes:200;   55025.0625 
[2023-12-14 18:21:23.169] magnitudes:500;   55155.6875 
[2023-12-14 18:21:23.200] magnitudes:800;   56836.3125 
[2023-12-14 18:21:23.233] magnitudes:1000;   58027.6250 
[2023-12-14 18:21:23.265] magnitudes:2000;   63583.1250 
[2023-12-14 18:21:23.297] magnitudes:5000;   56995.3125 
[2023-12-14 18:21:23.329] magnitudes:8000;   43596.2500 
[2023-12-14 18:21:23.344] magnitudes:10000;   36791.3125 
[2023-12-14 18:21:23.377] magnitudes:15000;   25978.3750 
[2023-12-14 18:21:23.409] magnitudes:20000;   19641.3125 
[2023-12-14 18:21:23.440] magnitudes:30000;   13069.6250 
[2023-12-14 18:21:23.472] magnitudes:40000;    9870.9375 
[2023-12-14 18:21:23.504] magnitudes:50000;    8156.8750 
[2023-12-14 18:21:23.520] magnitudes:60000;    7271.6875 
[2023-12-14 18:21:23.552] magnitudes:70000;    6894.3750 
[2023-12-14 18:21:23.586] magnitudes:200;   54194.8750 
[2023-12-14 18:21:23.617] magnitudes:500;   54989.7500 
[2023-12-14 18:21:23.649] magnitudes:800;   56816.2500 
[2023-12-14 18:21:23.681] magnitudes:1000;   58053.7500 
[2023-12-14 18:21:23.700] magnitudes:2000;   63608.3750 
[2023-12-14 18:21:23.733] magnitudes:5000;   56972.9375 
[2023-12-14 18:21:23.760] magnitudes:8000;   43665.5000 
[2023-12-14 18:21:23.793] magnitudes:10000;   36923.1250 
[2023-12-14 18:21:23.824] magnitudes:15000;   25938.2500 
[2023-12-14 18:21:23.856] magnitudes:20000;   19700.2500 
[2023-12-14 18:21:23.873] magnitudes:30000;   13115.5000 
[2023-12-14 18:21:23.905] magnitudes:40000;    9869.1875 
[2023-12-14 18:21:23.936] magnitudes:50000;    8120.1875 
[2023-12-14 18:21:23.969] magnitudes:60000;    7271.6875 
[2023-12-14 18:21:24.001] magnitudes:70000;    6844.2500 
[2023-12-14 18:21:24.032] magnitudes:200;   54788.3750 
[2023-12-14 18:21:24.065] magnitudes:500;   54861.1250 
[2023-12-14 18:21:24.083] magnitudes:800;   56741.0625 
[2023-12-14 18:21:24.116] magnitudes:1000;   58000.8750 
[2023-12-14 18:21:24.144] magnitudes:2000;   63622.4375 
[2023-12-14 18:21:24.176] magnitudes:5000;   57395.8125 
[2023-12-14 18:21:24.208] magnitudes:8000;   44049.1250 
[2023-12-14 18:21:24.240] magnitudes:10000;   37172.0000 
[2023-12-14 18:21:24.256] magnitudes:15000;   26096.9375 
[2023-12-14 18:21:24.288] magnitudes:20000;   19794.4375 
[2023-12-14 18:21:24.321] magnitudes:30000;   13198.5625 
[2023-12-14 18:21:24.354] magnitudes:40000;    9959.7500 
[2023-12-14 18:21:24.385] magnitudes:50000;    8214.1875 
[2023-12-14 18:21:24.417] magnitudes:60000;    7271.6875 
[2023-12-14 18:21:24.435] magnitudes:70000;    7282.1875 
[2023-12-14 18:21:24.467] magnitudes:200;   54118.5000 
[2023-12-14 18:21:24.501] magnitudes:500;   54322.1875 
[2023-12-14 18:21:24.528] magnitudes:800;   55508.6875 
[2023-12-14 18:21:24.560] magnitudes:1000;   56213.9375 
[2023-12-14 18:21:24.593] magnitudes:2000;   45730.5625 
[2023-12-14 18:21:24.624] magnitudes:5000;   18219.8125 
[2023-12-14 18:21:24.640] magnitudes:8000;   14039.3125 
[2023-12-14 18:21:24.672] magnitudes:10000;   11544.8750 
[2023-12-14 18:21:24.706] magnitudes:15000;    7678.7500 
[2023-12-14 18:21:24.736] magnitudes:20000;    5950.3750 
[2023-12-14 18:21:24.769] magnitudes:30000;    4215.6875 
[2023-12-14 18:21:24.800] magnitudes:40000;    3349.1250 
[2023-12-14 18:21:24.816] magnitudes:50000;    3116.8125 
[2023-12-14 18:21:24.851] magnitudes:60000;    2942.6250 
[2023-12-14 18:21:24.881] magnitudes:70000;    3302.1875 
[2023-12-14 18:21:24.913] magnitudes:200; 1066171.1250 
[2023-12-14 18:21:24.945] magnitudes:500;  214890.4375 
[2023-12-14 18:21:24.976] magnitudes:800;  141226.4375 
[2023-12-14 18:21:25.008] magnitudes:1000;  111709.0625 
[2023-12-14 18:21:25.024] magnitudes:2000;   57183.5625 
[2023-12-14 18:21:25.056] magnitudes:5000;   23665.7500 
[2023-12-14 18:21:25.089] magnitudes:8000;   14229.6875 
[2023-12-14 18:21:25.120] magnitudes:10000;   11789.0625 
[2023-12-14 18:21:25.152] magnitudes:15000;    7779.8125 
[2023-12-14 18:21:25.185] magnitudes:20000;    6121.6250 
[2023-12-14 18:21:25.200] magnitudes:30000;    4247.1875 
[2023-12-14 18:21:25.234] magnitudes:40000;    3368.9375 
[2023-12-14 18:21:25.265] magnitudes:50000;    2987.0000 
[2023-12-14 18:21:25.296] magnitudes:60000;    2969.3750 
[2023-12-14 18:21:25.329] magnitudes:70000;    3302.1875 
[2023-12-14 18:21:25.361] magnitudes:200;  588970.0000 
[2023-12-14 18:21:25.392] magnitudes:500;  213675.9375 
[2023-12-14 18:21:25.408] magnitudes:800;  135115.0625 
[2023-12-14 18:21:25.440] magnitudes:1000; 6385901.4375 
[2023-12-14 18:21:25.472] magnitudes:2000;   41200.5000 
[2023-12-14 18:21:25.505] magnitudes:5000;   39739.1250 
[2023-12-14 18:21:25.536] magnitudes:8000;   33953.3125 
[2023-12-14 18:21:25.570] magnitudes:10000;   27511.5625 
[2023-12-14 18:21:25.584] magnitudes:15000;   19258.0625 
[2023-12-14 18:21:25.618] magnitudes:20000;   15374.6875 
[2023-12-14 18:21:25.648] magnitudes:30000;    9728.4375 
[2023-12-14 18:21:25.681] magnitudes:40000;    7326.6875 
[2023-12-14 18:21:25.713] magnitudes:50000;    5979.1250 
[2023-12-14 18:21:25.744] magnitudes:60000;    5586.8125 
[2023-12-14 18:21:25.760] magnitudes:70000;    5497.4375 
[2023-12-14 18:21:25.792] magnitudes:200;   60008.3750 
[2023-12-14 18:21:25.825] magnitudes:500;   60366.0625 
[2023-12-14 18:21:25.856] magnitudes:800;   62636.0000 
[2023-12-14 18:21:25.889] magnitudes:1000;   63642.0000 
[2023-12-14 18:21:25.921] magnitudes:2000;   66177.2500 
[2023-12-14 18:21:25.936] magnitudes:5000;   51581.6250 
[2023-12-14 18:21:25.969] magnitudes:8000;   37614.5625 
[2023-12-14 18:21:26.001] magnitudes:10000;   31374.1875 
[2023-12-14 18:21:26.033] magnitudes:15000;   21395.3750 
[2023-12-14 18:21:26.065] magnitudes:20000;   16200.7500 
[2023-12-14 18:21:26.097] magnitudes:30000;   10729.3125 
[2023-12-14 18:21:26.112] magnitudes:40000;    7964.1250 
[2023-12-14 18:21:26.145] magnitudes:50000;    6480.6875 
[2023-12-14 18:21:26.177] magnitudes:60000;    5823.7500 
[2023-12-14 18:21:26.211] magnitudes:70000;    5674.7500 
[2023-12-14 18:21:26.241] magnitudes:200;   60391.3125 
[2023-12-14 18:21:26.273] magnitudes:500;   60510.0000 
[2023-12-14 18:21:26.305] magnitudes:800;   62487.3750 
[2023-12-14 18:21:26.321] magnitudes:1000;   63042.5000 
[2023-12-14 18:21:26.353] magnitudes:2000;   65920.2500 
[2023-12-14 18:21:26.384] magnitudes:5000;   51893.1250 
[2023-12-14 18:21:26.416] magnitudes:8000;   37642.2500 
[2023-12-14 18:21:26.449] magnitudes:10000;   31301.7500 
[2023-12-14 18:21:26.480] magnitudes:15000;   21500.5000 
[2023-12-14 18:21:26.496] magnitudes:20000;   16213.8750 
[2023-12-14 18:21:26.528] magnitudes:30000;   10848.3125 
[2023-12-14 18:21:26.560] magnitudes:40000;    8274.5625 
[2023-12-14 18:21:26.592] magnitudes:50000;    6720.6875 
[2023-12-14 18:21:26.625] magnitudes:60000;    6112.4375 
[2023-12-14 18:21:26.656] magnitudes:70000;    6034.0000 
[2023-12-14 18:21:26.688] magnitudes:200;   60126.4375 
[2023-12-14 18:21:26.704] magnitudes:500;   60742.5625 
[2023-12-14 18:21:26.736] magnitudes:800;   62176.1250 
[2023-12-14 18:21:26.772] magnitudes:1000;   63195.3750 
[2023-12-14 18:21:26.801] magnitudes:2000;   66674.9375 
[2023-12-14 18:21:26.832] magnitudes:5000;   53207.4375 
[2023-12-14 18:21:26.865] magnitudes:8000;   38860.2500 
[2023-12-14 18:21:26.880] magnitudes:10000;   32293.0625 
[2023-12-14 18:21:26.912] magnitudes:15000;   22341.6875 
[2023-12-14 18:21:26.945] magnitudes:20000;   16804.5625 
[2023-12-14 18:21:26.976] magnitudes:30000;   11141.1250 
[2023-12-14 18:21:27.009] magnitudes:40000;    8400.3750 
[2023-12-14 18:21:27.040] magnitudes:50000;    6906.1875 
[2023-12-14 18:21:27.056] magnitudes:60000;    6068.0000 
[2023-12-14 18:21:27.088] magnitudes:70000;    5989.4375 
[2023-12-14 18:21:27.120] magnitudes:200;   60040.6250 
[2023-12-14 18:21:27.153] magnitudes:500;   60659.3750 
[2023-12-14 18:21:27.186] magnitudes:800;   62233.1250 
[2023-12-14 18:21:27.216] magnitudes:1000;   63317.1250 
[2023-12-14 18:21:27.249] magnitudes:2000;   66949.6875 
[2023-12-14 18:21:27.264] magnitudes:5000;   53852.5000 
[2023-12-14 18:21:27.296] magnitudes:8000;   39454.9375 
[2023-12-14 18:21:27.331] magnitudes:10000;   32803.1875 
[2023-12-14 18:21:27.361] magnitudes:15000;   22725.3750 
[2023-12-14 18:21:27.392] magnitudes:20000;   17086.0000 
[2023-12-14 18:21:27.424] magnitudes:30000;   11279.5000 
[2023-12-14 18:21:27.440] magnitudes:40000;    8441.6875 
[2023-12-14 18:21:27.473] magnitudes:50000;    6902.1250 
[2023-12-14 18:21:27.505] magnitudes:60000;    6116.9375 
[2023-12-14 18:21:27.537] magnitudes:70000;    5989.4375 
[2023-12-14 18:21:27.569] magnitudes:200;   60339.3750 
[2023-12-14 18:21:27.600] magnitudes:500;   60750.5000 
[2023-12-14 18:21:27.632] magnitudes:800;   62185.3125 
[2023-12-14 18:21:27.653] magnitudes:1000;   63341.0625 
[2023-12-14 18:21:27.680] magnitudes:2000;   66941.0000 
[2023-12-14 18:21:27.712] magnitudes:5000;   53937.6875 
[2023-12-14 18:21:27.745] magnitudes:8000;   39341.5000 
[2023-12-14 18:21:27.776] magnitudes:10000;   32528.8125 
[2023-12-14 18:21:27.808] magnitudes:15000;   22422.8125 
[2023-12-14 18:21:27.825] magnitudes:20000;   16863.5000 
[2023-12-14 18:21:27.857] magnitudes:30000;   11156.0625 
[2023-12-14 18:21:27.888] magnitudes:40000;    8136.2500 
[2023-12-14 18:21:27.920] magnitudes:50000;    6596.7500 
[2023-12-14 18:21:27.953] magnitudes:60000;    5708.0625 
[2023-12-14 18:21:27.985] magnitudes:70000;    5563.0625 
[2023-12-14 18:21:28.016] magnitudes:200;   58603.8125 
[2023-12-14 18:21:28.036] magnitudes:500;   59650.9375 
[2023-12-14 18:21:28.068] magnitudes:800;   60100.8750 
[2023-12-14 18:21:28.096] magnitudes:1000;   53568.2500 
[2023-12-14 18:21:28.128] magnitudes:2000;    3779.6250 
[2023-12-14 18:21:28.160] magnitudes:5000;   21828.4375 
[2023-12-14 18:21:28.176] magnitudes:8000;   13977.4375 
[2023-12-14 18:21:28.210] magnitudes:10000;   11141.4375 
[2023-12-14 18:21:28.241] magnitudes:15000;    7753.1875 
[2023-12-14 18:21:28.272] magnitudes:20000;    5840.3750 
[2023-12-14 18:21:28.304] magnitudes:30000;    4280.5000 
[2023-12-14 18:21:28.336] magnitudes:40000;    3436.9375 
[2023-12-14 18:21:28.353] magnitudes:50000;    3087.0000 
[2023-12-14 18:21:28.386] magnitudes:60000;    2916.6250 
[2023-12-14 18:21:28.416] magnitudes:70000;    3248.8125 
[2023-12-14 18:21:28.450] magnitudes:200;  677118.2500 
[2023-12-14 18:21:28.480] magnitudes:500;  259933.8750 
[2023-12-14 18:21:28.514] magnitudes:800;  132640.0625 
[2023-12-14 18:21:28.544] magnitudes:1000;  117383.0625 
[2023-12-14 18:21:28.560] magnitudes:2000;   55586.9375 
[2023-12-14 18:21:28.593] magnitudes:5000;   23056.6875 
[2023-12-14 18:21:28.624] magnitudes:8000;   14368.4375 
[2023-12-14 18:21:28.656] magnitudes:10000;   87714.5000 
[2023-12-14 18:21:28.688] magnitudes:15000;   15422.0625 
[2023-12-14 18:21:28.721] magnitudes:20000;   10029.6875 
[2023-12-14 18:21:28.736] magnitudes:30000;    7827.9375 
[2023-12-14 18:21:28.770] magnitudes:40000;    6781.6250 
[2023-12-14 18:21:28.800] magnitudes:50000;    5836.5000 
[2023-12-14 18:21:28.832] magnitudes:60000;    5575.3750 
[2023-12-14 18:21:28.864] magnitudes:70000;    5598.1250 
[2023-12-14 18:21:28.896] magnitudes:200;   46925.3750 
[2023-12-14 18:21:28.930] magnitudes:500;   47450.8125 
[2023-12-14 18:21:28.944] magnitudes:800;   48654.6250 
[2023-12-14 18:21:28.976] magnitudes:1000;   49582.0625 
[2023-12-14 18:21:29.008] magnitudes:2000;   53311.6250 
[2023-12-14 18:21:29.042] magnitudes:5000;   46086.5000 
[2023-12-14 18:21:29.073] magnitudes:8000;   34972.6250 
[2023-12-14 18:21:29.104] magnitudes:10000;   30421.5625 
[2023-12-14 18:21:29.121] magnitudes:15000;   21569.0625 
[2023-12-14 18:21:29.152] magnitudes:20000;   16821.3750 
[2023-12-14 18:21:29.185] magnitudes:30000;   11229.3125 
[2023-12-14 18:21:29.216] magnitudes:40000;    8501.3750 
[2023-12-14 18:21:29.249] magnitudes:50000;    7132.1250 
[2023-12-14 18:21:29.280] magnitudes:60000;    6257.1250 
[2023-12-14 18:21:29.295] magnitudes:70000;    6208.5625 
[2023-12-14 18:21:29.328] magnitudes:200;   47592.2500 
[2023-12-14 18:21:29.360] magnitudes:500;   47087.1875 
[2023-12-14 18:21:29.392] magnitudes:800;   48318.1250 
[2023-12-14 18:21:29.425] magnitudes:1000;   49441.7500 
[2023-12-14 18:21:29.456] magnitudes:2000;   53629.0625 
[2023-12-14 18:21:29.488] magnitudes:5000;   48602.0625 
[2023-12-14 18:21:29.504] magnitudes:8000;   37509.3750 
[2023-12-14 18:21:29.536] magnitudes:10000;   32078.7500 
[2023-12-14 18:21:29.568] magnitudes:15000;   22478.0000 
[2023-12-14 18:21:29.601] magnitudes:20000;   17312.7500 
[2023-12-14 18:21:29.633] magnitudes:30000;   11499.7500 
[2023-12-14 18:21:29.665] magnitudes:40000;    8814.1250 
[2023-12-14 18:21:29.681] magnitudes:50000;    7141.6875 
[2023-12-14 18:21:29.713] magnitudes:60000;    6407.0625 
[2023-12-14 18:21:29.744] magnitudes:70000;    6161.6875 
[2023-12-14 18:21:29.776] magnitudes:200;   47387.4375 
[2023-12-14 18:21:29.809] magnitudes:500;   47246.1250 
[2023-12-14 18:21:29.842] magnitudes:800;   48122.4375 
[2023-12-14 18:21:29.873] magnitudes:1000;   49357.1250 
[2023-12-14 18:21:29.888] magnitudes:2000;   53853.1250 
[2023-12-14 18:21:29.920] magnitudes:5000;   48606.5000 
[2023-12-14 18:21:29.952] magnitudes:8000;   37668.3750 
[2023-12-14 18:21:29.984] magnitudes:10000;   31992.6875 
[2023-12-14 18:21:30.016] magnitudes:15000;   22569.3125 
[2023-12-14 18:21:30.048] magnitudes:20000;   17330.0000 
[2023-12-14 18:21:30.064] magnitudes:30000;   11533.0625 
[2023-12-14 18:21:30.097] magnitudes:40000;    8788.0625 
[2023-12-14 18:21:30.128] magnitudes:50000;    7208.1875 
[2023-12-14 18:21:30.161] magnitudes:60000;    6692.2500 
[2023-12-14 18:21:30.193] magnitudes:70000;    6115.8750 
[2023-12-14 18:21:30.224] magnitudes:200;   47299.9375 
[2023-12-14 18:21:30.256] magnitudes:500;   46721.0625 
[2023-12-14 18:21:30.273] magnitudes:800;   48075.4375 
[2023-12-14 18:21:30.304] magnitudes:1000;   49322.8125 
[2023-12-14 18:21:30.336] magnitudes:2000;   54599.3125 
[2023-12-14 18:21:30.368] magnitudes:5000;   48411.8750 
[2023-12-14 18:21:30.400] magnitudes:8000;   32451.6875 
[2023-12-14 18:21:30.432] magnitudes:10000;   27721.6875 
[2023-12-14 18:21:30.448] magnitudes:15000;   19362.4375 
[2023-12-14 18:21:30.480] magnitudes:20000;   11575.9375 
[2023-12-14 18:21:30.514] magnitudes:30000;    3845.2500 
[2023-12-14 18:21:30.545] magnitudes:40000;    3344.4375 
[2023-12-14 18:21:30.576] magnitudes:50000;    3047.1250 
[2023-12-14 18:21:30.593] magnitudes:60000;    2890.7500 
[2023-12-14 18:21:30.624] magnitudes:70000;    3248.8125 
[2023-12-14 18:21:30.656] magnitudes:200;  646713.6875 
[2023-12-14 18:21:30.688] magnitudes:500;  264737.4375 
[2023-12-14 18:21:30.721] magnitudes:800;  137094.7500 
[2023-12-14 18:21:30.752] magnitudes:1000;  111709.0625 
[2023-12-14 18:21:30.784] magnitudes:2000;   57433.5000 
[2023-12-14 18:21:30.804] magnitudes:5000;   22904.5000 
[2023-12-14 18:21:30.832] magnitudes:8000;   14711.0625 
[2023-12-14 18:21:30.864] magnitudes:10000;   11567.6250 
[2023-12-14 18:21:30.896] magnitudes:15000;    7942.4375 
[2023-12-14 18:21:30.928] magnitudes:20000;    5924.8125 
[2023-12-14 18:21:30.961] magnitudes:30000;    4234.9375 
[2023-12-14 18:21:30.976] magnitudes:40000;    3253.6875 
[2023-12-14 18:21:31.008] magnitudes:50000;    4592.8125 
[2023-12-14 18:21:31.040] magnitudes:60000;    5040.0625 
[2023-12-14 18:21:31.072] magnitudes:70000;    5423.2500 
[2023-12-14 18:21:31.104] magnitudes:200;   51528.7500 
[2023-12-14 18:21:31.136] magnitudes:500;   52802.2500 
[2023-12-14 18:21:31.169] magnitudes:800;   53888.4375 
[2023-12-14 18:21:31.189] magnitudes:1000;   54234.1875 
[2023-12-14 18:21:31.216] magnitudes:2000;   57774.9375 
[2023-12-14 18:21:31.249] magnitudes:5000;   51591.4375 
[2023-12-14 18:21:31.280] magnitudes:8000;   40098.1875 
[2023-12-14 18:21:31.313] magnitudes:10000;   34171.4375 
[2023-12-14 18:21:31.344] magnitudes:15000;   24385.0625 
[2023-12-14 18:21:31.360] magnitudes:20000;   18566.2500 
[2023-12-14 18:21:31.392] magnitudes:30000;   12378.6875 
[2023-12-14 18:21:31.424] magnitudes:40000;    9287.2500 
[2023-12-14 18:21:31.456] magnitudes:50000;    7738.0625 
[2023-12-14 18:21:31.488] magnitudes:60000;    7009.0000 
[2023-12-14 18:21:31.520] magnitudes:70000;    6664.2500 
[2023-12-14 18:21:31.555] magnitudes:200;   50783.0000 
[2023-12-14 18:21:31.573] magnitudes:500;   50766.6875 
[2023-12-14 18:21:31.600] magnitudes:800;   52377.2500 
[2023-12-14 18:21:31.634] magnitudes:1000;   53580.9375 
[2023-12-14 18:21:31.664] magnitudes:2000;   58811.4375 
[2023-12-14 18:21:31.696] magnitudes:5000;   53568.3750 
[2023-12-14 18:21:31.729] magnitudes:8000;   41536.9375 
[2023-12-14 18:21:31.745] magnitudes:10000;   35262.1875 
[2023-12-14 18:21:31.776] magnitudes:15000;   24972.1875 
[2023-12-14 18:21:31.809] magnitudes:20000;   18965.7500 
[2023-12-14 18:21:31.841] magnitudes:30000;   12669.0625 
[2023-12-14 18:21:31.872] magnitudes:40000;    9598.6875 
[2023-12-14 18:21:31.904] magnitudes:50000;    7985.5000 
[2023-12-14 18:21:31.923] magnitudes:60000;    7175.3750 
[2023-12-14 18:21:31.956] magnitudes:70000;    7090.6875 
[2023-12-14 18:21:31.986] magnitudes:200;   50996.9375 
[2023-12-14 18:21:32.016] magnitudes:500;   50792.2500 
[2023-12-14 18:21:32.050] magnitudes:800;   52443.5000 
[2023-12-14 18:21:32.080] magnitudes:1000;   53574.5000 
[2023-12-14 18:21:32.113] magnitudes:2000;   59123.7500 
[2023-12-14 18:21:32.128] magnitudes:5000;   54571.7500 
[2023-12-14 18:21:32.160] magnitudes:8000;   42184.0625 
[2023-12-14 18:21:32.192] magnitudes:10000;   35843.6875 
[2023-12-14 18:21:32.225] magnitudes:15000;   25261.8750 
[2023-12-14 18:21:32.256] magnitudes:20000;   19163.0625 
[2023-12-14 18:21:32.288] magnitudes:30000;   12789.5625 
[2023-12-14 18:21:32.306] magnitudes:40000;    9664.7500 
[2023-12-14 18:21:32.339] magnitudes:50000;    7945.5000 
[2023-12-14 18:21:32.369] magnitudes:60000;    7175.3750 
[2023-12-14 18:21:32.400] magnitudes:70000;    7037.1250 
[2023-12-14 18:21:32.433] magnitudes:200;   50659.8125 
[2023-12-14 18:21:32.465] magnitudes:500;   50923.3750 
[2023-12-14 18:21:32.496] magnitudes:800;   52417.6875 
[2023-12-14 18:21:32.512] magnitudes:1000;   53511.0625 
[2023-12-14 18:21:32.544] magnitudes:2000;   59065.3125 
[2023-12-14 18:21:32.576] magnitudes:5000;   54452.1875 
[2023-12-14 18:21:32.608] magnitudes:8000;   42056.3750 
[2023-12-14 18:21:32.640] magnitudes:10000;   35714.5625 
[2023-12-14 18:21:32.657] magnitudes:15000;   25174.5000 
[2023-12-14 18:21:32.689] magnitudes:20000;   19195.3750 
[2023-12-14 18:21:32.720] magnitudes:30000;   12770.9375 
[2023-12-14 18:21:32.752] magnitudes:40000;    9698.3125 
[2023-12-14 18:21:32.784] magnitudes:50000;    8004.1875 
[2023-12-14 18:21:32.816] magnitudes:60000;    7106.5625 
[2023-12-14 18:21:32.832] magnitudes:70000;    7037.1250 
[2023-12-14 18:21:32.864] magnitudes:200;   50190.3125 
[2023-12-14 18:21:32.896] magnitudes:500;   50779.3750 
[2023-12-14 18:21:32.929] magnitudes:800;   52453.5625 
[2023-12-14 18:21:32.961] magnitudes:1000;   53671.8125 
[2023-12-14 18:21:32.992] magnitudes:2000;   59234.2500 
[2023-12-14 18:21:33.025] magnitudes:5000;   54725.6250 
[2023-12-14 18:21:33.040] magnitudes:8000;   42310.5625 
[2023-12-14 18:21:33.072] magnitudes:10000;   35924.1250 
[2023-12-14 18:21:33.104] magnitudes:15000;   25362.0625 
[2023-12-14 18:21:33.136] magnitudes:20000;   19328.1250 
[2023-12-14 18:21:33.168] magnitudes:30000;   12872.0625 
[2023-12-14 18:21:33.200] magnitudes:40000;    9726.8750 
[2023-12-14 18:21:33.216] magnitudes:50000;    7964.1875 
[2023-12-14 18:21:33.248] magnitudes:60000;    7106.5625 
[2023-12-14 18:21:33.280] magnitudes:70000;    6984.8125 
[2023-12-14 18:21:33.312] magnitudes:200;   50499.0000 
[2023-12-14 18:21:33.344] magnitudes:500;   50983.1250 
[2023-12-14 18:21:33.376] magnitudes:800;   52381.0000 
[2023-12-14 18:21:33.408] magnitudes:1000;   53580.0625 
[2023-12-14 18:21:33.424] magnitudes:2000;   59179.3750 
[2023-12-14 18:21:33.456] magnitudes:5000;   54646.5625 
[2023-12-14 18:21:33.488] magnitudes:8000;   42268.7500 
[2023-12-14 18:21:33.520] magnitudes:10000;   35932.1250 
[2023-12-14 18:21:33.554] magnitudes:15000;   25477.3125 
[2023-12-14 18:21:33.584] magnitudes:20000;   19457.7500 
[2023-12-14 18:21:33.600] magnitudes:30000;   13043.8125 
[2023-12-14 18:21:33.632] magnitudes:40000;    9929.0000 
[2023-12-14 18:21:33.665] magnitudes:50000;    8308.5625 
[2023-12-14 18:21:33.696] magnitudes:60000;    7370.9375 
[2023-12-14 18:21:33.729] magnitudes:70000;    6161.6875 
[2023-12-14 18:21:33.762] magnitudes:200;   47023.2500 
[2023-12-14 18:21:33.794] magnitudes:500;  215971.3750 
[2023-12-14 18:21:33.808] magnitudes:800;  148935.3125 
[2023-12-14 18:21:33.841] magnitudes:1000;  108559.0625 
[2023-12-14 18:21:33.872] magnitudes:2000;   57078.5000 
[2023-12-14 18:21:33.904] magnitudes:5000;   22806.3125 
[2023-12-14 18:21:33.936] magnitudes:8000;   14907.4375 
[2023-12-14 18:21:33.969] magnitudes:10000;   11810.0000 
[2023-12-14 18:21:33.985] magnitudes:15000;    8146.2500 
[2023-12-14 18:21:34.016] magnitudes:20000;    6273.2500 
[2023-12-14 18:21:34.049] magnitudes:30000;    4290.8125 
[2023-12-14 18:21:34.080] magnitudes:40000;    3474.1250 
[2023-12-14 18:21:34.112] magnitudes:50000;    2988.1875 
[2023-12-14 18:21:34.145] magnitudes:60000;    3137.9375 
[2023-12-14 18:21:34.161] magnitudes:70000;    3146.3125 
[2023-12-14 18:21:34.192] magnitudes:200;  840149.0000 
[2023-12-14 18:21:34.224] magnitudes:500;  268675.7500 
[2023-12-14 18:21:34.257] magnitudes:800;  161260.2500 
[2023-12-14 18:21:34.288] magnitudes:1000;  122308.9375 
[2023-12-14 18:21:34.320] magnitudes:2000;   62891.2500 
[2023-12-14 18:21:34.353] magnitudes:5000;   24222.4375 
[2023-12-14 18:21:34.368] magnitudes:8000;   15962.0000 
[2023-12-14 18:21:34.400] magnitudes:10000;   12534.6250 
[2023-12-14 18:21:34.433] magnitudes:15000;    8695.6875 
[2023-12-14 18:21:34.465] magnitudes:20000;    6505.4375 
[2023-12-14 18:21:34.496] magnitudes:30000;    4864.4375 
[2023-12-14 18:21:34.529] magnitudes:40000;    3803.9375 
[2023-12-14 18:21:34.544] magnitudes:50000;    3331.3750 
[2023-12-14 18:21:34.576] magnitudes:60000;    3292.6875 
[2023-12-14 18:21:34.608] magnitudes:70000;    3521.8750 
[2023-12-14 18:21:34.640] magnitudes:200;  828637.4375 
[2023-12-14 18:21:34.672] magnitudes:500;  275932.0000 
[2023-12-14 18:21:34.704] magnitudes:800;  164653.1875 
[2023-12-14 18:21:34.736] magnitudes:1000;  129684.4375 
[2023-12-14 18:21:34.752] magnitudes:2000;   64858.8125 
[2023-12-14 18:21:34.784] magnitudes:5000;   26116.5000 
[2023-12-14 18:21:34.817] magnitudes:8000;   16439.3750 
[2023-12-14 18:21:34.848] magnitudes:10000;   13131.8750 
[2023-12-14 18:21:34.882] magnitudes:15000;    8915.3125 
[2023-12-14 18:21:34.896] magnitudes:20000;    6800.2500 
[2023-12-14 18:21:34.928] magnitudes:30000;    4782.3750 
[2023-12-14 18:21:34.960] magnitudes:40000;    3892.5000 
[2023-12-14 18:21:34.992] magnitudes:50000;    3507.7500 
[2023-12-14 18:21:35.024] magnitudes:60000;    3348.4375 
[2023-12-14 18:21:35.057] magnitudes:70000;    3576.1875 
[2023-12-14 18:21:35.089] magnitudes:200;  845197.0000 
[2023-12-14 18:21:35.108] magnitudes:500;  281914.1250 
[2023-12-14 18:21:35.135] magnitudes:800;  164956.0000 
[2023-12-14 18:21:35.168] magnitudes:1000;  131271.8125 
[2023-12-14 18:21:35.200] magnitudes:2000;   64858.8125 
[2023-12-14 18:21:35.232] magnitudes:5000;   26000.6875 
[2023-12-14 18:21:35.264] magnitudes:8000;   16439.3750 
[2023-12-14 18:21:35.280] magnitudes:10000;   13189.0625 
[2023-12-14 18:21:35.312] magnitudes:15000;    8915.3125 
[2023-12-14 18:21:35.344] magnitudes:20000;    6800.2500 
[2023-12-14 18:21:35.376] magnitudes:30000;    4782.3750 
[2023-12-14 18:21:35.409] magnitudes:40000;    3828.0625 
[2023-12-14 18:21:35.441] magnitudes:50000;    3523.8125 
[2023-12-14 18:21:35.459] magnitudes:60000;    3348.4375 
[2023-12-14 18:21:35.491] magnitudes:70000;    3576.1875 
[2023-12-14 18:21:35.522] magnitudes:200;  845034.7500 
[2023-12-14 18:21:35.552] magnitudes:500;  269949.0000 
[2023-12-14 18:21:35.584] magnitudes:800;  164956.0000 
[2023-12-14 18:21:35.616] magnitudes:1000;  129684.4375 
[2023-12-14 18:21:35.649] magnitudes:2000;   64134.5625 
[2023-12-14 18:21:35.664] magnitudes:5000;   26269.5625 
[2023-12-14 18:21:35.696] magnitudes:8000;   16439.3750 
[2023-12-14 18:21:35.728] magnitudes:10000;   13189.0625 
[2023-12-14 18:21:35.760] magnitudes:15000;    8915.3125 
[2023-12-14 18:21:35.792] magnitudes:20000;    6800.2500 
[2023-12-14 18:21:35.824] magnitudes:30000;    4782.3750 
[2023-12-14 18:21:35.843] magnitudes:40000;    3901.0000 
[2023-12-14 18:21:35.876] magnitudes:50000;    3523.8125 
[2023-12-14 18:21:35.904] magnitudes:60000;    3348.4375 
[2023-12-14 18:21:35.936] magnitudes:70000;    3576.1875 
[2023-12-14 18:21:35.969] magnitudes:200;  870312.8750 
[2023-12-14 18:21:36.000] magnitudes:500;  273213.6250 
[2023-12-14 18:21:36.033] magnitudes:800;  164956.0000 
[2023-12-14 18:21:36.048] magnitudes:1000;  131271.8125 
[2023-12-14 18:21:36.080] magnitudes:2000;   64858.8125 
[2023-12-14 18:21:36.112] magnitudes:5000;   26116.5000 
[2023-12-14 18:21:36.146] magnitudes:8000;   16229.0000 
[2023-12-14 18:21:36.176] magnitudes:10000;   13189.0625 
[2023-12-14 18:21:36.207] magnitudes:15000;    8915.3125 
[2023-12-14 18:21:36.224] magnitudes:20000;    6841.9375 
[2023-12-14 18:21:36.261] magnitudes:30000;    4782.3750 
[2023-12-14 18:21:36.289] magnitudes:40000;    3901.0000 
[2023-12-14 18:21:36.320] magnitudes:50000;    3523.8125 
[2023-12-14 18:21:36.352] magnitudes:60000;    3348.4375 
[2023-12-14 18:21:36.384] magnitudes:70000;    3576.1875 
[2023-12-14 18:21:36.416] magnitudes:200;  828306.3125 
[2023-12-14 18:21:36.432] magnitudes:500;  266486.0000 
[2023-12-14 18:21:36.464] magnitudes:800;  166960.3750 
[2023-12-14 18:21:36.496] magnitudes:1000;  131271.8125 
[2023-12-14 18:21:36.528] magnitudes:2000;   64858.8125 
[2023-12-14 18:21:36.560] magnitudes:5000;   26000.6875 
[2023-12-14 18:21:36.592] magnitudes:8000;   16229.0000 
[2023-12-14 18:21:36.608] magnitudes:10000;   13131.8750 
[2023-12-14 18:21:36.651] magnitudes:15000;    8919.8750 
[2023-12-14 18:21:36.672] magnitudes:20000;    6841.9375 
[2023-12-14 18:21:36.704] magnitudes:30000;    4798.1250 
[2023-12-14 18:21:36.736] magnitudes:40000;    4016.5625 
[2023-12-14 18:21:36.768] magnitudes:50000;    3507.7500 
[2023-12-14 18:21:36.784] magnitudes:60000;    3348.4375 
[2023-12-14 18:21:36.816] magnitudes:70000;    3576.1875 
[2023-12-14 18:21:36.848] magnitudes:200;  796208.6875 
[2023-12-14 18:21:36.880] magnitudes:500;  242415.4375 
[2023-12-14 18:21:36.912] magnitudes:800;  166960.3750 
[2023-12-14 18:21:36.944] magnitudes:1000;  129684.4375 
[2023-12-14 18:21:36.976] magnitudes:2000;   64858.8125 
[2023-12-14 18:21:36.996] magnitudes:5000;   26116.5000 
[2023-12-14 18:21:37.032] magnitudes:8000;   16229.0000 
[2023-12-14 18:21:37.056] magnitudes:10000;   13131.8750 
[2023-12-14 18:21:37.088] magnitudes:15000;    8915.3125 
[2023-12-14 18:21:37.120] magnitudes:20000;    6800.2500 
[2023-12-14 18:21:37.135] magnitudes:30000;    4782.3750 
[2023-12-14 18:21:37.168] magnitudes:40000;    3968.1250 
[2023-12-14 18:21:37.200] magnitudes:50000;    3507.7500 
[2023-12-14 18:21:37.232] magnitudes:60000;    3348.4375 
[2023-12-14 18:21:37.265] magnitudes:70000;    3576.1875 
[2023-12-14 18:21:37.297] magnitudes:200;  811739.9375 
[2023-12-14 18:21:37.328] magnitudes:500;  248453.5000 
[2023-12-14 18:21:37.344] magnitudes:800;  166960.3750 
[2023-12-14 18:21:37.382] magnitudes:1000;  129684.4375 
[2023-12-14 18:21:37.407] magnitudes:2000;   64858.8125 
[2023-12-14 18:21:37.440] magnitudes:5000;   26116.5000 
[2023-12-14 18:21:37.472] magnitudes:8000;   16544.6875 
[2023-12-14 18:21:37.504] magnitudes:10000;   13230.6875 
[2023-12-14 18:21:37.520] magnitudes:15000;    8915.3125 
[2023-12-14 18:21:37.552] magnitudes:20000;    6841.9375 
[2023-12-14 18:21:37.584] magnitudes:30000;    4782.3750 
[2023-12-14 18:21:37.616] magnitudes:40000;    4016.5625 
[2023-12-14 18:21:37.650] magnitudes:50000;    3535.5000 
