
[2023-12-14 18:19:12.222] magnitudes:30000;    6110.0625 
[2023-12-14 18:19:12.250] magnitudes:40000;    4955.5625 
[2023-12-14 18:19:12.250] magnitudes:50000;    4290.1250 
[2023-12-14 18:19:12.250] magnitudes:60000;    4052.6250 
[2023-12-14 18:19:12.250] magnitudes:70000;    4324.8750 
[2023-12-14 18:19:12.250] magnitudes:200;  915643.7500 
[2023-12-14 18:19:12.250] magnitudes:500;  388761.2500 
[2023-12-14 18:19:12.250] magnitudes:800;  176823.0000 
[2023-12-14 18:19:12.250] magnitudes:1000;  137373.9375 
[2023-12-14 18:19:12.250] magnitudes:2000;   67480.0000 
[2023-12-14 18:19:12.250] magnitudes:5000;   27554.0000 
[2023-12-14 18:19:12.250] magnitudes:8000;   17381.9375 
[2023-12-14 18:19:12.250] magnitudes:10000;   13768.9375 
[2023-12-14 18:19:12.250] magnitudes:15000;    9403.2500 
[2023-12-14 18:19:12.250] magnitudes:20000;    7173.9375 
[2023-12-14 18:19:12.250] magnitudes:30000;    5062.9375 
[2023-12-14 18:19:12.250] magnitudes:40000;    4186.0000 
[2023-12-14 18:19:12.250] magnitudes:50000;    3725.5000 
[2023-12-14 18:19:12.250] magnitudes:60000;    3526.8750 
[2023-12-14 18:19:12.250] magnitudes:70000;    3806.7500 
[2023-12-14 18:19:12.250] magnitudes:200;  820650.3750 
[2023-12-14 18:19:12.250] magnitudes:500;  262726.5000 
[2023-12-14 18:19:12.250] magnitudes:800;  175964.6875 
[2023-12-14 18:19:12.250] magnitudes:1000;  137373.9375 
[2023-12-14 18:19:12.250] magnitudes:2000;   67480.0000 
[2023-12-14 18:19:12.250] magnitudes:5000;   27290.3750 
[2023-12-14 18:19:12.250] magnitudes:8000;   17381.9375 
[2023-12-14 18:19:12.250] magnitudes:10000;   13833.7500 
[2023-12-14 18:19:12.250] magnitudes:15000;    9358.8125 
[2023-12-14 18:19:12.250] magnitudes:20000;    7183.9375 
[2023-12-14 18:19:12.250] magnitudes:30000;    5060.8125 
[2023-12-14 18:19:12.250] magnitudes:40000;    4052.0625 
[2023-12-14 18:19:12.250] magnitudes:50000;    3554.1250 
[2023-12-14 18:19:12.263] magnitudes:60000;    3526.8750 
[2023-12-14 18:19:12.263] magnitudes:70000;    3806.7500 
[2023-12-14 18:19:12.263] magnitudes:200;  853115.0625 
[2023-12-14 18:19:12.263] magnitudes:500;  304563.1250 
[2023-12-14 18:19:12.263] magnitudes:800;  175964.6875 
[2023-12-14 18:19:12.263] magnitudes:1000;  135706.1875 
[2023-12-14 18:19:12.263] magnitudes:2000;   67844.8125 
[2023-12-14 18:19:12.263] magnitudes:5000;   27554.0000 
[2023-12-14 18:19:12.263] magnitudes:8000;   17381.9375 
[2023-12-14 18:19:12.263] magnitudes:10000;   14034.1875 
[2023-12-14 18:19:12.263] magnitudes:15000;    9497.0625 
[2023-12-14 18:19:12.263] magnitudes:20000;    7273.0000 
[2023-12-14 18:19:12.263] magnitudes:30000;    5062.9375 
[2023-12-14 18:19:12.263] magnitudes:40000;    4251.9375 
[2023-12-14 18:19:12.263] magnitudes:50000;    3743.3750 
[2023-12-14 18:19:12.263] magnitudes:60000;    3526.8750 
[2023-12-14 18:19:12.263] magnitudes:70000;    3806.7500 
[2023-12-14 18:19:12.263] magnitudes:200;  919681.1250 
[2023-12-14 18:19:12.263] magnitudes:500;  300572.2500 
[2023-12-14 18:19:12.263] magnitudes:800;  175964.6875 
[2023-12-14 18:19:12.263] magnitudes:1000;  136271.5000 
[2023-12-14 18:19:12.263] magnitudes:2000;   69423.8750 
[2023-12-14 18:19:12.263] magnitudes:5000;   28037.8750 
[2023-12-14 18:19:12.263] magnitudes:8000;   17381.9375 
[2023-12-14 18:19:12.263] magnitudes:10000;   14034.1875 
[2023-12-14 18:19:12.263] magnitudes:15000;    9537.2500 
[2023-12-14 18:19:12.263] magnitudes:20000;    7287.5625 
[2023-12-14 18:19:12.263] magnitudes:30000;    5062.9375 
[2023-12-14 18:19:12.263] magnitudes:40000;    4138.5000 
[2023-12-14 18:19:12.263] magnitudes:50000;    3743.3750 
[2023-12-14 18:19:12.263] magnitudes:60000;    3526.8750 
[2023-12-14 18:19:12.280] magnitudes:70000;    3806.7500 
[2023-12-14 18:19:12.280] magnitudes:200;  804438.4375 
[2023-12-14 18:19:12.280] magnitudes:500;  305193.1875 
[2023-12-14 18:19:12.280] magnitudes:800;  178102.8125 
[2023-12-14 18:19:12.280] magnitudes:1000;  137713.5625 
[2023-12-14 18:19:12.280] magnitudes:2000;   69423.8750 
[2023-12-14 18:19:12.280] magnitudes:5000;   27874.5000 
[2023-12-14 18:19:12.280] magnitudes:8000;   17501.1875 
[2023-12-14 18:19:12.280] magnitudes:10000;   14034.1875 
[2023-12-14 18:19:12.280] magnitudes:15000;    9542.1250 
[2023-12-14 18:19:12.280] magnitudes:20000;    7297.6875 
[2023-12-14 18:19:12.280] magnitudes:30000;    5062.9375 
[2023-12-14 18:19:12.280] magnitudes:40000;    4261.4375 
[2023-12-14 18:19:12.280] magnitudes:50000;    3743.3750 
[2023-12-14 18:19:12.280] magnitudes:60000;    3526.8750 
[2023-12-14 18:19:12.280] magnitudes:70000;    3806.7500 
[2023-12-14 18:19:12.280] magnitudes:200;  830952.6875 
[2023-12-14 18:19:12.280] magnitudes:500;  319600.1875 
[2023-12-14 18:19:12.280] magnitudes:800;  178102.8125 
[2023-12-14 18:19:12.280] magnitudes:1000;  136271.5000 
[2023-12-14 18:19:12.280] magnitudes:2000;   68250.1875 
[2023-12-14 18:19:12.280] magnitudes:5000;   28037.8750 
[2023-12-14 18:19:12.280] magnitudes:8000;   17403.8750 
[2023-12-14 18:19:12.280] magnitudes:10000;   14080.6250 
[2023-12-14 18:19:12.280] magnitudes:15000;    9497.0625 
[2023-12-14 18:19:12.280] magnitudes:20000;    7297.6875 
[2023-12-14 18:19:12.280] magnitudes:30000;    5080.7500 
[2023-12-14 18:19:12.280] magnitudes:40000;    4277.0000 
[2023-12-14 18:19:12.280] magnitudes:50000;    3847.1250 
[2023-12-14 18:19:12.280] magnitudes:60000;    3526.8750 
[2023-12-14 18:19:12.280] magnitudes:70000;    3806.7500 
[2023-12-14 18:19:12.294] magnitudes:200;  737145.8750 
[2023-12-14 18:19:12.294] magnitudes:500;  318912.5625 
[2023-12-14 18:19:12.294] magnitudes:800;  178102.8125 
[2023-12-14 18:19:12.294] magnitudes:1000;  137713.5625 
[2023-12-14 18:19:12.294] magnitudes:2000;   68610.9375 
[2023-12-14 18:19:12.294] magnitudes:5000;   27874.5000 
[2023-12-14 18:19:12.294] magnitudes:8000;   17629.5000 
[2023-12-14 18:19:12.294] magnitudes:10000;   14080.6250 
[2023-12-14 18:19:12.294] magnitudes:15000;    9537.2500 
[2023-12-14 18:19:12.294] magnitudes:20000;    7297.6875 
[2023-12-14 18:19:12.294] magnitudes:30000;    5080.7500 
[2023-12-14 18:19:12.294] magnitudes:40000;    4251.9375 
[2023-12-14 18:19:12.294] magnitudes:50000;    3743.3750 
[2023-12-14 18:19:12.294] magnitudes:60000;    3558.5000 
[2023-12-14 18:19:12.294] magnitudes:70000;    3806.7500 
[2023-12-14 18:19:12.294] magnitudes:200;  779312.4375 
[2023-12-14 18:19:12.294] magnitudes:500;  304176.4375 
[2023-12-14 18:19:12.294] magnitudes:800;  180268.1250 
[2023-12-14 18:19:12.294] magnitudes:1000;  136271.5000 
[2023-12-14 18:19:12.294] magnitudes:2000;   70207.8750 
[2023-12-14 18:19:12.294] magnitudes:5000;   27874.5000 
[2023-12-14 18:19:12.294] magnitudes:8000;   17629.5000 
[2023-12-14 18:19:12.294] magnitudes:10000;   14034.1875 
[2023-12-14 18:19:12.294] magnitudes:15000;    9537.2500 
[2023-12-14 18:19:12.294] magnitudes:20000;    7297.6875 
[2023-12-14 18:19:12.294] magnitudes:30000;    5080.7500 
[2023-12-14 18:19:12.294] magnitudes:40000;    4191.8125 
[2023-12-14 18:19:12.294] magnitudes:50000;    3743.3750 
[2023-12-14 18:19:12.294] magnitudes:60000;    3558.5000 
[2023-12-14 18:19:12.294] magnitudes:70000;    3806.7500 
[2023-12-14 18:19:12.294] magnitudes:200;  853276.0625 
[2023-12-14 18:19:12.294] magnitudes:500;  288533.8125 
[2023-12-14 18:19:12.310] magnitudes:800;  180268.1250 
[2023-12-14 18:19:12.310] magnitudes:1000;  139399.1875 
[2023-12-14 18:19:12.310] magnitudes:2000;   70207.8750 
[2023-12-14 18:19:12.310] magnitudes:5000;   27874.5000 
[2023-12-14 18:19:12.310] magnitudes:8000;   17403.8750 
[2023-12-14 18:19:12.310] magnitudes:10000;   14100.2500 
[2023-12-14 18:19:12.310] magnitudes:15000;    9537.2500 
[2023-12-14 18:19:12.310] magnitudes:20000;    7297.6875 
[2023-12-14 18:19:12.310] magnitudes:30000;    5080.7500 
[2023-12-14 18:19:12.310] magnitudes:40000;    4191.8125 
[2023-12-14 18:19:12.310] magnitudes:50000;    3743.3750 
[2023-12-14 18:19:12.310] magnitudes:60000;    3558.5000 
[2023-12-14 18:19:12.310] magnitudes:70000;    3806.7500 
[2023-12-14 18:19:12.310] magnitudes:200;  803414.4375 
[2023-12-14 18:19:12.310] magnitudes:500;  314842.1250 
[2023-12-14 18:19:12.310] magnitudes:800;  178102.8125 
[2023-12-14 18:19:12.310] magnitudes:1000;  137373.9375 
[2023-12-14 18:19:12.310] magnitudes:2000;   70207.8750 
[2023-12-14 18:19:12.310] magnitudes:5000;   27874.5000 
[2023-12-14 18:19:12.310] magnitudes:8000;   17607.2500 
[2023-12-14 18:19:12.310] magnitudes:10000;   14100.2500 
[2023-12-14 18:19:12.310] magnitudes:15000;    9537.2500 
[2023-12-14 18:19:12.310] magnitudes:20000;    7297.6875 
[2023-12-14 18:19:12.310] magnitudes:30000;    5062.9375 
[2023-12-14 18:19:12.310] magnitudes:40000;    4138.5000 
[2023-12-14 18:19:12.310] magnitudes:50000;    3743.3750 
[2023-12-14 18:19:12.310] magnitudes:60000;    3526.8750 
[2023-12-14 18:19:12.310] magnitudes:70000;    3806.7500 
[2023-12-14 18:19:12.310] magnitudes:200;  895184.0625 
[2023-12-14 18:19:12.310] magnitudes:500;  259909.0625 
[2023-12-14 18:19:12.310] magnitudes:800;  178102.8125 
[2023-12-14 18:19:12.326] magnitudes:1000;  136271.5000 
[2023-12-14 18:19:12.326] magnitudes:2000;   70207.8750 
[2023-12-14 18:19:12.326] magnitudes:5000;   28037.8750 
[2023-12-14 18:19:12.326] magnitudes:8000;   17381.9375 
[2023-12-14 18:19:12.326] magnitudes:10000;   14034.1875 
[2023-12-14 18:19:12.326] magnitudes:15000;    9542.1250 
[2023-12-14 18:19:12.326] magnitudes:20000;    7297.6875 
[2023-12-14 18:19:12.326] magnitudes:30000;    5198.0625 
[2023-12-14 18:19:12.326] magnitudes:40000;    4261.4375 
[2023-12-14 18:19:12.326] magnitudes:50000;    3743.3750 
[2023-12-14 18:19:12.326] magnitudes:60000;    3558.5000 
[2023-12-14 18:19:12.326] magnitudes:70000;    3806.7500 
[2023-12-14 18:19:12.326] magnitudes:200;  887177.5625 
[2023-12-14 18:19:12.326] magnitudes:500;  271843.8750 
[2023-12-14 18:19:12.326] magnitudes:800;  177783.7500 
[2023-12-14 18:19:12.326] magnitudes:1000;  137939.5000 
[2023-12-14 18:19:12.326] magnitudes:2000;   70207.8750 
[2023-12-14 18:19:12.326] magnitudes:5000;   27874.5000 
[2023-12-14 18:19:12.326] magnitudes:8000;   17381.9375 
[2023-12-14 18:19:12.326] magnitudes:10000;   14034.1875 
[2023-12-14 18:19:12.326] magnitudes:15000;    9542.1250 
[2023-12-14 18:19:12.326] magnitudes:20000;    7312.1875 
[2023-12-14 18:19:12.326] magnitudes:30000;    5080.7500 
[2023-12-14 18:19:12.326] magnitudes:40000;    4075.8750 
[2023-12-14 18:19:12.326] magnitudes:50000;    3847.1250 
[2023-12-14 18:19:12.326] magnitudes:60000;    3526.8750 
[2023-12-14 18:19:12.326] magnitudes:70000;    3806.7500 
[2023-12-14 18:19:12.326] magnitudes:200;  856326.1250 
[2023-12-14 18:19:12.326] magnitudes:500;  268348.6875 
[2023-12-14 18:19:12.326] magnitudes:800;  177783.7500 
[2023-12-14 18:19:12.326] magnitudes:1000;  139399.1875 
[2023-12-14 18:19:12.326] magnitudes:2000;   70207.8750 
[2023-12-14 18:19:12.342] magnitudes:5000;   28037.8750 
[2023-12-14 18:19:12.342] magnitudes:8000;   17381.9375 
[2023-12-14 18:19:12.342] magnitudes:10000;   14080.6250 
[2023-12-14 18:19:12.342] magnitudes:15000;    9497.0625 
[2023-12-14 18:19:12.342] magnitudes:20000;    7297.6875 
[2023-12-14 18:19:12.342] magnitudes:30000;    5200.2500 
[2023-12-14 18:19:12.342] magnitudes:40000;    4138.5000 
[2023-12-14 18:19:12.342] magnitudes:50000;    3743.3750 
[2023-12-14 18:19:12.342] magnitudes:60000;    3558.5000 
[2023-12-14 18:19:12.342] magnitudes:70000;    3806.7500 
[2023-12-14 18:19:12.342] magnitudes:200;  836876.3125 
[2023-12-14 18:19:12.342] magnitudes:500;  255610.7500 
[2023-12-14 18:19:12.342] magnitudes:800;  177783.7500 
[2023-12-14 18:19:12.342] magnitudes:1000;  137713.5625 
[2023-12-14 18:19:12.342] magnitudes:2000;   68610.9375 
[2023-12-14 18:19:12.342] magnitudes:5000;   28037.8750 
[2023-12-14 18:19:12.342] magnitudes:8000;   17381.9375 
[2023-12-14 18:19:12.342] magnitudes:10000;   14147.3750 
[2023-12-14 18:19:12.342] magnitudes:15000;    9537.2500 
[2023-12-14 18:19:12.342] magnitudes:20000;    7297.6875 
[2023-12-14 18:19:12.342] magnitudes:30000;    5080.7500 
[2023-12-14 18:19:12.342] magnitudes:40000;    4201.3125 
[2023-12-14 18:19:12.342] magnitudes:50000;    3847.1250 
[2023-12-14 18:19:12.342] magnitudes:60000;    3526.8750 
[2023-12-14 18:19:12.342] magnitudes:70000;    3806.7500 
[2023-12-14 18:19:12.342] magnitudes:200;  732664.8750 
[2023-12-14 18:19:12.342] magnitudes:500;  269654.5000 
[2023-12-14 18:19:12.342] magnitudes:800;  177783.7500 
[2023-12-14 18:19:12.342] magnitudes:1000;  136271.5000 
[2023-12-14 18:19:12.342] magnitudes:2000;   70207.8750 
[2023-12-14 18:19:12.342] magnitudes:5000;   28037.8750 
[2023-12-14 18:19:12.358] magnitudes:8000;   17381.9375 
[2023-12-14 18:19:12.358] magnitudes:10000;   14034.1875 
[2023-12-14 18:19:12.358] magnitudes:15000;    9542.1250 
[2023-12-14 18:19:12.358] magnitudes:20000;    7322.5000 
[2023-12-14 18:19:12.358] magnitudes:30000;    5080.7500 
[2023-12-14 18:19:12.358] magnitudes:40000;    4153.5625 
[2023-12-14 18:19:12.358] magnitudes:50000;    3743.3750 
[2023-12-14 18:19:12.358] magnitudes:60000;    3558.5000 
[2023-12-14 18:19:12.358] magnitudes:70000;    3806.7500 
[2023-12-14 18:19:12.358] magnitudes:200;  795519.1250 
[2023-12-14 18:19:12.358] magnitudes:500;  308235.3750 
[2023-12-14 18:19:12.358] magnitudes:800;  175372.1250 
[2023-12-14 18:19:12.358] magnitudes:1000;  139399.1875 
[2023-12-14 18:19:12.358] magnitudes:2000;   70207.8750 
[2023-12-14 18:19:12.358] magnitudes:5000;   27874.5000 
[2023-12-14 18:19:12.358] magnitudes:8000;   17501.1875 
[2023-12-14 18:19:12.358] magnitudes:10000;   14034.1875 
[2023-12-14 18:19:12.358] magnitudes:15000;    9501.8125 
[2023-12-14 18:19:12.358] magnitudes:20000;    7297.6875 
[2023-12-14 18:19:12.358] magnitudes:30000;    5198.0625 
[2023-12-14 18:19:12.358] magnitudes:40000;    4251.9375 
[2023-12-14 18:19:12.358] magnitudes:50000;    3743.3750 
[2023-12-14 18:19:12.358] magnitudes:60000;    3558.5000 
[2023-12-14 18:19:12.358] magnitudes:70000;    3806.7500 
[2023-12-14 18:19:12.358] magnitudes:200;  812415.8750 
[2023-12-14 18:19:12.358] magnitudes:500;  301119.5000 
[2023-12-14 18:19:12.358] magnitudes:800;  175641.6875 
[2023-12-14 18:19:12.358] magnitudes:1000;  137713.5625 
[2023-12-14 18:19:12.358] magnitudes:2000;   68610.9375 
[2023-12-14 18:19:12.358] magnitudes:5000;   27874.5000 
[2023-12-14 18:19:12.358] magnitudes:8000;   17629.5000 
[2023-12-14 18:19:12.373] magnitudes:10000;   14034.1875 
[2023-12-14 18:19:12.373] magnitudes:15000;    9497.0625 
[2023-12-14 18:19:12.373] magnitudes:20000;    7273.0000 
[2023-12-14 18:19:12.373] magnitudes:30000;    5179.8750 
[2023-12-14 18:19:12.373] magnitudes:40000;    4138.5000 
[2023-12-14 18:19:12.373] magnitudes:50000;    3725.5000 
[2023-12-14 18:19:12.373] magnitudes:60000;    3558.5000 
[2023-12-14 18:19:12.373] magnitudes:70000;    3806.7500 
[2023-12-14 18:19:12.373] magnitudes:200; 1161050.3125 
[2023-12-14 18:19:12.373] magnitudes:500;  319943.5625 
[2023-12-14 18:19:12.373] magnitudes:800;  175641.6875 
[2023-12-14 18:19:12.373] magnitudes:1000;  136271.5000 
[2023-12-14 18:19:12.373] magnitudes:2000;   68610.9375 
[2023-12-14 18:19:12.373] magnitudes:5000;   27874.5000 
[2023-12-14 18:19:12.373] magnitudes:8000;   17381.9375 
[2023-12-14 18:19:12.373] magnitudes:10000;   14034.1875 
[2023-12-14 18:19:12.373] magnitudes:15000;    9537.2500 
[2023-12-14 18:19:12.373] magnitudes:20000;    7297.6875 
[2023-12-14 18:19:12.373] magnitudes:30000;    5198.0625 
[2023-12-14 18:19:12.373] magnitudes
[2023-12-14 18:19:12.373] magnitudes:70000;    3806.7500 
[2023-12-14 18:19:12.373] magnitudes:200;  854561.4375 
[2023-12-14 18:19:12.373] magnitudes:500;  316233.6875 
[2023-12-14 18:19:12.373] magnitudes:800;  177783.7500 
[2023-12-14 18:19:12.374] magnitudes:1000;  136271.5000 
[2023-12-14 18:19:12.399] magnitudes:2000;   70207.8750 
[2023-12-14 18:19:12.431] magnitudes:5000;   27874.5000 
[2023-12-14 18:19:12.464] magnitudes:8000;   17381.9375 
[2023-12-14 18:19:12.480] magnitudes:10000;   14034.1875 
[2023-12-14 18:19:12.512] magnitudes:15000;    9501.8125 
[2023-12-14 18:19:12.543] magnitudes:20000;    7297.6875 
[2023-12-14 18:19:12.575] magnitudes:30000;    5062.9375 
[2023-12-14 18:19:12.607] magnitudes:40000;    4186.0000 
[2023-12-14 18:19:12.640] magnitudes:50000;    3571.1875 
[2023-12-14 18:19:12.656] magnitudes:60000;    3558.5000 
[2023-12-14 18:19:12.687] magnitudes:70000;    3806.7500 
[2023-12-14 18:19:12.720] magnitudes:200; 1159631.0625 
[2023-12-14 18:19:12.752] magnitudes:500;  303841.4375 
[2023-12-14 18:19:12.784] magnitudes:800;  171056.1250 
[2023-12-14 18:19:12.815] magnitudes:1000;  373394.0000 
[2023-12-14 18:19:12.848] magnitudes:2000;   59748.6875 
[2023-12-14 18:19:12.864] magnitudes:5000;   34278.1875 
[2023-12-14 18:19:12.896] magnitudes:8000;   20284.1250 
[2023-12-14 18:19:12.929] magnitudes:10000;   15741.2500 
[2023-12-14 18:19:12.960] magnitudes:15000;   10623.1875 
[2023-12-14 18:19:12.991] magnitudes:20000;    7701.9375 
[2023-12-14 18:19:13.024] magnitudes:30000;    5384.8750 
[2023-12-14 18:19:13.043] magnitudes:40000;    4449.5625 
[2023-12-14 18:19:13.072] magnitudes:50000;    3898.3125 
[2023-12-14 18:19:13.104] magnitudes:60000;    3912.5000 
[2023-12-14 18:19:13.135] magnitudes:70000;    3871.1875 
[2023-12-14 18:19:13.168] magnitudes:200; 1110548.2500 
[2023-12-14 18:19:13.199] magnitudes:500;  344622.0625 
[2023-12-14 18:19:13.232] magnitudes:800;  177517.3750 
[2023-12-14 18:19:13.247] magnitudes:1000;  150119.0625 
[2023-12-14 18:19:13.279] magnitudes:2000;   74106.0000 
[2023-12-14 18:19:13.311] magnitudes:5000;   31013.6250 
[2023-12-14 18:19:13.344] magnitudes:8000;   19374.3750 
[2023-12-14 18:19:13.375] magnitudes:10000;   15410.1875 
[2023-12-14 18:19:13.392] magnitudes:15000;   10128.6875 
[2023-12-14 18:19:13.423] magnitudes:20000;    7737.1875 
[2023-12-14 18:19:13.456] magnitudes:30000;    5745.0000 
[2023-12-14 18:19:13.488] magnitudes:40000;    4921.3750 
[2023-12-14 18:19:13.520] magnitudes:50000;    4491.5625 
[2023-12-14 18:19:13.552] magnitudes:60000;    4186.3125 
[2023-12-14 18:19:13.572] magnitudes:70000;    4395.6875 
[2023-12-14 18:19:13.606] magnitudes:200;  820536.5625 
[2023-12-14 18:19:13.632] magnitudes:500;  321715.1250 
[2023-12-14 18:19:13.664] magnitudes:800;  158233.9375 
[2023-12-14 18:19:13.696] magnitudes:1000;  151146.3125 
[2023-12-14 18:19:13.728] magnitudes:2000;   76333.7500 
[2023-12-14 18:19:13.760] magnitudes:5000;   30822.1250 
[2023-12-14 18:19:13.775] magnitudes:8000;   19575.1250 
[2023-12-14 18:19:13.807] magnitudes:10000;   16001.9375 
[2023-12-14 18:19:13.839] magnitudes:15000;   10825.0625 
[2023-12-14 18:19:13.872] magnitudes:20000;    8709.8125 
[2023-12-14 18:19:13.905] magnitudes:30000;    5991.5000 
[2023-12-14 18:19:13.935] magnitudes:40000;    5053.8125 
[2023-12-14 18:19:13.957] magnitudes:50000;    4503.1875 
[2023-12-14 18:19:13.990] magnitudes:60000;    4388.4375 
[2023-12-14 18:19:14.016] magnitudes:70000;    4255.1875 
[2023-12-14 18:19:14.049] magnitudes:200; 1352147.8125 
[2023-12-14 18:19:14.079] magnitudes:500;  293550.6875 
[2023-12-14 18:19:14.112] magnitudes:800;  194187.0625 
[2023-12-14 18:19:14.143] magnitudes:1000;  161256.9375 
[2023-12-14 18:19:14.159] magnitudes:2000;   82102.8125 
[2023-12-14 18:19:14.191] magnitudes:5000;   32819.4375 
[2023-12-14 18:19:14.223] magnitudes:8000;   20756.3750 
[2023-12-14 18:19:14.255] magnitudes:10000;   17654.6250 
[2023-12-14 18:19:14.287] magnitudes:15000;   12573.9375 
[2023-12-14 18:19:14.320] magnitudes:20000;    9762.0000 
[2023-12-14 18:19:14.337] magnitudes:30000;    6763.5625 
[2023-12-14 18:19:14.370] magnitudes:40000;    5513.0625 
[2023-12-14 18:19:14.402] magnitudes:50000;    4788.6875 
[2023-12-14 18:19:14.432] magnitudes:60000;    4763.4375 
[2023-12-14 18:19:14.463] magnitudes:70000;    4914.5000 
[2023-12-14 18:19:14.495] magnitudes:200;  832819.5625 
[2023-12-14 18:19:14.527] magnitudes:500;  312039.7500 
[2023-12-14 18:19:14.544] magnitudes:800;  212540.3125 
[2023-12-14 18:19:14.576] magnitudes:1000;  174583.8125 
[2023-12-14 18:19:14.609] magnitudes:2000;   86893.7500 
[2023-12-14 18:19:14.639] magnitudes:5000;   34227.1250 
[2023-12-14 18:19:14.672] magnitudes:8000;   21609.2500 
[2023-12-14 18:19:14.703] magnitudes:10000;   26247.9375 
[2023-12-14 18:19:14.719] magnitudes:15000;   10700.0625 
[2023-12-14 18:19:14.754] magnitudes:20000;    9950.1250 
[2023-12-14 18:19:14.784] magnitudes:30000;    4670.0000 
[2023-12-14 18:19:14.816] magnitudes:40000;    7345.3750 
[2023-12-14 18:19:14.847] magnitudes:50000;    2899.9375 
[2023-12-14 18:19:14.880] magnitudes:60000;    8034.2500 
[2023-12-14 18:19:14.895] magnitudes:70000;    9009.9375 
[2023-12-14 18:19:14.928] magnitudes:200; 7035422.8125 
[2023-12-14 18:19:14.961] magnitudes:500; 3034228.3125 
[2023-12-14 18:19:14.994] magnitudes:800;  172707.7500 
[2023-12-14 18:19:15.024] magnitudes:1000;  122703.3750 
[2023-12-14 18:19:15.055] magnitudes:2000;   61106.0625 
[2023-12-14 18:19:15.087] magnitudes:5000;   24808.0625 
[2023-12-14 18:19:15.104] magnitudes:8000;   16564.4375 
[2023-12-14 18:19:15.138] magnitudes:10000;   12579.5625 
[2023-12-14 18:19:15.168] magnitudes:15000;    9065.4375 
[2023-12-14 18:19:15.201] magnitudes:20000;    7056.2500 
[2023-12-14 18:19:15.231] magnitudes:30000;    4969.0000 
[2023-12-14 18:19:15.263] magnitudes:40000;    4058.5000 
[2023-12-14 18:19:15.280] magnitudes:50000;    3528.4375 
[2023-12-14 18:19:15.311] magnitudes:60000;    3486.3750 
[2023-12-14 18:19:15.343] magnitudes:70000;    3694.6875 
[2023-12-14 18:19:15.375] magnitudes:200;  829299.5000 
[2023-12-14 18:19:15.407] magnitudes:500;  282632.3750 
[2023-12-14 18:19:15.439] magnitudes:800;  166195.2500 
[2023-12-14 18:19:15.455] magnitudes:1000;  132528.0625 
[2023-12-14 18:19:15.488] magnitudes:2000;   67375.0625 
[2023-12-14 18:19:15.521] magnitudes:5000;   26473.4375 
[2023-12-14 18:19:15.552] magnitudes:8000;   17106.2500 
[2023-12-14 18:19:15.584] magnitudes:10000;   13258.3750 
[2023-12-14 18:19:15.617] magnitudes:15000;    9418.8750 
[2023-12-14 18:19:15.632] magnitudes:20000;    6836.3125 
[2023-12-14 18:19:15.663] magnitudes:30000;    5019.3750 
[2023-12-14 18:19:15.696] magnitudes:40000;    4035.8750 
[2023-12-14 18:19:15.728] magnitudes:50000;    3663.3125 
[2023-12-14 18:19:15.759] magnitudes:60000;    3486.3750 
[2023-12-14 18:19:15.791] magnitudes:70000;    3755.5000 
[2023-12-14 18:19:15.823] magnitudes:200;  821486.0625 
[2023-12-14 18:19:15.839] magnitudes:500;  271682.3750 
[2023-12-14 18:19:15.871] magnitudes:800;  170557.6250 
[2023-12-14 18:19:15.903] magnitudes:1000;  137607.5000 
[2023-12-14 18:19:15.935] magnitudes:2000;   65544.3125 
[2023-12-14 18:19:15.967] magnitudes:5000;   26473.4375 
[2023-12-14 18:19:15.999] magnitudes:8000;   16800.3125 
[2023-12-14 18:19:16.016] magnitudes:10000;   13049.5625 
[2023-12-14 18:19:16.047] magnitudes:15000;    9114.5625 
[2023-12-14 18:19:16.079] magnitudes:20000;    6578.8125 
[2023-12-14 18:19:16.112] magnitudes:30000;    4906.8125 
[2023-12-14 18:19:16.144] magnitudes:40000;    3705.3750 
[2023-12-14 18:19:16.175] magnitudes:50000;    3633.5000 
[2023-12-14 18:19:16.191] magnitudes:60000;    3174.5625 
[2023-12-14 18:19:16.223] magnitudes:70000;    3690.8125 
[2023-12-14 18:19:16.255] magnitudes:200;  790327.3125 
[2023-12-14 18:19:16.287] magnitudes:500;  300806.6875 
[2023-12-14 18:19:16.320] magnitudes:800;  538242.0000 
[2023-12-14 18:19:16.352] magnitudes:1000; 1223596.1875 
[2023-12-14 18:19:16.384] magnitudes:2000;  191957.4375 
[2023-12-14 18:19:16.399] magnitudes:5000;   84283.4375 
[2023-12-14 18:19:16.432] magnitudes:8000;   43912.6875 
[2023-12-14 18:19:16.464] magnitudes:10000;   34576.5625 
[2023-12-14 18:19:16.496] magnitudes:15000;   21006.0000 
[2023-12-14 18:19:16.528] magnitudes:20000;   15164.8125 
[2023-12-14 18:19:16.560] magnitudes:30000;    9929.6250 
[2023-12-14 18:19:16.575] magnitudes:40000;    7799.3125 
[2023-12-14 18:19:16.608] magnitudes:50000;    7131.0000 
[2023-12-14 18:19:16.640] magnitudes:60000;   11598.2500 
[2023-12-14 18:19:16.671] magnitudes:70000;    7411.5625 
[2023-12-14 18:19:16.704] magnitudes:200;  195933.3125 
[2023-12-14 18:19:16.735] magnitudes:500;  140382.6875 
[2023-12-14 18:19:16.768] magnitudes:800;   21191.5000 
[2023-12-14 18:19:16.788] magnitudes:1000;   33825.1875 
[2023-12-14 18:19:16.815] magnitudes:2000;   36422.8750 
[2023-12-14 18:19:16.847] magnitudes:5000;   26178.4375 
[2023-12-14 18:19:16.879] magnitudes:8000;   23236.1250 
[2023-12-14 18:19:16.911] magnitudes:10000;   21464.6250 
[2023-12-14 18:19:16.943] magnitudes:15000;   16396.6250 
[2023-12-14 18:19:16.959] magnitudes:20000;   13891.1250 
[2023-12-14 18:19:16.992] magnitudes:30000;   10464.3125 
[2023-12-14 18:19:17.026] magnitudes:40000;    8179.4375 
[2023-12-14 18:19:17.056] magnitudes:50000;    7085.3750 
[2023-12-14 18:19:17.088] magnitudes:60000;    6598.3750 
[2023-12-14 18:19:17.120] magnitudes:70000;    6677.9375 
[2023-12-14 18:19:17.151] magnitudes:200;   45038.8125 
[2023-12-14 18:19:17.171] magnitudes:500;   48648.6875 
[2023-12-14 18:19:17.199] magnitudes:800;   51511.7500 
[2023-12-14 18:19:17.232] magnitudes:1000;   53058.1250 
[2023-12-14 18:19:17.264] magnitudes:2000;   57699.4375 
[2023-12-14 18:19:17.296] magnitudes:5000;   46372.5000 
[2023-12-14 18:19:17.328] magnitudes:8000;   33506.1875 
[2023-12-14 18:19:17.343] magnitudes:10000;   27997.3125 
[2023-12-14 18:19:17.375] magnitudes:15000;   19574.8125 
[2023-12-14 18:19:17.408] magnitudes:20000;   14945.0000 
[2023-12-14 18:19:17.440] magnitudes:30000;   10148.0000 
[2023-12-14 18:19:17.471] magnitudes:40000;    7824.0625 
[2023-12-14 18:19:17.489] magnitudes:50000;    6659.5000 
[2023-12-14 18:19:17.524] magnitudes:60000;    6200.0000 
[2023-12-14 18:19:17.556] magnitudes:70000;    6234.0000 
[2023-12-14 18:19:17.584] magnitudes:200;   45698.7500 
[2023-12-14 18:19:17.616] magnitudes:500;   46671.0000 
[2023-12-14 18:19:17.648] magnitudes:800;   49704.8750 
[2023-12-14 18:19:17.679] magnitudes:1000;   50655.7500 
[2023-12-14 18:19:17.696] magnitudes:2000;   54404.7500 
[2023-12-14 18:19:17.727] magnitudes:5000;   44022.3125 
[2023-12-14 18:19:17.760] magnitudes:8000;   32065.7500 
[2023-12-14 18:19:17.792] magnitudes:10000;   26834.3750 
[2023-12-14 18:19:17.825] magnitudes:15000;   18813.8125 
[2023-12-14 18:19:17.855] magnitudes:20000;   14533.8125 
[2023-12-14 18:19:17.873] magnitudes:30000;   10009.9375 
[2023-12-14 18:19:17.906] magnitudes:40000;    7874.7500 
[2023-12-14 18:19:17.935] magnitudes:50000;    6825.3125 
[2023-12-14 18:19:17.969] magnitudes:60000;    6403.8125 
[2023-12-14 18:19:18.000] magnitudes:70000;    6220.2500 
[2023-12-14 18:19:18.031] magnitudes:200;   46001.3125 
[2023-12-14 18:19:18.063] magnitudes:500;   46807.6875 
[2023-12-14 18:19:18.079] magnitudes:800;   48068.1250 
[2023-12-14 18:19:18.111] magnitudes:1000;   48895.7500 
[2023-12-14 18:19:18.144] magnitudes:2000;   51908.6875 
[2023-12-14 18:19:18.176] magnitudes:5000;   42895.6875 
[2023-12-14 18:19:18.207] magnitudes:8000;   31778.6250 
[2023-12-14 18:19:18.239] magnitudes:10000;   26699.2500 
[2023-12-14 18:19:18.256] magnitudes:15000;   18815.5625 
[2023-12-14 18:19:18.290] magnitudes:20000;   14494.3750 
[2023-12-14 18:19:18.320] magnitudes:30000;   10118.8750 
[2023-12-14 18:19:18.351] magnitudes:40000;    8027.0625 
[2023-12-14 18:19:18.383] magnitudes:50000;    7017.0625 
[2023-12-14 18:19:18.415] magnitudes:60000;    6413.2500 
[2023-12-14 18:19:18.431] magnitudes:70000;    6465.9375 
[2023-12-14 18:19:18.463] magnitudes:200;   45703.8750 
[2023-12-14 18:19:18.496] magnitudes:500;   46705.4375 
[2023-12-14 18:19:18.527] magnitudes:800;   47944.0625 
[2023-12-14 18:19:18.562] magnitudes:1000;   48829.8750 
[2023-12-14 18:19:18.591] magnitudes:2000;   51989.3750 
[2023-12-14 18:19:18.624] magnitudes:5000;   43267.4375 
[2023-12-14 18:19:18.640] magnitudes:8000;   32343.4375 
[2023-12-14 18:19:18.673] magnitudes:10000;   27214.6250 
[2023-12-14 18:19:18.703] magnitudes:15000;   19301.7500 
[2023-12-14 18:19:18.737] magnitudes:20000;   14933.9375 
[2023-12-14 18:19:18.769] magnitudes:30000;   10526.6250 
[2023-12-14 18:19:18.800] magnitudes:40000;    8453.6875 
[2023-12-14 18:19:18.815] magnitudes:50000;    7208.6250 
[2023-12-14 18:19:18.847] magnitudes:60000;    6573.3125 
[2023-12-14 18:19:18.879] magnitudes:70000;    6465.9375 
[2023-12-14 18:19:18.913] magnitudes:200;   46143.8750 
[2023-12-14 18:19:18.944] magnitudes:500;   46666.5625 
[2023-12-14 18:19:18.975] magnitudes:800;   47886.1875 
[2023-12-14 18:19:19.007] magnitudes:1000;   48940.8125 
[2023-12-14 18:19:19.024] magnitudes:2000;   52429.9375 
[2023-12-14 18:19:19.057] magnitudes:5000;   42708.5625 
[2023-12-14 18:19:19.087] magnitudes:8000;   31253.3125 
[2023-12-14 18:19:19.119] magnitudes:10000;   26365.1875 
[2023-12-14 18:19:19.151] magnitudes:15000;   18588.1875 
[2023-12-14 18:19:19.184] magnitudes:20000;   14274.5000 
[2023-12-14 18:19:19.199] magnitudes:30000;   10195.1250 
[2023-12-14 18:19:19.231] magnitudes:40000;    7913.2500 
[2023-12-14 18:19:19.263] magnitudes:50000;    6861.3125 
[2023-12-14 18:19:19.296] magnitudes:60000;    6413.2500 
[2023-12-14 18:19:19.328] magnitudes:70000;    6465.9375 
[2023-12-14 18:19:19.360] magnitudes:200;   45736.3125 
[2023-12-14 18:19:19.393] magnitudes:500;   46546.5625 
[2023-12-14 18:19:19.407] magnitudes:800;   47584.5000 
[2023-12-14 18:19:19.441] magnitudes:1000;   47833.7500 
[2023-12-14 18:19:19.472] magnitudes:2000;   50695.0625 
[2023-12-14 18:19:19.503] magnitudes:5000;   42250.1875 
[2023-12-14 18:19:19.536] magnitudes:8000;   31406.7500 
[2023-12-14 18:19:19.567] magnitudes:10000;   26995.9375 
[2023-12-14 18:19:19.584] magnitudes:15000;   19400.6250 
[2023-12-14 18:19:19.615] magnitudes:20000;   14450.6875 
[2023-12-14 18:19:19.647] magnitudes:30000;    9905.7500 
[2023-12-14 18:19:19.679] magnitudes:40000;    7753.4375 
[2023-12-14 18:19:19.712] magnitudes:50000;   10585.9375 
[2023-12-14 18:19:19.727] magnitudes:60000;    3588.1250 
[2023-12-14 18:19:19.760] magnitudes:70000;    3576.1875 
[2023-12-14 18:19:19.791] magnitudes:200;  813765.9375 
[2023-12-14 18:19:19.823] magnitudes:500;  284493.5625 
[2023-12-14 18:19:19.856] magnitudes:800;  172737.9375 
[2023-12-14 18:19:19.888] magnitudes:1000;  141375.3125 
[2023-12-14 18:19:19.920] magnitudes:2000;   68119.6250 
[2023-12-14 18:19:19.935] magnitudes:5000;   27858.9375 
[2023-12-14 18:19:19.968] magnitudes:8000;   17336.1250 
[2023-12-14 18:19:20.000] magnitudes:10000;   13944.1250 
[2023-12-14 18:19:20.031] magnitudes:15000;    9278.5625 
[2023-12-14 18:19:20.063] magnitudes:20000;    7122.2500 
[2023-12-14 18:19:20.095] magnitudes:30000;    5034.7500 
[2023-12-14 18:19:20.111] magnitudes:40000;    4003.6250 
[2023-12-14 18:19:20.143] magnitudes:50000;    3523.8125 
[2023-12-14 18:19:20.175] magnitudes:60000;    3348.4375 
[2023-12-14 18:19:20.207] magnitudes:70000;    3576.1875 
[2023-12-14 18:19:20.239] magnitudes:200;  581468.6250 
[2023-12-14 18:19:20.271] magnitudes:500;  251090.4375 
[2023-12-14 18:19:20.305] magnitudes:800;  162364.5000 
[2023-12-14 18:19:20.319] magnitudes:1000;  133151.6875 
[2023-12-14 18:19:20.351] magnitudes:2000;   64134.5625 
[2023-12-14 18:19:20.383] magnitudes:5000;   18542.7500 
[2023-12-14 18:19:20.416] magnitudes:8000;   10869.7500 
[2023-12-14 18:19:20.447] magnitudes:10000;    8210.1875 
[2023-12-14 18:19:20.480] magnitudes:15000;   39763.5625 
[2023-12-14 18:19:20.496] magnitudes:20000;   18825.7500 
[2023-12-14 18:19:20.527] magnitudes:30000;    3656.5625 
[2023-12-14 18:19:20.560] magnitudes:40000;    3591.2500 
[2023-12-14 18:19:20.592] magnitudes:50000;    4201.8125 
[2023-12-14 18:19:20.624] magnitudes:60000;    4529.1875 
[2023-12-14 18:19:20.655] magnitudes:70000;    4794.2500 
[2023-12-14 18:19:20.687] magnitudes:200;   48954.1250 
[2023-12-14 18:19:20.703] magnitudes:500;   50374.8125 
[2023-12-14 18:19:20.735] magnitudes:800;   52123.1875 
[2023-12-14 18:19:20.767] magnitudes:1000;   52445.9375 
[2023-12-14 18:19:20.799] magnitudes:2000;   54650.2500 
[2023-12-14 18:19:20.832] magnitudes:5000;   41279.8750 
[2023-12-14 18:19:20.865] magnitudes:8000;   30133.9375 
[2023-12-14 18:19:20.880] magnitudes:10000;   25655.8125 
[2023-12-14 18:19:20.911] magnitudes:15000;   18099.5625 
[2023-12-14 18:19:20.944] magnitudes:20000;   13894.2500 
[2023-12-14 18:19:20.976] magnitudes:30000;    9583.5625 
[2023-12-14 18:19:21.007] magnitudes:40000;    7559.6875 
[2023-12-14 18:19:21.040] magnitudes:50000;    6472.1875 
[2023-12-14 18:19:21.059] magnitudes:60000;    5933.8750 
[2023-12-14 18:19:21.092] magnitudes:70000;    5938.3125 
[2023-12-14 18:19:21.119] magnitudes:200;   48754.9375 
[2023-12-14 18:19:21.151] magnitudes:500;   49141.8125 
[2023-12-14 18:19:21.184] magnitudes:800;   50139.1250 
[2023-12-14 18:19:21.216] magnitudes:1000;   51253.9375 
[2023-12-14 18:19:21.248] magnitudes:2000;   54670.3125 
[2023-12-14 18:19:21.264] magnitudes:5000;   43870.0000 
[2023-12-14 18:19:21.296] magnitudes:8000;   32194.1875 
[2023-12-14 18:19:21.327] magnitudes:10000;   27098.0000 
[2023-12-14 18:19:21.359] magnitudes:15000;   19032.3125 
[2023-12-14 18:19:21.391] magnitudes:20000;   14645.5625 
[2023-12-14 18:19:21.423] magnitudes:30000;   10109.7500 
[2023-12-14 18:19:21.442] magnitudes:40000;    7882.6250 
[2023-12-14 18:19:21.476] magnitudes:50000;    6808.3125 
[2023-12-14 18:19:21.504] magnitudes:60000;    6230.7500 
[2023-12-14 18:19:21.536] magnitudes:70000;    6169.1875 
[2023-12-14 18:19:21.568] magnitudes:200;   48436.9375 
[2023-12-14 18:19:21.601] magnitudes:500;   49123.9375 
[2023-12-14 18:19:21.631] magnitudes:800;   50333.8125 
[2023-12-14 18:19:21.647] magnitudes:1000;   51223.8750 
[2023-12-14 18:19:21.679] magnitudes:2000;   53996.4375 
[2023-12-14 18:19:21.711] magnitudes:5000;   43637.6250 
[2023-12-14 18:19:21.743] magnitudes:8000;   32059.6875 
[2023-12-14 18:19:21.776] magnitudes:10000;   26771.6875 
[2023-12-14 18:19:21.807] magnitudes:15000;   18855.3750 
[2023-12-14 18:19:21.826] magnitudes:20000;   14488.5000 
[2023-12-14 18:19:21.860] magnitudes:30000;    9982.3125 
[2023-12-14 18:19:21.887] magnitudes:40000;    7879.6250 
[2023-12-14 18:19:21.919] magnitudes:50000;    6676.7500 
[2023-12-14 18:19:21.952] magnitudes:60000;    6191.2500 
[2023-12-14 18:19:21.967] magnitudes:70000;    6122.3750 
[2023-12-14 18:19:22.018] magnitudes:200;   48813.3750 
[2023-12-14 18:19:22.031] magnitudes:500;   48931.7500 
[2023-12-14 18:19:22.064] magnitudes:800;   50015.8125 
[2023-12-14 18:19:22.095] magnitudes:1000;   50775.6250 
[2023-12-14 18:19:22.129] magnitudes:2000;   53342.7500 
[2023-12-14 18:19:22.160] magnitudes:5000;   42971.1875 
[2023-12-14 18:19:22.175] magnitudes:8000;   31592.0625 
[2023-12-14 18:19:22.209] magnitudes:10000;   26441.6250 
[2023-12-14 18:19:22.239] magnitudes:15000;   18579.3125 
[2023-12-14 18:19:22.272] magnitudes:20000;   14278.7500 
[2023-12-14 18:19:22.304] magnitudes:30000;    9932.1875 
[2023-12-14 18:19:22.335] magnitudes:40000;    7830.8750 
[2023-12-14 18:19:22.352] magnitudes:50000;    6795.3750 
[2023-12-14 18:19:22.384] magnitudes:60000;    6279.7500 
[2023-12-14 18:19:22.416] magnitudes:70000;    6125.3750 
[2023-12-14 18:19:22.450] magnitudes:200;   48411.0625 
[2023-12-14 18:19:22.479] magnitudes:500;   48888.3125 
[2023-12-14 18:19:22.511] magnitudes:800;   50010.0000 
[2023-12-14 18:19:22.543] magnitudes:1000;   50843.8125 
[2023-12-14 18:19:22.560] magnitudes:2000;   53415.9375 
[2023-12-14 18:19:22.593] magnitudes:5000;   43282.6250 
[2023-12-14 18:19:22.623] magnitudes:8000;   31877.3750 
[2023-12-14 18:19:22.656] magnitudes:10000;   26672.6875 
[2023-12-14 18:19:22.687] magnitudes:15000;   18748.9375 
[2023-12-14 18:19:22.719] magnitudes:20000;   14422.3125 
[2023-12-14 18:19:22.734] magnitudes:30000;    9985.0625 
[2023-12-14 18:19:22.767] magnitudes:40000;    7813.8125 
[2023-12-14 18:19:22.799] magnitudes:50000;    6766.5625 
[2023-12-14 18:19:22.831] magnitudes:60000;    6249.0625 
[2023-12-14 18:19:22.864] magnitudes:70000;    6414.4375 
[2023-12-14 18:19:22.895] magnitudes:200;   48121.3125 
[2023-12-14 18:19:22.927] magnitudes:500;   48865.6250 
[2023-12-14 18:19:22.944] magnitudes:800;   50021.6250 
[2023-12-14 18:19:22.976] magnitudes:1000;   50817.2500 
[2023-12-14 18:19:23.007] magnitudes:2000;   53373.4375 
[2023-12-14 18:19:23.040] magnitudes:5000;   43277.8125 
[2023-12-14 18:19:23.071] magnitudes:8000;   31876.4375 
[2023-12-14 18:19:23.103] magnitudes:10000;   26718.9375 
[2023-12-14 18:19:23.119] magnitudes:15000;   18712.0625 
[2023-12-14 18:19:23.151] magnitudes:20000;   14361.8750 
[2023-12-14 18:19:23.183] magnitudes:30000;    9966.9375 
[2023-12-14 18:19:23.215] magnitudes:40000;    7858.9375 
[2023-12-14 18:19:23.247] magnitudes:50000;    6814.4375 
[2023-12-14 18:19:23.280] magnitudes:60000;    6392.0000 
[2023-12-14 18:19:23.295] magnitudes:70000;    6316.3750 
[2023-12-14 18:19:23.327] magnitudes:200;   47054.3125 
[2023-12-14 18:19:23.359] magnitudes:500;   49479.8125 
[2023-12-14 18:19:23.392] magnitudes:800;   53401.9375 
[2023-12-14 18:19:23.425] magnitudes:1000;   56993.2500 
[2023-12-14 18:19:23.455] magnitudes:2000;   62777.4375 
[2023-12-14 18:19:23.488] magnitudes:5000;   43906.6250 
[2023-12-14 18:19:23.503] magnitudes:8000;   36507.7500 
[2023-12-14 18:19:23.535] magnitudes:10000;   13353.5000 
[2023-12-14 18:19:23.567] magnitudes:15000;    8990.8750 
[2023-12-14 18:19:23.599] magnitudes:20000;    6991.5625 
[2023-12-14 18:19:23.631] magnitudes:30000;    4924.5000 
[2023-12-14 18:19:23.663] magnitudes:40000;    3967.5000 
[2023-12-14 18:19:23.679] magnitudes:50000;    3551.6875 
[2023-12-14 18:19:23.711] magnitudes:60000;    3377.1250 
[2023-12-14 18:19:23.743] magnitudes:70000;    3571.0000 
[2023-12-14 18:19:23.776] magnitudes:200;  775959.8125 
[2023-12-14 18:19:23.808] magnitudes:500;  341243.4375 
[2023-12-14 18:19:23.840] magnitudes:800;  172720.8125 
[2023-12-14 18:19:23.871] magnitudes:1000;  135999.0000 
[2023-12-14 18:19:23.887] magnitudes:2000;   66631.1250 
[2023-12-14 18:19:23.919] magnitudes:5000;   27556.1250 
[2023-12-14 18:19:23.952] magnitudes:8000;   16692.0625 
[2023-12-14 18:19:23.983] magnitudes:10000;   13836.0625 
[2023-12-14 18:19:24.015] magnitudes:15000;    9046.5000 
[2023-12-14 18:19:24.047] magnitudes:20000;    7131.3125 
[2023-12-14 18:19:24.063] magnitudes:30000;    4943.0000 
[2023-12-14 18:19:24.095] magnitudes:40000;    4140.9375 
[2023-12-14 18:19:24.127] magnitudes:50000;    3568.0625 
[2023-12-14 18:19:24.161] magnitudes:60000;    3377.1250 
[2023-12-14 18:19:24.191] magnitudes:70000;    3633.0625 
[2023-12-14 18:19:24.224] magnitudes:200;  912942.3125 
[2023-12-14 18:19:24.239] magnitudes:500;  255352.8750 
[2023-12-14 18:19:24.271] magnitudes:800; 1780048.0000 
[2023-12-14 18:19:24.304] magnitudes:1000;  112442.8750 
[2023-12-14 18:19:24.335] magnitudes:2000;    7278.8750 
[2023-12-14 18:19:24.368] magnitudes:5000;   20124.0625 
[2023-12-14 18:19:24.399] magnitudes:8000;   19350.9375 
[2023-12-14 18:19:24.415] magnitudes:10000;   19724.5000 
[2023-12-14 18:19:24.447] magnitudes:15000;   15289.1875 
[2023-12-14 18:19:24.480] magnitudes:20000;   13231.8750 
[2023-12-14 18:19:24.511] magnitudes:30000;    9854.8750 
[2023-12-14 18:19:24.544] magnitudes:40000;    7972.8750 
[2023-12-14 18:19:24.575] magnitudes:50000;    7477.6250 
[2023-12-14 18:19:24.595] magnitudes:60000;    7142.7500 
[2023-12-14 18:19:24.628] magnitudes:70000;    7000.4375 
[2023-12-14 18:19:24.655] magnitudes:200;   47978.0625 
[2023-12-14 18:19:24.688] magnitudes:500;   48527.2500 
[2023-12-14 18:19:24.719] magnitudes:800;   49896.0000 
[2023-12-14 18:19:24.751] magnitudes:1000;   50705.5000 
[2023-12-14 18:19:24.783] magnitudes:2000;   54872.6250 
[2023-12-14 18:19:24.799] magnitudes:5000;   43758.8750 
[2023-12-14 18:19:24.831] magnitudes:8000;   30874.0625 
[2023-12-14 18:19:24.864] magnitudes:10000;   25422.4375 
[2023-12-14 18:19:24.895] magnitudes:15000;   17628.3125 
[2023-12-14 18:19:24.928] magnitudes:20000;   13597.0000 
[2023-12-14 18:19:24.959] magnitudes:30000;    9867.0000 
[2023-12-14 18:19:24.978] magnitudes:40000;    8099.6875 
[2023-12-14 18:19:25.012] magnitudes:50000;    6896.6250 
[2023-12-14 18:19:25.041] magnitudes:60000;    6498.7500 
[2023-12-14 18:19:25.073] magnitudes:70000;    6964.8125 
[2023-12-14 18:19:25.103] magnitudes:200;   48194.4375 
[2023-12-14 18:19:25.136] magnitudes:500;   48642.8750 
[2023-12-14 18:19:25.167] magnitudes:800;   50399.6250 
[2023-12-14 18:19:25.184] magnitudes:1000;   51455.5000 
[2023-12-14 18:19:25.215] magnitudes:2000;   55135.8125 
[2023-12-14 18:19:25.247] magnitudes:5000;   45271.8750 
[2023-12-14 18:19:25.279] magnitudes:8000;   33568.1250 
[2023-12-14 18:19:25.311] magnitudes:10000;   28163.9375 
[2023-12-14 18:19:25.343] magnitudes:15000;   19963.8125 
[2023-12-14 18:19:25.362] magnitudes:20000;   15399.0625 
[2023-12-14 18:19:25.395] magnitudes:30000;   10652.9375 
[2023-12-14 18:19:25.423] magnitudes:40000;    8453.0000 
[2023-12-14 18:19:25.457] magnitudes:50000;    7191.6875 
[2023-12-14 18:19:25.489] magnitudes:60000;    6565.7500 
[2023-12-14 18:19:25.519] magnitudes:70000;    6560.2500 
[2023-12-14 18:19:25.551] magnitudes:200;   48164.1250 
[2023-12-14 18:19:25.567] magnitudes:500;   49212.5000 
[2023-12-14 18:19:25.600] magnitudes:800;   49446.9375 
[2023-12-14 18:19:25.632] magnitudes:1000;   49869.7500 
[2023-12-14 18:19:25.663] magnitudes:2000;   52372.6875 
[2023-12-14 18:19:25.696] magnitudes:5000;   42791.1875 
[2023-12-14 18:19:25.727] magnitudes:8000;   32255.4375 
[2023-12-14 18:19:25.745] magnitudes:10000;   26523.7500 
[2023-12-14 18:19:25.778] magnitudes:15000;   18637.3750 
[2023-12-14 18:19:25.808] magnitudes:20000;   14245.5625 
[2023-12-14 18:19:25.839] magnitudes:30000;    9990.3125 
[2023-12-14 18:19:25.871] magnitudes:40000;    7746.8750 
[2023-12-14 18:19:25.903] magnitudes:50000;    6766.8125 
[2023-12-14 18:19:25.919] magnitudes:60000;    6253.3750 
[2023-12-14 18:19:25.951] magnitudes:70000;    6137.8125 
[2023-12-14 18:19:25.983] magnitudes:200;   47538.1250 
[2023-12-14 18:19:26.015] magnitudes:500;   48499.8750 
[2023-12-14 18:19:26.047] magnitudes:800;   49584.5625 
[2023-12-14 18:19:26.080] magnitudes:1000;   51398.4375 
[2023-12-14 18:19:26.111] magnitudes:2000;   53964.5625 
[2023-12-14 18:19:26.128] magnitudes:5000;   47343.8125 
[2023-12-14 18:19:26.162] magnitudes:8000;   34261.0625 
[2023-12-14 18:19:26.191] magnitudes:10000;   27084.3125 
[2023-12-14 18:19:26.224] magnitudes:15000;   26250.3750 
[2023-12-14 18:19:26.255] magnitudes:20000;   79431.9375 
[2023-12-14 18:19:26.271] magnitudes:30000;    6717.1875 
[2023-12-14 18:19:26.303] magnitudes:40000;    4052.7500 
[2023-12-14 18:19:26.335] magnitudes:50000;    3802.1875 
[2023-12-14 18:19:26.368] magnitudes:60000;    3377.1250 
[2023-12-14 18:19:26.400] magnitudes:70000;    3576.1875 
[2023-12-14 18:19:26.431] magnitudes:200;  682234.6875 
[2023-12-14 18:19:26.463] magnitudes:500;  298629.3750 
[2023-12-14 18:19:26.479] magnitudes:800;  170216.0000 
[2023-12-14 18:19:26.514] magnitudes:1000;  141704.5625 
[2023-12-14 18:19:26.547] magnitudes:2000;   67390.1875 
[2023-12-14 18:19:26.578] magnitudes:5000;   27858.9375 
[2023-12-14 18:19:26.608] magnitudes:8000;   17470.1250 
[2023-12-14 18:19:26.640] magnitudes:10000;    9820.1875 
[2023-12-14 18:19:26.655] magnitudes:15000;    7308.6250 
[2023-12-14 18:19:26.687] magnitudes:20000;    5243.1250 
[2023-12-14 18:19:26.719] magnitudes:30000;   12593.1250 
[2023-12-14 18:19:26.751] magnitudes:40000;    4173.9375 
[2023-12-14 18:19:26.783] magnitudes:50000;    4308.4375 
[2023-12-14 18:19:26.815] magnitudes:60000;    4587.8750 
[2023-12-14 18:19:26.831] magnitudes:70000;    4915.1875 
[2023-12-14 18:19:26.863] magnitudes:200;   49935.1250 
[2023-12-14 18:19:26.895] magnitudes:500;   50178.0000 
[2023-12-14 18:19:26.928] magnitudes:800;   52355.3125 
[2023-12-14 18:19:26.959] magnitudes:1000;   54008.3125 
[2023-12-14 18:19:26.991] magnitudes:2000;   57343.3750 
[2023-12-14 18:19:27.024] magnitudes:5000;   45428.3750 
[2023-12-14 18:19:27.039] magnitudes:8000;   33621.1250 
[2023-12-14 18:19:27.071] magnitudes:10000;   28293.2500 
[2023-12-14 18:19:27.103] magnitudes:15000;   19975.9375 
[2023-12-14 18:19:27.135] magnitudes:20000;   15597.8750 
[2023-12-14 18:19:27.167] magnitudes:30000;   10793.1250 
[2023-12-14 18:19:27.199] magnitudes:40000;    8484.7500 
[2023-12-14 18:19:27.216] magnitudes:50000;    7192.4375 
[2023-12-14 18:19:27.247] magnitudes:60000;    6619.0000 
[2023-12-14 18:19:27.279] magnitudes:70000;    6717.1875 
[2023-12-14 18:19:27.311] magnitudes:200;   50114.1250 
[2023-12-14 18:19:27.343] magnitudes:500;   50921.3750 
[2023-12-14 18:19:27.375] magnitudes:800;   52360.4375 
[2023-12-14 18:19:27.407] magnitudes:1000;   53360.6875 
[2023-12-14 18:19:27.424] magnitudes:2000;   56348.0625 
[2023-12-14 18:19:27.456] magnitudes:5000;   45791.6250 
[2023-12-14 18:19:27.487] magnitudes:8000;   33759.8750 
[2023-12-14 18:19:27.519] magnitudes:10000;   28349.0625 
[2023-12-14 18:19:27.552] magnitudes:15000;   20074.1875 
[2023-12-14 18:19:27.583] magnitudes:20000;   15428.7500 
[2023-12-14 18:19:27.599] magnitudes:30000;   10617.9375 
[2023-12-14 18:19:27.631] magnitudes:40000;    8306.9375 
[2023-12-14 18:19:27.664] magnitudes:50000;    7257.9375 
[2023-12-14 18:19:27.696] magnitudes:60000;    6665.5625 
[2023-12-14 18:19:27.727] magnitudes:70000;    6964.8125 
[2023-12-14 18:19:27.760] magnitudes:200;   50835.4375 
[2023-12-14 18:19:27.792] magnitudes:500;   50845.3750 
[2023-12-14 18:19:27.807] magnitudes:800;   51928.6250 
[2023-12-14 18:19:27.839] magnitudes:1000;   52878.2500 
[2023-12-14 18:19:27.871] magnitudes:2000;   55854.8125 
[2023-12-14 18:19:27.904] magnitudes:5000;   45472.5000 
[2023-12-14 18:19:27.935] magnitudes:8000;   33774.5625 
[2023-12-14 18:19:27.967] magnitudes:10000;   28594.8750 
[2023-12-14 18:19:27.983] magnitudes:15000;   20248.8125 
[2023-12-14 18:19:28.015] magnitudes:20000;   15671.0000 
[2023-12-14 18:19:28.048] magnitudes:30000;   10876.0625 
[2023-12-14 18:19:28.080] magnitudes:40000;    8624.8750 
[2023-12-14 18:19:28.111] magnitudes:50000;    7370.5000 
[2023-12-14 18:19:28.143] magnitudes:60000;    6846.8750 
[2023-12-14 18:19:28.164] magnitudes:70000;    6910.3750 
[2023-12-14 18:19:28.191] magnitudes:200;   50383.6875 
[2023-12-14 18:19:28.224] magnitudes:500;   50790.6875 
[2023-12-14 18:19:28.256] magnitudes:800;   52001.8125 
[2023-12-14 18:19:28.287] magnitudes:1000;   52913.8750 
[2023-12-14 18:19:28.319] magnitudes:2000;   55451.5000 
[2023-12-14 18:19:28.351] magnitudes:5000;   45652.1875 
[2023-12-14 18:19:28.367] magnitudes:8000;   34228.0625 
[2023-12-14 18:19:28.399] magnitudes:10000;   28680.0625 
[2023-12-14 18:19:28.431] magnitudes:15000;   20315.8750 
[2023-12-14 18:19:28.463] magnitudes:20000;   15782.1875 
[2023-12-14 18:19:28.495] magnitudes:30000;   10976.7500 
[2023-12-14 18:19:28.513] magnitudes:40000;    8753.1250 
[2023-12-14 18:19:28.547] magnitudes:50000;    7512.2500 
[2023-12-14 18:19:28.574] magnitudes:60000;    7055.6250 
[2023-12-14 18:19:28.607] magnitudes:70000;    7169.5625 
[2023-12-14 18:19:28.639] magnitudes:200;   50908.0000 
[2023-12-14 18:19:28.671] magnitudes:500;   52133.0000 
[2023-12-14 18:19:28.703] magnitudes:800;   54409.5000 
[2023-12-14 18:19:28.720] magnitudes:1000;   55279.5625 
[2023-12-14 18:19:28.752] magnitudes:2000;   58506.5625 
[2023-12-14 18:19:28.782] magnitudes:5000;   48030.7500 
[2023-12-14 18:19:28.815] magnitudes:8000;   36091.3125 
[2023-12-14 18:19:28.847] magnitudes:10000;   30033.2500 
[2023-12-14 18:19:28.879] magnitudes:15000;   21509.9375 
[2023-12-14 18:19:28.897] magnitudes:20000;   16925.0000 
[2023-12-14 18:19:28.931] magnitudes:30000;   11779.1250 
[2023-12-14 18:19:28.961] magnitudes:40000;    9266.5625 
[2023-12-14 18:19:28.991] magnitudes:50000;    7978.0625 
[2023-12-14 18:19:29.023] magnitudes:60000;    7394.6875 
[2023-12-14 18:19:29.055] magnitudes:70000;    7343.8125 
[2023-12-14 18:19:29.087] magnitudes:200;   51041.0625 
[2023-12-14 18:19:29.103] magnitudes:500;   51367.9375 
[2023-12-14 18:19:29.136] magnitudes:800;   52216.3125 
[2023-12-14 18:19:29.168] magnitudes:1000;   51817.8125 
[2023-12-14 18:19:29.199] magnitudes:2000;   53860.0625 
[2023-12-14 18:19:29.231] magnitudes:5000;   44705.6875 
[2023-12-14 18:19:29.263] magnitudes:8000;   32581.0625 
[2023-12-14 18:19:29.279] magnitudes:10000;   27331.0625 
[2023-12-14 18:19:29.314] magnitudes:15000;   19886.1875 
[2023-12-14 18:19:29.344] magnitudes:20000;   15413.3125 
[2023-12-14 18:19:29.374] magnitudes:30000;   10789.3125 
[2023-12-14 18:19:29.408] magnitudes:40000;    8410.8750 
[2023-12-14 18:19:29.439] magnitudes:50000;    7233.9375 
[2023-12-14 18:19:29.455] magnitudes:60000;    6801.8125 
[2023-12-14 18:19:29.487] magnitudes:70000;    6801.6250 
[2023-12-14 18:19:29.519] magnitudes:200;   49760.2500 
[2023-12-14 18:19:29.552] magnitudes:500;   50087.3125 
[2023-12-14 18:19:29.583] magnitudes:800;   51239.3750 
[2023-12-14 18:19:29.615] magnitudes:1000;   51417.5625 
[2023-12-14 18:19:29.647] magnitudes:2000;   56818.1250 
[2023-12-14 18:19:29.664] magnitudes:5000;   46814.7500 
[2023-12-14 18:19:29.698] magnitudes:8000;   36372.8125 
[2023-12-14 18:19:29.727] magnitudes:10000;   31906.8125 
[2023-12-14 18:19:29.759] magnitudes:15000;   49912.7500 
[2023-12-14 18:19:29.791] magnitudes:20000;    7342.1875 
[2023-12-14 18:19:29.826] magnitudes:30000;    5181.4375 
[2023-12-14 18:19:29.839] magnitudes:40000;    3914.1875 
[2023-12-14 18:19:29.870] magnitudes:50000;    3539.8125 
[2023-12-14 18:19:29.903] magnitudes:60000;    3348.4375 
[2023-12-14 18:19:29.935] magnitudes:70000;    3576.1875 
[2023-12-14 18:19:29.969] magnitudes:200;  853115.0625 
[2023-12-14 18:19:30.000] magnitudes:500;  270105.3750 
[2023-12-14 18:19:30.031] magnitudes:800;  164956.0000 
[2023-12-14 18:19:30.047] magnitudes:1000;  131271.8125 
[2023-12-14 18:19:30.080] magnitudes:2000;   65544.3125 
[2023-12-14 18:19:30.111] magnitudes:5000;   26908.6250 
[2023-12-14 18:19:30.143] magnitudes:8000;   17036.6875 
[2023-12-14 18:19:30.174] magnitudes:10000;   13615.7500 
[2023-12-14 18:19:30.208] magnitudes:15000;    9118.8750 
[2023-12-14 18:19:30.223] magnitudes:20000;    7027.2500 
[2023-12-14 18:19:30.255] magnitudes:30000;    5054.8125 
[2023-12-14 18:19:30.289] magnitudes:40000;    3994.5625 
[2023-12-14 18:19:30.319] magnitudes:50000;    3584.0625 
[2023-12-14 18:19:30.353] magnitudes:60000;    3570.1250 
[2023-12-14 18:19:30.384] magnitudes:70000;    3806.7500 
[2023-12-14 18:19:30.416] magnitudes:200;  721340.0625 
[2023-12-14 18:19:30.431] magnitudes:500;  259785.3125 
[2023-12-14 18:19:30.466] magnitudes:800;  160354.5000 
[2023-12-14 18:19:30.495] magnitudes:1000;  132614.2500 
[2023-12-14 18:19:30.528] magnitudes:2000;   65581.1875 
[2023-12-14 18:19:30.559] magnitudes:5000;   27290.3750 
[2023-12-14 18:19:30.592] magnitudes:8000;   16700.0000 
[2023-12-14 18:19:30.607] magnitudes:10000;   13458.6250 
[2023-12-14 18:19:30.639] magnitudes:15000;    8935.3750 
[2023-12-14 18:19:30.671] magnitudes:20000;    7124.2500 
[2023-12-14 18:19:30.704] magnitudes:30000;    5039.5000 
[2023-12-14 18:19:30.735] magnitudes:40000;    4124.5625 
[2023-12-14 18:19:30.752] magnitudes:50000;    3713.6875 
[2023-12-14 18:19:30.784] magnitudes:60000;    3435.6250 
[2023-12-14 18:19:30.816] magnitudes:70000;    3627.6250 
[2023-12-14 18:19:30.848] magnitudes:200;  861438.3125 
[2023-12-14 18:19:30.880] magnitudes:500;  269636.0000 
[2023-12-14 18:19:30.912] magnitudes:800;  170995.9375 
[2023-12-14 18:19:30.943] magnitudes:1000;  134736.6875 
[2023-12-14 18:19:30.958] magnitudes:2000;   68119.6250 
[2023-12-14 18:19:30.991] magnitudes:5000;   27739.9375 
[2023-12-14 18:19:31.023] magnitudes:8000;   17366.3750 
[2023-12-14 18:19:31.055] magnitudes:10000;   14004.3750 
[2023-12-14 18:19:31.087] magnitudes:15000;    9486.3125 
[2023-12-14 18:19:31.119] magnitudes:20000;    7257.6875 
[2023-12-14 18:19:31.135] magnitudes:30000;    5141.3125 
[2023-12-14 18:19:31.167] magnitudes:40000;    4178.6875 
[2023-12-14 18:19:31.198] magnitudes:50000;    3613.5625 
[2023-12-14 18:19:31.231] magnitudes:60000;    3743.8750 
[2023-12-14 18:19:31.263] magnitudes:70000;    3685.1250 
[2023-12-14 18:19:31.296] magnitudes:200;  820650.3750 
[2023-12-14 18:19:31.328] magnitudes:500;  254707.5625 
[2023-12-14 18:19:31.343] magnitudes:800;  173026.5625 
[2023-12-14 18:19:31.375] magnitudes:1000;  141580.3125 
[2023-12-14 18:19:31.407] magnitudes:2000;   69649.6875 
[2023-12-14 18:19:31.439] magnitudes:5000;   27637.6875 
[2023-12-14 18:19:31.471] magnitudes:8000;   17366.3750 
[2023-12-14 18:19:31.502] magnitudes:10000;   14113.1250 
[2023-12-14 18:19:31.518] magnitudes:15000;    9409.5000 
[2023-12-14 18:19:31.551] magnitudes:20000;    7257.6875 
[2023-12-14 18:19:31.582] magnitudes:30000;    5139.0000 
[2023-12-14 18:19:31.615] magnitudes:40000;    4121.9375 
[2023-12-14 18:19:31.647] magnitudes:50000;    3613.5625 
[2023-12-14 18:19:31.681] magnitudes:60000;    3743.8750 
[2023-12-14 18:19:31.700] magnitudes:70000;    3685.1250 
[2023-12-14 18:19:31.727] magnitudes:200;  845034.7500 
[2023-12-14 18:19:31.760] magnitudes:500;  282069.8125 
[2023-12-14 18:19:31.791] magnitudes:800;  170995.9375 
[2023-12-14 18:19:31.824] magnitudes:1000;  134428.8750 
[2023-12-14 18:19:31.855] magnitudes:2000;   68871.4375 
[2023-12-14 18:19:31.887] magnitudes:5000;   27893.6250 
[2023-12-14 18:19:31.907] magnitudes:8000;   17366.3750 
[2023-12-14 18:19:31.935] magnitudes:10000;   14004.3750 
[2023-12-14 18:19:31.967] magnitudes:15000;    9447.6875 
[2023-12-14 18:19:31.999] magnitudes:20000;    7257.6875 
[2023-12-14 18:19:32.032] magnitudes:30000;    5121.6875 
[2023-12-14 18:19:32.063] magnitudes:40000;    4121.9375 
[2023-12-14 18:19:32.084] magnitudes:50000;    3713.6875 
[2023-12-14 18:19:32.115] magnitudes:60000;    3743.8750 
[2023-12-14 18:19:32.143] magnitudes:70000;    3627.6250 
[2023-12-14 18:19:32.175] magnitudes:200;  853115.0625 
[2023-12-14 18:19:32.207] magnitudes:500;  285627.8125 
[2023-12-14 18:19:32.238] magnitudes:800;  170995.9375 
[2023-12-14 18:19:32.271] magnitudes:1000;  141256.9375 
[2023-12-14 18:19:32.287] magnitudes:2000;   68119.6250 
[2023-12-14 18:19:32.323] magnitudes:5000;   27637.6875 
[2023-12-14 18:19:32.351] magnitudes:8000;   17366.3750 
[2023-12-14 18:19:32.383] magnitudes:10000;   14067.0625 
[2023-12-14 18:19:32.415] magnitudes:15000;    9447.6875 
[2023-12-14 18:19:32.447] magnitudes:20000;    7257.6875 
[2023-12-14 18:19:32.471] magnitudes:30000;    5121.6875 
[2023-12-14 18:19:32.495] magnitudes:40000;    4187.8750 
[2023-12-14 18:19:32.527] magnitudes:50000;    3713.6875 
[2023-12-14 18:19:32.560] magnitudes:60000;    3743.8750 
[2023-12-14 18:19:32.591] magnitudes:70000;    3685.1250 
[2023-12-14 18:19:32.623] magnitudes:200;  845034.7500 
[2023-12-14 18:19:32.655] magnitudes:500;  288381.5625 
[2023-12-14 18:19:32.670] magnitudes:800;  173314.6875 
[2023-12-14 18:19:32.703] magnitudes:1000;  134428.8750 
[2023-12-14 18:19:32.735] magnitudes:2000;   68889.3750 
[2023-12-14 18:19:32.767] magnitudes:5000;   27739.9375 
[2023-12-14 18:19:32.798] magnitudes:8000;   17480.7500 
[2023-12-14 18:19:32.819] magnitudes:10000;   14004.3750 
[2023-12-14 18:19:32.856] magnitudes:15000;    9447.6875 
[2023-12-14 18:19:32.890] magnitudes:20000;    7233.9375 
[2023-12-14 18:19:32.911] magnitudes:30000;    5121.6875 
[2023-12-14 18:19:32.943] magnitudes:40000;    4187.8750 
[2023-12-14 18:19:32.975] magnitudes:50000;    3713.6875 
[2023-12-14 18:19:32.991] magnitudes:60000;    3743.8750 
[2023-12-14 18:19:33.024] magnitudes:70000;    3685.1250 
[2023-12-14 18:19:33.056] magnitudes:200;  878004.4375 
[2023-12-14 18:19:33.087] magnitudes:500;  273059.0625 
[2023-12-14 18:19:33.120] magnitudes:800;  170995.9375 
[2023-12-14 18:19:33.152] magnitudes:1000;  134736.6875 
[2023-12-14 18:19:33.183] magnitudes:2000;   68119.6250 
[2023-12-14 18:19:33.203] magnitudes:5000;   27485.3750 
[2023-12-14 18:19:33.239] magnitudes:8000;   17480.7500 
[2023-12-14 18:19:33.263] magnitudes:10000;   14004.3750 
[2023-12-14 18:19:33.295] magnitudes:15000;    9447.6875 
[2023-12-14 18:19:33.327] magnitudes:20000;    7233.9375 
[2023-12-14 18:19:33.358] magnitudes:30000;    5123.9375 
