
[2023-12-14 18:23:41.085] magnitudes:200;  803414.4375 
[2023-12-14 18:23:41.112] magnitudes:500;  256968.4375 
[2023-12-14 18:23:41.112] magnitudes:800;  156576.0000 
[2023-12-14 18:23:41.112] magnitudes:1000;  124635.1250 
[2023-12-14 18:23:41.112] magnitudes:2000;   61257.8750 
[2023-12-14 18:23:41.112] magnitudes:5000;   25299.0000 
[2023-12-14 18:23:41.112] magnitudes:8000;   15650.6875 
[2023-12-14 18:23:41.112] magnitudes:10000;   12786.9375 
[2023-12-14 18:23:41.112] magnitudes:15000;    8580.0000 
[2023-12-14 18:23:41.112] magnitudes:20000;    6522.5000 
[2023-12-14 18:23:41.112] magnitudes:30000;    4579.8125 
[2023-12-14 18:23:41.112] magnitudes:40000;    3736.6875 
[2023-12-14 18:23:41.112] magnitudes:50000;    3388.3125 
[2023-12-14 18:23:41.112] magnitudes:60000;    3377.1250 
[2023-12-14 18:23:41.112] magnitudes:70000;    3576.1875 
[2023-12-14 18:23:41.112] magnitudes:200;  786847.2500 
[2023-12-14 18:23:41.112] magnitudes:500;  262057.1250 
[2023-12-14 18:23:41.112] magnitudes:800;  156576.0000 
[2023-12-14 18:23:41.112] magnitudes:1000;  124635.1250 
[2023-12-14 18:23:41.112] magnitudes:2000;   61257.8750 
[2023-12-14 18:23:41.112] magnitudes:5000;   25072.1250 
[2023-12-14 18:23:41.112] magnitudes:8000;   15752.2500 
[2023-12-14 18:23:41.112] magnitudes:10000;   12639.0625 
[2023-12-14 18:23:41.112] magnitudes:15000;    8545.8750 
[2023-12-14 18:23:41.112] magnitudes:20000;    6522.5000 
[2023-12-14 18:23:41.112] magnitudes:30000;    4581.8750 
[2023-12-14 18:23:41.112] magnitudes:40000;    3849.3750 
[2023-12-14 18:23:41.112] magnitudes:50000;    3388.3125 
[2023-12-14 18:23:41.112] magnitudes:60000;    3377.1250 
[2023-12-14 18:23:41.112] magnitudes:70000;    3576.1875 
[2023-12-14 18:23:41.112] magnitudes:200;  795346.4375 
[2023-12-14 18:23:41.112] magnitudes:500;  262057.1250 
[2023-12-14 18:23:41.112] magnitudes:800;  158581.3750 
[2023-12-14 18:23:41.124] magnitudes:1000;  123046.3125 
[2023-12-14 18:23:41.124] magnitudes:2000;   61257.8750 
[2023-12-14 18:23:41.124] magnitudes:5000;   25001.4375 
[2023-12-14 18:23:41.124] magnitudes:8000;   15650.6875 
[2023-12-14 18:23:41.124] magnitudes:10000;   12639.0625 
[2023-12-14 18:23:41.124] magnitudes:15000;    8575.5625 
[2023-12-14 18:23:41.124] magnitudes:20000;    6530.7500 
[2023-12-14 18:23:41.124] magnitudes:30000;    4579.8125 
[2023-12-14 18:23:41.124] magnitudes:40000;    3857.8125 
[2023-12-14 18:23:41.124] magnitudes:50000;    3388.3125 
[2023-12-14 18:23:41.124] magnitudes:60000;    3348.4375 
[2023-12-14 18:23:41.124] magnitudes:70000;    3576.1875 
[2023-12-14 18:23:41.124] magnitudes:200;  786847.2500 
[2023-12-14 18:23:41.124] magnitudes:500;  253744.2500 
[2023-12-14 18:23:41.124] magnitudes:800;  158581.3750 
[2023-12-14 18:23:41.124] magnitudes:1000;  123046.3125 
[2023-12-14 18:23:41.124] magnitudes:2000;   61257.8750 
[2023-12-14 18:23:41.124] magnitudes:5000;   25001.4375 
[2023-12-14 18:23:41.124] magnitudes:8000;   15752.2500 
[2023-12-14 18:23:41.124] magnitudes:10000;   12583.4375 
[2023-12-14 18:23:41.124] magnitudes:15000;    8580.0000 
[2023-12-14 18:23:41.124] magnitudes:20000;    6530.7500 
[2023-12-14 18:23:41.124] magnitudes:30000;    4579.8125 
[2023-12-14 18:23:41.124] magnitudes:40000;    3741.1875 
[2023-12-14 18:23:41.124] magnitudes:50000;    3388.3125 
[2023-12-14 18:23:41.124] magnitudes:60000;    3377.1250 
[2023-12-14 18:23:41.124] magnitudes:70000;    3633.0625 
[2023-12-14 18:23:41.124] magnitudes:200;  795173.8125 
[2023-12-14 18:23:41.124] magnitudes:500;  253744.2500 
[2023-12-14 18:23:41.124] magnitudes:800;  158581.3750 
[2023-12-14 18:23:41.124] magnitudes:1000;  123046.3125 
[2023-12-14 18:23:41.142] magnitudes:2000;   61257.8750 
[2023-12-14 18:23:41.142] magnitudes:5000;   25001.4375 
[2023-12-14 18:23:41.142] magnitudes:8000;   15752.2500 
[2023-12-14 18:23:41.142] magnitudes:10000;   12583.4375 
[2023-12-14 18:23:41.142] magnitudes:15000;    8545.8750 
[2023-12-14 18:23:41.142] magnitudes:20000;    6522.5000 
[2023-12-14 18:23:41.142] magnitudes:30000;    4581.8750 
[2023-12-14 18:23:41.142] magnitudes:40000;    3736.6875 
[2023-12-14 18:23:41.142] magnitudes:50000;    3372.8750 
[2023-12-14 18:23:41.142] magnitudes:60000;    3377.1250 
[2023-12-14 18:23:41.142] magnitudes:70000;    3633.0625 
[2023-12-14 18:23:41.142] magnitudes:200;  795173.8125 
[2023-12-14 18:23:41.142] magnitudes:500;  262057.1250 
[2023-12-14 18:23:41.142] magnitudes:800;  158581.3750 
[2023-12-14 18:23:41.142] magnitudes:1000;  123046.3125 
[2023-12-14 18:23:41.142] magnitudes:2000;   61257.8750 
[2023-12-14 18:23:41.142] magnitudes:5000;   24777.1875 
[2023-12-14 18:23:41.142] magnitudes:8000;   15752.2500 
[2023-12-14 18:23:41.142] magnitudes:10000;   12583.4375 
[2023-12-14 18:23:41.142] magnitudes:15000;    8580.0000 
[2023-12-14 18:23:41.142] magnitudes:20000;    6530.7500 
[2023-12-14 18:23:41.142] magnitudes:30000;    4581.8750 
[2023-12-14 18:23:41.142] magnitudes:40000;    3736.6875 
[2023-12-14 18:23:41.142] magnitudes:50000;    3388.3125 
[2023-12-14 18:23:41.142] magnitudes:60000;    3377.1250 
[2023-12-14 18:23:41.142] magnitudes:70000;    3633.0625 
[2023-12-14 18:23:41.142] magnitudes:200;  795173.8125 
[2023-12-14 18:23:41.142] magnitudes:500;  253577.8125 
[2023-12-14 18:23:41.142] magnitudes:800;  158581.3750 
[2023-12-14 18:23:41.142] magnitudes:1000;  123046.3125 
[2023-12-14 18:23:41.142] magnitudes:2000;   61257.8750 
[2023-12-14 18:23:41.142] magnitudes:5000;   25001.4375 
[2023-12-14 18:23:41.156] magnitudes:8000;   15692.6875 
[2023-12-14 18:23:41.156] magnitudes:10000;   12583.4375 
[2023-12-14 18:23:41.156] magnitudes:15000;    8545.8750 
[2023-12-14 18:23:41.156] magnitudes:20000;    6522.5000 
[2023-12-14 18:23:41.156] magnitudes:30000;    4690.5625 
[2023-12-14 18:23:41.156] magnitudes:40000;    3736.6875 
[2023-12-14 18:23:41.156] magnitudes:50000;    3388.3125 
[2023-12-14 18:23:41.156] magnitudes:60000;    3377.1250 
[2023-12-14 18:23:41.156] magnitudes:70000;    3633.0625 
[2023-12-14 18:23:41.156] magnitudes:200;  803414.4375 
[2023-12-14 18:23:41.156] magnitudes:500;  253577.8125 
[2023-12-14 18:23:41.156] magnitudes:800;  158581.3750 
[2023-12-14 18:23:41.156] magnitudes:1000;  123046.3125 
[2023-12-14 18:23:41.156] magnitudes:2000;   61257.8750 
[2023-12-14 18:23:41.156] magnitudes:5000;   25072.1250 
[2023-12-14 18:23:41.156] magnitudes:8000;   15650.6875 
[2023-12-14 18:23:41.156] magnitudes:10000;   12583.4375 
[2023-12-14 18:23:41.156] magnitudes:15000;    8575.5625 
[2023-12-14 18:23:41.156] magnitudes:20000;    6530.7500 
[2023-12-14 18:23:41.156] magnitudes:30000;    4692.6875 
[2023-12-14 18:23:41.156] magnitudes:40000;    3736.6875 
[2023-12-14 18:23:41.156] magnitudes:50000;    3372.8750 
[2023-12-14 18:23:41.156] magnitudes:60000;    3377.1250 
[2023-12-14 18:23:41.156] magnitudes:70000;    3576.1875 
[2023-12-14 18:23:41.156] magnitudes:200;  795173.8125 
[2023-12-14 18:23:41.156] magnitudes:500;  253744.2500 
[2023-12-14 18:23:41.156] magnitudes:800;  156576.0000 
[2023-12-14 18:23:41.156] magnitudes:1000;  124635.1250 
[2023-12-14 18:23:41.156] magnitudes:2000;   61257.8750 
[2023-12-14 18:23:41.156] magnitudes:5000;   25299.0000 
[2023-12-14 18:23:41.156] magnitudes:8000;   15752.2500 
[2023-12-14 18:23:41.173] magnitudes:10000;   12583.4375 
[2023-12-14 18:23:41.173] magnitudes:15000;    8580.0000 
[2023-12-14 18:23:41.173] magnitudes:20000;    6522.5000 
[2023-12-14 18:23:41.173] magnitudes:30000;    4579.8125 
[2023-12-14 18:23:41.173] magnitudes:40000;    3728.6250 
[2023-12-14 18:23:41.173] magnitudes:50000;    3388.3125 
[2023-12-14 18:23:41.173] magnitudes:60000;    3377.1250 
[2023-12-14 18:23:41.173] magnitudes:70000;    3576.1875 
[2023-12-14 18:23:41.173] magnitudes:200;  795346.4375 
[2023-12-14 18:23:41.173] magnitudes:500;  261889.5000 
[2023-12-14 18:23:41.173] magnitudes:800;  156576.0000 
[2023-12-14 18:23:41.173] magnitudes:1000;  124635.1250 
[2023-12-14 18:23:41.173] magnitudes:2000;   61257.8750 
[2023-12-14 18:23:41.173] magnitudes:5000;   25299.0000 
[2023-12-14 18:23:41.173] magnitudes:8000;   15752.2500 
[2023-12-14 18:23:41.173] magnitudes:10000;   12583.4375 
[2023-12-14 18:23:41.173] magnitudes:15000;    8575.5625 
[2023-12-14 18:23:41.173] magnitudes:20000;    6530.7500 
[2023-12-14 18:23:41.173] magnitudes:30000;    4581.8750 
[2023-12-14 18:23:41.173] magnitudes:40000;    3787.4375 
[2023-12-14 18:23:41.173] magnitudes:50000;    3388.3125 
[2023-12-14 18:23:41.173] magnitudes:60000;    3102.0625 
[2023-12-14 18:23:41.173] magnitudes:70000;    3633.0625 
[2023-12-14 18:23:41.173] magnitudes:200;  786847.2500 
[2023-12-14 18:23:41.173] magnitudes:500;  258599.3750 
[2023-12-14 18:23:41.173] magnitudes:800;  156576.0000 
[2023-12-14 18:23:41.173] magnitudes:1000;  124635.1250 
[2023-12-14 18:23:41.173] magnitudes:2000;   61257.8750 
[2023-12-14 18:23:41.173] magnitudes:5000;   25072.1250 
[2023-12-14 18:23:41.173] magnitudes:8000;   15752.2500 
[2023-12-14 18:23:41.173] magnitudes:10000;   12639.0625 
[2023-12-14 18:23:41.203] magnitudes:15000;    8614.1875 
[2023-12-14 18:23:41.203] magnitudes:20000;    6530.7500 
[2023-12-14 18:23:41.203] magnitudes:30000;    4581.8750 
[2023-12-14 18:23:41.203] magnitudes:40000;    3870.9375 
[2023-12-14 18:23:41.203] magnitudes:50000;    3388.3125 
[2023-12-14 18:23:41.203] magnitudes:60000;    3377.1250 
[2023-12-14 18:23:41.203] magnitudes:70000;    3576.1875 
[2023-12-14 18:23:41.203] magnitudes:200;  787021.6875 
[2023-12-14 18:23:41.203] magnitudes:500;  253577.8125 
[2023-12-14 18:23:41.203] magnitudes:800;  156576.0000 
[2023-12-14 18:23:41.203] magnitudes:1000;  124635.1250 
[2023-12-14 18:23:41.203] magnitudes:2000;   61257.8750 
[2023-12-14 18:23:41.203] magnitudes:5000;   25072.1250 
[2023-12-14 18:23:41.203] magnitudes:8000;   15752.2500 
[2023-12-14 18:23:41.203] magnitudes:10000;   12679.5625 
[2023-12-14 18:23:41.203] magnitudes:15000;    8580.0000 
[2023-12-14 18:23:41.203] magnitudes:20000;    6530.7500 
[2023-12-14 18:23:41.203] magnitudes:30000;    4597.0625 
[2023-12-14 18:23:41.203] magnitudes:40000;    3741.1875 
[2023-12-14 18:23:41.203] magnitudes:50000;    3399.6875 
[2023-12-14 18:23:41.203] magnitudes:60000;    3377.1250 
[2023-12-14 18:23:41.203] magnitudes:70000;    3633.0625 
[2023-12-14 18:23:41.203] magnitudes:200;  786847.2500 
[2023-12-14 18:23:41.203] magnitudes:500;  253744.2500 
[2023-12-14 18:23:41.203] magnitudes:800;  158581.3750 
[2023-12-14 18:23:41.203] magnitudes:1000;  123046.3125 
[2023-12-14 18:23:41.203] magnitudes:2000;   61257.8750 
[2023-12-14 18:23:41.203] magnitudes:5000;   25001.4375 
[2023-12-14 18:23:41.203] magnitudes:8000;   15650.6875 
[2023-12-14 18:23:41.203] magnitudes:10000;   12639.0625 
[2023-12-14 18:23:41.203] magnitudes:15000;    8575.5625 
[2023-12-14 18:23:41.203] magnitudes:20000;    6522.5000 
[2023-12-14 18:23:41.218] magnitudes:30000;    4579.8125 
[2023-12-14 18:23:41.218] magnitudes:40000;    3749.3750 
[2023-12-14 18:23:41.218] magnitudes:50000;    3388.3125 
[2023-12-14 18:23:41.218] magnitudes:60000;    3377.1250 
[2023-12-14 18:23:41.218] magnitudes:70000;    3633.0625 
[2023-12-14 18:23:41.218] magnitudes:200;  786847.2500 
[2023-12-14 18:23:41.218] magnitudes:500;  258769.1250 
[2023-12-14 18:23:41.218] magnitudes:800;  158581.3750 
[2023-12-14 18:23:41.218] magnitudes:1000;  123046.3125 
[2023-12-14 18:23:41.218] magnitudes:2000;   61994.7500 
[2023-12-14 18:23:41.218] magnitudes:5000;   25001.4375 
[2023-12-14 18:23:41.218] magnitudes:8000;   15650.6875 
[2023-12-14 18:23:41.218] magnitudes:10000;   12639.0625 
[2023-12-14 18:23:41.218] magnitudes:15000;    8580.0000 
[2023-12-14 18:23:41.218] magnitudes:20000;    6522.5000 
[2023-12-14 18:23:41.218] magnitudes:30000;    4581.8750 
[2023-12-14 18:23:41.218] magnitudes:40000;    3736.6875 
[2023-12-14 18:23:41.218] magnitudes:50000;    3372.8750 
[2023-12-14 18:23:41.218] magnitudes:60000;    3377.1250 
[2023-12-14 18:23:41.218] magnitudes:70000;    3576.1875 
[2023-12-14 18:23:41.218] magnitudes:200;  803414.4375 
[2023-12-14 18:23:41.218] magnitudes:500;  258599.3750 
[2023-12-14 18:23:41.218] magnitudes:800;  158581.3750 
[2023-12-14 18:23:41.218] magnitudes:1000;  123046.3125 
[2023-12-14 18:23:41.218] magnitudes:2000;   62604.3125 
[2023-12-14 18:23:41.218] magnitudes:5000;   24777.1875 
[2023-12-14 18:23:41.218] magnitudes:8000;   15650.6875 
[2023-12-14 18:23:41.218] magnitudes:10000;   12639.0625 
[2023-12-14 18:23:41.218] magnitudes:15000;    8575.5625 
[2023-12-14 18:23:41.218] magnitudes:20000;    6522.5000 
[2023-12-14 18:23:41.218] magnitudes:30000;    4581.8750 
[2023-12-14 18:23:41.233] magnitudes:40000;    3728.6250 
[2023-12-14 18:23:41.233] magnitudes:50000;    3388.3125 
[2023-12-14 18:23:41.233] magnitudes:60000;    3377.1250 
[2023-12-14 18:23:41.233] magnitudes:70000;    3633.0625 
[2023-12-14 18:23:41.233] magnitudes:200;  795173.8125 
[2023-12-14 18:23:41.233] magnitudes:500;  253577.8125 
[2023-12-14 18:23:41.233] magnitudes:800;  156576.0000 
[2023-12-14 18:23:41.233] magnitudes:1000;  123046.3125 
[2023-12-14 18:23:41.233] magnitudes:2000;   61257.8750 
[2023-12-14 18:23:41.233] magnitudes:5000;   25001.4375 
[2023-12-14 18:23:41.233] magnitudes:8000;   15650.6875 
[2023-12-14 18:23:41.233] magnitudes:10000;   12639.0625 
[2023-12-14 18:23:41.233] magnitudes:15000;    8580.0000 
[2023-12-14 18:23:41.233] magnitudes:20000;    6522.5000 
[2023-12-14 18:23:41.233] magnitudes:30000;    4581.8750 
[2023-12-14 18:23:41.233] magnitudes:40000;    3736.6875 
[2023-12-14 18:23:41.233] magnitudes:50000;    3388.3125 
[2023-12-14 18:23:41.233] magnitudes:60000;    3102.0625 
[2023-12-14 18:23:41.233] magnitudes:70000;    3576.1875 
[2023-12-14 18:23:41.233] magnitudes:200;  803414.4375 
[2023-12-14 18:23:41.233] magnitudes:500;  253744.2500 
[2023-12-14 18:23:41.233] magnitudes:800;  158581.3750 
[2023-12-14 18:23:41.233] magnitudes:1000;  123046.3125 
[2023-12-14 18:23:41.233] magnitudes:2000;   61257.8750 
[2023-12-14 18:23:41.233] magnitudes:5000;   25072.1250 
[2023-12-14 18:23:41.233] magnitudes:8000;   15752.2500 
[2023-12-14 18:23:41.233] magnitudes:10000;   12639.0625 
[2023-12-14 18:23:41.233] magnitudes:15000;    8580.0000 
[2023-12-14 18:23:41.233] magnitudes:20000;    6522.5000 
[2023-12-14 18:23:41.233] magnitudes:30000;    4581.8750 
[2023-12-14 18:23:41.233] magnitudes:40000;    3728.6250 
[2023-12-14 18:23:41.242] magnitudes:50000;    3388.3125 
[2023-12-14 18:23:41.242] magnitudes:60000;    3377.1250 
[2023-12-14 18:23:41.242] magnitudes:70000;    3633.0625 
[2023-12-14 18:23:41.242] magnitudes:200;  795173.8125 
[2023-12-14 18:23:41.242] magnitudes:500;  258769.1250 
[2023-12-14 18:23:41.242] magnitudes:800;  156576.0000 
[2023-12-14 18:23:41.242] magnitudes:1000;  124635.1250 
[2023-12-14 18:23:41.242] magnitudes:2000;   61257.8750 
[2023-12-14 18:23:41.242] magnitudes:5000;   25299.0000 
[2023-12-14 18:23:41.242] magnitudes:8000;   15650.6875 
[2023-12-14 18:23:41.242] magnitudes:10000;   12583.4375 
[2023-12-14 18:23:41.242] magnitudes:15000;    8580.0000 
[2023-12-14 18:23:41.242] magnitudes:20000;    6522.5000 
[2023-12-14 18:23:41.242] magnitudes:30000;    4581.8750 
[2023-12-14 18:23:41.242] magnitudes:40000;    3672.0625 
[2023-12-14 18:23:41.242] magnitudes:50000;    3388.3125 
[2023-12-14 18:23:41.242] magnitudes:60000;    3348.4375 
[2023-12-14 18:23:41.242] magnitudes:70000;    3576.1875 
[2023-12-14 18:23:41.242] magnitudes:200;  795346.4375 
[2023-12-14 18:23:41.242] magnitudes:5
[2023-12-14 18:23:41.242] magnitudes:500;  258599.3750 
[2023-12-14 18:23:41.242] magnitudes:800;  158581.3750 
[2023-12-14 18:23:41.242] magnitudes:1000;  124635.1250 
[2023-12-14 18:23:41.242] magnitudes:2000;   61257.8750 
[2023-12-14 18:23:41.242] magnitudes:5000;   25001.4375 
[2023-12-14 18:23:41.262] magnitudes:8000;   15650.6875 
[2023-12-14 18:23:41.295] magnitudes:10000;   12583.4375 
[2023-12-14 18:23:41.314] magnitudes:15000;    8575.5625 
[2023-12-14 18:23:41.342] magnitudes:20000;    6530.7500 
[2023-12-14 18:23:41.374] magnitudes:30000;    4564.6875 
[2023-12-14 18:23:41.406] magnitudes:40000;    3736.6875 
[2023-12-14 18:23:41.438] magnitudes:50000;    3388.3125 
[2023-12-14 18:23:41.470] magnitudes:60000;    3348.4375 
[2023-12-14 18:23:41.486] magnitudes:70000;    3576.1875 
[2023-12-14 18:23:41.518] magnitudes:200;  787021.6875 
[2023-12-14 18:23:41.550] magnitudes:500;  229390.8750 
[2023-12-14 18:23:41.582] magnitudes:800;  156576.0000 
[2023-12-14 18:23:41.614] magnitudes:1000;  123046.3125 
[2023-12-14 18:23:41.646] magnitudes:2000;   61257.8750 
[2023-12-14 18:23:41.677] magnitudes:5000;   24777.1875 
[2023-12-14 18:23:41.697] magnitudes:8000;   15752.2500 
[2023-12-14 18:23:41.730] magnitudes:10000;   12639.0625 
[2023-12-14 18:23:41.757] magnitudes:15000;    8480.6250 
[2023-12-14 18:23:41.790] magnitudes:20000;    6530.7500 
[2023-12-14 18:23:41.822] magnitudes:30000;    4612.3750 
[2023-12-14 18:23:41.854] magnitudes:40000;    3879.3125 
[2023-12-14 18:23:41.870] magnitudes:50000;    3399.6875 
[2023-12-14 18:23:41.903] magnitudes:60000;    3102.0625 
[2023-12-14 18:23:41.934] magnitudes:70000;    3146.3125 
[2023-12-14 18:23:41.966] magnitudes:200;  786847.2500 
[2023-12-14 18:23:41.998] magnitudes:500;  226438.8750 
[2023-12-14 18:23:42.030] magnitudes:800;  154544.5000 
[2023-12-14 18:23:42.062] magnitudes:1000;  119589.1250 
[2023-12-14 18:23:42.083] magnitudes:2000;   60758.7500 
[2023-12-14 18:23:42.116] magnitudes:5000;   24583.6875 
[2023-12-14 18:23:42.144] magnitudes:8000;   15523.6875 
[2023-12-14 18:23:42.174] magnitudes:10000;   12323.6250 
[2023-12-14 18:23:42.206] magnitudes:15000;    8319.9375 
[2023-12-14 18:23:42.239] magnitudes:20000;    6279.9375 
[2023-12-14 18:23:42.254] magnitudes:30000;    4309.1250 
[2023-12-14 18:23:42.286] magnitudes:40000;    3551.3750 
[2023-12-14 18:23:42.318] magnitudes:50000;    3002.0000 
[2023-12-14 18:23:42.351] magnitudes:60000;    2832.5625 
[2023-12-14 18:23:42.382] magnitudes:70000;    3146.3125 
[2023-12-14 18:23:42.414] magnitudes:200;  811909.0625 
[2023-12-14 18:23:42.446] magnitudes:500;  212751.3750 
[2023-12-14 18:23:42.468] magnitudes:800;  145908.8125 
[2023-12-14 18:23:42.501] magnitudes:1000;  112953.6250 
[2023-12-14 18:23:42.527] magnitudes:2000;   60352.8750 
[2023-12-14 18:23:42.558] magnitudes:5000;   23056.6875 
[2023-12-14 18:23:42.591] magnitudes:8000;   15530.9375 
[2023-12-14 18:23:42.623] magnitudes:10000;   12203.0000 
[2023-12-14 18:23:42.638] magnitudes:15000;    8603.0000 
[2023-12-14 18:23:42.670] magnitudes:20000;    6426.9375 
[2023-12-14 18:23:42.702] magnitudes:30000;    4644.2500 
[2023-12-14 18:23:42.734] magnitudes:40000;    3809.8750 
[2023-12-14 18:23:42.766] magnitudes:50000;    3162.2500 
[2023-12-14 18:23:42.799] magnitudes:60000;    3279.3750 
[2023-12-14 18:23:42.814] magnitudes:70000;    3296.7500 
[2023-12-14 18:23:42.851] magnitudes:200;  564221.7500 
[2023-12-14 18:23:42.884] magnitudes:500;  279882.0000 
[2023-12-14 18:23:42.910] magnitudes:800;  158119.3750 
[2023-12-14 18:23:42.942] magnitudes:1000;  117381.3750 
[2023-12-14 18:23:42.974] magnitudes:2000;   59540.5625 
[2023-12-14 18:23:43.006] magnitudes:5000;   23450.8125 
[2023-12-14 18:23:43.023] magnitudes:8000;   15236.3750 
[2023-12-14 18:23:43.053] magnitudes:10000;   11904.8750 
[2023-12-14 18:23:43.086] magnitudes:15000;    8240.6250 
[2023-12-14 18:23:43.120] magnitudes:20000;    6257.1875 
[2023-12-14 18:23:43.152] magnitudes:30000;    4461.1250 
[2023-12-14 18:23:43.166] magnitudes:40000;    3646.0000 
[2023-12-14 18:23:43.197] magnitudes:50000;    3173.6875 
[2023-12-14 18:23:43.231] magnitudes:60000;    2986.8750 
[2023-12-14 18:23:43.262] magnitudes:70000;    3352.5000 
[2023-12-14 18:23:43.294] magnitudes:200;  840638.8750 
[2023-12-14 18:23:43.326] magnitudes:500;  289495.3750 
[2023-12-14 18:23:43.359] magnitudes:800;  151954.5625 
[2023-12-14 18:23:43.375] magnitudes:1000;  114619.8750 
[2023-12-14 18:23:43.407] magnitudes:2000;   58514.5000 
[2023-12-14 18:23:43.438] magnitudes:5000;   23336.6875 
[2023-12-14 18:23:43.472] magnitudes:8000;   15004.8750 
[2023-12-14 18:23:43.503] magnitudes:10000;   11475.1250 
[2023-12-14 18:23:43.535] magnitudes:15000;    8134.2500 
[2023-12-14 18:23:43.550] magnitudes:20000;    5919.1875 
[2023-12-14 18:23:43.582] magnitudes:30000;    4373.5625 
[2023-12-14 18:23:43.614] magnitudes:40000;    3405.0625 
[2023-12-14 18:23:43.646] magnitudes:50000;    3335.5000 
[2023-12-14 18:23:43.679] magnitudes:60000;    3511.3125 
[2023-12-14 18:23:43.710] magnitudes:70000;    3454.2500 
[2023-12-14 18:23:43.743] magnitudes:200;   45866.1875 
[2023-12-14 18:23:43.758] magnitudes:500;   46336.5000 
[2023-12-14 18:23:43.790] magnitudes:800;   44366.7500 
[2023-12-14 18:23:43.823] magnitudes:1000;   45397.7500 
[2023-12-14 18:23:43.854] magnitudes:2000;   41471.5625 
[2023-12-14 18:23:43.886] magnitudes:5000;   30238.9375 
[2023-12-14 18:23:43.917] magnitudes:8000;   23286.8750 
[2023-12-14 18:23:43.934] magnitudes:10000;   23260.4375 
[2023-12-14 18:23:43.966] magnitudes:15000;   16388.2500 
[2023-12-14 18:23:43.998] magnitudes:20000;   12289.9375 
[2023-12-14 18:23:44.030] magnitudes:30000;    8541.6875 
[2023-12-14 18:23:44.063] magnitudes:40000;    6796.0000 
[2023-12-14 18:23:44.094] magnitudes:50000;    5710.9375 
[2023-12-14 18:23:44.110] magnitudes:60000;    5323.4375 
[2023-12-14 18:23:44.141] magnitudes:70000;    5338.5625 
[2023-12-14 18:23:44.175] magnitudes:200;   51007.5000 
[2023-12-14 18:23:44.207] magnitudes:500;   51216.3750 
[2023-12-14 18:23:44.237] magnitudes:800;   52396.1250 
[2023-12-14 18:23:44.271] magnitudes:1000;   52909.8750 
[2023-12-14 18:23:44.302] magnitudes:2000;   54614.0625 
[2023-12-14 18:23:44.318] magnitudes:5000;   45490.9375 
[2023-12-14 18:23:44.351] magnitudes:8000;   33729.9375 
[2023-12-14 18:23:44.382] magnitudes:10000;   28103.0000 
[2023-12-14 18:23:44.414] magnitudes:15000;   19607.9375 
[2023-12-14 18:23:44.445] magnitudes:20000;   14832.1250 
[2023-12-14 18:23:44.478] magnitudes:30000;    9911.8125 
[2023-12-14 18:23:44.493] magnitudes:40000;    7581.8125 
[2023-12-14 18:23:44.526] magnitudes:50000;    6254.6875 
[2023-12-14 18:23:44.558] magnitudes:60000;    5746.8125 
[2023-12-14 18:23:44.590] magnitudes:70000;    5598.1250 
[2023-12-14 18:23:44.623] magnitudes:200;   51180.8750 
[2023-12-14 18:23:44.654] magnitudes:500;   51352.1875 
[2023-12-14 18:23:44.687] magnitudes:800;   52230.4375 
[2023-12-14 18:23:44.702] magnitudes:1000;   53006.4375 
[2023-12-14 18:23:44.733] magnitudes:2000;   55272.0625 
[2023-12-14 18:23:44.765] magnitudes:5000;   45575.8125 
[2023-12-14 18:23:44.798] magnitudes:8000;   33895.2500 
[2023-12-14 18:23:44.830] magnitudes:10000;   28358.1875 
[2023-12-14 18:23:44.861] magnitudes:15000;   19771.2500 
[2023-12-14 18:23:44.878] magnitudes:20000;   15011.8750 
[2023-12-14 18:23:44.910] magnitudes:30000;   10076.5000 
[2023-12-14 18:23:44.943] magnitudes:40000;    7680.5000 
[2023-12-14 18:23:44.974] magnitudes:50000;    6323.7500 
[2023-12-14 18:23:45.006] magnitudes:60000;    5573.8750 
[2023-12-14 18:23:45.037] magnitudes:70000;    5440.3750 
[2023-12-14 18:23:45.069] magnitudes:200;   50950.5000 
[2023-12-14 18:23:45.086] magnitudes:500;   51307.4375 
[2023-12-14 18:23:45.118] magnitudes:800;   52161.7500 
[2023-12-14 18:23:45.150] magnitudes:1000;   52653.2500 
[2023-12-14 18:23:45.182] magnitudes:2000;   54414.8125 
[2023-12-14 18:23:45.214] magnitudes:5000;   44661.8125 
[2023-12-14 18:23:45.233] magnitudes:8000;   33146.5625 
[2023-12-14 18:23:45.266] magnitudes:10000;   27691.7500 
[2023-12-14 18:23:45.294] magnitudes:15000;   19418.7500 
[2023-12-14 18:23:45.326] magnitudes:20000;   14869.6250 
[2023-12-14 18:23:45.359] magnitudes:30000;    9890.0625 
[2023-12-14 18:23:45.390] magnitudes:40000;    7615.0000 
[2023-12-14 18:23:45.406] magnitudes:50000;    6233.6250 
[2023-12-14 18:23:45.439] magnitudes:60000;    5613.3750 
[2023-12-14 18:23:45.470] magnitudes:70000;    5506.2500 
[2023-12-14 18:23:45.503] magnitudes:200;   51349.1250 
[2023-12-14 18:23:45.535] magnitudes:500;   51235.3750 
[2023-12-14 18:23:45.565] magnitudes:800;   51896.7500 
[2023-12-14 18:23:45.598] magnitudes:1000;   52513.3750 
[2023-12-14 18:23:45.617] magnitudes:2000;   54486.9375 
[2023-12-14 18:23:45.646] magnitudes:5000;   44570.5625 
[2023-12-14 18:23:45.678] magnitudes:8000;   33087.5625 
[2023-12-14 18:23:45.711] magnitudes:10000;   27843.2500 
[2023-12-14 18:23:45.742] magnitudes:15000;   19534.5000 
[2023-12-14 18:23:45.774] magnitudes:20000;   14897.7500 
[2023-12-14 18:23:45.789] magnitudes:30000;   10007.7500 
[2023-12-14 18:23:45.823] magnitudes:40000;    7679.3750 
[2023-12-14 18:23:45.854] magnitudes:50000;    6439.0625 
[2023-12-14 18:23:45.887] magnitudes:60000;    5740.0000 
[2023-12-14 18:23:45.918] magnitudes:70000;    5595.6250 
[2023-12-14 18:23:45.951] magnitudes:200;   51101.5000 
[2023-12-14 18:23:45.982] magnitudes:500;   51440.6875 
[2023-12-14 18:23:46.001] magnitudes:800;   52230.6250 
[2023-12-14 18:23:46.035] magnitudes:1000;   52849.2500 
[2023-12-14 18:23:46.062] magnitudes:2000;   55136.8750 
[2023-12-14 18:23:46.094] magnitudes:5000;   45872.3125 
[2023-12-14 18:23:46.126] magnitudes:8000;   34258.5000 
[2023-12-14 18:23:46.158] magnitudes:10000;   28686.0000 
[2023-12-14 18:23:46.174] magnitudes:15000;   20109.5000 
[2023-12-14 18:23:46.205] magnitudes:20000;   15340.2500 
[2023-12-14 18:23:46.241] magnitudes:30000;   10311.7500 
[2023-12-14 18:23:46.270] magnitudes:40000;    7840.0000 
[2023-12-14 18:23:46.303] magnitudes:50000;    6646.5625 
[2023-12-14 18:23:46.335] magnitudes:60000;    5740.0000 
[2023-12-14 18:23:46.351] magnitudes:70000;    5640.7500 
[2023-12-14 18:23:46.384] magnitudes:200;   50398.6250 
[2023-12-14 18:23:46.418] magnitudes:500;   51041.4375 
[2023-12-14 18:23:46.446] magnitudes:800;   51984.5000 
[2023-12-14 18:23:46.478] magnitudes:1000;   51773.7500 
[2023-12-14 18:23:46.510] magnitudes:2000;   52943.2500 
[2023-12-14 18:23:46.542] magnitudes:5000;   38709.8750 
[2023-12-14 18:23:46.558] magnitudes:8000;   23329.6875 
[2023-12-14 18:23:46.590] magnitudes:10000;   11197.6250 
[2023-12-14 18:23:46.622] magnitudes:15000;    9983.3750 
[2023-12-14 18:23:46.654] magnitudes:20000;    6656.1875 
[2023-12-14 18:23:46.688] magnitudes:30000;    4228.3750 
[2023-12-14 18:23:46.718] magnitudes:40000;    3361.1250 
[2023-12-14 18:23:46.733] magnitudes:50000;    3127.7500 
[2023-12-14 18:23:46.768] magnitudes:60000;    2969.3750 
[2023-12-14 18:23:46.799] magnitudes:70000;    3302.1875 
[2023-12-14 18:23:46.830] magnitudes:200; 1007952.3125 
[2023-12-14 18:23:46.862] magnitudes:500;  223143.4375 
[2023-12-14 18:23:46.894] magnitudes:800;  144877.0625 
[2023-12-14 18:23:46.926] magnitudes:1000;  110405.4375 
[2023-12-14 18:23:46.942] magnitudes:2000;   56559.0625 
[2023-12-14 18:23:46.974] magnitudes:5000;   22351.8750 
[2023-12-14 18:23:47.006] magnitudes:8000;   14057.6250 
[2023-12-14 18:23:47.038] magnitudes:10000;   11109.8125 
[2023-12-14 18:23:47.070] magnitudes:15000;    7564.8125 
[2023-12-14 18:23:47.102] magnitudes:20000;    5777.7500 
[2023-12-14 18:23:47.118] magnitudes:30000;    4028.2500 
[2023-12-14 18:23:47.150] magnitudes:40000;    3336.3125 
[2023-12-14 18:23:47.182] magnitudes:50000;    3012.4375 
[2023-12-14 18:23:47.215] magnitudes:60000;    2710.2500 
[2023-12-14 18:23:47.246] magnitudes:70000;    2742.0000 
[2023-12-14 18:23:47.277] magnitudes:200;  716185.4375 
[2023-12-14 18:23:47.311] magnitudes:500;  249482.6875 
[2023-12-14 18:23:47.326] magnitudes:800;  138122.3750 
[2023-12-14 18:23:47.358] magnitudes:1000;  105099.5000 
[2023-12-14 18:23:47.390] magnitudes:2000;   53832.0625 
[2023-12-14 18:23:47.422] magnitudes:5000;   21078.8750 
[2023-12-14 18:23:47.454] magnitudes:8000;   13151.6875 
[2023-12-14 18:23:47.470] magnitudes:10000;    6853.9375 
[2023-12-14 18:23:47.501] magnitudes:15000;   10041.0625 
[2023-12-14 18:23:47.535] magnitudes:20000;    5557.1250 
[2023-12-14 18:23:47.566] magnitudes:30000;    5444.1250 
[2023-12-14 18:23:47.598] magnitudes:40000;    4315.8125 
[2023-12-14 18:23:47.631] magnitudes:50000;    3540.6875 
[2023-12-14 18:23:47.646] magnitudes:60000;    3139.3750 
[2023-12-14 18:23:47.678] magnitudes:70000;    3375.6875 
[2023-12-14 18:23:47.709] magnitudes:200;   51013.9375 
[2023-12-14 18:23:47.742] magnitudes:500;   49704.2500 
[2023-12-14 18:23:47.774] magnitudes:800;   50168.3750 
[2023-12-14 18:23:47.806] magnitudes:1000;   51391.2500 
[2023-12-14 18:23:47.839] magnitudes:2000;   52140.1250 
[2023-12-14 18:23:47.854] magnitudes:5000;   42248.6250 
[2023-12-14 18:23:47.886] magnitudes:8000;   31728.6875 
[2023-12-14 18:23:47.919] magnitudes:10000;   27177.1250 
[2023-12-14 18:23:47.950] magnitudes:15000;   19109.1875 
[2023-12-14 18:23:47.985] magnitudes:20000;   14506.0625 
[2023-12-14 18:23:48.014] magnitudes:30000;    9702.1875 
[2023-12-14 18:23:48.030] magnitudes:40000;    7304.8125 
[2023-12-14 18:23:48.062] magnitudes:50000;    6087.3125 
[2023-12-14 18:23:48.094] magnitudes:60000;    5351.3125 
[2023-12-14 18:23:48.126] magnitudes:70000;    5125.0000 
[2023-12-14 18:23:48.159] magnitudes:200;   52961.7500 
[2023-12-14 18:23:48.190] magnitudes:500;   52495.1250 
[2023-12-14 18:23:48.222] magnitudes:800;   53136.1875 
[2023-12-14 18:23:48.238] magnitudes:1000;   53784.1875 
[2023-12-14 18:23:48.270] magnitudes:2000;   55702.5000 
[2023-12-14 18:23:48.302] magnitudes:5000;   46369.2500 
[2023-12-14 18:23:48.334] magnitudes:8000;   33669.3125 
[2023-12-14 18:23:48.366] magnitudes:10000;   28088.8125 
[2023-12-14 18:23:48.398] magnitudes:15000;   19493.0000 
[2023-12-14 18:23:48.413] magnitudes:20000;   14762.8125 
[2023-12-14 18:23:48.446] magnitudes:30000;    9828.1875 
[2023-12-14 18:23:48.478] magnitudes:40000;    7346.7500 
[2023-12-14 18:23:48.510] magnitudes:50000;    5907.6875 
[2023-12-14 18:23:48.544] magnitudes:60000;    5513.5000 
[2023-12-14 18:23:48.574] magnitudes:70000;    5506.2500 
[2023-12-14 18:23:48.605] magnitudes:200;   52441.6875 
[2023-12-14 18:23:48.622] magnitudes:500;   52333.3125 
[2023-12-14 18:23:48.654] magnitudes:800;   53267.7500 
[2023-12-14 18:23:48.685] magnitudes:1000;   54046.5000 
[2023-12-14 18:23:48.717] magnitudes:2000;   55805.2500 
[2023-12-14 18:23:48.750] magnitudes:5000;   45904.8125 
[2023-12-14 18:23:48.781] magnitudes:8000;   33656.0000 
[2023-12-14 18:23:48.803] magnitudes:10000;   28095.4375 
[2023-12-14 18:23:48.830] magnitudes:15000;   19513.6250 
[2023-12-14 18:23:48.862] magnitudes:20000;   14810.0000 
[2023-12-14 18:23:48.894] magnitudes:30000;    9413.6875 
[2023-12-14 18:23:48.926] magnitudes:40000;    7135.4375 
[2023-12-14 18:23:48.959] magnitudes:50000;    5814.6250 
[2023-12-14 18:23:48.973] magnitudes:60000;    5343.5625 
[2023-12-14 18:23:49.007] magnitudes:70000;    5125.0000 
[2023-12-14 18:23:49.038] magnitudes:200;   52661.6250 
[2023-12-14 18:23:49.070] magnitudes:500;   51857.8750 
[2023-12-14 18:23:49.103] magnitudes:800;   53207.8750 
[2023-12-14 18:23:49.135] magnitudes:1000;   53900.9375 
[2023-12-14 18:23:49.168] magnitudes:2000;   56421.1250 
[2023-12-14 18:23:49.187] magnitudes:5000;   45844.1875 
[2023-12-14 18:23:49.215] magnitudes:8000;   33679.6875 
[2023-12-14 18:23:49.247] magnitudes:10000;   28125.3125 
[2023-12-14 18:23:49.278] magnitudes:15000;   19530.1250 
[2023-12-14 18:23:49.309] magnitudes:20000;   14799.0625 
[2023-12-14 18:23:49.342] magnitudes:30000;    9881.8125 
[2023-12-14 18:23:49.358] magnitudes:40000;    7427.1875 
[2023-12-14 18:23:49.390] magnitudes:50000;    6218.1875 
[2023-12-14 18:23:49.422] magnitudes:60000;    5497.2500 
[2023-12-14 18:23:49.454] magnitudes:70000;    5464.2500 
[2023-12-14 18:23:49.487] magnitudes:200;   51558.0625 
[2023-12-14 18:23:49.519] magnitudes:500;   52094.9375 
[2023-12-14 18:23:49.550] magnitudes:800;   53223.9375 
[2023-12-14 18:23:49.571] magnitudes:1000;   53962.1875 
[2023-12-14 18:23:49.598] magnitudes:2000;   56514.4375 
[2023-12-14 18:23:49.630] magnitudes:5000;   45950.4375 
[2023-12-14 18:23:49.662] magnitudes:8000;   33788.6250 
[2023-12-14 18:23:49.694] magnitudes:10000;   28228.0000 
[2023-12-14 18:23:49.711] magnitudes:15000;   19576.6250 
[2023-12-14 18:23:49.742] magnitudes:20000;   14870.5625 
[2023-12-14 18:23:49.774] magnitudes:30000;    9853.5000 
[2023-12-14 18:23:49.806] magnitudes:40000;    7437.7500 
[2023-12-14 18:23:49.838] magnitudes:50000;    6218.1875 
[2023-12-14 18:23:49.869] magnitudes:60000;    5480.5000 
[2023-12-14 18:23:49.885] magnitudes:70000;    5464.2500 
[2023-12-14 18:23:49.920] magnitudes:200;   52158.0625 
[2023-12-14 18:23:49.954] magnitudes:500;   52001.9375 
[2023-12-14 18:23:49.982] magnitudes:800;   53201.6875 
[2023-12-14 18:23:50.014] magnitudes:1000;   53905.1875 
[2023-12-14 18:23:50.045] magnitudes:2000;   56587.6250 
[2023-12-14 18:23:50.078] magnitudes:5000;   45864.7500 
[2023-12-14 18:23:50.094] magnitudes:8000;   33646.1250 
[2023-12-14 18:23:50.125] magnitudes:10000;   28117.6875 
[2023-12-14 18:23:50.158] magnitudes:15000;   19546.9375 
[2023-12-14 18:23:50.190] magnitudes:20000;   14791.1875 
[2023-12-14 18:23:50.221] magnitudes:30000;    9833.6875 
[2023-12-14 18:23:50.255] magnitudes:40000;    7498.3750 
[2023-12-14 18:23:50.269] magnitudes:50000;    6213.0000 
[2023-12-14 18:23:50.303] magnitudes:60000;    5480.5000 
[2023-12-14 18:23:50.335] magnitudes:70000;    5464.2500 
[2023-12-14 18:23:50.366] magnitudes:200;   51827.3750 
[2023-12-14 18:23:50.398] magnitudes:500;   52066.9375 
[2023-12-14 18:23:50.430] magnitudes:800;   53172.0000 
[2023-12-14 18:23:50.463] magnitudes:1000;   53894.0000 
[2023-12-14 18:23:50.478] magnitudes:2000;   56465.5000 
[2023-12-14 18:23:50.510] magnitudes:5000;   45823.5625 
[2023-12-14 18:23:50.543] magnitudes:8000;   33741.0000 
[2023-12-14 18:23:50.575] magnitudes:10000;   28121.1875 
[2023-12-14 18:23:50.606] magnitudes:15000;   19530.2500 
[2023-12-14 18:23:50.639] magnitudes:20000;   14768.3750 
[2023-12-14 18:23:50.653] magnitudes:30000;    9879.2500 
[2023-12-14 18:23:50.688] magnitudes:40000;    7418.5000 
[2023-12-14 18:23:50.717] magnitudes:50000;    6185.9375 
[2023-12-14 18:23:50.750] magnitudes:60000;    5480.5000 
[2023-12-14 18:23:50.782] magnitudes:70000;    5464.2500 
[2023-12-14 18:23:50.814] magnitudes:200;   51410.0625 
[2023-12-14 18:23:50.847] magnitudes:500;   52170.3750 
[2023-12-14 18:23:50.862] magnitudes:800;   53185.1250 
[2023-12-14 18:23:50.894] magnitudes:1000;   54015.7500 
[2023-12-14 18:23:50.926] magnitudes:2000;   56498.1875 
[2023-12-14 18:23:50.959] magnitudes:5000;   45872.8125 
[2023-12-14 18:23:50.991] magnitudes:8000;   33739.9375 
[2023-12-14 18:23:51.025] magnitudes:10000;   28169.6250 
[2023-12-14 18:23:51.037] magnitudes:15000;   19593.0625 
[2023-12-14 18:23:51.069] magnitudes:20000;   14820.6250 
[2023-12-14 18:23:51.101] magnitudes:30000;    9861.5625 
[2023-12-14 18:23:51.134] magnitudes:40000;    7505.1875 
[2023-12-14 18:23:51.167] magnitudes:50000;    6191.0625 
[2023-12-14 18:23:51.198] magnitudes:60000;    5480.5000 
[2023-12-14 18:23:51.215] magnitudes:70000;    5464.2500 
[2023-12-14 18:23:51.245] magnitudes:200;   51999.2500 
[2023-12-14 18:23:51.278] magnitudes:500;   52111.0625 
[2023-12-14 18:23:51.309] magnitudes:800;   53199.9375 
[2023-12-14 18:23:51.342] magnitudes:1000;   54014.9375 
[2023-12-14 18:23:51.376] magnitudes:2000;   56583.4375 
[2023-12-14 18:23:51.409] magnitudes:5000;   46013.2500 
[2023-12-14 18:23:51.422] magnitudes:8000;   33806.8750 
[2023-12-14 18:23:51.454] magnitudes:10000;   28208.3750 
[2023-12-14 18:23:51.486] magnitudes:15000;   19593.0625 
[2023-12-14 18:23:51.517] magnitudes:20000;   14820.6250 
[2023-12-14 18:23:51.551] magnitudes:30000;    9868.6250 
[2023-12-14 18:23:51.582] magnitudes:40000;    7418.5000 
[2023-12-14 18:23:51.598] magnitudes:50000;    6185.9375 
[2023-12-14 18:23:51.630] magnitudes:60000;    5480.5000 
[2023-12-14 18:23:51.662] magnitudes:70000;    5464.2500 
[2023-12-14 18:23:51.693] magnitudes:200;   51559.5625 
[2023-12-14 18:23:51.726] magnitudes:500;   52046.5625 
[2023-12-14 18:23:51.757] magnitudes:800;   53192.8125 
[2023-12-14 18:23:51.790] magnitudes:1000;   54067.1250 
[2023-12-14 18:23:51.806] magnitudes:2000;   56634.2500 
[2023-12-14 18:23:51.838] magnitudes:5000;   46122.8125 
[2023-12-14 18:23:51.869] magnitudes:8000;   33873.7500 
[2023-12-14 18:23:51.902] magnitudes:10000;   28269.5625 
[2023-12-14 18:23:51.934] magnitudes:15000;   19681.0625 
[2023-12-14 18:23:51.950] magnitudes:20000;   14888.3125 
[2023-12-14 18:23:51.982] magnitudes:30000;    9957.0625 
[2023-12-14 18:23:52.014] magnitudes:40000;    7505.1875 
[2023-12-14 18:23:52.046] magnitudes:50000;    6213.0000 
[2023-12-14 18:23:52.078] magnitudes:60000;    5480.5000 
[2023-12-14 18:23:52.109] magnitudes:70000;    5528.7500 
[2023-12-14 18:23:52.142] magnitudes:200;   51342.3125 
[2023-12-14 18:23:52.159] magnitudes:500;   52169.0000 
[2023-12-14 18:23:52.189] magnitudes:800;   53287.6250 
[2023-12-14 18:23:52.222] magnitudes:1000;   54342.0625 
[2023-12-14 18:23:52.254] magnitudes:2000;   57201.5000 
[2023-12-14 18:23:52.286] magnitudes:5000;   46835.4375 
[2023-12-14 18:23:52.318] magnitudes:8000;   34572.6250 
[2023-12-14 18:23:52.339] magnitudes:10000;   28943.6250 
[2023-12-14 18:23:52.366] magnitudes:15000;   20171.7500 
[2023-12-14 18:23:52.398] magnitudes:20000;   15548.8125 
[2023-12-14 18:23:52.429] magnitudes:30000;   10339.3125 
[2023-12-14 18:23:52.462] magnitudes:40000;    7707.6250 
[2023-12-14 18:23:52.494] magnitudes:50000;    5874.3750 
[2023-12-14 18:23:52.510] magnitudes:60000;    4879.5000 
[2023-12-14 18:23:52.543] magnitudes:70000;    4441.3125 
[2023-12-14 18:23:52.575] magnitudes:200;   49619.8125 
[2023-12-14 18:23:52.606] magnitudes:500;   29522.8750 
[2023-12-14 18:23:52.638] magnitudes:800;  134928.7500 
[2023-12-14 18:23:52.670] magnitudes:1000;   99797.8125 
[2023-12-14 18:23:52.701] magnitudes:2000;   48986.6250 
[2023-12-14 18:23:52.723] magnitudes:5000;   20413.3125 
[2023-12-14 18:23:52.750] magnitudes:8000;   12554.8750 
[2023-12-14 18:23:52.782] magnitudes:10000;   10392.3750 
[2023-12-14 18:23:52.813] magnitudes:15000;    6862.3750 
[2023-12-14 18:23:52.846] magnitudes:20000;    5336.8750 
[2023-12-14 18:23:52.878] magnitudes:30000;    3751.3750 
[2023-12-14 18:23:52.894] magnitudes:40000;    3050.9375 
[2023-12-14 18:23:52.925] magnitudes:50000;    2703.6250 
[2023-12-14 18:23:52.959] magnitudes:60000;    2669.8750 
[2023-12-14 18:23:52.989] magnitudes:70000;    2742.0000 
[2023-12-14 18:23:53.022] magnitudes:200;  654938.3125 
[2023-12-14 18:23:53.055] magnitudes:500;  282109.8125 
[2023-12-14 18:23:53.086] magnitudes:800;  109281.9375 
[2023-12-14 18:23:53.106] magnitudes:1000;   65308.0000 
[2023-12-14 18:23:53.133] magnitudes:2000;  100670.6875 
[2023-12-14 18:23:53.166] magnitudes:5000;   41920.4375 
[2023-12-14 18:23:53.199] magnitudes:8000;   30744.9375 
[2023-12-14 18:23:53.229] magnitudes:10000;   25775.1875 
[2023-12-14 18:23:53.262] magnitudes:15000;   19348.0625 
[2023-12-14 18:23:53.278] magnitudes:20000;   14805.5000 
[2023-12-14 18:23:53.310] magnitudes:30000;    9526.3750 
[2023-12-14 18:23:53.342] magnitudes:40000;    7097.1875 
[2023-12-14 18:23:53.374] magnitudes:50000;    5707.6250 
[2023-12-14 18:23:53.406] magnitudes:60000;    5208.7500 
[2023-12-14 18:23:53.437] magnitudes:70000;    4697.3125 
[2023-12-14 18:23:53.470] magnitudes:200;   48504.4375 
[2023-12-14 18:23:53.490] magnitudes:500;   48615.0000 
[2023-12-14 18:23:53.523] magnitudes:800;   49334.0000 
[2023-12-14 18:23:53.550] magnitudes:1000;   49877.0000 
[2023-12-14 18:23:53.582] magnitudes:2000;   52733.9375 
[2023-12-14 18:23:53.614] magnitudes:5000;   44228.8750 
[2023-12-14 18:23:53.647] magnitudes:8000;   33194.9375 
[2023-12-14 18:23:53.662] magnitudes:10000;   27826.5625 
[2023-12-14 18:23:53.698] magnitudes:15000;   19630.5000 
[2023-12-14 18:23:53.726] magnitudes:20000;   15049.1250 
[2023-12-14 18:23:53.758] magnitudes:30000;    9867.7500 
[2023-12-14 18:23:53.790] magnitudes:40000;    7590.3750 
[2023-12-14 18:23:53.821] magnitudes:50000;    6380.4375 
[2023-12-14 18:23:53.839] magnitudes:60000;    5721.6250 
[2023-12-14 18:23:53.873] magnitudes:70000;    5506.2500 
[2023-12-14 18:23:53.902] magnitudes:200;   48345.3750 
[2023-12-14 18:23:53.934] magnitudes:500;   48365.9375 
[2023-12-14 18:23:53.966] magnitudes:800;   49911.3125 
[2023-12-14 18:23:53.999] magnitudes:1000;   50847.3125 
[2023-12-14 18:23:54.015] magnitudes:2000;   54744.5000 
[2023-12-14 18:23:54.046] magnitudes:5000;   46330.5000 
[2023-12-14 18:23:54.078] magnitudes:8000;   34984.0625 
[2023-12-14 18:23:54.111] magnitudes:10000;   29142.5625 
[2023-12-14 18:23:54.142] magnitudes:15000;   20304.1875 
[2023-12-14 18:23:54.175] magnitudes:20000;   15280.7500 
[2023-12-14 18:23:54.191] magnitudes:30000;   10118.2500 
[2023-12-14 18:23:54.223] magnitudes:40000;    7626.2500 
[2023-12-14 18:23:54.253] magnitudes:50000;    6173.2500 
[2023-12-14 18:23:54.286] magnitudes:60000;    5553.0625 
[2023-12-14 18:23:54.317] magnitudes:70000;    5506.2500 
[2023-12-14 18:23:54.350] magnitudes:200;   47236.8125 
[2023-12-14 18:23:54.382] magnitudes:500;   47796.6250 
[2023-12-14 18:23:54.397] magnitudes:800;   49445.0625 
[2023-12-14 18:23:54.430] magnitudes:1000;   50242.0625 
[2023-12-14 18:23:54.461] magnitudes:2000;   54153.5000 
[2023-12-14 18:23:54.493] magnitudes:5000;   45824.2500 
[2023-12-14 18:23:54.527] magnitudes:8000;   34583.1250 
[2023-12-14 18:23:54.559] magnitudes:10000;   28666.2500 
[2023-12-14 18:23:54.575] magnitudes:15000;   20270.8125 
[2023-12-14 18:23:54.606] magnitudes:20000;   15077.0625 
[2023-12-14 18:23:54.638] magnitudes:30000;   10107.4375 
[2023-12-14 18:23:54.669] magnitudes:40000;    7606.4375 
[2023-12-14 18:23:54.703] magnitudes:50000;    6255.8125 
[2023-12-14 18:23:54.735] magnitudes:60000;    5553.0625 
[2023-12-14 18:23:54.750] magnitudes:70000;    5506.2500 
[2023-12-14 18:23:54.783] magnitudes:200;   48714.8125 
[2023-12-14 18:23:54.813] magnitudes:500;   47945.5625 
[2023-12-14 18:23:54.845] magnitudes:800;   49525.7500 
[2023-12-14 18:23:54.878] magnitudes:1000;   50309.6250 
[2023-12-14 18:23:54.909] magnitudes:2000;   53885.5625 
[2023-12-14 18:23:54.941] magnitudes:5000;   45734.1875 
[2023-12-14 18:23:54.958] magnitudes:8000;   34549.4375 
[2023-12-14 18:23:54.990] magnitudes:10000;   28789.3125 
[2023-12-14 18:23:55.022] magnitudes:15000;   20298.9375 
[2023-12-14 18:23:55.054] magnitudes:20000;   15112.3125 
[2023-12-14 18:23:55.088] magnitudes:30000;   10160.6250 
[2023-12-14 18:23:55.118] magnitudes:40000;    7518.8125 
[2023-12-14 18:23:55.134] magnitudes:50000;    6319.3125 
[2023-12-14 18:23:55.166] magnitudes:60000;    5553.0625 
[2023-12-14 18:23:55.198] magnitudes:70000;    5506.2500 
[2023-12-14 18:23:55.230] magnitudes:200;   47201.1875 
[2023-12-14 18:23:55.261] magnitudes:500;   48485.8750 
[2023-12-14 18:23:55.293] magnitudes:800;   49636.8750 
[2023-12-14 18:23:55.325] magnitudes:1000;   50338.3750 
[2023-12-14 18:23:55.342] magnitudes:2000;   53931.9375 
[2023-12-14 18:23:55.374] magnitudes:5000;   46110.4375 
[2023-12-14 18:23:55.406] magnitudes:8000;   34382.9375 
[2023-12-14 18:23:55.439] magnitudes:10000;   28766.5000 
[2023-12-14 18:23:55.470] magnitudes:15000;   20110.4375 
[2023-12-14 18:23:55.503] magnitudes:20000;   15130.5625 
[2023-12-14 18:23:55.517] magnitudes:30000;   10140.8750 
[2023-12-14 18:23:55.550] magnitudes:40000;    7449.5000 
[2023-12-14 18:23:55.582] magnitudes:50000;    6255.8125 
[2023-12-14 18:23:55.614] magnitudes:60000;    5553.0625 
[2023-12-14 18:23:55.646] magnitudes:70000;    5506.2500 
[2023-12-14 18:23:55.678] magnitudes:200;   48275.3125 
[2023-12-14 18:23:55.711] magnitudes:500;   48623.7500 
[2023-12-14 18:23:55.726] magnitudes:800;   49714.7500 
[2023-12-14 18:23:55.758] magnitudes:1000;   50384.5000 
[2023-12-14 18:23:55.789] magnitudes:2000;   53760.7500 
[2023-12-14 18:23:55.822] magnitudes:5000;   46239.8125 
[2023-12-14 18:23:55.853] magnitudes:8000;   34120.2500 
[2023-12-14 18:23:55.886] magnitudes:10000;   28782.6875 
[2023-12-14 18:23:55.906] magnitudes:15000;   19915.1875 
[2023-12-14 18:23:55.935] magnitudes:20000;   15007.1250 
[2023-12-14 18:23:55.966] magnitudes:30000;   10039.0625 
[2023-12-14 18:23:55.999] magnitudes:40000;    7436.3125 
[2023-12-14 18:23:56.030] magnitudes:50000;    6096.5625 
[2023-12-14 18:23:56.046] magnitudes:60000;    5490.8125 
[2023-12-14 18:23:56.078] magnitudes:70000;    5440.3750 
[2023-12-14 18:23:56.110] magnitudes:200;   47599.5625 
[2023-12-14 18:23:56.142] magnitudes:500;   48210.3125 
[2023-12-14 18:23:56.173] magnitudes:800;   49677.8125 
[2023-12-14 18:23:56.207] magnitudes:1000;   50526.3750 
[2023-12-14 18:23:56.239] magnitudes:2000;   53789.2500 
[2023-12-14 18:23:56.259] magnitudes:5000;   46331.8125 
[2023-12-14 18:23:56.286] magnitudes:8000;   34143.3125 
[2023-12-14 18:23:56.318] magnitudes:10000;   29021.5625 
[2023-12-14 18:23:56.350] magnitudes:15000;   19933.0000 
[2023-12-14 18:23:56.381] magnitudes:20000;   15186.1250 
[2023-12-14 18:23:56.413] magnitudes:30000;   10009.0000 
[2023-12-14 18:23:56.430] magnitudes:40000;    7509.2500 
[2023-12-14 18:23:56.462] magnitudes:50000;    6123.4375 
[2023-12-14 18:23:56.493] magnitudes:60000;    5490.8125 
[2023-12-14 18:23:56.526] magnitudes:70000;    5506.2500 
[2023-12-14 18:23:56.559] magnitudes:200;   47984.6875 
[2023-12-14 18:23:56.590] magnitudes:500;   47841.3125 
[2023-12-14 18:23:56.624] magnitudes:800;   49544.0000 
[2023-12-14 18:23:56.641] magnitudes:1000;   50573.3125 
[2023-12-14 18:23:56.674] magnitudes:2000;   53824.7500 
[2023-12-14 18:23:56.702] magnitudes:5000;   46016.1875 
[2023-12-14 18:23:56.734] magnitudes:8000;   33984.3125 
[2023-12-14 18:23:56.767] magnitudes:10000;   28941.6875 
[2023-12-14 18:23:56.798] magnitudes:15000;   19918.2500 
[2023-12-14 18:23:56.815] magnitudes:20000;   15216.1250 
[2023-12-14 18:23:56.846] magnitudes:30000;    9961.2500 
[2023-12-14 18:23:56.877] magnitudes:40000;    7622.2500 
[2023-12-14 18:23:56.910] magnitudes:50000;    6150.6875 
[2023-12-14 18:23:56.941] magnitudes:60000;    5529.8750 
[2023-12-14 18:23:56.974] magnitudes:70000;    5506.2500 
[2023-12-14 18:23:57.006] magnitudes:200;   48633.7500 
[2023-12-14 18:23:57.026] magnitudes:500;   48146.0625 
[2023-12-14 18:23:57.058] magnitudes:800;   49536.1250 
[2023-12-14 18:23:57.088] magnitudes:1000;   50562.1250 
[2023-12-14 18:23:57.119] magnitudes:2000;   54194.3750 
[2023-12-14 18:23:57.150] magnitudes:5000;   46474.1875 
[2023-12-14 18:23:57.182] magnitudes:8000;   34881.6250 
[2023-12-14 18:23:57.198] magnitudes:10000;   29628.2500 
[2023-12-14 18:23:57.229] magnitudes:15000;   20225.1875 
[2023-12-14 18:23:57.262] magnitudes:20000;   15468.8125 
[2023-12-14 18:23:57.294] magnitudes:30000;   10304.5000 
[2023-12-14 18:23:57.326] magnitudes:40000;    7752.8125 
[2023-12-14 18:23:57.358] magnitudes:50000;    6352.1875 
[2023-12-14 18:23:57.374] magnitudes:60000;    5738.6250 
[2023-12-14 18:23:57.406] magnitudes:70000;    5341.8750 
[2023-12-14 18:23:57.439] magnitudes:200;   47586.5000 
[2023-12-14 18:23:57.470] magnitudes:500;   48903.3750 
[2023-12-14 18:23:57.504] magnitudes:800;   50985.0625 
[2023-12-14 18:23:57.534] magnitudes:1000;   48755.1250 
[2023-12-14 18:23:57.566] magnitudes:2000;   27369.2500 
[2023-12-14 18:23:57.582] magnitudes:5000;   14830.5000 
[2023-12-14 18:23:57.613] magnitudes:8000;   12554.8750 
[2023-12-14 18:23:57.646] magnitudes:10000;   10176.6875 
[2023-12-14 18:23:57.679] magnitudes:15000;    6923.8125 
[2023-12-14 18:23:57.710] magnitudes:20000;    5387.4375 
[2023-12-14 18:23:57.742] magnitudes:30000;    3672.4375 
[2023-12-14 18:23:57.757] magnitudes:40000;    3080.0625 
[2023-12-14 18:23:57.793] magnitudes:50000;    2730.2500 
[2023-12-14 18:23:57.822] magnitudes:60000;    2694.2500 
[2023-12-14 18:23:57.853] magnitudes:70000;    2742.0000 
[2023-12-14 18:23:57.885] magnitudes:200;  646078.9375 
[2023-12-14 18:23:57.918] magnitudes:500;  252734.1875 
[2023-12-14 18:23:57.950] magnitudes:800;  133696.4375 
[2023-12-14 18:23:57.965] magnitudes:1000;  101445.5625 
[2023-12-14 18:23:57.998] magnitudes:2000;   53173.2500 
[2023-12-14 18:23:58.031] magnitudes:5000;   16321.5000 
[2023-12-14 18:23:58.064] magnitudes:8000;    7592.1875 
[2023-12-14 18:23:58.094] magnitudes:10000;   32229.0625 
[2023-12-14 18:23:58.126] magnitudes:15000;   25671.3750 
[2023-12-14 18:23:58.142] magnitudes:20000;   21177.1250 
[2023-12-14 18:23:58.177] magnitudes:30000;   12377.4375 
[2023-12-14 18:23:58.206] magnitudes:40000;    8259.2500 
[2023-12-14 18:23:58.239] magnitudes:50000;    6199.6875 
[2023-12-14 18:23:58.270] magnitudes:60000;    6119.3125 
[2023-12-14 18:23:58.286] magnitudes:70000;    6013.7500 
[2023-12-14 18:23:58.334] magnitudes:200;   65132.1875 
[2023-12-14 18:23:58.350] magnitudes:500;   69083.3750 
[2023-12-14 18:23:58.381] magnitudes:800;   71755.6875 
[2023-12-14 18:23:58.414] magnitudes:1000;   74406.1250 
[2023-12-14 18:23:58.446] magnitudes:2000;   83451.8125 
[2023-12-14 18:23:58.478] magnitudes:5000;   64112.3750 
[2023-12-14 18:23:58.493] magnitudes:8000;   45000.3750 
[2023-12-14 18:23:58.525] magnitudes:10000;   37125.6250 
[2023-12-14 18:23:58.559] magnitudes:15000;   25364.6250 
[2023-12-14 18:23:58.591] magnitudes:20000;   19115.8125 
[2023-12-14 18:23:58.622] magnitudes:30000;   12673.4375 
[2023-12-14 18:23:58.654] magnitudes:40000;    9558.4375 
[2023-12-14 18:23:58.670] magnitudes:50000;    7772.8750 
[2023-12-14 18:23:58.701] magnitudes:60000;    7010.0625 
[2023-12-14 18:23:58.734] magnitudes:70000;    6945.0625 
[2023-12-14 18:23:58.766] magnitudes:200;   61547.7500 
[2023-12-14 18:23:58.797] magnitudes:500;   63493.6250 
[2023-12-14 18:23:58.829] magnitudes:800;   66038.1250 
[2023-12-14 18:23:58.861] magnitudes:1000;   67843.0625 
[2023-12-14 18:23:58.877] magnitudes:2000;   74053.3125 
[2023-12-14 18:23:58.910] magnitudes:5000;   60805.3125 
[2023-12-14 18:23:58.942] magnitudes:8000;   44739.1875 
[2023-12-14 18:23:58.973] magnitudes:10000;   37297.9375 
[2023-12-14 18:23:59.006] magnitudes:15000;   25946.5625 
[2023-12-14 18:23:59.038] magnitudes:20000;   19728.7500 
[2023-12-14 18:23:59.053] magnitudes:30000;   13219.8125 
[2023-12-14 18:23:59.086] magnitudes:40000;   10131.1875 
[2023-12-14 18:23:59.118] magnitudes:50000;    8393.8125 
[2023-12-14 18:23:59.149] magnitudes:60000;    7529.3750 
[2023-12-14 18:23:59.182] magnitudes:70000;    7235.1875 
[2023-12-14 18:23:59.214] magnitudes:200;   62259.6875 
[2023-12-14 18:23:59.245] magnitudes:500;   63137.9375 
[2023-12-14 18:23:59.262] magnitudes:800;   65627.1875 
[2023-12-14 18:23:59.293] magnitudes:1000;   67260.8750 
[2023-12-14 18:23:59.327] magnitudes:2000;   73552.7500 
[2023-12-14 18:23:59.358] magnitudes:5000;   61720.6250 
[2023-12-14 18:23:59.390] magnitudes:8000;   45604.6250 
[2023-12-14 18:23:59.422] magnitudes:10000;   38111.3750 
[2023-12-14 18:23:59.438] magnitudes:15000;   26454.2500 
[2023-12-14 18:23:59.470] magnitudes:20000;   20082.5625 
[2023-12-14 18:23:59.502] magnitudes:30000;   13539.2500 
[2023-12-14 18:23:59.535] magnitudes:40000;   10229.1250 
[2023-12-14 18:23:59.566] magnitudes:50000;    8646.8125 
[2023-12-14 18:23:59.599] magnitudes:60000;    7741.5000 
[2023-12-14 18:23:59.614] magnitudes:70000;    7235.1875 
[2023-12-14 18:23:59.646] magnitudes:200;   61534.3125 
[2023-12-14 18:23:59.677] magnitudes:500;   63105.9375 
[2023-12-14 18:23:59.709] magnitudes:800;   65552.4375 
[2023-12-14 18:23:59.741] magnitudes:1000;   67308.3125 
[2023-12-14 18:23:59.775] magnitudes:2000;   74111.4375 
[2023-12-14 18:23:59.805] magnitudes:5000;   62283.8125 
[2023-12-14 18:23:59.821] magnitudes:8000;   45750.9375 
[2023-12-14 18:23:59.853] magnitudes:10000;   38075.6250 
[2023-12-14 18:23:59.886] magnitudes:15000;   26513.5000 
[2023-12-14 18:23:59.918] magnitudes:20000;   20153.1250 
[2023-12-14 18:23:59.950] magnitudes:30000;   13593.0000 
[2023-12-14 18:23:59.982] magnitudes:40000;   10362.4375 
[2023-12-14 18:23:59.998] magnitudes:50000;    8646.8125 
[2023-12-14 18:24:00.030] magnitudes:60000;    7741.5000 
[2023-12-14 18:24:00.061] magnitudes:70000;    7661.1875 
[2023-12-14 18:24:00.094] magnitudes:200;   61313.8750 
[2023-12-14 18:24:00.126] magnitudes:500;   63100.4375 
[2023-12-14 18:24:00.157] magnitudes:800;   65335.0000 
[2023-12-14 18:24:00.190] magnitudes:1000;   67111.1875 
[2023-12-14 18:24:00.210] magnitudes:2000;   73464.6250 
[2023-12-14 18:24:00.238] magnitudes:5000;   61719.3125 
[2023-12-14 18:24:00.271] magnitudes:8000;   45737.1250 
[2023-12-14 18:24:00.302] magnitudes:10000;   38307.3125 
[2023-12-14 18:24:00.333] magnitudes:15000;   26604.3750 
[2023-12-14 18:24:00.365] magnitudes:20000;   20217.1250 
[2023-12-14 18:24:00.382] magnitudes:30000;   13595.1250 
[2023-12-14 18:24:00.415] magnitudes:40000;   10257.9375 
[2023-12-14 18:24:00.446] magnitudes:50000;    8605.1875 
[2023-12-14 18:24:00.478] magnitudes:60000;    7618.8125 
[2023-12-14 18:24:00.510] magnitudes:70000;    7601.0000 
[2023-12-14 18:24:00.542] magnitudes:200;   61522.7500 
[2023-12-14 18:24:00.574] magnitudes:500;   62729.5625 
[2023-12-14 18:24:00.594] magnitudes:800;   64884.9375 
[2023-12-14 18:24:00.622] magnitudes:1000;   66752.5000 
[2023-12-14 18:24:00.653] magnitudes:2000;   73362.9375 
[2023-12-14 18:24:00.685] magnitudes:5000;   61779.2500 
[2023-12-14 18:24:00.717] magnitudes:8000;   45612.9375 
[2023-12-14 18:24:00.733] magnitudes:10000;   38300.6875 
[2023-12-14 18:24:00.766] magnitudes:15000;   26743.1875 
[2023-12-14 18:24:00.798] magnitudes:20000;   20341.5625 
[2023-12-14 18:24:00.829] magnitudes:30000;   13663.8750 
[2023-12-14 18:24:00.863] magnitudes:40000;   10535.0625 
[2023-12-14 18:24:00.894] magnitudes:50000;    8849.3750 
[2023-12-14 18:24:00.912] magnitudes:60000;    7893.9375 
[2023-12-14 18:24:00.945] magnitudes:70000;    7921.4375 
[2023-12-14 18:24:00.975] magnitudes:200;   60873.0625 
[2023-12-14 18:24:01.005] magnitudes:500;   62436.5625 
[2023-12-14 18:24:01.038] magnitudes:800;   64552.0000 
[2023-12-14 18:24:01.070] magnitudes:1000;   66412.1250 
[2023-12-14 18:24:01.102] magnitudes:2000;   73067.1250 
[2023-12-14 18:24:01.118] magnitudes:5000;   62429.8750 
[2023-12-14 18:24:01.149] magnitudes:8000;   46474.1250 
[2023-12-14 18:24:01.182] magnitudes:10000;   39105.6250 
[2023-12-14 18:24:01.214] magnitudes:15000;   27339.5000 
[2023-12-14 18:24:01.246] magnitudes:20000;   20898.3125 
[2023-12-14 18:24:01.277] magnitudes:30000;   14026.5625 
[2023-12-14 18:24:01.294] magnitudes:40000;   10799.6875 
[2023-12-14 18:24:01.328] magnitudes:50000;    9080.6875 
[2023-12-14 18:24:01.358] magnitudes:60000;    8202.0625 
[2023-12-14 18:24:01.389] magnitudes:70000;    7921.4375 
[2023-12-14 18:24:01.421] magnitudes:200;   61314.8125 
[2023-12-14 18:24:01.453] magnitudes:500;   62299.6875 
[2023-12-14 18:24:01.486] magnitudes:800;   64612.1250 
[2023-12-14 18:24:01.501] magnitudes:1000;   66407.5625 
[2023-12-14 18:24:01.533] magnitudes:2000;   72940.3125 
[2023-12-14 18:24:01.566] magnitudes:5000;   62159.0625 
[2023-12-14 18:24:01.598] magnitudes:8000;   46322.1250 
[2023-12-14 18:24:01.630] magnitudes:10000;   38953.7500 
[2023-12-14 18:24:01.661] magnitudes:15000;   27278.9375 
[2023-12-14 18:24:01.678] magnitudes:20000;   20785.8125 
[2023-12-14 18:24:01.712] magnitudes:30000;   14049.8750 
[2023-12-14 18:24:01.742] magnitudes:40000;   10827.6250 
[2023-12-14 18:24:01.774] magnitudes:50000;    9091.0000 
[2023-12-14 18:24:01.807] magnitudes:60000;    8303.5625 
[2023-12-14 18:24:01.837] magnitudes:70000;    8205.3125 
[2023-12-14 18:24:01.870] magnitudes:200;   60774.1875 
[2023-12-14 18:24:01.886] magnitudes:500;   62130.5625 
[2023-12-14 18:24:01.918] magnitudes:800;   64389.2500 
[2023-12-14 18:24:01.949] magnitudes:1000;   66124.6875 
[2023-12-14 18:24:01.981] magnitudes:2000;   72640.8750 
[2023-12-14 18:24:02.014] magnitudes:5000;   62195.8125 
[2023-12-14 18:24:02.046] magnitudes:8000;   46539.6875 
[2023-12-14 18:24:02.062] magnitudes:10000;   39023.4375 
[2023-12-14 18:24:02.095] magnitudes:15000;   27381.0000 
[2023-12-14 18:24:02.125] magnitudes:20000;   20915.0625 
[2023-12-14 18:24:02.157] magnitudes:30000;   14120.1250 
[2023-12-14 18:24:02.189] magnitudes:40000;   10460.1250 
[2023-12-14 18:24:02.222] magnitudes:50000;    6296.3750 
[2023-12-14 18:24:02.237] magnitudes:60000;    2646.0625 
[2023-12-14 18:24:02.270] magnitudes:70000;    2136.4375 
[2023-12-14 18:24:02.302] magnitudes:200;  363701.0000 
[2023-12-14 18:24:02.333] magnitudes:500;  220271.6875 
[2023-12-14 18:24:02.365] magnitudes:800;  129481.1875 
[2023-12-14 18:24:02.397] magnitudes:1000;  103454.6250 
[2023-12-14 18:24:02.429] magnitudes:2000;   55639.1250 
[2023-12-14 18:24:02.445] magnitudes:5000;   21565.7500 
[2023-12-14 18:24:02.479] magnitudes:8000;   14359.1875 
[2023-12-14 18:24:02.509] magnitudes:10000;   11280.2500 
[2023-12-14 18:24:02.543] magnitudes:15000;    7546.8125 
[2023-12-14 18:24:02.574] magnitudes:20000;    5899.1250 
[2023-12-14 18:24:02.606] magnitudes:30000;    4042.0000 
[2023-12-14 18:24:02.621] magnitudes:40000;    3129.2500 
[2023-12-14 18:24:02.654] magnitudes:50000;    2933.8125 
[2023-12-14 18:24:02.686] magnitudes:60000;    2614.7500 
[2023-12-14 18:24:02.717] magnitudes:70000;    2609.8125 
[2023-12-14 18:24:02.750] magnitudes:200;  637742.0000 
[2023-12-14 18:24:02.783] magnitudes:500;  215309.1875 
[2023-12-14 18:24:02.813] magnitudes:800;  129820.6875 
[2023-12-14 18:24:02.830] magnitudes:1000;  101611.4375 
[2023-12-14 18:24:02.862] magnitudes:2000;   50455.8750 
[2023-12-14 18:24:02.895] magnitudes:5000;   20117.2500 
[2023-12-14 18:24:02.925] magnitudes:8000;   12912.9375 
[2023-12-14 18:24:02.959] magnitudes:10000;   10432.1250 
[2023-12-14 18:24:02.975] magnitudes:15000;    7030.8125 
[2023-12-14 18:24:03.006] magnitudes:20000;    5395.5000 
[2023-12-14 18:24:03.038] magnitudes:30000;    3865.8750 
[2023-12-14 18:24:03.070] magnitudes:40000;    3156.0625 
[2023-12-14 18:24:03.102] magnitudes:50000;    2791.6250 
[2023-12-14 18:24:03.133] magnitudes:60000;    2761.0000 
[2023-12-14 18:24:03.150] magnitudes:70000;    2528.7500 
[2023-12-14 18:24:03.181] magnitudes:200;  687444.1875 
[2023-12-14 18:24:03.214] magnitudes:500;  196732.8125 
[2023-12-14 18:24:03.245] magnitudes:800;  129820.6875 
[2023-12-14 18:24:03.278] magnitudes:1000;  103179.0625 
[2023-12-14 18:24:03.309] magnitudes:2000;   51196.2500 
[2023-12-14 18:24:03.341] magnitudes:5000;   20558.2500 
[2023-12-14 18:24:03.358] magnitudes:8000;   12912.9375 
[2023-12-14 18:24:03.389] magnitudes:10000;   10432.1250 
[2023-12-14 18:24:03.422] magnitudes:15000;    7003.1250 
[2023-12-14 18:24:03.453] magnitudes:20000;    5388.8125 
[2023-12-14 18:24:03.486] magnitudes:30000;    3865.8750 
[2023-12-14 18:24:03.517] magnitudes:40000;    3156.0625 
[2023-12-14 18:24:03.533] magnitudes:50000;    2791.6250 
[2023-12-14 18:24:03.566] magnitudes:60000;    2784.3750 
[2023-12-14 18:24:03.597] magnitudes:70000;    2528.7500 
[2023-12-14 18:24:03.630] magnitudes:200;  679211.1875 
[2023-12-14 18:24:03.662] magnitudes:500;  196552.7500 
[2023-12-14 18:24:03.695] magnitudes:800;  129737.8125 
[2023-12-14 18:24:03.726] magnitudes:1000;  103179.0625 
[2023-12-14 18:24:03.742] magnitudes:2000;   51196.2500 
[2023-12-14 18:24:03.774] magnitudes:5000;   20408.7500 
[2023-12-14 18:24:03.805] magnitudes:8000;   12912.9375 
[2023-12-14 18:24:03.838] magnitudes:10000;   10432.1250 
[2023-12-14 18:24:03.869] magnitudes:15000;    7030.8125 
[2023-12-14 18:24:03.901] magnitudes:20000;    5395.5000 
[2023-12-14 18:24:03.917] magnitudes:30000;    3864.0625 
[2023-12-14 18:24:03.951] magnitudes:40000;    3042.9375 
[2023-12-14 18:24:03.982] magnitudes:50000;    2791.6250 
[2023-12-14 18:24:04.014] magnitudes:60000;    2761.0000 
[2023-12-14 18:24:04.045] magnitudes:70000;    2528.7500 
[2023-12-14 18:24:04.078] magnitudes:200;  679211.1875 
[2023-12-14 18:24:04.110] magnitudes:500;  196552.7500 
[2023-12-14 18:24:04.130] magnitudes:800;  129737.8125 
[2023-12-14 18:24:04.157] magnitudes:1000;  103179.0625 
[2023-12-14 18:24:04.190] magnitudes:2000;   51196.2500 
[2023-12-14 18:24:04.221] magnitudes:5000;   20558.2500 
[2023-12-14 18:24:04.254] magnitudes:8000;   12912.9375 
[2023-12-14 18:24:04.285] magnitudes:10000;   10432.1250 
[2023-12-14 18:24:04.302] magnitudes:15000;    7003.1250 
[2023-12-14 18:24:04.333] magnitudes:20000;    5395.5000 
[2023-12-14 18:24:04.365] magnitudes:30000;    3851.4375 
[2023-12-14 18:24:04.398] magnitudes:40000;    3166.7500 
[2023-12-14 18:24:04.429] magnitudes:50000;    2791.6250 
[2023-12-14 18:24:04.461] magnitudes:60000;    2761.0000 
[2023-12-14 18:24:04.482] magnitudes:70000;    2528.7500 
[2023-12-14 18:24:04.515] magnitudes:200;  679211.1875 
[2023-12-14 18:24:04.546] magnitudes:500;  193740.1250 
[2023-12-14 18:24:04.574] magnitudes:800;  131773.0625 
[2023-12-14 18:24:04.606] magnitudes:1000;  103179.0625 
[2023-12-14 18:24:04.638] magnitudes:2000;   51524.6875 
[2023-12-14 18:24:04.669] magnitudes:5000;   20745.1250 
[2023-12-14 18:24:04.686] magnitudes:8000;   12929.3125 
[2023-12-14 18:24:04.725] magnitudes:10000;   10432.1250 
[2023-12-14 18:24:04.750] magnitudes:15000;    7030.8125 
[2023-12-14 18:24:04.792] magnitudes:20000;    5388.8125 
[2023-12-14 18:24:04.813] magnitudes:30000;    3853.1875 
[2023-12-14 18:24:04.845] magnitudes:40000;    3092.3125 
[2023-12-14 18:24:04.865] magnitudes:50000;    2791.6250 
[2023-12-14 18:24:04.898] magnitudes:60000;    2761.0000 
[2023-12-14 18:24:04.925] magnitudes:70000;    3097.0625 
[2023-12-14 18:24:04.958] magnitudes:200;  687444.1875 
[2023-12-14 18:24:04.990] magnitudes:500;  211550.5625 
[2023-12-14 18:24:05.022] magnitudes:800;  131773.0625 
[2023-12-14 18:24:05.053] magnitudes:1000;  103179.0625 
[2023-12-14 18:24:05.069] magnitudes:2000;   51196.2500 
[2023-12-14 18:24:05.101] magnitudes:5000;   20854.0625 
[2023-12-14 18:24:05.133] magnitudes:8000;   12929.3125 
[2023-12-14 18:24:05.165] magnitudes:10000;   10465.1875 
[2023-12-14 18:24:05.197] magnitudes:15000;    7006.8750 
[2023-12-14 18:24:05.213] magnitudes:20000;    5378.3750 
[2023-12-14 18:24:05.248] magnitudes:30000;    3853.1875 
[2023-12-14 18:24:05.278] magnitudes:40000;    3156.0625 
[2023-12-14 18:24:05.310] magnitudes:50000;    2791.6250 
[2023-12-14 18:24:05.342] magnitudes:60000;    2761.0000 
[2023-12-14 18:24:05.373] magnitudes:70000;    3097.0625 
[2023-12-14 18:24:05.405] magnitudes:200;  695974.5000 
[2023-12-14 18:24:05.421] magnitudes:500;  211350.9375 
[2023-12-14 18:24:05.453] magnitudes:800;  131773.0625 
[2023-12-14 18:24:05.487] magnitudes:1000;  103179.0625 
[2023-12-14 18:24:05.518] magnitudes:2000;   51196.2500 
[2023-12-14 18:24:05.549] magnitudes:5000;   20408.7500 
[2023-12-14 18:24:05.582] magnitudes:8000;   12830.8750 
[2023-12-14 18:24:05.598] magnitudes:10000;   10432.1250 
[2023-12-14 18:24:05.633] magnitudes:15000;    7003.1250 
[2023-12-14 18:24:05.662] magnitudes:20000;    5378.3750 
[2023-12-14 18:24:05.694] magnitudes:30000;    3746.0625 
[2023-12-14 18:24:05.725] magnitudes:40000;    3046.5000 
[2023-12-14 18:24:05.757] magnitudes:50000;    2791.6250 
[2023-12-14 18:24:05.782] magnitudes:60000;    2761.0000 
[2023-12-14 18:24:05.805] magnitudes:70000;    3097.0625 
[2023-12-14 18:24:05.844] magnitudes:200;  695777.0625 
[2023-12-14 18:24:05.869] magnitudes:500;  211550.5625 
[2023-12-14 18:24:05.901] magnitudes:800;  131773.0625 
[2023-12-14 18:24:05.933] magnitudes:1000;  103179.0625 
[2023-12-14 18:24:05.966] magnitudes:2000;   51524.6875 
[2023-12-14 18:24:05.988] magnitudes:5000;   20558.2500 
[2023-12-14 18:24:06.023] magnitudes:8000;   12912.9375 
[2023-12-14 18:24:06.046] magnitudes:10000;   10432.1250 
[2023-12-14 18:24:06.078] magnitudes:15000;    7045.6250 
[2023-12-14 18:24:06.110] magnitudes:20000;    5388.8125 
[2023-12-14 18:24:06.141] magnitudes:30000;    3865.8750 
[2023-12-14 18:24:06.157] magnitudes:40000;    3099.1250 
[2023-12-14 18:24:06.189] magnitudes:50000;    2791.6250 
[2023-12-14 18:24:06.222] magnitudes:60000;    2784.3750 
[2023-12-14 18:24:06.253] magnitudes:70000;    3097.0625 
[2023-12-14 18:24:06.286] magnitudes:200;  695777.0625 
[2023-12-14 18:24:06.317] magnitudes:500;  211350.9375 
[2023-12-14 18:24:06.349] magnitudes:800;  131773.0625 
[2023-12-14 18:24:06.368] magnitudes:1000;  103179.0625 
[2023-12-14 18:24:06.404] magnitudes:2000;   51524.6875 
[2023-12-14 18:24:06.429] magnitudes:5000;   20408.7500 
[2023-12-14 18:24:06.462] magnitudes:8000;   13126.3750 
[2023-12-14 18:24:06.493] magnitudes:10000;   10387.0000 
[2023-12-14 18:24:06.525] magnitudes:15000;    7003.1250 
[2023-12-14 18:24:06.541] magnitudes:20000;    5371.6875 
[2023-12-14 18:24:06.574] magnitudes:30000;    3853.1875 
[2023-12-14 18:24:06.606] magnitudes:40000;    3099.1250 
[2023-12-14 18:24:06.637] magnitudes:50000;    2791.6250 
[2023-12-14 18:24:06.671] magnitudes:60000;    2761.0000 
[2023-12-14 18:24:06.701] magnitudes:70000;    2528.7500 
[2023-12-14 18:24:06.733] magnitudes:200;  687444.1875 
[2023-12-14 18:24:06.752] magnitudes:500;  211350.9375 
[2023-12-14 18:24:06.788] magnitudes:800;  131773.0625 
