
[2023-12-06 11:46:47.663] magnitudes:20000;    3443.3125 
[2023-12-06 11:46:47.682] magnitudes:30000;    2391.8125 
[2023-12-06 11:46:47.682] magnitudes:40000;    1896.8750 
[2023-12-06 11:46:47.682] magnitudes:50000;    1816.0625 
[2023-12-06 11:46:47.682] magnitudes:60000;    1670.9375 
[2023-12-06 11:46:47.682] magnitudes:70000;    1690.7500 
[2023-12-06 11:46:47.682] magnitudes:200;  716761.6875 
[2023-12-06 11:46:47.682] magnitudes:500;  142506.5625 
[2023-12-06 11:46:47.682] magnitudes:800;   87290.0000 
[2023-12-06 11:46:47.682] magnitudes:1000;   72309.5000 
[2023-12-06 11:46:47.682] magnitudes:2000;   33950.1875 
[2023-12-06 11:46:47.682] magnitudes:5000;   13735.1250 
[2023-12-06 11:46:47.682] magnitudes:8000;    8340.6875 
[2023-12-06 11:46:47.682] magnitudes:10000;    6768.2500 
[2023-12-06 11:46:47.682] magnitudes:15000;    4568.1250 
[2023-12-06 11:46:47.682] magnitudes:20000;    3443.3125 
[2023-12-06 11:46:47.682] magnitudes:30000;    2390.6875 
[2023-12-06 11:46:47.682] magnitudes:40000;    1976.2500 
[2023-12-06 11:46:47.682] magnitudes:50000;    1816.0625 
[2023-12-06 11:46:47.682] magnitudes:60000;    1670.9375 
[2023-12-06 11:46:47.682] magnitudes:70000;    1690.7500 
[2023-12-06 11:46:47.682] magnitudes:200;  659740.8125 
[2023-12-06 11:46:47.682] magnitudes:500;  152910.9375 
[2023-12-06 11:46:47.682] magnitudes:800;   87290.0000 
[2023-12-06 11:46:47.682] magnitudes:1000;   71908.9375 
[2023-12-06 11:46:47.682] magnitudes:2000;   34352.0000 
[2023-12-06 11:46:47.682] magnitudes:5000;   13735.1250 
[2023-12-06 11:46:47.682] magnitudes:8000;    8329.4375 
[2023-12-06 11:46:47.682] magnitudes:10000;    6768.2500 
[2023-12-06 11:46:47.682] magnitudes:15000;    4565.6875 
[2023-12-06 11:46:47.682] magnitudes:20000;    3438.1875 
[2023-12-06 11:46:47.682] magnitudes:30000;    2392.8125 
[2023-12-06 11:46:47.682] magnitudes:40000;    1984.0000 
[2023-12-06 11:46:47.697] magnitudes:50000;    1816.0625 
[2023-12-06 11:46:47.697] magnitudes:60000;    1670.9375 
[2023-12-06 11:46:47.697] magnitudes:70000;    1660.7500 
[2023-12-06 11:46:47.697] magnitudes:200;  456095.2500 
[2023-12-06 11:46:47.697] magnitudes:500;  148910.2500 
[2023-12-06 11:46:47.697] magnitudes:800;   89601.9375 
[2023-12-06 11:46:47.697] magnitudes:1000;   72309.5000 
[2023-12-06 11:46:47.697] magnitudes:2000;   33950.1875 
[2023-12-06 11:46:47.697] magnitudes:5000;   13735.1250 
[2023-12-06 11:46:47.697] magnitudes:8000;    8329.4375 
[2023-12-06 11:46:47.697] magnitudes:10000;    6743.9375 
[2023-12-06 11:46:47.697] magnitudes:15000;    4568.1250 
[2023-12-06 11:46:47.697] magnitudes:20000;    3430.7500 
[2023-12-06 11:46:47.697] magnitudes:30000;    2382.7500 
[2023-12-06 11:46:47.697] magnitudes:40000;    1976.2500 
[2023-12-06 11:46:47.697] magnitudes:50000;    1816.0625 
[2023-12-06 11:46:47.697] magnitudes:60000;    1654.8750 
[2023-12-06 11:46:47.697] magnitudes:70000;    1694.0625 
[2023-12-06 11:46:47.697] magnitudes:200;  710609.0000 
[2023-12-06 11:46:47.697] magnitudes:500;  152191.3750 
[2023-12-06 11:46:47.697] magnitudes:800;   89601.9375 
[2023-12-06 11:46:47.697] magnitudes:1000;   71908.9375 
[2023-12-06 11:46:47.697] magnitudes:2000;   33950.1875 
[2023-12-06 11:46:47.697] magnitudes:5000;   13735.1250 
[2023-12-06 11:46:47.697] magnitudes:8000;    8329.4375 
[2023-12-06 11:46:47.697] magnitudes:10000;    6743.9375 
[2023-12-06 11:46:47.697] magnitudes:15000;    4414.6250 
[2023-12-06 11:46:47.697] magnitudes:20000;    3443.3125 
[2023-12-06 11:46:47.697] magnitudes:30000;    2391.8125 
[2023-12-06 11:46:47.697] magnitudes:40000;    1904.3750 
[2023-12-06 11:46:47.697] magnitudes:50000;    1816.0625 
[2023-12-06 11:46:47.714] magnitudes:60000;    1654.8750 
[2023-12-06 11:46:47.714] magnitudes:70000;    1694.0625 
[2023-12-06 11:46:47.714] magnitudes:200;  477840.0625 
[2023-12-06 11:46:47.714] magnitudes:500;  148171.2500 
[2023-12-06 11:46:47.714] magnitudes:800;   89240.9375 
[2023-12-06 11:46:47.714] magnitudes:1000;   71908.9375 
[2023-12-06 11:46:47.714] magnitudes:2000;   33950.1875 
[2023-12-06 11:46:47.714] magnitudes:5000;   13735.1250 
[2023-12-06 11:46:47.714] magnitudes:8000;    8268.3125 
[2023-12-06 11:46:47.714] magnitudes:10000;    6743.9375 
[2023-12-06 11:46:47.714] magnitudes:15000;    4412.2500 
[2023-12-06 11:46:47.714] magnitudes:20000;    3443.3125 
[2023-12-06 11:46:47.714] magnitudes:30000;    2391.8125 
[2023-12-06 11:46:47.714] magnitudes:40000;    2029.6875 
[2023-12-06 11:46:47.714] magnitudes:50000;    1816.0625 
[2023-12-06 11:46:47.714] magnitudes:60000;    1654.8750 
[2023-12-06 11:46:47.714] magnitudes:70000;    1660.7500 
[2023-12-06 11:46:47.714] magnitudes:200;  523342.5625 
[2023-12-06 11:46:47.714] magnitudes:500;  141152.0000 
[2023-12-06 11:46:47.714] magnitudes:800;   89240.9375 
[2023-12-06 11:46:47.714] magnitudes:1000;   68374.1875 
[2023-12-06 11:46:47.714] magnitudes:2000;   33950.1875 
[2023-12-06 11:46:47.714] magnitudes:5000;   13735.1250 
[2023-12-06 11:46:47.714] magnitudes:8000;    8329.4375 
[2023-12-06 11:46:47.714] magnitudes:10000;    6802.7500 
[2023-12-06 11:46:47.714] magnitudes:15000;    4568.1250 
[2023-12-06 11:46:47.714] magnitudes:20000;    3443.3125 
[2023-12-06 11:46:47.714] magnitudes:30000;    2382.7500 
[2023-12-06 11:46:47.714] magnitudes:40000;    1825.2500 
[2023-12-06 11:46:47.714] magnitudes:50000;    1657.8125 
[2023-12-06 11:46:47.714] magnitudes:60000;    1654.8750 
[2023-12-06 11:46:47.727] magnitudes:70000;    1690.7500 
[2023-12-06 11:46:47.727] magnitudes:200;  732291.5000 
[2023-12-06 11:46:47.727] magnitudes:500;  141152.0000 
[2023-12-06 11:46:47.727] magnitudes:800;   90128.8750 
[2023-12-06 11:46:47.727] magnitudes:1000;   71908.9375 
[2023-12-06 11:46:47.727] magnitudes:2000;   33950.1875 
[2023-12-06 11:46:47.727] magnitudes:5000;   13387.3750 
[2023-12-06 11:46:47.727] magnitudes:8000;    8340.6875 
[2023-12-06 11:46:47.727] magnitudes:10000;    6768.2500 
[2023-12-06 11:46:47.727] magnitudes:15000;    4568.1250 
[2023-12-06 11:46:47.727] magnitudes:20000;    3435.8125 
[2023-12-06 11:46:47.727] magnitudes:30000;    2391.8125 
[2023-12-06 11:46:47.727] magnitudes:40000;    1981.0000 
[2023-12-06 11:46:47.727] magnitudes:50000;    1666.3125 
[2023-12-06 11:46:47.727] magnitudes:60000;    1670.9375 
[2023-12-06 11:46:47.727] magnitudes:70000;    1690.7500 
[2023-12-06 11:46:47.727] magnitudes:200;  527000.5625 
[2023-12-06 11:46:47.727] magnitudes:500;  134583.1875 
[2023-12-06 11:46:47.727] magnitudes:800;   84661.3125 
[2023-12-06 11:46:47.727] magnitudes:1000;   70488.8125 
[2023-12-06 11:46:47.727] magnitudes:2000;   33950.1875 
[2023-12-06 11:46:47.727] magnitudes:5000;   13417.0000 
[2023-12-06 11:46:47.727] magnitudes:8000;    8465.7500 
[2023-12-06 11:46:47.727] magnitudes:10000;    6637.0000 
[2023-12-06 11:46:47.727] magnitudes:15000;    4652.6875 
[2023-12-06 11:46:47.727] magnitudes:20000;    3512.5625 
[2023-12-06 11:46:47.727] magnitudes:30000;    2323.8125 
[2023-12-06 11:46:47.727] magnitudes:40000;    1737.6875 
[2023-12-06 11:46:47.727] magnitudes:50000;    1697.2500 
[2023-12-06 11:46:47.727] magnitudes:60000;    1710.1875 
[2023-12-06 11:46:47.727] magnitudes:70000;    1753.5000 
[2023-12-06 11:46:47.727] magnitudes:200;  668419.0625 
[2023-12-06 11:46:47.743] magnitudes:500;  129385.0000 
[2023-12-06 11:46:47.743] magnitudes:800;   81310.1250 
[2023-12-06 11:46:47.743] magnitudes:1000;   62216.9375 
[2023-12-06 11:46:47.743] magnitudes:2000;   30142.8750 
[2023-12-06 11:46:47.743] magnitudes:5000;   11979.3750 
[2023-12-06 11:46:47.743] magnitudes:8000;    7535.1875 
[2023-12-06 11:46:47.743] magnitudes:10000;    5755.5000 
[2023-12-06 11:46:47.743] magnitudes:15000;    3895.3125 
[2023-12-06 11:46:47.743] magnitudes:20000;    2881.3750 
[2023-12-06 11:46:47.743] magnitudes:30000;    2088.8750 
[2023-12-06 11:46:47.743] magnitudes:40000;    1638.8750 
[2023-12-06 11:46:47.743] magnitudes:50000;    1406.2500 
[2023-12-06 11:46:47.743] magnitudes:60000;    1410.1875 
[2023-12-06 11:46:47.743] magnitudes:70000;    1239.9375 
[2023-12-06 11:46:47.743] magnitudes:200;  548937.5000 
[2023-12-06 11:46:47.743] magnitudes:500;  130441.1875 
[2023-12-06 11:46:47.743] magnitudes:800;   73408.8750 
[2023-12-06 11:46:47.743] magnitudes:1000;   54414.9375 
[2023-12-06 11:46:47.743] magnitudes:2000;   27572.6875 
[2023-12-06 11:46:47.743] magnitudes:5000;   10923.9375 
[2023-12-06 11:46:47.743] magnitudes:8000;    6804.9375 
[2023-12-06 11:46:47.743] magnitudes:10000;    5339.9375 
[2023-12-06 11:46:47.743] magnitudes:15000;    3599.9375 
[2023-12-06 11:46:47.743] magnitudes:20000;    2781.1250 
[2023-12-06 11:46:47.743] magnitudes:30000;    1948.1250 
[2023-12-06 11:46:47.743] magnitudes:40000;    1642.9375 
[2023-12-06 11:46:47.743] magnitudes:50000;    1406.2500 
[2023-12-06 11:46:47.743] magnitudes:60000;    1410.1875 
[2023-12-06 11:46:47.743] magnitudes:70000;    1239.9375 
[2023-12-06 11:46:47.743] magnitudes:200;  356075.1250 
[2023-12-06 11:46:47.743] magnitudes:500;  122409.5000 
[2023-12-06 11:46:47.758] magnitudes:800;   70512.9375 
[2023-12-06 11:46:47.758] magnitudes:1000;   58508.0000 
[2023-12-06 11:46:47.758] magnitudes:2000;   27572.6875 
[2023-12-06 11:46:47.758] magnitudes:5000;   11090.7500 
[2023-12-06 11:46:47.758] magnitudes:8000;    6992.3750 
[2023-12-06 11:46:47.758] magnitudes:10000;    5613.5000 
[2023-12-06 11:46:47.758] magnitudes:15000;    3742.5000 
[2023-12-06 11:46:47.758] magnitudes:20000;    2881.3750 
[2023-12-06 11:46:47.758] magnitudes:30000;    2080.7500 
[2023-12-06 11:46:47.758] magnitudes:40000;    1702.7500 
[2023-12-06 11:46:47.758] magnitudes:50000;    1400.4375 
[2023-12-06 11:46:47.758] magnitudes:60000;    1410.1875 
[2023-12-06 11:46:47.758] magnitudes:70000;    1219.5625 
[2023-12-06 11:46:47.758] magnitudes:200;  629514.0625 
[2023-12-06 11:46:47.758] magnitudes:500;  129596.8125 
[2023-12-06 11:46:47.758] magnitudes:800;   72766.3125 
[2023-12-06 11:46:47.758] magnitudes:1000;   60331.1250 
[2023-12-06 11:46:47.758] magnitudes:2000;   28822.1250 
[2023-12-06 11:46:47.758] magnitudes:5000;   11449.0625 
[2023-12-06 11:46:47.758] magnitudes:8000;    6966.7500 
[2023-12-06 11:46:47.758] magnitudes:10000;    5734.3750 
[2023-12-06 11:46:47.758] magnitudes:15000;    3735.8125 
[2023-12-06 11:46:47.758] magnitudes:20000;    2855.6250 
[2023-12-06 11:46:47.758] magnitudes:30000;    2057.6250 
[2023-12-06 11:46:47.758] magnitudes:40000;    1659.1875 
[2023-12-06 11:46:47.758] magnitudes:50000;    1380.2500 
[2023-12-06 11:46:47.758] magnitudes:60000;    1377.5000 
[2023-12-06 11:46:47.758] magnitudes:70000;    1219.5625 
[2023-12-06 11:46:47.758] magnitudes:200;  551431.6250 
[2023-12-06 11:46:47.758] magnitudes:500;  114772.9375 
[2023-12-06 11:46:47.758] magnitudes:800;   73490.3125 
[2023-12-06 11:46:47.758] magnitudes:1000;   58508.0000 
[2023-12-06 11:46:47.774] magnitudes:2000;   28990.5000 
[2023-12-06 11:46:47.774] magnitudes:5000;   11790.7500 
[2023-12-06 11:46:47.774] magnitudes:8000;    7177.7500 
[2023-12-06 11:46:47.774] magnitudes:10000;    5804.0000 
[2023-12-06 11:46:47.774] magnitudes:15000;    3833.8750 
[2023-12-06 11:46:47.774] magnitudes:20000;    2944.3750 
[2023-12-06 11:46:47.774] magnitudes:30000;    2033.1875 
[2023-12-06 11:46:47.774] magnitudes:40000;    1793.7500 
[2023-12-06 11:46:47.774] magnitudes:50000;    1366.0000 
[2023-12-06 11:46:47.774] magnitudes:60000;    1670.9375 
[2023-12-06 11:46:47.774] magnitudes:70000;    1195.5000 
[2023-12-06 11:46:47.774] magnitudes:200;  456696.3750 
[2023-12-06 11:46:47.774] magnitudes:500;  128853.6250 
[2023-12-06 11:46:47.774] magnitudes:800;   73937.1250 
[2023-12-06 11:46:47.774] magnitudes:1000;   60331.1250 
[2023-12-06 11:46:47.774] magnitudes:2000;   29359.8125 
[2023-12-06 11:46:47.774] magnitudes:5000;   11669.8125 
[2023-12-06 11:46:47.774] magnitudes:8000;    7071.7500 
[2023-12-06 11:46:47.774] magnitudes:10000;    5675.8750 
[2023-12-06 11:46:47.774] magnitudes:15000;    3818.4375 
[2023-12-06 11:46:47.774] magnitudes:20000;    2929.1250 
[2023-12-06 11:46:47.774] magnitudes:30000;    2025.4375 
[2023-12-06 11:46:47.774] magnitudes:40000;    1646.1250 
[2023-12-06 11:46:47.774] magnitudes:50000;    1360.5625 
[2023-12-06 11:46:47.774] magnitudes:60000;    1670.9375 
[2023-12-06 11:46:47.774] magnitudes:70000;    1176.5625 
[2023-12-06 11:46:47.774] magnitudes:200;  662646.4375 
[2023-12-06 11:46:47.774] magnitudes:500;  119459.4375 
[2023-12-06 11:46:47.774] magnitudes:800;   75524.1250 
[2023-12-06 11:46:47.774] magnitudes:1000;   60331.1250 
[2023-12-06 11:46:47.774] magnitudes:2000;   29359.8125 
[2023-12-06 11:46:47.790] magnitudes:5000;   11153.1875 
[2023-12-06 11:46:47.790] magnitudes:8000;    7062.1875 
[2023-12-06 11:46:47.790] magnitudes:10000;    5655.6250 
[2023-12-06 11:46:47.790] magnitudes:15000;    3816.3750 
[2023-12-06 11:46:47.790] magnitudes:20000;    2939.8750 
[2023-12-06 11:46:47.790] magnitudes:30000;    2025.4375 
[2023-12-06 11:46:47.790] magnitudes:40000;    1590.7500 
[2023-12-06 11:46:47.790] magnitudes:50000;    1551.3125 
[2023-12-06 11:46:47.790] magnitudes:60000;    1364.3125 
[2023-12-06 11:46:47.790] magnitudes:70000;    1197.8750 
[2023-12-06 11:46:47.790] magnitudes:200;  418109.9375 
[2023-12-06 11:46:47.790] magnitudes:500;  123525.3750 
[2023-12-06 11:46:47.790] magnitudes:800;   75524.1250 
[2023-12-06 11:46:47.790] magnitudes:1000;   60331.1250 
[2023-12-06 11:46:47.790] magnitudes:2000;   28990.5000 
[2023-12-06 11:46:47.790] magnitudes:5000;   11491.6250 
[2023-12-06 11:46:47.790] magnitudes:8000;    7356.7500 
[2023-12-06 11:46:47.790] magnitudes:10000;    5655.6250 
[2023-12-06 11:46:47.790] magnitudes:15000;    3816.3750 
[2023-12-06 11:46:47.790] magnitudes:20000;    2929.1250 
[2023-12-06 11:46:47.790] magnitudes:30000;    2016.9375 
[2023-12-06 11:46:47.790] magnitudes:40000;    1786.6875 
[2023-12-06 11:46:47.790] magnitudes:50000;    1360.5625 
[2023-12-06 11:46:47.790] magnitudes:60000;    1670.9375 
[2023-12-06 11:46:47.790] magnitudes:70000;    1197.8750 
[2023-12-06 11:46:47.790] magnitudes:200;  439548.8750 
[2023-12-06 11:46:47.790] magnitudes:500;  133765.0625 
[2023-12-06 11:46:47.790] magnitudes:800;   75095.4375 
[2023-12-06 11:46:47.790] magnitudes:1000;   60331.1250 
[2023-12-06 11:46:47.790] magnitudes:2000;   29359.8125 
[2023-12-06 11:46:47.790] magnitudes:5000;   11669.8125 
[2023-12-06 11:46:47.795] magnitudes:8000;    7366.8750 
[2023-12-06 11:46:47.795] magnitudes:10000;    5626.8750 
[2023-12-06 11:46:47.795] magnitudes:15000;    3816.3750 
[2023-12-06 11:46:47.795] magnitudes:20000;    2929.1250 
[2023-12-06 11:46:47.795] magnitudes:30000;    2024.5625 
[2023-12-06 11:46:47.795] magnitudes:40000;    1590.7500 
[2023-12-06 11:46:47.795] magnitudes:50000;    1666.3125 
[2023-12-06 11:46:47.795] magnitudes:60000;    1364.3125 
[2023-12-06 11:46:47.795] magnitudes:70000;    1197.8750 
[2023-12-06 11:46:47.795] magnitudes:200;  614512.9375 
[2023-12-06 11:46:47.795] magnitudes:500;  126163.1875 
[2023-12-06 11:46:47.795] magnitudes:800;   72766.3125 
[2023-12-06 11:46:47.795] magnitudes:1000;   62216.9375 
[2023-12-06 11:46:47.795] magnitudes:2000;   29359.8125 
[2023-12-06 11:46:47.795] magnitudes:5000;   11669.8125 
[2023-12-06 11:46:47.795] magnitudes:8000;    7071.7500 
[2023-12-06 11:46:47.795] magnitudes:10000;    5745.3750 
[2023-12-06 11:46:47.795] magnitudes:15000;    3816.3750 
[2023-12-06 11:46:47.795] magnitudes:20000;    2929.1250 
[2023-12-06 11:46:47.795] magnitudes
[2023-12-06 11:46:47.795] magnitudes:10000;    5774.6875 
[2023-12-06 11:46:47.795] magnitudes:15000;    3816.3750 
[2023-12-06 11:46:47.795] magnitudes:20000;    2929.1250 
[2023-12-06 11:46:47.795] magnitudes:30000;    2025.4375 
[2023-12-06 11:46:47.800] magnitudes:40000;    1646.1250 
[2023-12-06 11:46:47.828] magnitudes:50000;    1360.5625 
[2023-12-06 11:46:47.844] magnitudes:60000;    1364.3125 
[2023-12-06 11:46:47.876] magnitudes:70000;    1197.8750 
[2023-12-06 11:46:47.908] magnitudes:200;  450037.9375 
[2023-12-06 11:46:47.941] magnitudes:500;  115011.8125 
[2023-12-06 11:46:47.972] magnitudes:800;   75524.1250 
[2023-12-06 11:46:48.006] magnitudes:1000;   60331.1250 
[2023-12-06 11:46:48.037] magnitudes:2000;   28937.3750 
[2023-12-06 11:46:48.052] magnitudes:5000;   11610.7500 
[2023-12-06 11:46:48.085] magnitudes:8000;    7124.1250 
[2023-12-06 11:46:48.118] magnitudes:10000;    5655.6250 
[2023-12-06 11:46:48.148] magnitudes:15000;    3851.5000 
[2023-12-06 11:46:48.181] magnitudes:20000;    2944.3750 
[2023-12-06 11:46:48.195] magnitudes:30000;    2040.0625 
[2023-12-06 11:46:48.228] magnitudes:40000;    1800.8750 
[2023-12-06 11:46:48.260] magnitudes:50000;    1373.1250 
[2023-12-06 11:46:48.293] magnitudes:60000;    1377.5000 
[2023-12-06 11:46:48.325] magnitudes:70000;    1217.1250 
[2023-12-06 11:46:48.357] magnitudes:200;  693803.6875 
[2023-12-06 11:46:48.389] magnitudes:500;  117696.0000 
[2023-12-06 11:46:48.404] magnitudes:800;   75524.1250 
[2023-12-06 11:46:48.437] magnitudes:1000;   58508.0000 
[2023-12-06 11:46:48.469] magnitudes:2000;   28822.1250 
[2023-12-06 11:46:48.501] magnitudes:5000;   11327.9375 
[2023-12-06 11:46:48.533] magnitudes:8000;    6976.6250 
[2023-12-06 11:46:48.565] magnitudes:10000;    5734.3750 
[2023-12-06 11:46:48.581] magnitudes:15000;    3735.8125 
[2023-12-06 11:46:48.613] magnitudes:20000;    2875.0625 
[2023-12-06 11:46:48.645] magnitudes:30000;    1939.6875 
[2023-12-06 11:46:48.677] magnitudes:40000;    1824.2500 
[2023-12-06 11:46:48.709] magnitudes:50000;    1393.1250 
[2023-12-06 11:46:48.741] magnitudes:60000;    1727.1250 
[2023-12-06 11:46:48.756] magnitudes:70000;    1263.1250 
[2023-12-06 11:46:48.789] magnitudes:200;  158629.7500 
[2023-12-06 11:46:48.821] magnitudes:500;  114034.6250 
[2023-12-06 11:46:48.853] magnitudes:800;   83160.6875 
[2023-12-06 11:46:48.885] magnitudes:1000;   72097.6875 
[2023-12-06 11:46:48.918] magnitudes:2000;   35356.5000 
[2023-12-06 11:46:48.949] magnitudes:5000;   13574.5000 
[2023-12-06 11:46:48.965] magnitudes:8000;    8291.3125 
[2023-12-06 11:46:48.997] magnitudes:10000;    6404.8750 
[2023-12-06 11:46:49.029] magnitudes:15000;    4527.8750 
[2023-12-06 11:46:49.061] magnitudes:20000;    3443.4375 
[2023-12-06 11:46:49.093] magnitudes:30000;    2216.6250 
[2023-12-06 11:46:49.125] magnitudes:40000;    1917.5000 
[2023-12-06 11:46:49.140] magnitudes:50000;    1748.0000 
[2023-12-06 11:46:49.173] magnitudes:60000;    1727.1250 
[2023-12-06 11:46:49.206] magnitudes:70000;    1786.3125 
[2023-12-06 11:46:49.237] magnitudes:200;  377038.6250 
[2023-12-06 11:46:49.269] magnitudes:500;  115011.8125 
[2023-12-06 11:46:49.302] magnitudes:800;   97188.4375 
[2023-12-06 11:46:49.333] magnitudes:1000;   70077.8125 
[2023-12-06 11:46:49.350] magnitudes:2000;   35356.5000 
[2023-12-06 11:46:49.381] magnitudes:5000;   13352.9375 
[2023-12-06 11:46:49.413] magnitudes:8000;    8475.0625 
[2023-12-06 11:46:49.445] magnitudes:10000;    6828.2500 
[2023-12-06 11:46:49.477] magnitudes:15000;    4627.4375 
[2023-12-06 11:46:49.509] magnitudes:20000;    3482.8750 
[2023-12-06 11:46:49.525] magnitudes:30000;    2388.5000 
[2023-12-06 11:46:49.557] magnitudes:40000;    1875.8750 
[2023-12-06 11:46:49.591] magnitudes:50000;    1764.9375 
[2023-12-06 11:46:49.623] magnitudes:60000;    1768.8750 
[2023-12-06 11:46:49.653] magnitudes:70000;    1825.2500 
[2023-12-06 11:46:49.686] magnitudes:200;  894577.6250 
[2023-12-06 11:46:49.717] magnitudes:500;  147939.6250 
[2023-12-06 11:46:49.733] magnitudes:800;   90735.8125 
[2023-12-06 11:46:49.766] magnitudes:1000;   71648.5000 
[2023-12-06 11:46:49.797] magnitudes:2000;   37134.8750 
[2023-12-06 11:46:49.829] magnitudes:5000;   15385.9375 
[2023-12-06 11:46:49.861] magnitudes:8000;   10228.0000 
[2023-12-06 11:46:49.877] magnitudes:10000;    8311.8125 
[2023-12-06 11:46:49.909] magnitudes:15000;    5896.1250 
[2023-12-06 11:46:49.941] magnitudes:20000;    4406.6875 
[2023-12-06 11:46:49.975] magnitudes:30000;    3263.6250 
[2023-12-06 11:46:50.006] magnitudes:40000;    2410.1250 
[2023-12-06 11:46:50.037] magnitudes:50000;    2448.2500 
[2023-12-06 11:46:50.053] magnitudes:60000;    2085.0625 
[2023-12-06 11:46:50.085] magnitudes:70000;    2631.6875 
[2023-12-06 11:46:50.120] magnitudes:200;  333386.7500 
[2023-12-06 11:46:50.151] magnitudes:500;  144735.5625 
[2023-12-06 11:46:50.181] magnitudes:800;  134675.6875 
[2023-12-06 11:46:50.216] magnitudes:1000;  107209.5625 
[2023-12-06 11:46:50.246] magnitudes:2000;   53708.0000 
[2023-12-06 11:46:50.261] magnitudes:5000;   21178.6250 
[2023-12-06 11:46:50.293] magnitudes:8000;   13396.1875 
[2023-12-06 11:46:50.326] magnitudes:10000;   11110.2500 
[2023-12-06 11:46:50.358] magnitudes:15000;    7624.5000 
[2023-12-06 11:46:50.389] magnitudes:20000;    5789.3125 
[2023-12-06 11:46:50.422] magnitudes:30000;    4182.5625 
[2023-12-06 11:46:50.437] magnitudes:40000;    3284.6875 
[2023-12-06 11:46:50.470] magnitudes:50000;    3107.5625 
[2023-12-06 11:46:50.502] magnitudes:60000;    2719.5000 
[2023-12-06 11:46:50.534] magnitudes:70000;    3154.2500 
[2023-12-06 11:46:50.565] magnitudes:200;  686445.4375 
[2023-12-06 11:46:50.597] magnitudes:500;  268205.1250 
[2023-12-06 11:46:50.629] magnitudes:800;  147588.7500 
[2023-12-06 11:46:50.645] magnitudes:1000;  131611.3750 
[2023-12-06 11:46:50.678] magnitudes:2000;   60983.6250 
[2023-12-06 11:46:50.711] magnitudes:5000;   24266.5625 
[2023-12-06 11:46:50.742] magnitudes:8000;   15046.3750 
[2023-12-06 11:46:50.774] magnitudes:10000;   12401.8750 
[2023-12-06 11:46:50.806] magnitudes:15000;    8142.0000 
[2023-12-06 11:46:50.822] magnitudes:20000;    6196.6250 
[2023-12-06 11:46:50.854] magnitudes:30000;    4498.5000 
[2023-12-06 11:46:50.888] magnitudes:40000;    3517.8750 
[2023-12-06 11:46:50.918] magnitudes:50000;    3322.1250 
[2023-12-06 11:46:50.949] magnitudes:60000;    3095.5625 
[2023-12-06 11:46:50.966] magnitudes:70000;    3154.2500 
[2023-12-06 11:46:51.014] magnitudes:200;  847954.1250 
[2023-12-06 11:46:51.030] magnitudes:500;  277598.7500 
[2023-12-06 11:46:51.062] magnitudes:800;  152081.9375 
[2023-12-06 11:46:51.095] magnitudes:1000;  125359.0000 
[2023-12-06 11:46:51.126] magnitudes:2000;   63987.9375 
[2023-12-06 11:46:51.159] magnitudes:5000;   25809.7500 
[2023-12-06 11:46:51.174] magnitudes:8000;   15543.3750 
[2023-12-06 11:46:51.206] magnitudes:10000;   12953.6875 
[2023-12-06 11:46:51.237] magnitudes:15000;    8406.5625 
[2023-12-06 11:46:51.270] magnitudes:20000;    6551.5000 
[2023-12-06 11:46:51.303] magnitudes:30000;    4516.8125 
[2023-12-06 11:46:51.334] magnitudes:40000;    3771.6875 
[2023-12-06 11:46:51.349] magnitudes:50000;    3336.3750 
[2023-12-06 11:46:51.382] magnitudes:60000;    3095.5625 
[2023-12-06 11:46:51.414] magnitudes:70000;    3161.3750 
[2023-12-06 11:46:51.447] magnitudes:200;   34047.1250 
[2023-12-06 11:46:51.479] magnitudes:500;  140957.0625 
[2023-12-06 11:46:51.511] magnitudes:800; 5219627.2500 
[2023-12-06 11:46:51.542] magnitudes:1000; 3515552.1875 
[2023-12-06 11:46:51.558] magnitudes:2000;  382167.0625 
[2023-12-06 11:46:51.590] magnitudes:5000;   44780.5625 
[2023-12-06 11:46:51.622] magnitudes:8000;   23331.9375 
[2023-12-06 11:46:51.654] magnitudes:10000;   12160.8750 
[2023-12-06 11:46:51.687] magnitudes:15000;    7224.8750 
[2023-12-06 11:46:51.720] magnitudes:20000;    5071.9375 
[2023-12-06 11:46:51.735] magnitudes:30000;    3600.4375 
[2023-12-06 11:46:51.767] magnitudes:40000;    2942.2500 
[2023-12-06 11:46:51.798] magnitudes:50000;    2601.8750 
[2023-12-06 11:46:51.831] magnitudes:60000;    2702.9375 
[2023-12-06 11:46:51.864] magnitudes:70000;    3022.4375 
[2023-12-06 11:46:51.895] magnitudes:200;    4364.6875 
[2023-12-06 11:46:51.926] magnitudes:500;    2344.7500 
[2023-12-06 11:46:51.942] magnitudes:800;    4970.1875 
[2023-12-06 11:46:51.974] magnitudes:1000;    6153.0625 
[2023-12-06 11:46:52.007] magnitudes:2000;   11137.3750 
[2023-12-06 11:46:52.039] magnitudes:5000;    7860.1875 
[2023-12-06 11:46:52.071] magnitudes:8000;    5108.2500 
[2023-12-06 11:46:52.103] magnitudes:10000;    4159.0625 
[2023-12-06 11:46:52.118] magnitudes:15000;    3177.5000 
[2023-12-06 11:46:52.151] magnitudes:20000;    2654.1250 
[2023-12-06 11:46:52.184] magnitudes:30000;    2286.8125 
[2023-12-06 11:46:52.215] magnitudes:40000;    2118.9375 
[2023-12-06 11:46:52.247] magnitudes:50000;    2080.4375 
[2023-12-06 11:46:52.279] magnitudes:60000;    2228.0625 
[2023-12-06 11:46:52.294] magnitudes:70000;    2552.3750 
[2023-12-06 11:46:52.327] magnitudes:200;    4751.6250 
[2023-12-06 11:46:52.359] magnitudes:500;    2749.5625 
[2023-12-06 11:46:52.391] magnitudes:800;    2191.4375 
[2023-12-06 11:46:52.422] magnitudes:1000;    2943.1875 
[2023-12-06 11:46:52.457] magnitudes:2000;    5025.1250 
[2023-12-06 11:46:52.471] magnitudes:5000;    4418.1875 
[2023-12-06 11:46:52.503] magnitudes:8000;    3490.8750 
[2023-12-06 11:46:52.535] magnitudes:10000;    3050.6875 
[2023-12-06 11:46:52.567] magnitudes:15000;    2621.0000 
[2023-12-06 11:46:52.599] magnitudes:20000;    2315.0000 
[2023-12-06 11:46:52.633] magnitudes:30000;    2042.9375 
[2023-12-06 11:46:52.647] magnitudes:40000;    1986.6250 
[2023-12-06 11:46:52.679] magnitudes:50000;    2049.4375 
[2023-12-06 11:46:52.712] magnitudes:60000;    1865.3125 
[2023-12-06 11:46:52.744] magnitudes:70000;    2481.0000 
[2023-12-06 11:46:52.776] magnitudes:200;    6093.7500 
[2023-12-06 11:46:52.807] magnitudes:500;    4235.3750 
[2023-12-06 11:46:52.839] magnitudes:800;    3500.7500 
[2023-12-06 11:46:52.855] magnitudes:1000;    3328.5000 
[2023-12-06 11:46:52.887] magnitudes:2000;    4152.5000 
[2023-12-06 11:46:52.919] magnitudes:5000;    3935.6875 
[2023-12-06 11:46:52.952] magnitudes:8000;    3293.2500 
[2023-12-06 11:46:52.984] magnitudes:10000;    2966.1875 
[2023-12-06 11:46:53.016] magnitudes:15000;    2527.8125 
[2023-12-06 11:46:53.031] magnitudes:20000;    2235.8125 
[2023-12-06 11:46:53.063] magnitudes:30000;    2033.2500 
[2023-12-06 11:46:53.095] magnitudes:40000;    1907.1875 
[2023-12-06 11:46:53.127] magnitudes:50000;    1894.7500 
[2023-12-06 11:46:53.159] magnitudes:60000;    1857.9375 
[2023-12-06 11:46:53.191] magnitudes:70000;    2510.5000 
[2023-12-06 11:46:53.223] magnitudes:200;    6131.1875 
[2023-12-06 11:46:53.239] magnitudes:500;    4591.0000 
[2023-12-06 11:46:53.271] magnitudes:800;    3695.0625 
[2023-12-06 11:46:53.305] magnitudes:1000;    3461.9375 
[2023-12-06 11:46:53.335] magnitudes:2000;    3892.8750 
[2023-12-06 11:46:53.367] magnitudes:5000;    3764.8125 
[2023-12-06 11:46:53.400] magnitudes:8000;    3162.3125 
[2023-12-06 11:46:53.415] magnitudes:10000;    2879.3125 
[2023-12-06 11:46:53.447] magnitudes:15000;    2454.1250 
[2023-12-06 11:46:53.480] magnitudes:20000;    2203.6875 
[2023-12-06 11:46:53.512] magnitudes:30000;    1973.7500 
[2023-12-06 11:46:53.545] magnitudes:40000;    1936.8750 
[2023-12-06 11:46:53.578] magnitudes:50000;    1868.6875 
[2023-12-06 11:46:53.592] magnitudes:60000;    1817.8750 
[2023-12-06 11:46:53.624] magnitudes:70000;    2457.0000 
[2023-12-06 11:46:53.656] magnitudes:200;    6294.6250 
[2023-12-06 11:46:53.688] magnitudes:500;    4445.5000 
[2023-12-06 11:46:53.719] magnitudes:800;    3559.4375 
[2023-12-06 11:46:53.751] magnitudes:1000;    3168.0625 
[2023-12-06 11:46:53.768] magnitudes:2000;    3109.5625 
[2023-12-06 11:46:53.800] magnitudes:5000;    3419.7500 
[2023-12-06 11:46:53.833] magnitudes:8000;    2943.1875 
[2023-12-06 11:46:53.864] magnitudes:10000;    2721.8125 
[2023-12-06 11:46:53.897] magnitudes:15000;    2359.6250 
[2023-12-06 11:46:53.928] magnitudes:20000;    2160.3125 
[2023-12-06 11:46:53.943] magnitudes:30000;    1939.3750 
[2023-12-06 11:46:53.976] magnitudes:40000;    1915.3125 
[2023-12-06 11:46:54.008] magnitudes:50000;    1845.4375 
[2023-12-06 11:46:54.040] magnitudes:60000;    1890.2500 
[2023-12-06 11:46:54.074] magnitudes:70000;    2410.0000 
[2023-12-06 11:46:54.105] magnitudes:200;    5907.0000 
[2023-12-06 11:46:54.136] magnitudes:500;    4423.8125 
[2023-12-06 11:46:54.152] magnitudes:800;    3384.0000 
[2023-12-06 11:46:54.183] magnitudes:1000;    2952.8750 
[2023-12-06 11:46:54.217] magnitudes:2000;    2496.5625 
[2023-12-06 11:46:54.248] magnitudes:5000;    3010.3125 
[2023-12-06 11:46:54.280] magnitudes:8000;    2610.0625 
[2023-12-06 11:46:54.313] magnitudes:10000;    2462.2500 
[2023-12-06 11:46:54.328] magnitudes:15000;    2192.3125 
[2023-12-06 11:46:54.362] magnitudes:20000;    2023.9375 
[2023-12-06 11:46:54.392] magnitudes:30000;    1876.2500 
[2023-12-06 11:46:54.424] magnitudes:40000;    1771.6250 
[2023-12-06 11:46:54.456] magnitudes:50000;    1832.6875 
[2023-12-06 11:46:54.490] magnitudes:60000;    1870.0000 
[2023-12-06 11:46:54.505] magnitudes:70000;    1987.1250 
[2023-12-06 11:46:54.537] magnitudes:200;    6040.0625 
[2023-12-06 11:46:54.569] magnitudes:500;    4346.3125 
[2023-12-06 11:46:54.601] magnitudes:800;    3390.5625 
[2023-12-06 11:46:54.632] magnitudes:1000;    2818.0625 
[2023-12-06 11:46:54.665] magnitudes:2000;    1915.2500 
[2023-12-06 11:46:54.697] magnitudes:5000;    2658.6875 
[2023-12-06 11:46:54.712] magnitudes:8000;    2480.3125 
[2023-12-06 11:46:54.746] magnitudes:10000;    2360.7500 
[2023-12-06 11:46:54.776] magnitudes:15000;    2107.2500 
[2023-12-06 11:46:54.808] magnitudes:20000;    1961.5625 
[2023-12-06 11:46:54.842] magnitudes:30000;    1784.3125 
[2023-12-06 11:46:54.873] magnitudes:40000;    1752.5625 
[2023-12-06 11:46:54.888] magnitudes:50000;    1822.5000 
[2023-12-06 11:46:54.921] magnitudes:60000;    1862.4375 
[2023-12-06 11:46:54.952] magnitudes:70000;    1989.8125 
[2023-12-06 11:46:54.984] magnitudes:200;    5903.6875 
[2023-12-06 11:46:55.018] magnitudes:500;    4425.0000 
[2023-12-06 11:46:55.049] magnitudes:800;    3454.0625 
[2023-12-06 11:46:55.065] magnitudes:1000;    2845.6250 
[2023-12-06 11:46:55.097] magnitudes:2000;    1565.4375 
[2023-12-06 11:46:55.128] magnitudes:5000;    1943.7500 
[2023-12-06 11:46:55.162] magnitudes:8000;    2172.3125 
[2023-12-06 11:46:55.193] magnitudes:10000;    2136.8125 
[2023-12-06 11:46:55.225] magnitudes:15000;    2277.6875 
[2023-12-06 11:46:55.240] magnitudes:20000;    4025.9375 
[2023-12-06 11:46:55.273] magnitudes:30000;   10910.0625 
[2023-12-06 11:46:55.306] magnitudes:40000;    6221.3750 
[2023-12-06 11:46:55.337] magnitudes:50000;    4351.1875 
[2023-12-06 11:46:55.370] magnitudes:60000;    3287.1250 
[2023-12-06 11:46:55.402] magnitudes:70000;    1730.6250 
[2023-12-06 11:46:55.434] magnitudes:200;42405017.5625 
[2023-12-06 11:46:55.449] magnitudes:500;19325394.7500 
[2023-12-06 11:46:55.480] magnitudes:800; 9346484.3750 
[2023-12-06 11:46:55.514] magnitudes:1000;   87943.1875 
[2023-12-06 11:46:55.546] magnitudes:2000;   51600.1875 
[2023-12-06 11:46:55.577] magnitudes:5000;   19041.0000 
[2023-12-06 11:46:55.610] magnitudes:8000;   12543.7500 
[2023-12-06 11:46:55.625] magnitudes:10000;    9549.3125 
[2023-12-06 11:46:55.657] magnitudes:15000;    6524.0625 
[2023-12-06 11:46:55.689] magnitudes:20000;    5087.9375 
[2023-12-06 11:46:55.721] magnitudes:30000;    3403.5625 
[2023-12-06 11:46:55.753] magnitudes:40000;    2728.7500 
[2023-12-06 11:46:55.785] magnitudes:50000;    2628.5625 
[2023-12-06 11:46:55.801] magnitudes:60000;    2740.6875 
[2023-12-06 11:46:55.833] magnitudes:70000;    3161.3750 
[2023-12-06 11:46:55.865] magnitudes:200;  746271.6875 
[2023-12-06 11:46:55.898] magnitudes:500;  231586.0625 
[2023-12-06 11:46:55.930] magnitudes:800;  153393.8125 
[2023-12-06 11:46:55.963] magnitudes:1000;  123461.6875 
[2023-12-06 11:46:55.995] magnitudes:2000;   63138.6875 
[2023-12-06 11:46:56.009] magnitudes:5000;   23743.8750 
[2023-12-06 11:46:56.041] magnitudes:8000;   15407.0625 
[2023-12-06 11:46:56.073] magnitudes:10000;   11961.1875 
[2023-12-06 11:46:56.106] magnitudes:15000;    8526.5000 
[2023-12-06 11:46:56.137] magnitudes:20000;    6472.1250 
[2023-12-06 11:46:56.171] magnitudes:30000;    4513.1875 
[2023-12-06 11:46:56.186] magnitudes:40000;    3509.8125 
[2023-12-06 11:46:56.217] magnitudes:50000;    3284.7500 
[2023-12-06 11:46:56.249] magnitudes:60000;    3184.6250 
[2023-12-06 11:46:56.282] magnitudes:70000;    3288.6250 
[2023-12-06 11:46:56.314] magnitudes:200;  963119.5000 
[2023-12-06 11:46:56.345] magnitudes:500;  263603.2500 
[2023-12-06 11:46:56.361] magnitudes:800;  156443.0625 
[2023-12-06 11:46:56.393] magnitudes:1000;  114772.6875 
[2023-12-06 11:46:56.426] magnitudes:2000;   57454.3750 
[2023-12-06 11:46:56.458] magnitudes:5000;   21663.7500 
[2023-12-06 11:46:56.490] magnitudes:8000;   14110.1875 
[2023-12-06 11:46:56.522] magnitudes:10000;   10982.1875 
[2023-12-06 11:46:56.538] magnitudes:15000;    7604.6875 
[2023-12-06 11:46:56.570] magnitudes:20000;    5573.5000 
[2023-12-06 11:46:56.602] magnitudes:30000;    4007.8125 
[2023-12-06 11:46:56.633] magnitudes:40000;    3142.0625 
[2023-12-06 11:46:56.665] magnitudes:50000;    2854.3750 
[2023-12-06 11:46:56.698] magnitudes:60000;    2769.2500 
[2023-12-06 11:46:56.713] magnitudes:70000;    2581.2500 
[2023-12-06 11:46:56.745] magnitudes:200;  534241.3750 
[2023-12-06 11:46:56.778] magnitudes:500;  224254.4375 
[2023-12-06 11:46:56.811] magnitudes:800;  136500.8750 
[2023-12-06 11:46:56.842] magnitudes:1000;  106756.8750 
[2023-12-06 11:46:56.873] magnitudes:2000;   47270.7500 
[2023-12-06 11:46:56.906] magnitudes:5000;   17650.8750 
[2023-12-06 11:46:56.921] magnitudes:8000;   10785.0000 
[2023-12-06 11:46:56.953] magnitudes:10000;    8226.0000 
[2023-12-06 11:46:56.987] magnitudes:15000;    5545.6875 
[2023-12-06 11:46:57.019] magnitudes:20000;    4420.8750 
[2023-12-06 11:46:57.050] magnitudes:30000;    3174.2500 
[2023-12-06 11:46:57.083] magnitudes:40000;    2403.8750 
[2023-12-06 11:46:57.099] magnitudes:50000;    2097.0625 
[2023-12-06 11:46:57.131] magnitudes:60000;    2063.6875 
[2023-12-06 11:46:57.163] magnitudes:70000;    2575.3750 
[2023-12-06 11:46:57.196] magnitudes:200;  802048.5000 
[2023-12-06 11:46:57.226] magnitudes:500;  230463.3750 
[2023-12-06 11:46:57.258] magnitudes:800;  116177.0625 
[2023-12-06 11:46:57.291] magnitudes:1000;   94568.9375 
[2023-12-06 11:46:57.306] magnitudes:2000;   46324.2500 
[2023-12-06 11:46:57.338] magnitudes:5000;   17845.9375 
[2023-12-06 11:46:57.371] magnitudes:8000;   10886.6875 
[2023-12-06 11:46:57.403] magnitudes:10000;    8984.6250 
[2023-12-06 11:46:57.435] magnitudes:15000;    5896.1250 
[2023-12-06 11:46:57.468] magnitudes:20000;    4420.8750 
[2023-12-06 11:46:57.482] magnitudes:30000;    3121.1875 
[2023-12-06 11:46:57.514] magnitudes:40000;    2501.8125 
[2023-12-06 11:46:57.546] magnitudes:50000;    2488.4375 
[2023-12-06 11:46:57.578] magnitudes:60000;    1654.9375 
[2023-12-06 11:46:57.611] magnitudes:70000;    2631.6875 
[2023-12-06 11:46:57.644] magnitudes:200; 1890865.8750 
[2023-12-06 11:46:57.676] magnitudes:500;  131935.2500 
[2023-12-06 11:46:57.690] magnitudes:800;  151048.3750 
[2023-12-06 11:46:57.722] magnitudes:1000;  141456.9375 
[2023-12-06 11:46:57.754] magnitudes:2000;   46056.8750 
[2023-12-06 11:46:57.787] magnitudes:5000;   25451.8125 
[2023-12-06 11:46:57.818] magnitudes:8000;   11398.0625 
[2023-12-06 11:46:57.834] magnitudes:10000;   12736.6250 
[2023-12-06 11:46:57.867] magnitudes:15000;    6232.9375 
[2023-12-06 11:46:57.898] magnitudes:20000;    6217.7500 
[2023-12-06 11:46:57.932] magnitudes:30000;    5591.6250 
[2023-12-06 11:46:57.963] magnitudes:40000;    6729.1250 
[2023-12-06 11:46:57.994] magnitudes:50000;    3850.8125 
[2023-12-06 11:46:58.011] magnitudes:60000;    2568.5625 
[2023-12-06 11:46:58.042] magnitudes:70000;    1253.1250 
[2023-12-06 11:46:58.074] magnitudes:200;   55180.5625 
[2023-12-06 11:46:58.106] magnitudes:500;   52989.3750 
[2023-12-06 11:46:58.139] magnitudes:800;   37421.1250 
[2023-12-06 11:46:58.172] magnitudes:1000;   29907.9375 
[2023-12-06 11:46:58.203] magnitudes:2000;   22485.9375 
[2023-12-06 11:46:58.219] magnitudes:5000;   10712.8750 
[2023-12-06 11:46:58.251] magnitudes:8000;    6076.4375 
[2023-12-06 11:46:58.283] magnitudes:10000;    4546.6875 
[2023-12-06 11:46:58.315] magnitudes:15000;    2945.8125 
[2023-12-06 11:46:58.347] magnitudes:20000;    2163.8750 
[2023-12-06 11:46:58.379] magnitudes:30000;    1425.5000 
[2023-12-06 11:46:58.395] magnitudes:40000;    1141.3125 
[2023-12-06 11:46:58.426] magnitudes:50000;    1042.0000 
[2023-12-06 11:46:58.459] magnitudes:60000;    1148.4375 
[2023-12-06 11:46:58.493] magnitudes:70000;    1085.8125 
[2023-12-06 11:46:58.524] magnitudes:200;    9747.3750 
[2023-12-06 11:46:58.556] magnitudes:500;   13278.6875 
[2023-12-06 11:46:58.587] magnitudes:800;   14918.8750 
[2023-12-06 11:46:58.603] magnitudes:1000;   15176.6875 
[2023-12-06 11:46:58.634] magnitudes:2000;   14054.9375 
[2023-12-06 11:46:58.668] magnitudes:5000;    7683.8125 
[2023-12-06 11:46:58.700] magnitudes:8000;    4812.5000 
[2023-12-06 11:46:58.731] magnitudes:10000;    3876.6875 
[2023-12-06 11:46:58.764] magnitudes:15000;    2571.1250 
[2023-12-06 11:46:58.779] magnitudes:20000;    1902.7500 
[2023-12-06 11:46:58.811] magnitudes:30000;    1366.2500 
[2023-12-06 11:46:58.843] magnitudes:40000;    1104.5625 
[2023-12-06 11:46:58.876] magnitudes:50000;    1023.6250 
[2023-12-06 11:46:58.907] magnitudes:60000;    1130.9375 
[2023-12-06 11:46:58.940] magnitudes:70000;    1055.1250 
[2023-12-06 11:46:58.972] magnitudes:200;    9202.1875 
[2023-12-06 11:46:58.986] magnitudes:500;   11185.9375 
[2023-12-06 11:46:59.019] magnitudes:800;   12555.6250 
[2023-12-06 11:46:59.051] magnitudes:1000;   10848.3125 
[2023-12-06 11:46:59.083] magnitudes:2000;    9445.3125 
[2023-12-06 11:46:59.117] magnitudes:5000;    5728.1875 
[2023-12-06 11:46:59.148] magnitudes:8000;    3657.1875 
[2023-12-06 11:46:59.163] magnitudes:10000;    2758.2500 
[2023-12-06 11:46:59.196] magnitudes:15000;    1771.6250 
[2023-12-06 11:46:59.227] magnitudes:20000;    1314.3125 
[2023-12-06 11:46:59.259] magnitudes:30000;    1076.3125 
[2023-12-06 11:46:59.292] magnitudes:40000;    1047.6250 
[2023-12-06 11:46:59.306] magnitudes:50000;    1062.0625 
[2023-12-06 11:46:59.339] magnitudes:60000;    1298.3125 
[2023-12-06 11:46:59.373] magnitudes:70000;    1085.8125 
[2023-12-06 11:46:59.404] magnitudes:200;    8269.6875 
[2023-12-06 11:46:59.436] magnitudes:500;    9154.9375 
[2023-12-06 11:46:59.467] magnitudes:800;   10442.3750 
[2023-12-06 11:46:59.499] magnitudes:1000;   10545.8750 
[2023-12-06 11:46:59.516] magnitudes:2000;    9995.1875 
[2023-12-06 11:46:59.548] magnitudes:5000;    4810.4375 
[2023-12-06 11:46:59.579] magnitudes:8000;    2745.1875 
[2023-12-06 11:46:59.612] magnitudes:10000;    1962.9375 
[2023-12-06 11:46:59.644] magnitudes:15000;    1332.6250 
[2023-12-06 11:46:59.677] magnitudes:20000;    1075.5000 
[2023-12-06 11:46:59.691] magnitudes:30000;    1053.8750 
[2023-12-06 11:46:59.723] magnitudes:40000;    1034.3125 
[2023-12-06 11:46:59.757] magnitudes:50000;    1144.0625 
[2023-12-06 11:46:59.787] magnitudes:60000;    1250.1250 
[2023-12-06 11:46:59.820] magnitudes:70000;    1459.9375 
[2023-12-06 11:46:59.852] magnitudes:200;    7248.5000 
[2023-12-06 11:46:59.884] magnitudes:500;    8429.7500 
[2023-12-06 11:46:59.899] magnitudes:800;    8783.8750 
[2023-12-06 11:46:59.931] magnitudes:1000;    9158.8125 
[2023-12-06 11:46:59.963] magnitudes:2000;    8217.8750 
[2023-12-06 11:46:59.996] magnitudes:5000;    4239.1250 
[2023-12-06 11:47:00.028] magnitudes:8000;    2649.5000 
[2023-12-06 11:47:00.062] magnitudes:10000;    2046.3125 
[2023-12-06 11:47:00.076] magnitudes:15000;    1425.8750 
[2023-12-06 11:47:00.109] magnitudes:20000;    1154.6250 
[2023-12-06 11:47:00.141] magnitudes:30000;    1064.0000 
[2023-12-06 11:47:00.172] magnitudes:40000;    1043.3750 
[2023-12-06 11:47:00.203] magnitudes:50000;    1134.5625 
[2023-12-06 11:47:00.236] magnitudes:60000;    1235.9375 
[2023-12-06 11:47:00.252] magnitudes:70000;    1473.6250 
[2023-12-06 11:47:00.284] magnitudes:200;    7681.4375 
[2023-12-06 11:47:00.315] magnitudes:500;    8576.6250 
[2023-12-06 11:47:00.348] magnitudes:800;    7883.5625 
[2023-12-06 11:47:00.380] magnitudes:1000;    8431.4375 
[2023-12-06 11:47:00.413] magnitudes:2000;    7109.9375 
[2023-12-06 11:47:00.444] magnitudes:5000;    3941.6875 
[2023-12-06 11:47:00.459] magnitudes:8000;    2411.4375 
[2023-12-06 11:47:00.491] magnitudes:10000;    2015.9375 
[2023-12-06 11:47:00.524] magnitudes:15000;    1407.8750 
[2023-12-06 11:47:00.556] magnitudes:20000;    1152.0625 
[2023-12-06 11:47:00.590] magnitudes:30000;    1055.5625 
[2023-12-06 11:47:00.604] magnitudes:40000;    1013.3750 
[2023-12-06 11:47:00.636] magnitudes:50000;    1119.1875 
[2023-12-06 11:47:00.668] magnitudes:60000;    1226.9375 
[2023-12-06 11:47:00.700] magnitudes:70000;    1478.0000 
[2023-12-06 11:47:00.733] magnitudes:200;    6384.5625 
[2023-12-06 11:47:00.764] magnitudes:500;    7832.0625 
[2023-12-06 11:47:00.795] magnitudes:800;    8180.1875 
[2023-12-06 11:47:00.812] magnitudes:1000;    8445.4375 
[2023-12-06 11:47:00.844] magnitudes:2000;    7794.1875 
[2023-12-06 11:47:00.877] magnitudes:5000;    4676.0000 
[2023-12-06 11:47:00.908] magnitudes:8000;    2936.6250 
[2023-12-06 11:47:00.942] magnitudes:10000;    2520.9375 
[2023-12-06 11:47:00.972] magnitudes:15000;    1743.4375 
[2023-12-06 11:47:00.988] magnitudes:20000;    1630.7500 
[2023-12-06 11:47:01.021] magnitudes:30000;    1188.1875 
[2023-12-06 11:47:01.052] magnitudes:40000;    1013.5625 
[2023-12-06 11:47:01.084] magnitudes:50000;     971.0625 
[2023-12-06 11:47:01.117] magnitudes:60000;    1088.9375 
[2023-12-06 11:47:01.149] magnitudes:70000;    1045.1250 
[2023-12-06 11:47:01.180] magnitudes:200;    7841.1250 
[2023-12-06 11:47:01.196] magnitudes:500;   10773.6250 
[2023-12-06 11:47:01.228] magnitudes:800;   17973.2500 
[2023-12-06 11:47:01.260] magnitudes:1000;   42012.4375 
[2023-12-06 11:47:01.293] magnitudes:2000;   71873.4375 
[2023-12-06 11:47:01.326] magnitudes:5000;   76679.2500 
[2023-12-06 11:47:01.356] magnitudes:8000;   11316.3750 
[2023-12-06 11:47:01.373] magnitudes:10000;   13520.3125 
[2023-12-06 11:47:01.405] magnitudes:15000;    5978.4375 
[2023-12-06 11:47:01.438] magnitudes:20000;    4499.0000 
[2023-12-06 11:47:01.468] magnitudes:30000;    3231.1250 
[2023-12-06 11:47:01.501] magnitudes:40000;    2630.4375 
[2023-12-06 11:47:01.532] magnitudes:50000;    2445.1250 
[2023-12-06 11:47:01.548] magnitudes:60000;    2340.4375 
[2023-12-06 11:47:01.583] magnitudes:70000;    2637.9375 
[2023-12-06 11:47:01.614] magnitudes:200;  617407.7500 
[2023-12-06 11:47:01.645] magnitudes:500;  197546.2500 
[2023-12-06 11:47:01.676] magnitudes:800;  130528.6250 
[2023-12-06 11:47:01.710] magnitudes:1000;  107255.0000 
[2023-12-06 11:47:01.741] magnitudes:2000;   51858.0000 
[2023-12-06 11:47:01.757] magnitudes:5000;   20529.3750 
[2023-12-06 11:47:01.789] magnitudes:8000;   12583.6250 
[2023-12-06 11:47:01.823] magnitudes:10000;    9588.7500 
[2023-12-06 11:47:01.853] magnitudes:15000;    6081.1875 
[2023-12-06 11:47:01.887] magnitudes:20000;    4826.9375 
[2023-12-06 11:47:01.901] magnitudes:30000;    3178.3750 
[2023-12-06 11:47:01.932] magnitudes:40000;    2567.5000 
[2023-12-06 11:47:01.965] magnitudes:50000;    2325.1875 
[2023-12-06 11:47:01.997] magnitudes:60000;    2323.8750 
[2023-12-06 11:47:02.029] magnitudes:70000;    2485.0625 
[2023-12-06 11:47:02.061] magnitudes:200;  438548.3125 
[2023-12-06 11:47:02.093] magnitudes:500;  225475.0000 
[2023-12-06 11:47:02.109] magnitudes:800;  101764.1250 
[2023-12-06 11:47:02.140] magnitudes:1000;   80547.2500 
[2023-12-06 11:47:02.175] magnitudes:2000;   40355.1875 
[2023-12-06 11:47:02.207] magnitudes:5000;   15872.8750 
[2023-12-06 11:47:02.237] magnitudes:8000;   10020.7500 
[2023-12-06 11:47:02.270] magnitudes:10000;    7876.8750 
[2023-12-06 11:47:02.284] magnitudes:15000;    5231.5000 
[2023-12-06 11:47:02.317] magnitudes:20000;    3978.9375 
[2023-12-06 11:47:02.349] magnitudes:30000;    2630.5625 
[2023-12-06 11:47:02.383] magnitudes:40000;    2311.1250 
[2023-12-06 11:47:02.414] magnitudes:50000;    1977.0000 
[2023-12-06 11:47:02.447] magnitudes:60000;    1924.1250 
[2023-12-06 11:47:02.462] magnitudes:70000;    1697.3750 
[2023-12-06 11:47:02.493] magnitudes:200;  825320.7500 
[2023-12-06 11:47:02.525] magnitudes:500;  169132.2500 
[2023-12-06 11:47:02.558] magnitudes:800;  101007.1250 
[2023-12-06 11:47:02.592] magnitudes:1000;   80547.2500 
[2023-12-06 11:47:02.622] magnitudes:2000;   38850.6875 
[2023-12-06 11:47:02.655] magnitudes:5000;   14969.0625 
[2023-12-06 11:47:02.670] magnitudes:8000;    9425.8125 
[2023-12-06 11:47:02.702] magnitudes:10000;    7357.6250 
[2023-12-06 11:47:02.735] magnitudes:15000;    4941.8125 
[2023-12-06 11:47:02.766] magnitudes:20000;    3771.5000 
[2023-12-06 11:47:02.800] magnitudes:30000;    2593.8125 
[2023-12-06 11:47:02.830] magnitudes:40000;    2000.6250 
[2023-12-06 11:47:02.845] magnitudes:50000;    1929.1875 
[2023-12-06 11:47:02.877] magnitudes:60000;    1881.3750 
[2023-12-06 11:47:02.909] magnitudes:70000;    1667.0625 
[2023-12-06 11:47:02.942] magnitudes:200;  505741.8125 
[2023-12-06 11:47:02.974] magnitudes:500;  152859.5625 
[2023-12-06 11:47:03.007] magnitudes:800;  101432.5000 
[2023-12-06 11:47:03.038] magnitudes:1000;   76679.7500 
[2023-12-06 11:47:03.053] magnitudes:2000;   37936.4375 
[2023-12-06 11:47:03.086] magnitudes:5000;   14909.3750 
[2023-12-06 11:47:03.120] magnitudes:8000;    9292.1250 
[2023-12-06 11:47:03.150] magnitudes:10000;    7352.9375 
[2023-12-06 11:47:03.184] magnitudes:15000;    5021.8125 
[2023-12-06 11:47:03.198] magnitudes:20000;    3739.3750 
[2023-12-06 11:47:03.229] magnitudes:30000;    2584.2500 
[2023-12-06 11:47:03.261] magnitudes:40000;    1993.0000 
[2023-12-06 11:47:03.295] magnitudes:50000;    1914.6875 
[2023-12-06 11:47:03.327] magnitudes:60000;    1759.8750 
[2023-12-06 11:47:03.360] magnitudes:70000;    1635.2500 
[2023-12-06 11:47:03.392] magnitudes:200;  546932.9375 
[2023-12-06 11:47:03.406] magnitudes:500;  168165.7500 
[2023-12-06 11:47:03.438] magnitudes:800;  101432.5000 
[2023-12-06 11:47:03.471] magnitudes:1000;   76679.7500 
[2023-12-06 11:47:03.502] magnitudes:2000;   38385.4375 
[2023-12-06 11:47:03.534] magnitudes:5000;   14984.5000 
[2023-12-06 11:47:03.566] magnitudes:8000;    9308.9375 
[2023-12-06 11:47:03.582] magnitudes:10000;    7352.9375 
[2023-12-06 11:47:03.614] magnitudes:15000;    4999.8750 
[2023-12-06 11:47:03.647] magnitudes:20000;    3726.1250 
[2023-12-06 11:47:03.678] magnitudes:30000;    2698.1250 
[2023-12-06 11:47:03.710] magnitudes:40000;    2166.8750 
[2023-12-06 11:47:03.742] magnitudes:50000;    1905.0000 
[2023-12-06 11:47:03.758] magnitudes:60000;    1759.8750 
[2023-12-06 11:47:03.790] magnitudes:70000;    1635.2500 
[2023-12-06 11:47:03.822] magnitudes:200;  741231.5000 
[2023-12-06 11:47:03.854] magnitudes:500;  156248.1875 
[2023-12-06 11:47:03.886] magnitudes:800;   95114.7500 
[2023-12-06 11:47:03.920] magnitudes:1000;   76679.7500 
[2023-12-06 11:47:03.951] magnitudes:2000;   38385.4375 
[2023-12-06 11:47:03.965] magnitudes:5000;   14909.3750 
[2023-12-06 11:47:03.999] magnitudes:8000;    9358.7500 
[2023-12-06 11:47:04.031] magnitudes:10000;    7352.9375 
[2023-12-06 11:47:04.062] magnitudes:15000;    5021.8125 
[2023-12-06 11:47:04.094] magnitudes:20000;    3726.1250 
[2023-12-06 11:47:04.126] magnitudes:30000;    2698.1250 
[2023-12-06 11:47:04.142] magnitudes:40000;    2045.7500 
[2023-12-06 11:47:04.175] magnitudes:50000;    1921.8750 
[2023-12-06 11:47:04.206] magnitudes:60000;    1759.8750 
[2023-12-06 11:47:04.238] magnitudes:70000;    1635.2500 
[2023-12-06 11:47:04.270] magnitudes:200;  488911.0625 
[2023-12-06 11:47:04.303] magnitudes:500;  170718.6875 
[2023-12-06 11:47:04.337] magnitudes:800;   94715.8750 
[2023-12-06 11:47:04.350] magnitudes:1000;   79305.3750 
[2023-12-06 11:47:04.382] magnitudes:2000;   37568.1875 
[2023-12-06 11:47:04.415] magnitudes:5000;   15237.1250 
[2023-12-06 11:47:04.447] magnitudes:8000;    9308.9375 
[2023-12-06 11:47:04.479] magnitudes:10000;    7352.9375 
[2023-12-06 11:47:04.511] magnitudes:15000;    4873.9375 
[2023-12-06 11:47:04.526] magnitudes:20000;    3739.3750 
[2023-12-06 11:47:04.558] magnitudes:30000;    2560.7500 
[2023-12-06 11:47:04.591] magnitudes:40000;    2121.7500 
[2023-12-06 11:47:04.623] magnitudes:50000;    1914.6875 
[2023-12-06 11:47:04.655] magnitudes:60000;    1881.3750 
[2023-12-06 11:47:04.670] magnitudes:70000;    1663.8750 
[2023-12-06 11:47:04.702] magnitudes:200;  548936.4375 
[2023-12-06 11:47:04.736] magnitudes:500;  166816.0000 
[2023-12-06 11:47:04.766] magnitudes:800;   92594.0000 
[2023-12-06 11:47:04.798] magnitudes:1000;   77576.6250 
[2023-12-06 11:47:04.830] magnitudes:2000;   38385.4375 
[2023-12-06 11:47:04.862] magnitudes:5000;   15087.0000 
[2023-12-06 11:47:04.878] magnitudes:8000;    9292.1250 
[2023-12-06 11:47:04.911] magnitudes:10000;    7510.6250 
[2023-12-06 11:47:04.944] magnitudes:15000;    4873.9375 
[2023-12-06 11:47:04.975] magnitudes:20000;    3843.9375 
[2023-12-06 11:47:05.007] magnitudes:30000;    2573.6250 
[2023-12-06 11:47:05.039] magnitudes:40000;    2113.7500 
[2023-12-06 11:47:05.055] magnitudes:50000;    1905.0000 
[2023-12-06 11:47:05.087] magnitudes:60000;    1881.3750 
[2023-12-06 11:47:05.120] magnitudes:70000;    1638.2500 
[2023-12-06 11:47:05.150] magnitudes:200;  781950.7500 
[2023-12-06 11:47:05.183] magnitudes:500;  159585.2500 
[2023-12-06 11:47:05.216] magnitudes:800;  101432.5000 
[2023-12-06 11:47:05.247] magnitudes:1000;   77576.6250 
[2023-12-06 11:47:05.262] magnitudes:2000;   38385.4375 
[2023-12-06 11:47:05.296] magnitudes:5000;   14909.3750 
[2023-12-06 11:47:05.327] magnitudes:8000;    9292.1250 
[2023-12-06 11:47:05.359] magnitudes:10000;    7352.9375 
[2023-12-06 11:47:05.392] magnitudes:15000;    4852.6875 
[2023-12-06 11:47:05.423] magnitudes:20000;    3857.5625 
[2023-12-06 11:47:05.439] magnitudes:30000;    2572.3750 
[2023-12-06 11:47:05.472] magnitudes:40000;    1988.2500 
[2023-12-06 11:47:05.502] magnitudes:50000;    1914.6875 
[2023-12-06 11:47:05.535] magnitudes:60000;    1881.3750 
[2023-12-06 11:47:05.568] magnitudes:70000;    1638.2500 
[2023-12-06 11:47:05.599] magnitudes:200;  547685.1875 
[2023-12-06 11:47:05.631] magnitudes:500;  160532.2500 
[2023-12-06 11:47:05.647] magnitudes:800;  101432.5000 
[2023-12-06 11:47:05.681] magnitudes:1000;   74932.1250 
[2023-12-06 11:47:05.711] magnitudes:2000;   38385.4375 
[2023-12-06 11:47:05.744] magnitudes:5000;   14909.3750 
[2023-12-06 11:47:05.777] magnitudes:8000;    9358.7500 
[2023-12-06 11:47:05.807] magnitudes:10000;    7352.9375 
[2023-12-06 11:47:05.823] magnitudes:15000;    5021.8125 
[2023-12-06 11:47:05.855] magnitudes:20000;    3843.9375 
