
[2023-12-06 11:50:15.749] magnitudes:1000;  166514.7500 
[2023-12-06 11:50:15.772] magnitudes:2000;   81343.3750 
[2023-12-06 11:50:15.772] magnitudes:5000;   32422.5625 
[2023-12-06 11:50:15.772] magnitudes:8000;   20379.1875 
[2023-12-06 11:50:15.772] magnitudes:10000;   16289.6250 
[2023-12-06 11:50:15.772] magnitudes:15000;   11086.3125 
[2023-12-06 11:50:15.772] magnitudes:20000;    8358.3125 
[2023-12-06 11:50:15.772] magnitudes:30000;    5944.3125 
[2023-12-06 11:50:15.772] magnitudes:40000;    4933.0625 
[2023-12-06 11:50:15.772] magnitudes:50000;    4299.4375 
[2023-12-06 11:50:15.772] magnitudes:60000;    4278.5625 
[2023-12-06 11:50:15.772] magnitudes:70000;    4411.6875 
[2023-12-06 11:50:15.772] magnitudes:200; 1146658.2500 
[2023-12-06 11:50:15.772] magnitudes:500;  333716.0625 
[2023-12-06 11:50:15.772] magnitudes:800;  203708.5000 
[2023-12-06 11:50:15.772] magnitudes:1000;  163503.8750 
[2023-12-06 11:50:15.772] magnitudes:2000;   81012.5000 
[2023-12-06 11:50:15.772] magnitudes:5000;   32287.2500 
[2023-12-06 11:50:15.772] magnitudes:8000;   20379.1875 
[2023-12-06 11:50:15.772] magnitudes:10000;   16324.4375 
[2023-12-06 11:50:15.772] magnitudes:15000;   11024.6875 
[2023-12-06 11:50:15.772] magnitudes:20000;    8430.1250 
[2023-12-06 11:50:15.772] magnitudes:30000;    5946.8750 
[2023-12-06 11:50:15.772] magnitudes:40000;    4813.6875 
[2023-12-06 11:50:15.772] magnitudes:50000;    4280.7500 
[2023-12-06 11:50:15.772] magnitudes:60000;    4278.5625 
[2023-12-06 11:50:15.772] magnitudes:70000;    4411.6875 
[2023-12-06 11:50:15.772] magnitudes:200;  879823.4375 
[2023-12-06 11:50:15.772] magnitudes:500;  321336.8750 
[2023-12-06 11:50:15.772] magnitudes:800;  210534.2500 
[2023-12-06 11:50:15.772] magnitudes:1000;  164686.1250 
[2023-12-06 11:50:15.772] magnitudes:2000;   81343.3750 
[2023-12-06 11:50:15.772] magnitudes:5000;   32422.5625 
[2023-12-06 11:50:15.789] magnitudes:8000;   20379.1875 
[2023-12-06 11:50:15.789] magnitudes:10000;   16392.2500 
[2023-12-06 11:50:15.789] magnitudes:15000;   11086.3125 
[2023-12-06 11:50:15.789] magnitudes:20000;    8383.8125 
[2023-12-06 11:50:15.789] magnitudes:30000;    5946.8750 
[2023-12-06 11:50:15.789] magnitudes:40000;    4855.3125 
[2023-12-06 11:50:15.789] magnitudes:50000;    4299.4375 
[2023-12-06 11:50:15.789] magnitudes:60000;    4278.5625 
[2023-12-06 11:50:15.789] magnitudes:70000;    4411.6875 
[2023-12-06 11:50:15.789] magnitudes:200;  953811.8750 
[2023-12-06 11:50:15.789] magnitudes:500;  318711.1875 
[2023-12-06 11:50:15.789] magnitudes:800;  208053.5625 
[2023-12-06 11:50:15.789] magnitudes:1000;  163503.8750 
[2023-12-06 11:50:15.789] magnitudes:2000;   80317.6250 
[2023-12-06 11:50:15.789] magnitudes:5000;   32287.2500 
[2023-12-06 11:50:15.789] magnitudes:8000;   20379.1875 
[2023-12-06 11:50:15.789] magnitudes:10000;   16240.9375 
[2023-12-06 11:50:15.789] magnitudes:15000;   11066.2500 
[2023-12-06 11:50:15.789] magnitudes:20000;    8383.8125 
[2023-12-06 11:50:15.789] magnitudes:30000;    5925.8125 
[2023-12-06 11:50:15.789] magnitudes:40000;    4870.8125 
[2023-12-06 11:50:15.789] magnitudes:50000;    4280.7500 
[2023-12-06 11:50:15.789] magnitudes:60000;    4278.5625 
[2023-12-06 11:50:15.789] magnitudes:70000;    4405.8750 
[2023-12-06 11:50:15.789] magnitudes:200; 1031099.8125 
[2023-12-06 11:50:15.789] magnitudes:500;  330546.4375 
[2023-12-06 11:50:15.789] magnitudes:800;  201820.7500 
[2023-12-06 11:50:15.789] magnitudes:1000;  163185.1875 
[2023-12-06 11:50:15.789] magnitudes:2000;   80317.6250 
[2023-12-06 11:50:15.789] magnitudes:5000;   32422.5625 
[2023-12-06 11:50:15.789] magnitudes:8000;   20402.8125 
[2023-12-06 11:50:15.803] magnitudes:10000;   16343.2500 
[2023-12-06 11:50:15.803] magnitudes:15000;   10901.4375 
[2023-12-06 11:50:15.803] magnitudes:20000;    8383.8125 
[2023-12-06 11:50:15.803] magnitudes:30000;    5944.3125 
[2023-12-06 11:50:15.803] magnitudes:40000;    4922.8125 
[2023-12-06 11:50:15.803] magnitudes:50000;    4299.4375 
[2023-12-06 11:50:15.803] magnitudes:60000;    4278.5625 
[2023-12-06 11:50:15.803] magnitudes:70000;    4350.4375 
[2023-12-06 11:50:15.803] magnitudes:200;  879199.5000 
[2023-12-06 11:50:15.803] magnitudes:500;  337252.0000 
[2023-12-06 11:50:15.803] magnitudes:800;  205859.6875 
[2023-12-06 11:50:15.803] magnitudes:1000;  165001.8125 
[2023-12-06 11:50:15.803] magnitudes:2000;   80651.3125 
[2023-12-06 11:50:15.803] magnitudes:5000;   32287.2500 
[2023-12-06 11:50:15.803] magnitudes:8000;   20379.1875 
[2023-12-06 11:50:15.803] magnitudes:10000;   16343.2500 
[2023-12-06 11:50:15.803] magnitudes:15000;   11066.2500 
[2023-12-06 11:50:15.803] magnitudes:20000;    8383.8125 
[2023-12-06 11:50:15.803] magnitudes:30000;    5946.8750 
[2023-12-06 11:50:15.803] magnitudes:40000;    4933.0625 
[2023-12-06 11:50:15.803] magnitudes:50000;    4299.4375 
[2023-12-06 11:50:15.803] magnitudes:60000;    4278.5625 
[2023-12-06 11:50:15.803] magnitudes:70000;    4350.4375 
[2023-12-06 11:50:15.803] magnitudes:200; 1027099.5625 
[2023-12-06 11:50:15.803] magnitudes:500;  330249.4375 
[2023-12-06 11:50:15.803] magnitudes:800;  208053.5625 
[2023-12-06 11:50:15.803] magnitudes:1000;  163185.1875 
[2023-12-06 11:50:15.803] magnitudes:2000;   80317.6250 
[2023-12-06 11:50:15.803] magnitudes:5000;   32422.5625 
[2023-12-06 11:50:15.803] magnitudes:8000;   20402.8125 
[2023-12-06 11:50:15.803] magnitudes:10000;   16240.9375 
[2023-12-06 11:50:15.803] magnitudes:15000;   10942.5625 
[2023-12-06 11:50:15.818] magnitudes:20000;    8358.3125 
[2023-12-06 11:50:15.818] magnitudes:30000;    5925.8125 
[2023-12-06 11:50:15.818] magnitudes:40000;    4761.6875 
[2023-12-06 11:50:15.818] magnitudes:50000;    4299.4375 
[2023-12-06 11:50:15.818] magnitudes:60000;    4278.5625 
[2023-12-06 11:50:15.818] magnitudes:70000;    4415.6250 
[2023-12-06 11:50:15.818] magnitudes:200; 1078835.1250 
[2023-12-06 11:50:15.818] magnitudes:500;  309950.0000 
[2023-12-06 11:50:15.818] magnitudes:800;  201534.3125 
[2023-12-06 11:50:15.818] magnitudes:1000;  165001.8125 
[2023-12-06 11:50:15.818] magnitudes:2000;   80317.6250 
[2023-12-06 11:50:15.818] magnitudes:5000;   32287.2500 
[2023-12-06 11:50:15.818] magnitudes:8000;   20379.1875 
[2023-12-06 11:50:15.818] magnitudes:10000;   16174.1250 
[2023-12-06 11:50:15.818] magnitudes:15000;   11024.6875 
[2023-12-06 11:50:15.818] magnitudes:20000;    8383.8125 
[2023-12-06 11:50:15.818] magnitudes:30000;    5946.8750 
[2023-12-06 11:50:15.818] magnitudes:40000;    4880.9375 
[2023-12-06 11:50:15.818] magnitudes:50000;    4280.7500 
[2023-12-06 11:50:15.818] magnitudes:60000;    4278.5625 
[2023-12-06 11:50:15.818] magnitudes:70000;    4346.6875 
[2023-12-06 11:50:15.818] magnitudes:200;  933303.8750 
[2023-12-06 11:50:15.818] magnitudes:500;  324288.0000 
[2023-12-06 11:50:15.818] magnitudes:800;  206730.3125 
[2023-12-06 11:50:15.818] magnitudes:1000;  163503.8750 
[2023-12-06 11:50:15.818] magnitudes:2000;   80317.6250 
[2023-12-06 11:50:15.818] magnitudes:5000;   32287.2500 
[2023-12-06 11:50:15.818] magnitudes:8000;   20256.1250 
[2023-12-06 11:50:15.818] magnitudes:10000;   16289.6250 
[2023-12-06 11:50:15.818] magnitudes:15000;   11024.6875 
[2023-12-06 11:50:15.818] magnitudes:20000;    8393.8125 
[2023-12-06 11:50:15.832] magnitudes:30000;    5944.3125 
[2023-12-06 11:50:15.832] magnitudes:40000;    4870.8125 
[2023-12-06 11:50:15.832] magnitudes:50000;    4299.4375 
[2023-12-06 11:50:15.832] magnitudes:60000;    4278.5625 
[2023-12-06 11:50:15.832] magnitudes:70000;    4415.6250 
[2023-12-06 11:50:15.832] magnitudes:200; 1028301.3125 
[2023-12-06 11:50:15.832] magnitudes:500;  337339.8750 
[2023-12-06 11:50:15.832] magnitudes:800;  209969.8750 
[2023-12-06 11:50:15.832] magnitudes:1000;  164686.1250 
[2023-12-06 11:50:15.832] magnitudes:2000;   80317.6250 
[2023-12-06 11:50:15.832] magnitudes:5000;   32422.5625 
[2023-12-06 11:50:15.832] magnitudes:8000;   20256.1250 
[2023-12-06 11:50:15.832] magnitudes:10000;   16289.6250 
[2023-12-06 11:50:15.832] magnitudes:15000;   11066.2500 
[2023-12-06 11:50:15.832] magnitudes:20000;    8409.3125 
[2023-12-06 11:50:15.832] magnitudes:30000;    5946.8750 
[2023-12-06 11:50:15.832] magnitudes:40000;    4870.8125 
[2023-12-06 11:50:15.832] magnitudes:50000;    4299.4375 
[2023-12-06 11:50:15.832] magnitudes:60000;    4278.5625 
[2023-12-06 11:50:15.832] magnitudes:70000;    4346.6875 
[2023-12-06 11:50:15.832] magnitudes:200; 1001668.5000 
[2023-12-06 11:50:15.832] magnitudes:500;  363930.6875 
[2023-12-06 11:50:15.832] magnitudes:800;  201534.3125 
[2023-12-06 11:50:15.832] magnitudes:1000;  165001.8125 
[2023-12-06 11:50:15.832] magnitudes:2000;   80317.6250 
[2023-12-06 11:50:15.832] magnitudes:5000;   32287.2500 
[2023-12-06 11:50:15.832] magnitudes:8000;   20379.1875 
[2023-12-06 11:50:15.832] magnitudes:10000;   16289.6250 
[2023-12-06 11:50:15.832] magnitudes:15000;   11066.2500 
[2023-12-06 11:50:15.832] magnitudes:20000;    8393.8125 
[2023-12-06 11:50:15.832] magnitudes:30000;    5944.3125 
[2023-12-06 11:50:15.848] magnitudes:40000;    4813.6875 
[2023-12-06 11:50:15.848] magnitudes:50000;    4280.7500 
[2023-12-06 11:50:15.848] magnitudes:60000;    4278.5625 
[2023-12-06 11:50:15.848] magnitudes:70000;    4346.6875 
[2023-12-06 11:50:15.848] magnitudes:200;  859309.4375 
[2023-12-06 11:50:15.848] magnitudes:500;  315722.8125 
[2023-12-06 11:50:15.848] magnitudes:800;  206730.3125 
[2023-12-06 11:50:15.848] magnitudes:1000;  163185.1875 
[2023-12-06 11:50:15.848] magnitudes:2000;   80317.6250 
[2023-12-06 11:50:15.848] magnitudes:5000;   32422.5625 
[2023-12-06 11:50:15.848] magnitudes:8000;   20379.1875 
[2023-12-06 11:50:15.848] magnitudes:10000;   16240.9375 
[2023-12-06 11:50:15.848] magnitudes:15000;   11086.3125 
[2023-12-06 11:50:15.848] magnitudes:20000;    8548.1875 
[2023-12-06 11:50:15.848] magnitudes:30000;    5946.8750 
[2023-12-06 11:50:15.848] magnitudes:40000;    4938.4375 
[2023-12-06 11:50:15.848] magnitudes:50000;    4472.4375 
[2023-12-06 11:50:15.848] magnitudes:60000;    4313.4375 
[2023-12-06 11:50:15.848] magnitudes:70000;    4405.8750 
[2023-12-06 11:50:15.848] magnitudes:200;  811794.1875 
[2023-12-06 11:50:15.848] magnitudes:500;  327152.6875 
[2023-12-06 11:50:15.848] magnitudes:800;  216234.8125 
[2023-12-06 11:50:15.848] magnitudes:1000;  171028.4375 
[2023-12-06 11:50:15.848] magnitudes:2000;   83048.2500 
[2023-12-06 11:50:15.848] magnitudes:5000;   33420.0625 
[2023-12-06 11:50:15.848] magnitudes:8000;   20581.8125 
[2023-12-06 11:50:15.848] magnitudes:10000;   16392.2500 
[2023-12-06 11:50:15.848] magnitudes:15000;   11066.2500 
[2023-12-06 11:50:15.848] magnitudes:20000;    8383.8125 
[2023-12-06 11:50:15.848] magnitudes:30000;    5946.8750 
[2023-12-06 11:50:15.848] magnitudes:40000;    4886.5000 
[2023-12-06 11:50:15.848] magnitudes:50000;    4299.4375 
[2023-12-06 11:50:15.863] magnitudes:60000;    4278.5625 
[2023-12-06 11:50:15.863] magnitudes:70000;    4346.6875 
[2023-12-06 11:50:15.863] magnitudes:200; 1029235.0625 
[2023-12-06 11:50:15.863] magnitudes:500;  337990.0625 
[2023-12-06 11:50:15.863] magnitudes:800;  206155.4375 
[2023-12-06 11:50:15.863] magnitudes:1000;  165001.8125 
[2023-12-06 11:50:15.863] magnitudes:2000;   80317.6250 
[2023-12-06 11:50:15.863] magnitudes:5000;   32704.4375 
[2023-12-06 11:50:15.863] magnitudes:8000;   20504.5625 
[2023-12-06 11:50:15.863] magnitudes:10000;   16289.6250 
[2023-12-06 11:50:15.863] magnitudes:15000;   10942.5625 
[2023-12-06 11:50:15.863] magnitudes:20000;    8383.8125 
[2023-12-06 11:50:15.863] magnitudes:30000;    5928.3750 
[2023-12-06 11:50:15.863] magnitudes:40000;    4855.3125 
[2023-12-06 11:50:15.863] magnitudes:50000;    4280.7500 
[2023-12-06 11:50:15.863] magnitudes:60000;    4278.5625 
[2023-12-06 11:50:15.863] magnitudes:70000;    4346.6875 
[2023-12-06 11:50:15.863] magnitudes:200; 1101865.3125 
[2023-12-06 11:50:15.863] magnitudes:500;  360726.2500 
[2023-12-06 11:50:15.863] magnitudes:800;  204819.9375 
[2023-12-06 11:50:15.863] magnitudes:1000;  163185.1875 
[2023-12-06 11:50:15.863] magnitudes:2000;   79631.3125 
[2023-12-06 11:50:15.863] magnitudes:5000;   32136.8750 
[2023-12-06 11:50:15.863] magnitudes:8000;   20178.7500 
[2023-12-06 11:50:15.863] magnitudes:10000;   16105.8750 
[2023-12-06 11:50:15.863] magnitudes:15000;   10901.4375 
[2023-12-06 11:50:15.863] magnitudes:20000;    8383.8125 
[2023-12-06 11:50:15.863] magnitudes:30000;    5843.0625 
[2023-12-06 11:50:15.863] magnitudes:40000;    4756.4375 
[2023-12-06 11:50:15.863] magnitudes:50000;    4299.4375 
[2023-12-06 11:50:15.863] magnitudes:60000;    4278.5625 
[2023-12-06 11:50:15.880] magnitudes:70000;    4415.6250 
[2023-12-06 11:50:15.880] magnitudes:200;  872515.0625 
[2023-12-06 11:50:15.880] magnitudes:500;  318681.1250 
[2023-12-06 11:50:15.880] magnitudes:800;  206443.1250 
[2023-12-06 11:50:15.880] magnitudes:1000;  163503.8750 
[2023-12-06 11:50:15.880] magnitudes:2000;   79631.3125 
[2023-12-06 11:50:15.880] magnitudes:5000;   31865.8125 
[2023-12-06 11:50:15.880] magnitudes:8000;   20178.7500 
[2023-12-06 11:50:15.880] magnitudes:10000;   16039.6250 
[2023-12-06 11:50:15.880] magnitudes:15000;   10901.4375 
[2023-12-06 11:50:15.880] magnitudes:20000;    8267.3125 
[2023-12-06 11:50:15.880] magnitudes:30000;    5840.5000 
[2023-12-06 11:50:15.880] magnitudes:40000;    4860.6875 
[2023-12-06 11:50:15.880] magnitudes:50000;    4280.7500 
[2023-12-06 11:50:15.880] magnitudes:60000;    4278.5625 
[2023-12-06 11:50:15.880] magnitudes:70000;    4346.6875 
[2023-12-06 11:50:15.880] magnitudes:200; 1046292.0625 
[2023-12-06 11:50:15.880] magnitudes:500;  317906.5000 
[2023-12-06 11:50:15.880] magnitudes:800;  199662.1875 
[2023-12-06 11:50:15.880] magnitudes:1000;  161670.4375 
[2023-12-06 11:50:15.880] magnitudes:2000;   79631.3125 
[2023-12-06 11:50:15.880] magnitudes:5000;   32136.8750 
[2023-12-06 11:50:15.880] magnitudes:8000;   20178.7500 
[2023-12-06 11:50:15.880] magnitudes:10000;   16154.1250 
[2023-12-06 11:50:15.880] magnitudes:15000;   10942.5625 
[2023-12-06 11:50:15.880] magnitudes:20000;    8282.6250 
[2023-12-06 11:50:15.880] magnitudes:30000;    5822.3750 
[2023-12-06 11:50:15.880] magnitudes:40000;    4756.4375 
[2023-12-06 11:50:15.880] magnitudes:50000;    4280.7500 
[2023-12-06 11:50:15.880] magnitudes:60000;    4278.5625 
[2023-12-06 11:50:15.880] magnitudes:70000;    4346.6875 
[2023-12-06 11:50:15.883] magnitudes:200; 1055172.4375 
[2023-12-06 11:50:15.883] magnitudes:500;  328046.1875 
[2023-12-06 11:50:15.883] magnitudes:800;  204819.9375 
[2023-12-06 11:50:15.883] magnitudes:1000;  163185.1875 
[2023-12-06 11:50:15.883] magnitudes:2000;   79631.3125 
[2023-12-06 11:50:15.883] magnitudes:5000;   32002.7500 
[2023-12-06 11:50:15.883] magnitudes:8000;   20178.7500 
[2023-12-06 11:50:15.883] magnitudes:10000;   16154.1250 
[2023-12-06 11:50:15.883] magnitudes:15000;   10901.4375 
[2023-12-06 11:50:15.883] magnitudes:20000;    8257.5000 
[2023-12-06 11:50:15.883] magnitudes:30000;    5843.0625 
[2023-12-06 11:50:15.883] magnitudes:40000;    4761.6875 
[2023-12-06 11:50:15.883] magnitudes:50000;    4280.7500 
[2023-12-06 11:50:15.883] magnitudes:60000;    4278.5625 
[2023-12-06 11:50:15.883] magnitudes:70000;    4346.6875 
[2023-12-06 11:50:15.883] magnitudes:200;  825094.9375 
[2023-12-06 11:50:15.883] magnitudes:500;  357729.1250 
[2023-12-06 11:50:15.883] magnitudes:800;  206443.1250 
[2023-12-06 11:50:15.883] magnitudes:1000;  161992.0625 
[2023-12-06 11:50:15.883] m
[2023-12-06 11:50:15.883] magnitudes:2000;   79631.3125 
[2023-12-06 11:50:15.883] magnitudes:5000;   31583.8125 
[2023-12-06 11:50:15.883] magnitudes:8000;   19855.6250 
[2023-12-06 11:50:15.883] magnitudes:10000;   16154.1250 
[2023-12-06 11:50:15.888] magnitudes:15000;   10776.8125 
[2023-12-06 11:50:15.914] magnitudes:20000;    8257.5000 
[2023-12-06 11:50:15.930] magnitudes:30000;    5804.2500 
[2023-12-06 11:50:15.963] magnitudes:40000;    4678.0000 
[2023-12-06 11:50:15.995] magnitudes:50000;    4280.7500 
[2023-12-06 11:50:16.027] magnitudes:60000;    3980.1250 
[2023-12-06 11:50:16.059] magnitudes:70000;    4411.6875 
[2023-12-06 11:50:16.092] magnitudes:200; 1027233.3125 
[2023-12-06 11:50:16.124] magnitudes:500;  351238.0000 
[2023-12-06 11:50:16.139] magnitudes:800;  199662.1875 
[2023-12-06 11:50:16.171] magnitudes:1000;  161670.4375 
[2023-12-06 11:50:16.202] magnitudes:2000;   79308.0000 
[2023-12-06 11:50:16.237] magnitudes:5000;   31583.8125 
[2023-12-06 11:50:16.267] magnitudes:8000;   19855.6250 
[2023-12-06 11:50:16.283] magnitudes:10000;   16005.6250 
[2023-12-06 11:50:16.314] magnitudes:15000;   10776.8125 
[2023-12-06 11:50:16.349] magnitudes:20000;    8257.5000 
[2023-12-06 11:50:16.382] magnitudes:30000;    5824.8750 
[2023-12-06 11:50:16.411] magnitudes:40000;    4756.4375 
[2023-12-06 11:50:16.442] magnitudes:50000;    4280.7500 
[2023-12-06 11:50:16.458] magnitudes:60000;    4244.5000 
[2023-12-06 11:50:16.491] magnitudes:70000;    4415.6250 
[2023-12-06 11:50:16.523] magnitudes:200; 1071688.8125 
[2023-12-06 11:50:16.555] magnitudes:500;  326872.9375 
[2023-12-06 11:50:16.586] magnitudes:800;  206443.1250 
[2023-12-06 11:50:16.619] magnitudes:1000;  163503.8750 
[2023-12-06 11:50:16.651] magnitudes:2000;   79631.3125 
[2023-12-06 11:50:16.667] magnitudes:5000;   32416.3125 
[2023-12-06 11:50:16.699] magnitudes:8000;   20302.8750 
[2023-12-06 11:50:16.732] magnitudes:10000;   16221.8125 
[2023-12-06 11:50:16.763] magnitudes:15000;   11155.7500 
[2023-12-06 11:50:16.795] magnitudes:20000;    8747.4375 
[2023-12-06 11:50:16.827] magnitudes:30000;    6452.1875 
[2023-12-06 11:50:16.843] magnitudes:40000;    5301.7500 
[2023-12-06 11:50:16.875] magnitudes:50000;    4767.5625 
[2023-12-06 11:50:16.906] magnitudes:60000;    4681.7500 
[2023-12-06 11:50:16.939] magnitudes:70000;    4794.1875 
[2023-12-06 11:50:16.971] magnitudes:200;  899564.8750 
[2023-12-06 11:50:17.003] magnitudes:500;  330064.6875 
[2023-12-06 11:50:17.035] magnitudes:800;  217726.1250 
[2023-12-06 11:50:17.051] magnitudes:1000;  169808.2500 
[2023-12-06 11:50:17.083] magnitudes:2000;   82203.2500 
[2023-12-06 11:50:17.115] magnitudes:5000;   32600.8750 
[2023-12-06 11:50:17.148] magnitudes:8000;   20357.6250 
[2023-12-06 11:50:17.180] magnitudes:10000;   16422.1250 
[2023-12-06 11:50:17.211] magnitudes:15000;   11000.3750 
[2023-12-06 11:50:17.228] magnitudes:20000;    8642.6875 
[2023-12-06 11:50:17.259] magnitudes:30000;    6118.3125 
[2023-12-06 11:50:17.291] magnitudes:40000;    4918.3750 
[2023-12-06 11:50:17.324] magnitudes:50000;    4494.3750 
[2023-12-06 11:50:17.355] magnitudes:60000;    4421.4375 
[2023-12-06 11:50:17.387] magnitudes:70000;    4721.6250 
[2023-12-06 11:50:17.420] magnitudes:200;  872410.0000 
[2023-12-06 11:50:17.435] magnitudes:500;  354889.3125 
[2023-12-06 11:50:17.467] magnitudes:800;  205594.3750 
[2023-12-06 11:50:17.500] magnitudes:1000;  166622.5000 
[2023-12-06 11:50:17.532] magnitudes:2000;   83160.6875 
[2023-12-06 11:50:17.564] magnitudes:5000;   33409.2500 
[2023-12-06 11:50:17.597] magnitudes:8000;   20812.7500 
[2023-12-06 11:50:17.612] magnitudes:10000;   16761.1875 
[2023-12-06 11:50:17.643] magnitudes:15000;   11257.8750 
[2023-12-06 11:50:17.675] magnitudes:20000;    8707.8750 
[2023-12-06 11:50:17.709] magnitudes:30000;    6229.5000 
[2023-12-06 11:50:17.740] magnitudes:40000;    5142.5000 
[2023-12-06 11:50:17.755] magnitudes:50000;    4280.7500 
[2023-12-06 11:50:17.787] magnitudes:60000;    3948.4375 
[2023-12-06 11:50:17.819] magnitudes:70000;    4346.6875 
[2023-12-06 11:50:17.853] magnitudes:200; 1235926.1250 
[2023-12-06 11:50:17.885] magnitudes:500;  301024.5000 
[2023-12-06 11:50:17.917] magnitudes:800;  198829.6250 
[2023-12-06 11:50:17.947] magnitudes:1000;  160170.8750 
[2023-12-06 11:50:17.964] magnitudes:2000;   80651.3125 
[2023-12-06 11:50:17.995] magnitudes:5000;   31318.3750 
[2023-12-06 11:50:18.027] magnitudes:8000;   19617.8125 
[2023-12-06 11:50:18.059] magnitudes:10000;   15726.8750 
[2023-12-06 11:50:18.091] magnitudes:15000;   10637.6250 
[2023-12-06 11:50:18.124] magnitudes:20000;    8198.1250 
[2023-12-06 11:50:18.139] magnitudes:30000;    5804.2500 
[2023-12-06 11:50:18.173] magnitudes:40000;    4707.0000 
[2023-12-06 11:50:18.205] magnitudes:50000;    4249.0625 
[2023-12-06 11:50:18.238] magnitudes:60000;    4012.0625 
[2023-12-06 11:50:18.268] magnitudes:70000;    4411.6875 
[2023-12-06 11:50:18.301] magnitudes:200;  757705.6875 
[2023-12-06 11:50:18.332] magnitudes:500;  315666.6875 
[2023-12-06 11:50:18.349] magnitudes:800;  206175.1875 
[2023-12-06 11:50:18.380] magnitudes:1000;  155646.3125 
[2023-12-06 11:50:18.413] magnitudes:2000;   82337.6875 
[2023-12-06 11:50:18.445] magnitudes:5000;   32987.6875 
[2023-12-06 11:50:18.475] magnitudes:8000;   20551.6875 
[2023-12-06 11:50:18.510] magnitudes:10000;   16210.4375 
[2023-12-06 11:50:18.524] magnitudes:15000;   11080.1875 
[2023-12-06 11:50:18.555] magnitudes:20000;    8350.7500 
[2023-12-06 11:50:18.588] magnitudes:30000;    5953.5000 
[2023-12-06 11:50:18.620] magnitudes:40000;    4893.6875 
[2023-12-06 11:50:18.653] magnitudes:50000;    4302.4375 
[2023-12-06 11:50:18.685] magnitudes:60000;    4145.3125 
[2023-12-06 11:50:18.699] magnitudes:70000;    4471.5625 
[2023-12-06 11:50:18.732] magnitudes:200;  879303.5625 
[2023-12-06 11:50:18.764] magnitudes:500;  327152.6875 
[2023-12-06 11:50:18.796] magnitudes:800;  202635.5000 
[2023-12-06 11:50:18.827] magnitudes:1000;  161992.0625 
[2023-12-06 11:50:18.860] magnitudes:2000;   83209.0625 
[2023-12-06 11:50:18.893] magnitudes:5000;   32410.2500 
[2023-12-06 11:50:18.908] magnitudes:8000;   20373.0625 
[2023-12-06 11:50:18.940] magnitudes:10000;   16147.4375 
[2023-12-06 11:50:18.973] magnitudes:15000;   10862.7500 
[2023-12-06 11:50:19.006] magnitudes:20000;    8253.1875 
[2023-12-06 11:50:19.038] magnitudes:30000;    5919.5625 
[2023-12-06 11:50:19.070] magnitudes:40000;    4763.0000 
[2023-12-06 11:50:19.084] magnitudes:50000;    4350.9375 
[2023-12-06 11:50:19.117] magnitudes:60000;    4077.6875 
[2023-12-06 11:50:19.150] magnitudes:70000;    4411.6875 
[2023-12-06 11:50:19.181] magnitudes:200; 1035614.6875 
[2023-12-06 11:50:19.214] magnitudes:500;  393282.2500 
[2023-12-06 11:50:19.244] magnitudes:800;  210535.3125 
[2023-12-06 11:50:19.259] magnitudes:1000;  160495.5000 
[2023-12-06 11:50:19.292] magnitudes:2000;   81400.9375 
[2023-12-06 11:50:19.325] magnitudes:5000;   32410.1875 
[2023-12-06 11:50:19.357] magnitudes:8000;   20168.8125 
[2023-12-06 11:50:19.390] magnitudes:10000;   16078.6250 
[2023-12-06 11:50:19.421] magnitudes:15000;   10650.8125 
[2023-12-06 11:50:19.436] magnitudes:20000;    8131.5000 
[2023-12-06 11:50:19.468] magnitudes:30000;    5787.1250 
[2023-12-06 11:50:19.500] magnitudes:40000;    4518.0000 
[2023-12-06 11:50:19.533] magnitudes:50000;    4250.3125 
[2023-12-06 11:50:19.565] magnitudes:60000;    4111.3750 
[2023-12-06 11:50:19.596] magnitudes:70000;    4477.6875 
[2023-12-06 11:50:19.630] magnitudes:200;  936095.8750 
[2023-12-06 11:50:19.643] magnitudes:500;  301200.9375 
[2023-12-06 11:50:19.678] magnitudes:800;  195901.1250 
[2023-12-06 11:50:19.710] magnitudes:1000;  165972.3750 
[2023-12-06 11:50:19.741] magnitudes:2000;   79642.8750 
[2023-12-06 11:50:19.772] magnitudes:5000;   31825.0625 
[2023-12-06 11:50:19.804] magnitudes:8000;   17414.5000 
[2023-12-06 11:50:19.820] magnitudes:10000;   15826.4375 
[2023-12-06 11:50:19.853] magnitudes:15000;    7508.4375 
[2023-12-06 11:50:19.884] magnitudes:20000;    8177.5000 
[2023-12-06 11:50:19.916] magnitudes:30000;    6092.8125 
[2023-12-06 11:50:19.950] magnitudes:40000;    5047.5625 
[2023-12-06 11:50:19.981] magnitudes:50000;    4499.1250 
[2023-12-06 11:50:19.996] magnitudes:60000;    4465.7500 
[2023-12-06 11:50:20.029] magnitudes:70000;    4770.3125 
[2023-12-06 11:50:20.060] magnitudes:200;   71728.5625 
[2023-12-06 11:50:20.092] magnitudes:500;   71272.1250 
[2023-12-06 11:50:20.126] magnitudes:800;   73546.3125 
[2023-12-06 11:50:20.157] magnitudes:1000;   74885.0000 
[2023-12-06 11:50:20.190] magnitudes:2000;   68089.0625 
[2023-12-06 11:50:20.206] magnitudes:5000;   39528.0000 
[2023-12-06 11:50:20.236] magnitudes:8000;   25541.5625 
[2023-12-06 11:50:20.269] magnitudes:10000;   20863.5000 
[2023-12-06 11:50:20.301] magnitudes:15000;   14293.8125 
[2023-12-06 11:50:20.332] magnitudes:20000;   10820.6250 
[2023-12-06 11:50:20.365] magnitudes:30000;    7359.3750 
[2023-12-06 11:50:20.381] magnitudes:40000;    5803.5625 
[2023-12-06 11:50:20.413] magnitudes:50000;    5136.5000 
[2023-12-06 11:50:20.447] magnitudes:60000;    4995.4375 
[2023-12-06 11:50:20.477] magnitudes:70000;    5206.1875 
[2023-12-06 11:50:20.510] magnitudes:200;   67179.1250 
[2023-12-06 11:50:20.542] magnitudes:500;   67813.1875 
[2023-12-06 11:50:20.572] magnitudes:800;   67749.8750 
[2023-12-06 11:50:20.590] magnitudes:1000;   67655.2500 
[2023-12-06 11:50:20.621] magnitudes:2000;   62428.8750 
[2023-12-06 11:50:20.655] magnitudes:5000;   38205.0000 
[2023-12-06 11:50:20.685] magnitudes:8000;   25658.1250 
[2023-12-06 11:50:20.717] magnitudes:10000;   20903.8750 
[2023-12-06 11:50:20.732] magnitudes:15000;   14281.7500 
[2023-12-06 11:50:20.765] magnitudes:20000;   10906.0000 
[2023-12-06 11:50:20.797] magnitudes:30000;    7561.3125 
[2023-12-06 11:50:20.829] magnitudes:40000;    6024.6250 
[2023-12-06 11:50:20.861] magnitudes:50000;    5248.4375 
[2023-12-06 11:50:20.893] magnitudes:60000;    4936.7500 
[2023-12-06 11:50:20.908] magnitudes:70000;    5172.3750 
[2023-12-06 11:50:20.941] magnitudes:200;   67230.8125 
[2023-12-06 11:50:20.973] magnitudes:500;   66874.2500 
[2023-12-06 11:50:21.007] magnitudes:800;   67515.9375 
[2023-12-06 11:50:21.038] magnitudes:1000;   67255.0625 
[2023-12-06 11:50:21.071] magnitudes:2000;   62160.4375 
[2023-12-06 11:50:21.102] magnitudes:5000;   38423.5625 
[2023-12-06 11:50:21.117] magnitudes:8000;   26011.5625 
[2023-12-06 11:50:21.152] magnitudes:10000;   21208.2500 
[2023-12-06 11:50:21.182] magnitudes:15000;   14593.0000 
[2023-12-06 11:50:21.214] magnitudes:20000;   11148.3750 
[2023-12-06 11:50:21.245] magnitudes:30000;    7690.6875 
[2023-12-06 11:50:21.277] magnitudes:40000;    6103.5000 
[2023-12-06 11:50:21.293] magnitudes:50000;    5372.8125 
[2023-12-06 11:50:21.325] magnitudes:60000;    5003.1875 
[2023-12-06 11:50:21.358] magnitudes:70000;    5450.9375 
[2023-12-06 11:50:21.391] magnitudes:200;   66827.4375 
[2023-12-06 11:50:21.422] magnitudes:500;   67231.0625 
[2023-12-06 11:50:21.453] magnitudes:800;   67548.3750 
[2023-12-06 11:50:21.486] magnitudes:1000;   67532.3125 
[2023-12-06 11:50:21.502] magnitudes:2000;   62770.0625 
[2023-12-06 11:50:21.535] magnitudes:5000;   39128.1875 
[2023-12-06 11:50:21.566] magnitudes:8000;   26593.0625 
[2023-12-06 11:50:21.597] magnitudes:10000;   21730.1250 
[2023-12-06 11:50:21.629] magnitudes:15000;   14894.7500 
[2023-12-06 11:50:21.663] magnitudes:20000;   11346.5000 
[2023-12-06 11:50:21.678] magnitudes:30000;    7871.4375 
[2023-12-06 11:50:21.709] magnitudes:40000;    6241.9375 
[2023-12-06 11:50:21.743] magnitudes:50000;    5508.0000 
[2023-12-06 11:50:21.774] magnitudes:60000;    5136.1875 
[2023-12-06 11:50:21.805] magnitudes:70000;    5450.9375 
[2023-12-06 11:50:21.838] magnitudes:200;   66195.6250 
[2023-12-06 11:50:21.870] magnitudes:500;   67400.6250 
[2023-12-06 11:50:21.885] magnitudes:800;   67909.1250 
[2023-12-06 11:50:21.917] magnitudes:1000;   67874.9375 
[2023-12-06 11:50:21.949] magnitudes:2000;   63317.0625 
[2023-12-06 11:50:21.982] magnitudes:5000;   39736.8750 
[2023-12-06 11:50:22.014] magnitudes:8000;   26976.0625 
[2023-12-06 11:50:22.047] magnitudes:10000;   22068.1250 
[2023-12-06 11:50:22.061] magnitudes:15000;   15112.0625 
[2023-12-06 11:50:22.095] magnitudes:20000;   11494.3750 
[2023-12-06 11:50:22.127] magnitudes:30000;    8010.6250 
[2023-12-06 11:50:22.157] magnitudes:40000;    6344.1250 
[2023-12-06 11:50:22.190] magnitudes:50000;    5505.4375 
[2023-12-06 11:50:22.206] magnitudes:60000;    5123.6875 
[2023-12-06 11:50:22.237] magnitudes:70000;    5414.4375 
[2023-12-06 11:50:22.270] magnitudes:200;   66813.1875 
[2023-12-06 11:50:22.303] magnitudes:500;   67413.9375 
[2023-12-06 11:50:22.335] magnitudes:800;   67844.8125 
[2023-12-06 11:50:22.366] magnitudes:1000;   68106.3750 
[2023-12-06 11:50:22.398] magnitudes:2000;   63817.6250 
[2023-12-06 11:50:22.414] magnitudes:5000;   40351.8750 
[2023-12-06 11:50:22.447] magnitudes:8000;   27410.4375 
[2023-12-06 11:50:22.478] magnitudes:10000;   22450.7500 
[2023-12-06 11:50:22.509] magnitudes:15000;   15322.3750 
[2023-12-06 11:50:22.542] magnitudes:20000;   11688.6875 
[2023-12-06 11:50:22.575] magnitudes:30000;    8067.6250 
[2023-12-06 11:50:22.590] magnitudes:40000;    6371.1875 
[2023-12-06 11:50:22.624] magnitudes:50000;    5521.5625 
[2023-12-06 11:50:22.655] magnitudes:60000;    5111.2500 
[2023-12-06 11:50:22.686] magnitudes:70000;    5414.4375 
[2023-12-06 11:50:22.718] magnitudes:200;   66878.3125 
[2023-12-06 11:50:22.751] magnitudes:500;   67405.2500 
[2023-12-06 11:50:22.782] magnitudes:800;   68084.3125 
[2023-12-06 11:50:22.798] magnitudes:1000;   68150.1250 
[2023-12-06 11:50:22.831] magnitudes:2000;   64068.0000 
[2023-12-06 11:50:22.862] magnitudes:5000;   40679.0625 
[2023-12-06 11:50:22.895] magnitudes:8000;   27573.1250 
[2023-12-06 11:50:22.928] magnitudes:10000;   22577.4375 
[2023-12-06 11:50:22.959] magnitudes:15000;   15423.3125 
[2023-12-06 11:50:22.975] magnitudes:20000;   11776.0625 
[2023-12-06 11:50:23.008] magnitudes:30000;    8136.6250 
[2023-12-06 11:50:23.040] magnitudes:40000;    6464.1250 
[2023-12-06 11:50:23.072] magnitudes:50000;    5497.8750 
[2023-12-06 11:50:23.102] magnitudes:60000;    5214.6875 
[2023-12-06 11:50:23.135] magnitudes:70000;    5378.6250 
[2023-12-06 11:50:23.169] magnitudes:200;   67594.0625 
[2023-12-06 11:50:23.182] magnitudes:500;   67501.2500 
[2023-12-06 11:50:23.214] magnitudes:800;   68066.1250 
[2023-12-06 11:50:23.246] magnitudes:1000;   68258.9375 
[2023-12-06 11:50:23.278] magnitudes:2000;   64228.5625 
[2023-12-06 11:50:23.310] magnitudes:5000;   40818.8750 
[2023-12-06 11:50:23.343] magnitudes:8000;   27730.3125 
[2023-12-06 11:50:23.358] magnitudes:10000;   22710.0625 
[2023-12-06 11:50:23.390] magnitudes:15000;   15496.7500 
[2023-12-06 11:50:23.423] magnitudes:20000;   11758.3750 
[2023-12-06 11:50:23.457] magnitudes:30000;    8094.2500 
[2023-12-06 11:50:23.487] magnitudes:40000;    6413.6250 
[2023-12-06 11:50:23.503] magnitudes:50000;    5494.9375 
[2023-12-06 11:50:23.534] magnitudes:60000;    5403.1250 
[2023-12-06 11:50:23.567] magnitudes:70000;    5341.6250 
[2023-12-06 11:50:23.600] magnitudes:200;   66652.4375 
[2023-12-06 11:50:23.633] magnitudes:500;   67616.8125 
[2023-12-06 11:50:23.662] magnitudes:800;   67931.8750 
[2023-12-06 11:50:23.694] magnitudes:1000;   68097.9375 
[2023-12-06 11:50:23.711] magnitudes:2000;   63891.4375 
[2023-12-06 11:50:23.742] magnitudes:5000;   40523.4375 
[2023-12-06 11:50:23.775] magnitudes:8000;   27635.9375 
[2023-12-06 11:50:23.807] magnitudes:10000;   22628.6875 
[2023-12-06 11:50:23.840] magnitudes:15000;   15448.8125 
[2023-12-06 11:50:23.872] magnitudes:20000;   11770.5000 
[2023-12-06 11:50:23.887] magnitudes:30000;    8041.9375 
[2023-12-06 11:50:23.918] magnitudes:40000;    6446.3125 
[2023-12-06 11:50:23.951] magnitudes:50000;    5521.5625 
[2023-12-06 11:50:23.983] magnitudes:60000;    5111.2500 
[2023-12-06 11:50:24.016] magnitudes:70000;    5450.9375 
[2023-12-06 11:50:24.046] magnitudes:200;   65821.0625 
[2023-12-06 11:50:24.079] magnitudes:500;   66252.7500 
[2023-12-06 11:50:24.094] magnitudes:800;   66845.3125 
[2023-12-06 11:50:24.128] magnitudes:1000;   65821.7500 
[2023-12-06 11:50:24.160] magnitudes:2000;   61357.8125 
[2023-12-06 11:50:24.191] magnitudes:5000;   37380.1250 
[2023-12-06 11:50:24.223] magnitudes:8000;   24609.4375 
[2023-12-06 11:50:24.256] magnitudes:10000;   19659.1875 
[2023-12-06 11:50:24.271] magnitudes:15000;   13563.0000 
[2023-12-06 11:50:24.304] magnitudes:20000;   10263.0000 
[2023-12-06 11:50:24.336] magnitudes:30000;    6553.1250 
[2023-12-06 11:50:24.367] magnitudes:40000;    4916.5000 
[2023-12-06 11:50:24.400] magnitudes:50000;    4145.8750 
[2023-12-06 11:50:24.431] magnitudes:60000;    4028.2500 
[2023-12-06 11:50:24.447] magnitudes:70000;    5249.9375 
[2023-12-06 11:50:24.480] magnitudes:200;  707731.3125 
[2023-12-06 11:50:24.513] magnitudes:500;  360566.3125 
[2023-12-06 11:50:24.545] magnitudes:800;  203512.0625 
[2023-12-06 11:50:24.576] magnitudes:1000;  160170.8750 
[2023-12-06 11:50:24.608] magnitudes:2000;   83938.7500 
[2023-12-06 11:50:24.641] magnitudes:5000;   32554.6250 
[2023-12-06 11:50:24.656] magnitudes:8000;   20543.5625 
[2023-12-06 11:50:24.689] magnitudes:10000;   16335.4375 
[2023-12-06 11:50:24.721] magnitudes:15000;   11265.1250 
[2023-12-06 11:50:24.751] magnitudes:20000;    8472.0000 
[2023-12-06 11:50:24.783] magnitudes:30000;    6014.6875 
[2023-12-06 11:50:24.815] magnitudes:40000;    4890.4375 
[2023-12-06 11:50:24.831] magnitudes:50000;    4398.2500 
[2023-12-06 11:50:24.864] magnitudes:60000;    4396.4375 
[2023-12-06 11:50:24.897] magnitudes:70000;    4477.6875 
[2023-12-06 11:50:24.929] magnitudes:200;  769446.3125 
[2023-12-06 11:50:24.959] magnitudes:500;  324118.7500 
[2023-12-06 11:50:24.992] magnitudes:800;  217567.3750 
[2023-12-06 11:50:25.024] magnitudes:1000;  169220.6250 
[2023-12-06 11:50:25.040] magnitudes:2000;   83039.1250 
[2023-12-06 11:50:25.073] magnitudes:5000;   33275.7500 
[2023-12-06 11:50:25.103] magnitudes:8000;   20697.1875 
[2023-12-06 11:50:25.136] magnitudes:10000;   16650.4375 
[2023-12-06 11:50:25.169] magnitudes:15000;   11261.4375 
[2023-12-06 11:50:25.183] magnitudes:20000;    8496.8125 
[2023-12-06 11:50:25.217] magnitudes:30000;    6062.5625 
[2023-12-06 11:50:25.248] magnitudes:40000;    4768.3125 
[2023-12-06 11:50:25.280] magnitudes:50000;    4350.9375 
[2023-12-06 11:50:25.314] magnitudes:60000;    4324.8125 
[2023-12-06 11:50:25.343] magnitudes:70000;    4415.6250 
[2023-12-06 11:50:25.376] magnitudes:200; 1092108.5625 
[2023-12-06 11:50:25.392] magnitudes:500;  356250.8125 
[2023-12-06 11:50:25.425] magnitudes:800;  195912.7500 
[2023-12-06 11:50:25.457] magnitudes:1000;  169834.6875 
[2023-12-06 11:50:25.488] magnitudes:2000;   82332.6250 
[2023-12-06 11:50:25.521] magnitudes:5000;   32705.7500 
[2023-12-06 11:50:25.552] magnitudes:8000;   20220.6250 
[2023-12-06 11:50:25.567] magnitudes:10000;   16460.9375 
[2023-12-06 11:50:25.600] magnitudes:15000;   10962.8125 
[2023-12-06 11:50:25.634] magnitudes:20000;    8347.4375 
[2023-12-06 11:50:25.665] magnitudes:30000;    5880.1250 
[2023-12-06 11:50:25.697] magnitudes:40000;    4727.6875 
[2023-12-06 11:50:25.730] magnitudes:50000;    4312.9375 
[2023-12-06 11:50:25.744] magnitudes:60000;    4278.5625 
[2023-12-06 11:50:25.777] magnitudes:70000;    4477.6875 
[2023-12-06 11:50:25.809] magnitudes:200; 1024424.1875 
[2023-12-06 11:50:25.841] magnitudes:500;  347754.8750 
[2023-12-06 11:50:25.874] magnitudes:800;  203949.0000 
[2023-12-06 11:50:25.905] magnitudes:1000;  165316.9375 
[2023-12-06 11:50:25.936] magnitudes:2000;   79967.8750 
[2023-12-06 11:50:25.951] magnitudes:5000;   32705.7500 
[2023-12-06 11:50:25.984] magnitudes:8000;   20220.6250 
[2023-12-06 11:50:26.017] magnitudes:10000;   16041.5000 
[2023-12-06 11:50:26.050] magnitudes:15000;    9351.2500 
[2023-12-06 11:50:26.080] magnitudes:20000;    7845.1250 
[2023-12-06 11:50:26.112] magnitudes:30000;    5660.0000 
[2023-12-06 11:50:26.128] magnitudes:40000;    4830.9375 
[2023-12-06 11:50:26.160] magnitudes:50000;    4466.0000 
[2023-12-06 11:50:26.194] magnitudes:60000;    4160.1250 
[2023-12-06 11:50:26.224] magnitudes:70000;    4386.6250 
[2023-12-06 11:50:26.258] magnitudes:200;   70317.2500 
[2023-12-06 11:50:26.288] magnitudes:500;   64295.5000 
[2023-12-06 11:50:26.320] magnitudes:800;   63883.0000 
[2023-12-06 11:50:26.336] magnitudes:1000;   63449.5625 
[2023-12-06 11:50:26.368] magnitudes:2000;   55517.0000 
[2023-12-06 11:50:26.400] magnitudes:5000;   32692.2500 
[2023-12-06 11:50:26.434] magnitudes:8000;   22151.6875 
[2023-12-06 11:50:26.464] magnitudes:10000;   18198.5000 
[2023-12-06 11:50:26.480] magnitudes:15000;   12550.2500 
[2023-12-06 11:50:26.513] magnitudes:20000;    9631.3750 
[2023-12-06 11:50:26.548] magnitudes:30000;    6729.6250 
[2023-12-06 11:50:26.578] magnitudes:40000;    5426.8750 
[2023-12-06 11:50:26.610] magnitudes:50000;    4726.2500 
[2023-12-06 11:50:26.642] magnitudes:60000;    4593.5000 
[2023-12-06 11:50:26.659] magnitudes:70000;    4539.0625 
[2023-12-06 11:50:26.689] magnitudes:200;   65684.3750 
[2023-12-06 11:50:26.720] magnitudes:500;   64981.3125 
[2023-12-06 11:50:26.753] magnitudes:800;   64846.6875 
[2023-12-06 11:50:26.784] magnitudes:1000;   64161.6250 
[2023-12-06 11:50:26.816] magnitudes:2000;   57900.0625 
[2023-12-06 11:50:26.849] magnitudes:5000;   35205.6250 
[2023-12-06 11:50:26.864] magnitudes:8000;   23788.1250 
[2023-12-06 11:50:26.898] magnitudes:10000;   19355.7500 
[2023-12-06 11:50:26.929] magnitudes:15000;   13201.7500 
[2023-12-06 11:50:26.961] magnitudes:20000;   10079.3125 
[2023-12-06 11:50:26.993] magnitudes:30000;    6971.5000 
[2023-12-06 11:50:27.026] magnitudes:40000;    5511.4375 
[2023-12-06 11:50:27.041] magnitudes:50000;    4935.1250 
[2023-12-06 11:50:27.073] magnitudes:60000;    4626.0000 
[2023-12-06 11:50:27.105] magnitudes:70000;    4722.8125 
[2023-12-06 11:50:27.138] magnitudes:200;   65318.3125 
[2023-12-06 11:50:27.171] magnitudes:500;   65302.7500 
[2023-12-06 11:50:27.200] magnitudes:800;   64749.9375 
[2023-12-06 11:50:27.233] magnitudes:1000;   64199.5000 
[2023-12-06 11:50:27.249] magnitudes:2000;   57857.3125 
[2023-12-06 11:50:27.281] magnitudes:5000;   35089.1250 
[2023-12-06 11:50:27.313] magnitudes:8000;   23649.5625 
[2023-12-06 11:50:27.346] magnitudes:10000;   19227.0625 
[2023-12-06 11:50:27.377] magnitudes:15000;   13188.5625 
[2023-12-06 11:50:27.410] magnitudes:20000;   10031.2500 
[2023-12-06 11:50:27.425] magnitudes:30000;    7001.3125 
[2023-12-06 11:50:27.458] magnitudes:40000;    5520.6250 
[2023-12-06 11:50:27.491] magnitudes:50000;    4893.1250 
[2023-12-06 11:50:27.522] magnitudes:60000;    4678.4375 
[2023-12-06 11:50:27.554] magnitudes:70000;    4665.6250 
[2023-12-06 11:50:27.586] magnitudes:200;   66268.9375 
[2023-12-06 11:50:27.620] magnitudes:500;   65277.0000 
[2023-12-06 11:50:27.633] magnitudes:800;   64901.0000 
[2023-12-06 11:50:27.665] magnitudes:1000;   64320.8125 
[2023-12-06 11:50:27.699] magnitudes:2000;   57961.8750 
[2023-12-06 11:50:27.731] magnitudes:5000;   35350.8750 
[2023-12-06 11:50:27.763] magnitudes:8000;   23913.3750 
[2023-12-06 11:50:27.777] magnitudes:10000;   19610.5000 
[2023-12-06 11:50:27.809] magnitudes:15000;   13426.5000 
[2023-12-06 11:50:27.841] magnitudes:20000;   10208.0000 
[2023-12-06 11:50:27.873] magnitudes:30000;    7122.9375 
[2023-12-06 11:50:27.905] magnitudes:40000;    5609.3750 
[2023-12-06 11:50:27.937] magnitudes:50000;    4990.5000 
[2023-12-06 11:50:27.953] magnitudes:60000;    4659.8125 
[2023-12-06 11:50:27.986] magnitudes:70000;    4989.5000 
[2023-12-06 11:50:28.018] magnitudes:200;   65939.8125 
[2023-12-06 11:50:28.049] magnitudes:500;   65408.8750 
[2023-12-06 11:50:28.081] magnitudes:800;   65068.2500 
[2023-12-06 11:50:28.113] magnitudes:1000;   64660.0000 
[2023-12-06 11:50:28.147] magnitudes:2000;   58381.9375 
[2023-12-06 11:50:28.161] magnitudes:5000;   35865.3750 
[2023-12-06 11:50:28.194] magnitudes:8000;   24206.0000 
[2023-12-06 11:50:28.225] magnitudes:10000;   19795.4375 
[2023-12-06 11:50:28.258] magnitudes:15000;   13577.6250 
[2023-12-06 11:50:28.289] magnitudes:20000;   10339.3750 
[2023-12-06 11:50:28.322] magnitudes:30000;    7161.1250 
[2023-12-06 11:50:28.337] magnitudes:40000;    5679.7500 
[2023-12-06 11:50:28.370] magnitudes:50000;    4999.3125 
[2023-12-06 11:50:28.401] magnitudes:60000;    4775.0000 
[2023-12-06 11:50:28.435] magnitudes:70000;    5260.5625 
[2023-12-06 11:50:28.467] magnitudes:200;   65377.4375 
[2023-12-06 11:50:28.498] magnitudes:500;   65661.0625 
[2023-12-06 11:50:28.531] magnitudes:800;   65299.0625 
[2023-12-06 11:50:28.546] magnitudes:1000;   64872.3750 
[2023-12-06 11:50:28.577] magnitudes:2000;   58859.5000 
[2023-12-06 11:50:28.610] magnitudes:5000;   36164.6250 
[2023-12-06 11:50:28.645] magnitudes:8000;   24449.3750 
[2023-12-06 11:50:28.675] magnitudes:10000;   20004.0000 
[2023-12-06 11:50:28.707] magnitudes:15000;   13665.0000 
[2023-12-06 11:50:28.722] magnitudes:20000;   10427.1250 
[2023-12-06 11:50:28.756] magnitudes:30000;    7201.8750 
[2023-12-06 11:50:28.787] magnitudes:40000;    5829.6250 
[2023-12-06 11:50:28.817] magnitudes:50000;    4996.3125 
[2023-12-06 11:50:28.850] magnitudes:60000;    4731.6250 
[2023-12-06 11:50:28.884] magnitudes:70000;    4871.8125 
[2023-12-06 11:50:28.916] magnitudes:200;   66109.8750 
[2023-12-06 11:50:28.930] magnitudes:500;   65618.6875 
[2023-12-06 11:50:28.964] magnitudes:800;   65331.0000 
[2023-12-06 11:50:28.994] magnitudes:1000;   64852.0000 
[2023-12-06 11:50:29.026] magnitudes:2000;   58814.8125 
[2023-12-06 11:50:29.058] magnitudes:5000;   36248.0000 
[2023-12-06 11:50:29.090] magnitudes:8000;   24471.0625 
[2023-12-06 11:50:29.106] magnitudes:10000;   20018.6250 
[2023-12-06 11:50:29.138] magnitudes:15000;   13648.0625 
[2023-12-06 11:50:29.172] magnitudes:20000;   10399.3750 
[2023-12-06 11:50:29.203] magnitudes:30000;    7083.0000 
[2023-12-06 11:50:29.235] magnitudes:40000;    5682.4375 
[2023-12-06 11:50:29.250] magnitudes:50000;    4982.7500 
[2023-12-06 11:50:29.282] magnitudes:60000;    4711.3750 
[2023-12-06 11:50:29.315] magnitudes:70000;    4928.7500 
[2023-12-06 11:50:29.348] magnitudes:200;   65924.4375 
[2023-12-06 11:50:29.379] magnitudes:500;   65632.0625 
[2023-12-06 11:50:29.410] magnitudes:800;   65229.3125 
[2023-12-06 11:50:29.444] magnitudes:1000;   64613.8750 
[2023-12-06 11:50:29.459] magnitudes:2000;   58536.1250 
[2023-12-06 11:50:29.490] magnitudes:5000;   35716.0000 
[2023-12-06 11:50:29.524] magnitudes:8000;   24054.1875 
[2023-12-06 11:50:29.555] magnitudes:10000;   19649.0000 
[2023-12-06 11:50:29.588] magnitudes:15000;   13256.3125 
[2023-12-06 11:50:29.618] magnitudes:20000;    9766.4375 
[2023-12-06 11:50:29.635] magnitudes:30000;    6664.6250 
[2023-12-06 11:50:29.667] magnitudes:40000;    5471.3750 
[2023-12-06 11:50:29.699] magnitudes:50000;    4819.6250 
[2023-12-06 11:50:29.732] magnitudes:60000;    4598.4375 
[2023-12-06 11:50:29.763] magnitudes:70000;    4693.9375 
[2023-12-06 11:50:29.795] magnitudes:200;   65301.8750 
[2023-12-06 11:50:29.826] magnitudes:500;   64905.9375 
[2023-12-06 11:50:29.842] magnitudes:800;   64368.6875 
[2023-12-06 11:50:29.875] magnitudes:1000;   63239.5625 
[2023-12-06 11:50:29.907] magnitudes:2000;   57321.6250 
[2023-12-06 11:50:29.941] magnitudes:5000;   35179.3750 
[2023-12-06 11:50:29.971] magnitudes:8000;   23895.5625 
[2023-12-06 11:50:30.003] magnitudes:10000;   19128.6250 
[2023-12-06 11:50:30.019] magnitudes:15000;   13081.9375 
[2023-12-06 11:50:30.051] magnitudes:20000;   10019.1875 
[2023-12-06 11:50:30.083] magnitudes:30000;    7065.1250 
[2023-12-06 11:50:30.115] magnitudes:40000;    5586.8750 
[2023-12-06 11:50:30.147] magnitudes:50000;    4961.5625 
[2023-12-06 11:50:30.179] magnitudes:60000;    4711.3750 
[2023-12-06 11:50:30.195] magnitudes:70000;    4986.0000 
[2023-12-06 11:50:30.228] magnitudes:200;   65760.0625 
[2023-12-06 11:50:30.261] magnitudes:500;   64856.3750 
[2023-12-06 11:50:30.293] magnitudes:800;   63964.5000 
[2023-12-06 11:50:30.323] magnitudes:1000;   63850.3750 
[2023-12-06 11:50:30.356] magnitudes:2000;   58768.5625 
[2023-12-06 11:50:30.387] magnitudes:5000;   36584.0000 
[2023-12-06 11:50:30.403] magnitudes:8000;   24697.3125 
[2023-12-06 11:50:30.435] magnitudes:10000;   19561.3125 
[2023-12-06 11:50:30.467] magnitudes:15000;   12794.8125 
[2023-12-06 11:50:30.499] magnitudes:20000;    8707.8125 
[2023-12-06 11:50:30.532] magnitudes:30000;    5085.2500 
[2023-12-06 11:50:30.547] magnitudes:40000;    4712.4375 
[2023-12-06 11:50:30.579] magnitudes:50000;    4294.0000 
[2023-12-06 11:50:30.612] magnitudes:60000;    4289.6875 
[2023-12-06 11:50:30.644] magnitudes:70000;    4411.6875 
[2023-12-06 11:50:30.675] magnitudes:200; 1151673.3750 
[2023-12-06 11:50:30.709] magnitudes:500;  352378.0000 
[2023-12-06 11:50:30.739] magnitudes:800;  203256.8125 
[2023-12-06 11:50:30.755] magnitudes:1000;  166826.9375 
[2023-12-06 11:50:30.787] magnitudes:2000;   79967.8750 
[2023-12-06 11:50:30.819] magnitudes:5000;   32127.1875 
[2023-12-06 11:50:30.852] magnitudes:8000;   20348.5625 
[2023-12-06 11:50:30.883] magnitudes:10000;   16757.7500 
[2023-12-06 11:50:30.916] magnitudes:15000;   11565.2500 
[2023-12-06 11:50:30.932] magnitudes:20000;    8779.0000 
[2023-12-06 11:50:30.965] magnitudes:30000;    6393.1250 
[2023-12-06 11:50:30.998] magnitudes:40000;    5239.1250 
[2023-12-06 11:50:31.028] magnitudes:50000;    4823.0625 
[2023-12-06 11:50:31.060] magnitudes:60000;    4689.8125 
[2023-12-06 11:50:31.092] magnitudes:70000;    4471.5625 
[2023-12-06 11:50:31.126] magnitudes:200; 1068482.8125 
[2023-12-06 11:50:31.139] magnitudes:500;  325845.5625 
[2023-12-06 11:50:31.172] magnitudes:800;  214062.9375 
[2023-12-06 11:50:31.205] magnitudes:1000;  171332.4375 
[2023-12-06 11:50:31.237] magnitudes:2000;   89309.5000 
[2023-12-06 11:50:31.268] magnitudes:5000;   34578.8125 
[2023-12-06 11:50:31.299] magnitudes:8000;   22653.6875 
[2023-12-06 11:50:31.315] magnitudes:10000;   18263.2500 
[2023-12-06 11:50:31.348] magnitudes:15000;   12503.1250 
[2023-12-06 11:50:31.379] magnitudes:20000;    9656.1250 
[2023-12-06 11:50:31.411] magnitudes:30000;    6943.1875 
[2023-12-06 11:50:31.445] magnitudes:40000;    5527.4375 
[2023-12-06 11:50:31.476] magnitudes:50000;    5056.8750 
[2023-12-06 11:50:31.493] magnitudes:60000;    4965.9375 
[2023-12-06 11:50:31.524] magnitudes:70000;    4932.4375 
[2023-12-06 11:50:31.556] magnitudes:200; 1318230.5000 
[2023-12-06 11:50:31.588] magnitudes:500;  387937.0000 
[2023-12-06 11:50:31.620] magnitudes:800;  239974.0625 
[2023-12-06 11:50:31.653] magnitudes:1000;  193044.1875 
[2023-12-06 11:50:31.686] magnitudes:2000;   95010.9375 
[2023-12-06 11:50:31.700] magnitudes:5000;   37627.3125 
[2023-12-06 11:50:31.732] magnitudes:8000;   23627.0000 
[2023-12-06 11:50:31.764] magnitudes:10000;   18910.9375 
[2023-12-06 11:50:31.797] magnitudes:15000;   12782.3125 
[2023-12-06 11:50:31.828] magnitudes:20000;    9759.8750 
[2023-12-06 11:50:31.844] magnitudes:30000;    6900.5625 
[2023-12-06 11:50:31.875] magnitudes:40000;    5617.0000 
[2023-12-06 11:50:31.908] magnitudes:50000;    5072.5000 
[2023-12-06 11:50:31.942] magnitudes:60000;    4794.3750 
[2023-12-06 11:50:31.973] magnitudes:70000;    5492.5625 
[2023-12-06 11:50:32.004] magnitudes:200; 1001756.8750 
[2023-12-06 11:50:32.039] magnitudes:500;  377903.4375 
[2023-12-06 11:50:32.052] magnitudes:800;  245683.7500 
[2023-12-06 11:50:32.084] magnitudes:1000;  194873.7500 
[2023-12-06 11:50:32.116] magnitudes:2000;   95010.9375 
[2023-12-06 11:50:32.150] magnitudes:5000;   37753.5000 
[2023-12-06 11:50:32.180] magnitudes:8000;   23828.0000 
[2023-12-06 11:50:32.213] magnitudes:10000;   19046.1250 
[2023-12-06 11:50:32.228] magnitudes:15000;   12906.0625 
[2023-12-06 11:50:32.261] magnitudes:20000;    9795.3750 
[2023-12-06 11:50:32.293] magnitudes:30000;    6922.5625 
[2023-12-06 11:50:32.326] magnitudes:40000;    5746.8125 
[2023-12-06 11:50:32.357] magnitudes:50000;    5066.1250 
[2023-12-06 11:50:32.390] magnitudes:60000;    5090.5000 
[2023-12-06 11:50:32.406] magnitudes:70000;    5328.1875 
[2023-12-06 11:50:32.436] magnitudes:200; 1110671.8750 
[2023-12-06 11:50:32.468] magnitudes:500;  392116.8750 
[2023-12-06 11:50:32.502] magnitudes:800;  238373.7500 
[2023-12-06 11:50:32.533] magnitudes:1000;  186243.1875 
[2023-12-06 11:50:32.565] magnitudes:2000;   95010.9375 
[2023-12-06 11:50:32.597] magnitudes:5000;   37472.8750 
[2023-12-06 11:50:32.613] magnitudes:8000;   23498.1250 
[2023-12-06 11:50:32.645] magnitudes:10000;   18989.0000 
[2023-12-06 11:50:32.676] magnitudes:15000;   12734.6875 
[2023-12-06 11:50:32.709] magnitudes:20000;    9759.8750 
[2023-12-06 11:50:32.742] magnitudes:30000;    6857.8750 
[2023-12-06 11:50:32.774] magnitudes:40000;    5509.5625 
[2023-12-06 11:50:32.789] magnitudes:50000;    5050.5625 
[2023-12-06 11:50:32.821] magnitudes:60000;    4794.3750 
[2023-12-06 11:50:32.853] magnitudes:70000;    4863.9375 
[2023-12-06 11:50:32.885] magnitudes:200; 1154885.9375 
[2023-12-06 11:50:32.917] magnitudes:500;  387526.0625 
[2023-12-06 11:50:32.948] magnitudes:800;  243469.8750 
[2023-12-06 11:50:32.981] magnitudes:1000;  184798.9375 
[2023-12-06 11:50:32.997] magnitudes:2000;   93985.2500 
[2023-12-06 11:50:33.028] magnitudes:5000;   37190.1875 
[2023-12-06 11:50:33.061] magnitudes:8000;   23258.3125 
[2023-12-06 11:50:33.093] magnitudes:10000;   18751.7500 
[2023-12-06 11:50:33.125] magnitudes:15000;   12606.3125 
[2023-12-06 11:50:33.158] magnitudes:20000;    9628.2500 
[2023-12-06 11:50:33.173] magnitudes:30000;    6778.1875 
[2023-12-06 11:50:33.205] magnitudes:40000;    5628.5625 
[2023-12-06 11:50:33.236] magnitudes:50000;    5050.5625 
[2023-12-06 11:50:33.270] magnitudes:60000;    4794.3750 
[2023-12-06 11:50:33.301] magnitudes:70000;    4863.9375 
[2023-12-06 11:50:33.333] magnitudes:200; 1204438.2500 
[2023-12-06 11:50:33.365] magnitudes:500;  369134.1875 
[2023-12-06 11:50:33.381] magnitudes:800;  236793.1250 
[2023-12-06 11:50:33.413] magnitudes:1000;  183366.8125 
[2023-12-06 11:50:33.446] magnitudes:2000;   93985.2500 
[2023-12-06 11:50:33.477] magnitudes:5000;   37190.1875 
[2023-12-06 11:50:33.509] magnitudes:8000;   23258.3125 
[2023-12-06 11:50:33.525] magnitudes:10000;   18751.7500 
[2023-12-06 11:50:33.557] magnitudes:15000;   12612.6875 
[2023-12-06 11:50:33.590] magnitudes:20000;    9599.3750 
[2023-12-06 11:50:33.621] magnitudes:30000;    6778.1875 
[2023-12-06 11:50:33.654] magnitudes:40000;    5429.4375 
[2023-12-06 11:50:33.687] magnitudes:50000;    5066.1250 
[2023-12-06 11:50:33.701] magnitudes:60000;    4806.6250 
[2023-12-06 11:50:33.733] magnitudes:70000;    5408.0000 
[2023-12-06 11:50:33.765] magnitudes:200; 1014550.9375 
[2023-12-06 11:50:33.798] magnitudes:500;  391556.5625 
[2023-12-06 11:50:33.830] magnitudes:800;  238100.9375 
[2023-12-06 11:50:33.861] magnitudes:1000;  191864.0625 
[2023-12-06 11:50:33.894] magnitudes:2000;   93299.3125 
[2023-12-06 11:50:33.909] magnitudes:5000;   37053.2500 
[2023-12-06 11:50:33.942] magnitudes:8000;   23399.3125 
[2023-12-06 11:50:33.974] magnitudes:10000;   18541.8125 
[2023-12-06 11:50:34.005] magnitudes:15000;   12612.6875 
[2023-12-06 11:50:34.049] magnitudes:20000;    9628.2500 
[2023-12-06 11:50:34.070] magnitudes:30000;    6757.2500 
[2023-12-06 11:50:34.085] magnitudes:40000;    5555.6250 
[2023-12-06 11:50:34.117] magnitudes:50000;    5050.5625 
[2023-12-06 11:50:34.150] magnitudes:60000;    4794.3750 
[2023-12-06 11:50:34.182] magnitudes:70000;    4932.4375 
[2023-12-06 11:50:34.215] magnitudes:200;  987408.6875 
[2023-12-06 11:50:34.247] magnitudes:500;  375317.8125 
[2023-12-06 11:50:34.278] magnitudes:800;  241880.5625 
[2023-12-06 11:50:34.293] magnitudes:1000;  190353.7500 
[2023-12-06 11:50:34.325] magnitudes:2000;   93299.3125 
[2023-12-06 11:50:34.358] magnitudes:5000;   37053.2500 
[2023-12-06 11:50:34.389] magnitudes:8000;   23399.3125 
[2023-12-06 11:50:34.421] magnitudes:10000;   18618.2500 
[2023-12-06 11:50:34.455] magnitudes:15000;   12612.6875 
[2023-12-06 11:50:34.469] magnitudes:20000;    9657.4375 
[2023-12-06 11:50:34.502] magnitudes:30000;    6757.2500 
[2023-12-06 11:50:34.533] magnitudes:40000;    5544.0000 
[2023-12-06 11:50:34.566] magnitudes:50000;    5050.5625 
[2023-12-06 11:50:34.599] magnitudes:60000;    4794.3750 
[2023-12-06 11:50:34.615] magnitudes:70000;    4863.9375 
[2023-12-06 11:50:34.662] magnitudes:200; 1187919.3750 
[2023-12-06 11:50:34.677] magnitudes:500;  372790.6875 
[2023-12-06 11:50:34.710] magnitudes:800;  234617.6875 
[2023-12-06 11:50:34.742] magnitudes:1000;  190353.7500 
[2023-12-06 11:50:34.774] magnitudes:2000;   93299.3125 
[2023-12-06 11:50:34.806] magnitudes:5000;   37190.1875 
[2023-12-06 11:50:34.822] magnitudes:8000;   23427.8750 
[2023-12-06 11:50:34.854] magnitudes:10000;   18541.8125 
[2023-12-06 11:50:34.886] magnitudes:15000;   12612.6875 
[2023-12-06 11:50:34.918] magnitudes:20000;    9657.4375 
[2023-12-06 11:50:34.950] magnitudes:30000;    6775.1250 
[2023-12-06 11:50:34.982] magnitudes:40000;    5538.1250 
[2023-12-06 11:50:34.999] magnitudes:50000;    4963.6250 
[2023-12-06 11:50:35.031] magnitudes:60000;    4806.6250 
[2023-12-06 11:50:35.063] magnitudes:70000;    4863.9375 
[2023-12-06 11:50:35.096] magnitudes:200; 1190112.0000 
[2023-12-06 11:50:35.126] magnitudes:500;  431734.1875 
[2023-12-06 11:50:35.159] magnitudes:800;  241573.7500 
[2023-12-06 11:50:35.190] magnitudes:1000;  190353.7500 
[2023-12-06 11:50:35.206] magnitudes: