
[2023-12-06 11:09:33.780] magnitudes:30000;    2166.6250 
[2023-12-06 11:09:33.793] magnitudes:40000;    1647.4375 
[2023-12-06 11:09:33.793] magnitudes:50000;    1554.6875 
[2023-12-06 11:09:33.793] magnitudes:60000;    1664.9375 
[2023-12-06 11:09:33.793] magnitudes:70000;    1686.3750 
[2023-12-06 11:09:33.793] magnitudes:200;  382818.1250 
[2023-12-06 11:09:33.793] magnitudes:500;  153464.3125 
[2023-12-06 11:09:33.793] magnitudes:800;   63902.6875 
[2023-12-06 11:09:33.793] magnitudes:1000;   64496.6875 
[2023-12-06 11:09:33.793] magnitudes:2000;   28937.3750 
[2023-12-06 11:09:33.793] magnitudes:5000;   11852.6250 
[2023-12-06 11:09:33.793] magnitudes:8000;    7142.1250 
[2023-12-06 11:09:33.793] magnitudes:10000;    5725.6875 
[2023-12-06 11:09:33.793] magnitudes:15000;    3853.6875 
[2023-12-06 11:09:33.793] magnitudes:20000;    2968.0000 
[2023-12-06 11:09:33.793] magnitudes:30000;    2043.5625 
[2023-12-06 11:09:33.793] magnitudes:40000;    1599.7500 
[2023-12-06 11:09:33.793] magnitudes:50000;    1554.6875 
[2023-12-06 11:09:33.793] magnitudes:60000;    1367.1875 
[2023-12-06 11:09:33.793] magnitudes:70000;    1174.3125 
[2023-12-06 11:09:33.793] magnitudes:200;  559008.5000 
[2023-12-06 11:09:33.793] magnitudes:500;  111791.0625 
[2023-12-06 11:09:33.793] magnitudes:800;   82980.5000 
[2023-12-06 11:09:33.793] magnitudes:1000;   56242.3125 
[2023-12-06 11:09:33.793] magnitudes:2000;   28073.3750 
[2023-12-06 11:09:33.793] magnitudes:5000;   11790.7500 
[2023-12-06 11:09:33.793] magnitudes:8000;    7142.1250 
[2023-12-06 11:09:33.793] magnitudes:10000;    5704.8750 
[2023-12-06 11:09:33.793] magnitudes:15000;    3853.6875 
[2023-12-06 11:09:33.793] magnitudes:20000;    2957.0625 
[2023-12-06 11:09:33.793] magnitudes:30000;    2034.9375 
[2023-12-06 11:09:33.793] magnitudes:40000;    1596.0000 
[2023-12-06 11:09:33.793] magnitudes:50000;    1676.8125 
[2023-12-06 11:09:33.810] magnitudes:60000;    1354.3125 
[2023-12-06 11:09:33.810] magnitudes:70000;    1192.4375 
[2023-12-06 11:09:33.810] magnitudes:200;  100312.3750 
[2023-12-06 11:09:33.810] magnitudes:500;  166074.1875 
[2023-12-06 11:09:33.810] magnitudes:800;   69743.0000 
[2023-12-06 11:09:33.810] magnitudes:1000;   62216.9375 
[2023-12-06 11:09:33.810] magnitudes:2000;   28822.1250 
[2023-12-06 11:09:33.810] magnitudes:5000;   11852.6250 
[2023-12-06 11:09:33.810] magnitudes:8000;    7088.8125 
[2023-12-06 11:09:33.810] magnitudes:10000;    5862.9375 
[2023-12-06 11:09:33.810] magnitudes:15000;    3841.3750 
[2023-12-06 11:09:33.810] magnitudes:20000;    2961.6250 
[2023-12-06 11:09:33.810] magnitudes:30000;    2050.5625 
[2023-12-06 11:09:33.810] magnitudes:40000;    1599.7500 
[2023-12-06 11:09:33.810] magnitudes:50000;    1554.6875 
[2023-12-06 11:09:33.810] magnitudes:60000;    1354.3125 
[2023-12-06 11:09:33.810] magnitudes:70000;    1195.5000 
[2023-12-06 11:09:33.810] magnitudes:200;  858892.5625 
[2023-12-06 11:09:33.810] magnitudes:500;  131028.5000 
[2023-12-06 11:09:33.810] magnitudes:800;   61984.3125 
[2023-12-06 11:09:33.810] magnitudes:1000;   54972.5625 
[2023-12-06 11:09:33.810] magnitudes:2000;   28822.1250 
[2023-12-06 11:09:33.810] magnitudes:5000;   11852.6250 
[2023-12-06 11:09:33.810] magnitudes:8000;    7142.1250 
[2023-12-06 11:09:33.810] magnitudes:10000;    6000.6875 
[2023-12-06 11:09:33.810] magnitudes:15000;    3841.3750 
[2023-12-06 11:09:33.810] magnitudes:20000;    3026.7500 
[2023-12-06 11:09:33.810] magnitudes:30000;    2043.5625 
[2023-12-06 11:09:33.810] magnitudes:40000;    1654.0625 
[2023-12-06 11:09:33.810] magnitudes:50000;    1546.8750 
[2023-12-06 11:09:33.810] magnitudes:60000;    1372.5000 
[2023-12-06 11:09:33.833] magnitudes:70000;    1174.3125 
[2023-12-06 11:09:33.833] magnitudes:200;  359398.5000 
[2023-12-06 11:09:33.833] magnitudes:500;   68303.5625 
[2023-12-06 11:09:33.833] magnitudes:800;   87801.3125 
[2023-12-06 11:09:33.833] magnitudes:1000;   62216.9375 
[2023-12-06 11:09:33.833] magnitudes:2000;   28937.3750 
[2023-12-06 11:09:33.833] magnitudes:5000;   11852.6250 
[2023-12-06 11:09:33.833] magnitudes:8000;    7177.7500 
[2023-12-06 11:09:33.833] magnitudes:10000;    6022.5625 
[2023-12-06 11:09:33.833] magnitudes:15000;    3841.3750 
[2023-12-06 11:09:33.833] magnitudes:20000;    2961.6250 
[2023-12-06 11:09:33.833] magnitudes:30000;    2042.6875 
[2023-12-06 11:09:33.833] magnitudes:40000;    1799.5000 
[2023-12-06 11:09:33.833] magnitudes:50000;    1561.0625 
[2023-12-06 11:09:33.833] magnitudes:60000;    1658.6875 
[2023-12-06 11:09:33.833] magnitudes:70000;    1192.4375 
[2023-12-06 11:09:33.833] magnitudes:200;  721721.8125 
[2023-12-06 11:09:33.833] magnitudes:500;  124410.8750 
[2023-12-06 11:09:33.833] magnitudes:800;   73957.5625 
[2023-12-06 11:09:33.833] magnitudes:1000;   52815.9375 
[2023-12-06 11:09:33.833] magnitudes:2000;   28937.3750 
[2023-12-06 11:09:33.833] magnitudes:5000;   11852.6250 
[2023-12-06 11:09:33.833] magnitudes:8000;    7187.7500 
[2023-12-06 11:09:33.833] magnitudes:10000;    6053.8750 
[2023-12-06 11:09:33.833] magnitudes:15000;    3841.3750 
[2023-12-06 11:09:33.833] magnitudes:20000;    2957.0625 
[2023-12-06 11:09:33.833] magnitudes:30000;    2042.6875 
[2023-12-06 11:09:33.833] magnitudes:40000;    1654.0625 
[2023-12-06 11:09:33.833] magnitudes:50000;    1554.6875 
[2023-12-06 11:09:33.833] magnitudes:60000;    1658.6875 
[2023-12-06 11:09:33.833] magnitudes:70000;    1171.3750 
[2023-12-06 11:09:33.842] magnitudes:200; 1098375.0625 
[2023-12-06 11:09:33.842] magnitudes:500;  145680.4375 
[2023-12-06 11:09:33.842] magnitudes:800;   69828.0625 
[2023-12-06 11:09:33.842] magnitudes:1000;   62216.9375 
[2023-12-06 11:09:33.842] magnitudes:2000;   29709.1875 
[2023-12-06 11:09:33.842] magnitudes:5000;   11852.6250 
[2023-12-06 11:09:33.842] magnitudes:8000;    7177.7500 
[2023-12-06 11:09:33.842] magnitudes:10000;    5846.2500 
[2023-12-06 11:09:33.842] magnitudes:15000;    3841.3750 
[2023-12-06 11:09:33.842] magnitudes:20000;    2961.6250 
[2023-12-06 11:09:33.842] magnitudes:30000;    2043.5625 
[2023-12-06 11:09:33.842] magnitudes:40000;    1710.1250 
[2023-12-06 11:09:33.842] magnitudes:50000;    1362.1875 
[2023-12-06 11:09:33.842] magnitudes:60000;    1658.6875 
[2023-12-06 11:09:33.842] magnitudes:70000;    1195.5000 
[2023-12-06 11:09:33.842] magnitudes:200;  365205.9375 
[2023-12-06 11:09:33.842] magnitudes:500;  116005.8125 
[2023-12-06 11:09:33.842] magnitudes:800;   83916.8750 
[2023-12-06 11:09:33.842] magnitudes:1000;   51453.5000 
[2023-12-06 11:09:33.842] magnitudes:2000;   30142.8750 
[2023-12-06 11:09:33.842] magnitudes:5000;   11514.3125 
[2023-12-06 11:09:33.842] magnitudes:8000;    7422.3125 
[2023-12-06 11:09:33.842] magnitudes:10000;    5704.8750 
[2023-12-06 11:09:33.842] magnitudes:15000;    3871.5625 
[2023-12-06 11:09:33.842] magnitudes:20000;    2957.0625 
[2023-12-06 11:09:33.842] magnitudes:30000;    2043.5625 
[2023-12-06 11:09:33.842] magnitudes:40000;    1744.3750 
[2023-12-06 11:09:33.842] magnitudes:50000;    1553.1250 
[2023-12-06 11:09:33.842] magnitudes:60000;    1664.9375 
[2023-12-06 11:09:33.842] magnitudes:70000;    1192.4375 
[2023-12-06 11:09:33.842] magnitudes:200; 1304427.5625 
[2023-12-06 11:09:33.842] magnitudes:500;  114772.7500 
[2023-12-06 11:09:33.866] magnitudes:800;   73957.5625 
[2023-12-06 11:09:33.866] magnitudes:1000;   60331.1250 
[2023-12-06 11:09:33.866] magnitudes:2000;   29359.8125 
[2023-12-06 11:09:33.866] magnitudes:5000;   11327.9375 
[2023-12-06 11:09:33.866] magnitudes:8000;    7142.1250 
[2023-12-06 11:09:33.866] magnitudes:10000;    5444.6875 
[2023-12-06 11:09:33.866] magnitudes:15000;    3859.1875 
[2023-12-06 11:09:33.866] magnitudes:20000;    2994.7500 
[2023-12-06 11:09:33.866] magnitudes:30000;    2067.3125 
[2023-12-06 11:09:33.866] magnitudes:40000;    1623.0625 
[2023-12-06 11:09:33.866] magnitudes:50000;    1383.2500 
[2023-12-06 11:09:33.866] magnitudes:60000;    1385.9375 
[2023-12-06 11:09:33.866] magnitudes:70000;    1217.1250 
[2023-12-06 11:09:33.866] magnitudes:200;  424729.5625 
[2023-12-06 11:09:33.866] magnitudes:500;  165660.6250 
[2023-12-06 11:09:33.866] magnitudes:800;   75281.8125 
[2023-12-06 11:09:33.866] magnitudes:1000;   56242.3125 
[2023-12-06 11:09:33.866] magnitudes:2000;   29709.1875 
[2023-12-06 11:09:33.866] magnitudes:5000;   11090.7500 
[2023-12-06 11:09:33.866] magnitudes:8000;    7286.8750 
[2023-12-06 11:09:33.866] magnitudes:10000;    5654.8750 
[2023-12-06 11:09:33.866] magnitudes:15000;    3930.2500 
[2023-12-06 11:09:33.866] magnitudes:20000;    2898.6250 
[2023-12-06 11:09:33.866] magnitudes:30000;    2084.3125 
[2023-12-06 11:09:33.866] magnitudes:40000;    1686.1250 
[2023-12-06 11:09:33.866] magnitudes:50000;    1396.2500 
[2023-12-06 11:09:33.866] magnitudes:60000;    1697.3750 
[2023-12-06 11:09:33.866] magnitudes:70000;    1213.8750 
[2023-12-06 11:09:33.866] magnitudes:200;  415146.5000 
[2023-12-06 11:09:33.866] magnitudes:500;  152551.5625 
[2023-12-06 11:09:33.866] magnitudes:800;   84174.5625 
[2023-12-06 11:09:33.887] magnitudes:1000;   61853.9375 
[2023-12-06 11:09:33.887] magnitudes:2000;   28822.1250 
[2023-12-06 11:09:33.887] magnitudes:5000;   11208.7500 
[2023-12-06 11:09:33.887] magnitudes:8000;    7029.8750 
[2023-12-06 11:09:33.887] magnitudes:10000;    5521.5625 
[2023-12-06 11:09:33.887] magnitudes:15000;    3792.9375 
[2023-12-06 11:09:33.887] magnitudes:20000;    2909.5625 
[2023-12-06 11:09:33.887] magnitudes:30000;    2076.1875 
[2023-12-06 11:09:33.887] magnitudes:40000;    1679.3125 
[2023-12-06 11:09:33.887] magnitudes:50000;    1583.6875 
[2023-12-06 11:09:33.887] magnitudes:60000;    1380.5000 
[2023-12-06 11:09:33.887] magnitudes:70000;    1213.8750 
[2023-12-06 11:09:33.887] magnitudes:200;  679818.1875 
[2023-12-06 11:09:33.887] magnitudes:500;   53037.2500 
[2023-12-06 11:09:33.887] magnitudes:800;   72588.6250 
[2023-12-06 11:09:33.887] magnitudes:1000;   54414.9375 
[2023-12-06 11:09:33.887] magnitudes:2000;   27973.2500 
[2023-12-06 11:09:33.887] magnitudes:5000;   11090.7500 
[2023-12-06 11:09:33.887] magnitudes:8000;    7002.4375 
[2023-12-06 11:09:33.887] magnitudes:10000;    5473.0000 
[2023-12-06 11:09:33.887] magnitudes:15000;    3891.5625 
[2023-12-06 11:09:33.887] magnitudes:20000;    2872.4375 
[2023-12-06 11:09:33.887] magnitudes:30000;    2060.1250 
[2023-12-06 11:09:33.887] magnitudes:40000;    1661.9375 
[2023-12-06 11:09:33.887] magnitudes:50000;    1569.1250 
[2023-12-06 11:09:33.887] magnitudes:60000;    1367.1875 
[2023-12-06 11:09:33.887] magnitudes:70000;    1192.4375 
[2023-12-06 11:09:33.887] magnitudes:200;  343122.7500 
[2023-12-06 11:09:33.887] magnitudes:500;  115962.3125 
[2023-12-06 11:09:33.887] magnitudes:800;   72341.9375 
[2023-12-06 11:09:33.887] magnitudes:1000;   60331.1250 
[2023-12-06 11:09:33.887] magnitudes:2000;   29359.8125 
[2023-12-06 11:09:33.919] magnitudes:5000;   11454.1875 
[2023-12-06 11:09:33.919] magnitudes:8000;    7366.8750 
[2023-12-06 11:09:33.919] magnitudes:10000;    5675.8750 
[2023-12-06 11:09:33.919] magnitudes:15000;    3818.4375 
[2023-12-06 11:09:33.919] magnitudes:20000;    2941.6250 
[2023-12-06 11:09:33.919] magnitudes:30000;    2142.8750 
[2023-12-06 11:09:33.919] magnitudes:40000;    1573.4375 
[2023-12-06 11:09:33.919] magnitudes:50000;    1480.2500 
[2023-12-06 11:09:33.919] magnitudes:60000;    1341.4375 
[2023-12-06 11:09:33.919] magnitudes:70000;    1686.3750 
[2023-12-06 11:09:33.919] magnitudes:200;  622499.5000 
[2023-12-06 11:09:33.919] magnitudes:500;  149057.1250 
[2023-12-06 11:09:33.919] magnitudes:800;   78184.7500 
[2023-12-06 11:09:33.919] magnitudes:1000;   54972.5625 
[2023-12-06 11:09:33.919] magnitudes:2000;   28573.3750 
[2023-12-06 11:09:33.919] magnitudes:5000;   11669.8125 
[2023-12-06 11:09:33.919] magnitudes:8000;    7019.6875 
[2023-12-06 11:09:33.919] magnitudes:10000;    5598.6250 
[2023-12-06 11:09:33.919] magnitudes:15000;    3754.8750 
[2023-12-06 11:09:33.919] magnitudes:20000;    2880.1250 
[2023-12-06 11:09:33.919] magnitudes:30000;    1966.5625 
[2023-12-06 11:09:33.919] magnitudes:40000;    1730.3750 
[2023-12-06 11:09:33.919] magnitudes:50000;    1485.2500 
[2023-12-06 11:09:33.919] magnitudes:60000;    1592.1875 
[2023-12-06 11:09:33.919] magnitudes:70000;    1604.3125 
[2023-12-06 11:09:33.919] magnitudes:200;  438924.0000 
[2023-12-06 11:09:33.919] magnitudes:500;  123757.8125 
[2023-12-06 11:09:33.919] magnitudes:800;   74808.3125 
[2023-12-06 11:09:33.919] magnitudes:1000;   58830.8750 
[2023-12-06 11:09:33.919] magnitudes:2000;   27884.7500 
[2023-12-06 11:09:33.919] magnitudes:5000;   11374.3125 
[2023-12-06 11:09:33.933] magnitudes:8000;    7153.8750 
[2023-12-06 11:09:33.933] magnitudes:10000;    5760.8125 
[2023-12-06 11:09:33.933] magnitudes:15000;    3836.9375 
[2023-12-06 11:09:33.933] magnitudes:20000;    2835.1875 
[2023-12-06 11:09:33.933] magnitudes:30000;    2071.3750 
[2023-12-06 11:09:33.933] magnitudes:40000;    1584.7500 
[2023-12-06 11:09:33.933] magnitudes:50000;    1587.6875 
[2023-12-06 11:09:33.933] magnitudes:60000;    1592.1875 
[2023-12-06 11:09:33.933] magnitudes:70000;    1600.5625 
[2023-12-06 11:09:33.933] magnitudes:200;  359526.8750 
[2023-12-06 11:09:33.933] magnitudes:500;  122185.1250 
[2023-12-06 11:09:33.933] magnitudes:800;   73490.3125 
[2023-12-06 11:09:33.933] magnitudes:1000;   57047.6875 
[2023-12-06 11:09:33.933] magnitudes:2000;   27884.7500 
[2023-12-06 11:09:33.933] magnitudes:5000;   11374.3125 
[2023-12-06 11:09:33.933] magnitudes:8000;    7153.8750 
[2023-12-06 11:09:33.933] magnitudes:10000;    5789.5000 
[2023-12-06 11:09:33.933] magnitudes:15000;    3867.3750 
[2023-12-06 11:09:33.933] magnitudes:20000;    2855.3750 
[2023-12-06 11:09:33.933] magnitudes:30000;    2085.8750 
[2023-12-06 11:09:33.933] magnitudes:40000;    1713.2500 
[2023-12-06 11:09:33.933] magnitudes:50000;    1491.0000 
[2023-12-06 11:09:33.933] magnitudes:60000;    1300.0625 
[2023-12-06 11:09:33.933] magnitudes:70000;    1134.3750 
[2023-12-06 11:09:33.933] magnitudes:200;  643313.0000 
[2023-12-06 11:09:33.933] magnitudes:500;  133765.0625 
[2023-12-06 11:09:33.933] magnitudes:800;   75524.1250 
[2023-12-06 11:09:33.933] magnitudes:1000;   57047.6875 
[2023-12-06 11:09:33.933] magnitudes:2000;   27884.7500 
[2023-12-06 11:09:33.933] magnitudes:5000;   11489.1875 
[2023-12-06 11:09:33.933] magnitudes:8000;    6909.2500 
[2023-12-06 11:09:33.936] magnitudes:10000;    5476.8750 
[2023-12-06 11:09:33.936] magnitudes:15000;    3721.3125 
[2023-12-06 11:09:33.936] magnitudes:20000;    2748.5000 
[2023-12-06 11:09:33.936] magnitudes:30000;    1974.6250 
[2023-12-06 11:09:33.936] magnitudes:40000;    1551.5625 
[2023-12-06 11:09:33.936] magnitudes:50000;    1498.3750 
[2023-12-06 11:09:33.936] magnitudes:60000;    1311.9375 
[2023-12-06 11:09:33.936] magnitudes:70000;    1151.3750 
[2023-12-06 11:09:33.936] magnitudes:200;  425268.8750 
[2023-12-06 11:09:33.936] magnitudes:500;  114053.2500 
[2023-12-06 11:09:33.936] magnitudes:800;   72469.9375 
[2023-12-06 11:09:33.936] magnitudes:1000;   53181.4375 
[2023-12-06 11:09:33.936] magnitudes:2000;   27720.2500 
[2023-12-06 11:09:33.936] magnitudes:5000;   10980.5625 
[2023-12-06 11:09:33.936] magnitudes:8000;    6722.9375 
[2023-12-06 11:09:33.936] magnitudes:10000;    5385.9375 
[2023-12-06 11:09:33.936] magnitudes:15000;    3620.0625 
[2023-12-06 11:09:33.936] magnitudes:20000;    2772.4375 
[2023-12-06 11:09:33.936] magnitudes:30000;    1981.9375 
[2023-12-06 11:09:33.936] magnitudes
[2023-12-06 11:09:33.936] magnitudes:20000;    3145.5000 
[2023-12-06 11:09:33.936] magnitudes:30000;    2209.8750 
[2023-12-06 11:09:33.936] magnitudes:40000;    1845.1875 
[2023-12-06 11:09:33.936] magnitudes:50000;    1708.1875 
[2023-12-06 11:09:33.936] magnitudes:60000;    1697.3750 
[2023-12-06 11:09:33.959] magnitudes:70000;    1748.6250 
[2023-12-06 11:09:33.992] magnitudes:200;  422354.8125 
[2023-12-06 11:09:34.022] magnitudes:500;  162448.1250 
[2023-12-06 11:09:34.054] magnitudes:800;   67975.5625 
[2023-12-06 11:09:34.086] magnitudes:1000;   61281.3125 
[2023-12-06 11:09:34.118] magnitudes:2000;   31877.0000 
[2023-12-06 11:09:34.134] magnitudes:5000;   12991.6875 
[2023-12-06 11:09:34.166] magnitudes:8000;    7803.6250 
[2023-12-06 11:09:34.198] magnitudes:10000;    6428.1250 
[2023-12-06 11:09:34.230] magnitudes:15000;    4241.0000 
[2023-12-06 11:09:34.262] magnitudes:20000;    3198.1875 
[2023-12-06 11:09:34.294] magnitudes:30000;    2201.2500 
[2023-12-06 11:09:34.312] magnitudes:40000;    1636.2500 
[2023-12-06 11:09:34.345] magnitudes:50000;    1590.2500 
[2023-12-06 11:09:34.376] magnitudes:60000;    1391.1250 
[2023-12-06 11:09:34.407] magnitudes:70000;    1213.8750 
[2023-12-06 11:09:34.438] magnitudes:200;  954532.6875 
[2023-12-06 11:09:34.470] magnitudes:500;   62760.8750 
[2023-12-06 11:09:34.486] magnitudes:800;   92640.5000 
[2023-12-06 11:09:34.518] magnitudes:1000;   58260.5625 
[2023-12-06 11:09:34.550] magnitudes:2000;   27572.6875 
[2023-12-06 11:09:34.582] magnitudes:5000;   10574.6250 
[2023-12-06 11:09:34.615] magnitudes:8000;    6246.3125 
[2023-12-06 11:09:34.646] magnitudes:10000;    5046.3750 
[2023-12-06 11:09:34.662] magnitudes:15000;    3430.6250 
[2023-12-06 11:09:34.694] magnitudes:20000;    2573.2500 
[2023-12-06 11:09:34.727] magnitudes:30000;    1808.1250 
[2023-12-06 11:09:34.760] magnitudes:40000;    1616.5625 
[2023-12-06 11:09:34.791] magnitudes:50000;    1381.8125 
[2023-12-06 11:09:34.823] magnitudes:60000;    1377.5000 
[2023-12-06 11:09:34.838] magnitudes:70000;    1195.5000 
[2023-12-06 11:09:34.870] magnitudes:200; 1000848.3750 
[2023-12-06 11:09:34.902] magnitudes:500;  242792.8750 
[2023-12-06 11:09:34.935] magnitudes:800;   88148.8125 
[2023-12-06 11:09:34.967] magnitudes:1000;   49987.8125 
[2023-12-06 11:09:34.998] magnitudes:2000;   22664.5000 
[2023-12-06 11:09:35.030] magnitudes:5000;    8812.1875 
[2023-12-06 11:09:35.046] magnitudes:8000;    5384.8750 
[2023-12-06 11:09:35.078] magnitudes:10000;    4422.4375 
[2023-12-06 11:09:35.110] magnitudes:15000;    2931.3125 
[2023-12-06 11:09:35.142] magnitudes:20000;    2418.8750 
[2023-12-06 11:09:35.175] magnitudes:30000;    1779.8125 
[2023-12-06 11:09:35.208] magnitudes:40000;    1433.7500 
[2023-12-06 11:09:35.222] magnitudes:50000;    1216.9375 
[2023-12-06 11:09:35.254] magnitudes:60000;    1188.6250 
[2023-12-06 11:09:35.288] magnitudes:70000;    1217.1250 
[2023-12-06 11:09:35.319] magnitudes:200;  185954.1250 
[2023-12-06 11:09:35.351] magnitudes:500;  245394.6875 
[2023-12-06 11:09:35.383] magnitudes:800;   43704.1250 
[2023-12-06 11:09:35.415] magnitudes:1000;   40932.6875 
[2023-12-06 11:09:35.431] magnitudes:2000;   23502.8125 
[2023-12-06 11:09:35.463] magnitudes:5000;    9131.6250 
[2023-12-06 11:09:35.496] magnitudes:8000;    5559.1875 
[2023-12-06 11:09:35.527] magnitudes:10000;    4477.6250 
[2023-12-06 11:09:35.559] magnitudes:15000;    2916.1250 
[2023-12-06 11:09:35.591] magnitudes:20000;    2304.3125 
[2023-12-06 11:09:35.607] magnitudes:30000;    1530.6875 
[2023-12-06 11:09:35.638] magnitudes:40000;    1268.3750 
[2023-12-06 11:09:35.673] magnitudes:50000;    1223.2500 
[2023-12-06 11:09:35.703] magnitudes:60000;    1192.9375 
[2023-12-06 11:09:35.735] magnitudes:70000;    1192.4375 
[2023-12-06 11:09:35.767] magnitudes:200; 1359232.8125 
[2023-12-06 11:09:35.782] magnitudes:500;   57386.2500 
[2023-12-06 11:09:35.815] magnitudes:800;   54182.9375 
[2023-12-06 11:09:35.847] magnitudes:1000;   52934.8750 
[2023-12-06 11:09:35.880] magnitudes:2000;   23874.1250 
[2023-12-06 11:09:35.910] magnitudes:5000;    9084.9375 
[2023-12-06 11:09:35.942] magnitudes:8000;    5337.2500 
[2023-12-06 11:09:35.958] magnitudes:10000;    4383.5625 
[2023-12-06 11:09:35.990] magnitudes:15000;    2779.3125 
[2023-12-06 11:09:36.025] magnitudes:20000;    1930.3125 
[2023-12-06 11:09:36.054] magnitudes:30000;    1327.3750 
[2023-12-06 11:09:36.088] magnitudes:40000;    1098.0000 
[2023-12-06 11:09:36.119] magnitudes:50000;     886.7500 
[2023-12-06 11:09:36.135] magnitudes:60000;    1228.8125 
[2023-12-06 11:09:36.168] magnitudes:70000;    1236.4375 
[2023-12-06 11:09:36.199] magnitudes:200; 1017030.6250 
[2023-12-06 11:09:36.232] magnitudes:500;  142891.1250 
[2023-12-06 11:09:36.263] magnitudes:800;   82034.0000 
[2023-12-06 11:09:36.294] magnitudes:1000;   41977.8750 
[2023-12-06 11:09:36.328] magnitudes:2000;   23269.0625 
[2023-12-06 11:09:36.343] magnitudes:5000;    9325.9375 
[2023-12-06 11:09:36.376] magnitudes:8000;    5943.5625 
[2023-12-06 11:09:36.408] magnitudes:10000;    5046.3750 
[2023-12-06 11:09:36.441] magnitudes:15000;    3430.6250 
[2023-12-06 11:09:36.471] magnitudes:20000;    2686.1250 
[2023-12-06 11:09:36.503] magnitudes:30000;    1948.1250 
[2023-12-06 11:09:36.519] magnitudes:40000;    1706.9375 
[2023-12-06 11:09:36.552] magnitudes:50000;    1394.7500 
[2023-12-06 11:09:36.583] magnitudes:60000;    1385.9375 
[2023-12-06 11:09:36.617] magnitudes:70000;    1236.4375 
[2023-12-06 11:09:36.648] magnitudes:200;  438611.3125 
[2023-12-06 11:09:36.680] magnitudes:500;  128746.8125 
[2023-12-06 11:09:36.712] magnitudes:800;   76101.6875 
[2023-12-06 11:09:36.727] magnitudes:1000;   59487.2500 
[2023-12-06 11:09:36.759] magnitudes:2000;   27973.2500 
[2023-12-06 11:09:36.791] magnitudes:5000;   11208.7500 
[2023-12-06 11:09:36.823] magnitudes:8000;    6804.9375 
[2023-12-06 11:09:36.857] magnitudes:10000;    5221.0625 
[2023-12-06 11:09:36.887] magnitudes:15000;    3464.8750 
[2023-12-06 11:09:36.903] magnitudes:20000;    2592.5625 
[2023-12-06 11:09:36.935] magnitudes:30000;    1701.1250 
[2023-12-06 11:09:36.968] magnitudes:40000;    1456.1250 
[2023-12-06 11:09:37.000] magnitudes:50000;    1254.0625 
[2023-12-06 11:09:37.032] magnitudes:60000;    1399.4375 
[2023-12-06 11:09:37.048] magnitudes:70000;    1217.1250 
[2023-12-06 11:09:37.095] magnitudes:200;  875345.6250 
[2023-12-06 11:09:37.111] magnitudes:500;  104772.8125 
[2023-12-06 11:09:37.143] magnitudes:800;   68544.0625 
[2023-12-06 11:09:37.177] magnitudes:1000;   58136.5625 
[2023-12-06 11:09:37.207] magnitudes:2000;   28822.1250 
[2023-12-06 11:09:37.239] magnitudes:5000;   11449.0625 
[2023-12-06 11:09:37.255] magnitudes:8000;    7286.8750 
[2023-12-06 11:09:37.288] magnitudes:10000;    5806.5000 
[2023-12-06 11:09:37.320] magnitudes:15000;    3915.6250 
[2023-12-06 11:09:37.351] magnitudes:20000;    3010.6875 
[2023-12-06 11:09:37.384] magnitudes:30000;    2147.6250 
[2023-12-06 11:09:37.416] magnitudes:40000;    1410.5000 
[2023-12-06 11:09:37.432] magnitudes:50000;    1871.2500 
[2023-12-06 11:09:37.464] magnitudes:60000;    2820.3750 
[2023-12-06 11:09:37.498] magnitudes:70000;    1716.6250 
[2023-12-06 11:09:37.528] magnitudes:200;18469695.1250 
[2023-12-06 11:09:37.560] magnitudes:500; 3114794.2500 
[2023-12-06 11:09:37.592] magnitudes:800;16231397.5625 
[2023-12-06 11:09:37.624] magnitudes:1000;11216305.1875 
[2023-12-06 11:09:37.640] magnitudes:2000; 4119300.0000 
[2023-12-06 11:09:37.672] magnitudes:5000;  790923.6250 
[2023-12-06 11:09:37.705] magnitudes:8000;  332652.5000 
[2023-12-06 11:09:37.738] magnitudes:10000;  219949.5000 
[2023-12-06 11:09:37.769] magnitudes:15000;  100438.6250 
[2023-12-06 11:09:37.800] magnitudes:20000;   54412.8750 
[2023-12-06 11:09:37.816] magnitudes:30000;   28397.4375 
[2023-12-06 11:09:37.849] magnitudes:40000;   17026.0625 
[2023-12-06 11:09:37.880] magnitudes:50000;    7991.1875 
[2023-12-06 11:09:37.913] magnitudes:60000;    6044.0625 
[2023-12-06 11:09:37.946] magnitudes:70000;    3529.6250 
[2023-12-06 11:09:37.977] magnitudes:200;  342756.5000 
[2023-12-06 11:09:38.008] magnitudes:500;  249140.5625 
[2023-12-06 11:09:38.025] magnitudes:800;  232834.4375 
[2023-12-06 11:09:38.057] magnitudes:1000;  171304.6250 
[2023-12-06 11:09:38.088] magnitudes:2000;  113048.9375 
[2023-12-06 11:09:38.120] magnitudes:5000;   47248.6875 
[2023-12-06 11:09:38.153] magnitudes:8000;   23546.8125 
[2023-12-06 11:09:38.185] magnitudes:10000;   13293.0000 
[2023-12-06 11:09:38.200] magnitudes:15000;    6159.1250 
[2023-12-06 11:09:38.232] magnitudes:20000;    3170.8750 
[2023-12-06 11:09:38.264] magnitudes:30000;     932.0625 
[2023-12-06 11:09:38.297] magnitudes:40000;     588.1875 
[2023-12-06 11:09:38.329] magnitudes:50000;     567.3125 
[2023-12-06 11:09:38.361] magnitudes:60000;     790.1875 
[2023-12-06 11:09:38.375] magnitudes:70000;    1419.1875 
[2023-12-06 11:09:38.408] magnitudes:200;    7271.8125 
[2023-12-06 11:09:38.440] magnitudes:500;   10134.5000 
[2023-12-06 11:09:38.472] magnitudes:800;    9490.3750 
[2023-12-06 11:09:38.505] magnitudes:1000;    8971.1875 
[2023-12-06 11:09:38.536] magnitudes:2000;    6946.9375 
[2023-12-06 11:09:38.552] magnitudes:5000;    2428.4375 
[2023-12-06 11:09:38.585] magnitudes:8000;     755.4375 
[2023-12-06 11:09:38.616] magnitudes:10000;     328.3750 
[2023-12-06 11:09:38.650] magnitudes:15000;     482.6250 
[2023-12-06 11:09:38.682] magnitudes:20000;     686.9375 
[2023-12-06 11:09:38.714] magnitudes:30000;     871.0625 
[2023-12-06 11:09:38.729] magnitudes:40000;     945.4375 
[2023-12-06 11:09:38.761] magnitudes:50000;    1018.7500 
[2023-12-06 11:09:38.792] magnitudes:60000;    1146.4375 
[2023-12-06 11:09:38.825] magnitudes:70000;    1366.3125 
[2023-12-06 11:09:38.857] magnitudes:200;    4573.8125 
[2023-12-06 11:09:38.890] magnitudes:500;    4169.8125 
[2023-12-06 11:09:38.921] magnitudes:800;    4752.4375 
[2023-12-06 11:09:38.936] magnitudes:1000;    4230.8125 
[2023-12-06 11:09:38.970] magnitudes:2000;    3579.7500 
[2023-12-06 11:09:39.000] magnitudes:5000;    2466.3750 
[2023-12-06 11:09:39.033] magnitudes:8000;    1979.8125 
[2023-12-06 11:09:39.065] magnitudes:10000;    1800.9375 
[2023-12-06 11:09:39.097] magnitudes:15000;    1473.7500 
[2023-12-06 11:09:39.112] magnitudes:20000;    1316.0000 
[2023-12-06 11:09:39.144] magnitudes:30000;    1210.9375 
[2023-12-06 11:09:39.177] magnitudes:40000;    1163.5000 
[2023-12-06 11:09:39.211] magnitudes:50000;    1305.3750 
[2023-12-06 11:09:39.241] magnitudes:60000;    1347.1875 
[2023-12-06 11:09:39.275] magnitudes:70000;    1658.6875 
[2023-12-06 11:09:39.305] magnitudes:200;    5792.1875 
[2023-12-06 11:09:39.321] magnitudes:500;    4478.5000 
[2023-12-06 11:09:39.353] magnitudes:800;    4879.8125 
[2023-12-06 11:09:39.385] magnitudes:1000;    4983.5000 
[2023-12-06 11:09:39.417] magnitudes:2000;    4884.6875 
[2023-12-06 11:09:39.451] magnitudes:5000;    3629.2500 
[2023-12-06 11:09:39.481] magnitudes:8000;    2792.8125 
[2023-12-06 11:09:39.497] magnitudes:10000;    2457.9375 
[2023-12-06 11:09:39.529] magnitudes:15000;    1913.3750 
[2023-12-06 11:09:39.562] magnitudes:20000;    1610.5625 
[2023-12-06 11:09:39.595] magnitudes:30000;    1383.6875 
[2023-12-06 11:09:39.625] magnitudes:40000;    1265.2500 
[2023-12-06 11:09:39.658] magnitudes:50000;    1287.1875 
[2023-12-06 11:09:39.673] magnitudes:60000;    1324.0625 
[2023-12-06 11:09:39.705] magnitudes:70000;    1629.6250 
[2023-12-06 11:09:39.739] magnitudes:200;    4972.8125 
[2023-12-06 11:09:39.770] magnitudes:500;    5264.5000 
[2023-12-06 11:09:39.802] magnitudes:800;    5034.6250 
[2023-12-06 11:09:39.833] magnitudes:1000;    5542.4375 
[2023-12-06 11:09:39.849] magnitudes:2000;    5882.9375 
[2023-12-06 11:09:39.881] magnitudes:5000;    4469.3125 
[2023-12-06 11:09:39.914] magnitudes:8000;    3322.2500 
[2023-12-06 11:09:39.946] magnitudes:10000;    2879.1875 
[2023-12-06 11:09:39.978] magnitudes:15000;    2170.5625 
[2023-12-06 11:09:40.009] magnitudes:20000;    1804.1875 
[2023-12-06 11:09:40.026] magnitudes:30000;    1487.1250 
[2023-12-06 11:09:40.058] magnitudes:40000;    1405.8750 
[2023-12-06 11:09:40.089] magnitudes:50000;    1416.3750 
[2023-12-06 11:09:40.121] magnitudes:60000;    1571.3125 
[2023-12-06 11:09:40.153] magnitudes:70000;    1647.6875 
[2023-12-06 11:09:40.186] magnitudes:200;    5417.0625 
[2023-12-06 11:09:40.218] magnitudes:500;    5004.5000 
[2023-12-06 11:09:40.233] magnitudes:800;    5883.7500 
[2023-12-06 11:09:40.265] magnitudes:1000;    6015.0625 
[2023-12-06 11:09:40.298] magnitudes:2000;    6625.7500 
[2023-12-06 11:09:40.330] magnitudes:5000;    4964.6875 
[2023-12-06 11:09:40.363] magnitudes:8000;    3696.8125 
[2023-12-06 11:09:40.394] magnitudes:10000;    3157.1250 
[2023-12-06 11:09:40.409] magnitudes:15000;    2366.6875 
[2023-12-06 11:09:40.441] magnitudes:20000;    1925.6875 
[2023-12-06 11:09:40.476] magnitudes:30000;    1571.8750 
[2023-12-06 11:09:40.506] magnitudes:40000;    1468.0000 
[2023-12-06 11:09:40.539] magnitudes:50000;    1407.2500 
[2023-12-06 11:09:40.570] magnitudes:60000;    1565.6875 
[2023-12-06 11:09:40.586] magnitudes:70000;    1611.5625 
[2023-12-06 11:09:40.617] magnitudes:200;    5832.8750 
[2023-12-06 11:09:40.650] magnitudes:500;    5381.1250 
[2023-12-06 11:09:40.683] magnitudes:800;    6150.7500 
[2023-12-06 11:09:40.715] magnitudes:1000;    6294.4375 
[2023-12-06 11:09:40.746] magnitudes:2000;    6827.8125 
[2023-12-06 11:09:40.779] magnitudes:5000;    5111.3750 
[2023-12-06 11:09:40.794] magnitudes:8000;    3773.1875 
[2023-12-06 11:09:40.826] magnitudes:10000;    3183.8125 
[2023-12-06 11:09:40.860] magnitudes:15000;    2356.4375 
[2023-12-06 11:09:40.891] magnitudes:20000;    1971.5625 
[2023-12-06 11:09:40.922] magnitudes:30000;    1544.6250 
[2023-12-06 11:09:40.956] magnitudes:40000;    1387.4375 
[2023-12-06 11:09:40.970] magnitudes:50000;    1405.5625 
[2023-12-06 11:09:41.003] magnitudes:60000;    1565.6875 
[2023-12-06 11:09:41.034] magnitudes:70000;    1632.9375 
[2023-12-06 11:09:41.067] magnitudes:200;    5125.5625 
[2023-12-06 11:09:41.098] magnitudes:500;    6029.1250 
[2023-12-06 11:09:41.131] magnitudes:800;    5618.7500 
[2023-12-06 11:09:41.145] magnitudes:1000;    6069.9375 
[2023-12-06 11:09:41.179] magnitudes:2000;    6616.4375 
[2023-12-06 11:09:41.211] magnitudes:5000;    4988.3750 
[2023-12-06 11:09:41.242] magnitudes:8000;    3718.3750 
[2023-12-06 11:09:41.275] magnitudes:10000;    3184.0000 
[2023-12-06 11:09:41.306] magnitudes:15000;    2273.5625 
[2023-12-06 11:09:41.322] magnitudes:20000;    1805.3125 
[2023-12-06 11:09:41.354] magnitudes:30000;    1584.0625 
[2023-12-06 11:09:41.386] magnitudes:40000;    1415.0000 
[2023-12-06 11:09:41.419] magnitudes:50000;    1518.5625 
[2023-12-06 11:09:41.451] magnitudes:60000;    1535.5000 
[2023-12-06 11:09:41.483] magnitudes:70000;    1583.6875 
[2023-12-06 11:09:41.515] magnitudes:200;    5977.7500 
[2023-12-06 11:09:41.530] magnitudes:500;    5119.8750 
[2023-12-06 11:09:41.562] magnitudes:800;    5563.1250 
[2023-12-06 11:09:41.594] magnitudes:1000;    5916.1875 
[2023-12-06 11:09:41.628] magnitudes:2000;    5785.5625 
[2023-12-06 11:09:41.658] magnitudes:5000;    3918.8125 
[2023-12-06 11:09:41.691] magnitudes:8000;    2631.9375 
[2023-12-06 11:09:41.707] magnitudes:10000;    2051.5000 
[2023-12-06 11:09:41.738] magnitudes:15000;    1440.5000 
[2023-12-06 11:09:41.772] magnitudes:20000;    1180.5000 
[2023-12-06 11:09:41.804] magnitudes:30000;    1006.1875 
[2023-12-06 11:09:41.836] magnitudes:40000;    1028.3125 
[2023-12-06 11:09:41.867] magnitudes:50000;     991.0625 
[2023-12-06 11:09:41.883] magnitudes:60000;     973.0625 
[2023-12-06 11:09:41.915] magnitudes:70000;    1050.8750 
[2023-12-06 11:09:41.947] magnitudes:200;   11161.1875 
[2023-12-06 11:09:41.979] magnitudes:500;   23816.0000 
[2023-12-06 11:09:42.011] magnitudes:800;   53751.0000 
[2023-12-06 11:09:42.043] magnitudes:1000;  131937.4375 
[2023-12-06 11:09:42.076] magnitudes:2000; 1322381.4375 
[2023-12-06 11:09:42.090] magnitudes:5000;  718011.4375 
[2023-12-06 11:09:42.123] magnitudes:8000;  360009.1250 
[2023-12-06 11:09:42.156] magnitudes:10000;  228381.5000 
[2023-12-06 11:09:42.189] magnitudes:15000;  103869.4375 
[2023-12-06 11:09:42.221] magnitudes:20000;   59032.1875 
[2023-12-06 11:09:42.253] magnitudes:30000;   27256.8125 
[2023-12-06 11:09:42.268] magnitudes:40000;   16548.0625 
[2023-12-06 11:09:42.300] magnitudes:50000;   11439.5000 
[2023-12-06 11:09:42.330] magnitudes:60000;    8967.6250 
[2023-12-06 11:09:42.364] magnitudes:70000;    7005.3750 
[2023-12-06 11:09:42.396] magnitudes:200;65321449.3750 
[2023-12-06 11:09:42.429] magnitudes:500;23362240.4375 
[2023-12-06 11:09:42.459] magnitudes:800;13742018.1250 
[2023-12-06 11:09:42.474] magnitudes:1000;10331631.1875 
[2023-12-06 11:09:42.507] magnitudes:2000; 3582139.2500 
[2023-12-06 11:09:42.538] magnitudes:5000;  649212.7500 
[2023-12-06 11:09:42.571] magnitudes:8000;  250572.1250 
[2023-12-06 11:09:42.606] magnitudes:10000;  146499.6250 
[2023-12-06 11:09:42.618] magnitudes:15000;   57175.4375 
[2023-12-06 11:09:42.652] magnitudes:20000;   24293.6250 
[2023-12-06 11:09:42.685] magnitudes:30000;   14168.6250 
[2023-12-06 11:09:42.715] magnitudes:40000;   10238.7500 
[2023-12-06 11:09:42.748] magnitudes:50000;    6996.4375 
[2023-12-06 11:09:42.781] magnitudes:60000;    4885.0625 
[2023-12-06 11:09:42.796] magnitudes:70000;    4176.8125 
[2023-12-06 11:09:42.827] magnitudes:200;83080231.4375 
[2023-12-06 11:09:42.859] magnitudes:500;20590325.5625 
[2023-12-06 11:09:42.891] magnitudes:800; 3614499.3750 
[2023-12-06 11:09:42.925] magnitudes:1000;   88953.8750 
[2023-12-06 11:09:42.957] magnitudes:2000;   38204.5000 
[2023-12-06 11:09:42.989] magnitudes:5000;   15009.9375 
[2023-12-06 11:09:43.004] magnitudes:8000;    9840.8750 
[2023-12-06 11:09:43.037] magnitudes:10000;    7808.0625 
[2023-12-06 11:09:43.067] magnitudes:15000;    5341.2500 
[2023-12-06 11:09:43.099] magnitudes:20000;    3954.8750 
[2023-12-06 11:09:43.131] magnitudes:30000;    2699.8125 
[2023-12-06 11:09:43.164] magnitudes:40000;    2262.4375 
[2023-12-06 11:09:43.179] magnitudes:50000;    1994.3125 
[2023-12-06 11:09:43.212] magnitudes:60000;    1941.0000 
[2023-12-06 11:09:43.244] magnitudes:70000;    1690.7500 
[2023-12-06 11:09:43.279] magnitudes:200;  530459.3750 
[2023-12-06 11:09:43.307] magnitudes:500;  224254.4375 
[2023-12-06 11:09:43.340] magnitudes:800;  110790.9375 
[2023-12-06 11:09:43.372] magnitudes:1000;   82480.5625 
[2023-12-06 11:09:43.387] magnitudes:2000;   41749.4375 
[2023-12-06 11:09:43.420] magnitudes:5000;   16473.7500 
[2023-12-06 11:09:43.453] magnitudes:8000;   10375.5625 
[2023-12-06 11:09:43.483] magnitudes:10000;    8205.2500 
[2023-12-06 11:09:43.517] magnitudes:15000;    5498.5625 
[2023-12-06 11:09:43.549] magnitudes:20000;    4209.5000 
[2023-12-06 11:09:43.564] magnitudes:30000;    2924.7500 
[2023-12-06 11:09:43.595] magnitudes:40000;    2340.7500 
[2023-12-06 11:09:43.628] magnitudes:50000;    2053.2500 
[2023-12-06 11:09:43.661] magnitudes:60000;    1998.8125 
[2023-12-06 11:09:43.691] magnitudes:70000;    1743.7500 
[2023-12-06 11:09:43.725] magnitudes:200;  483926.6875 
[2023-12-06 11:09:43.757] magnitudes:500;  229784.8125 
[2023-12-06 11:09:43.772] magnitudes:800;  114772.7500 
[2023-12-06 11:09:43.805] magnitudes:1000;   85891.8125 
[2023-12-06 11:09:43.836] magnitudes:2000;   40499.8125 
[2023-12-06 11:09:43.869] magnitudes:5000;   15005.8125 
[2023-12-06 11:09:43.901] magnitudes:8000;    9382.9375 
[2023-12-06 11:09:43.915] magnitudes:10000;    7417.9375 
[2023-12-06 11:09:43.947] magnitudes:15000;    5110.5000 
[2023-12-06 11:09:43.980] magnitudes:20000;    3969.6875 
[2023-12-06 11:09:44.013] magnitudes:30000;    2843.7500 
[2023-12-06 11:09:44.045] magnitudes:40000;    2086.9375 
[2023-12-06 11:09:44.076] magnitudes:50000;    1996.1875 
[2023-12-06 11:09:44.091] magnitudes:60000;    1952.3125 
[2023-12-06 11:09:44.124] magnitudes:70000;    1716.6250 
[2023-12-06 11:09:44.158] magnitudes:200;  902513.7500 
[2023-12-06 11:09:44.189] magnitudes:500;  150012.0000 
[2023-12-06 11:09:44.220] magnitudes:800;   91458.7500 
[2023-12-06 11:09:44.253] magnitudes:1000;   76483.6875 
[2023-12-06 11:09:44.284] magnitudes:2000;   38755.1875 
[2023-12-06 11:09:44.301] magnitudes:5000;   14966.1875 
[2023-12-06 11:09:44.332] magnitudes:8000;    9297.7500 
[2023-12-06 11:09:44.364] magnitudes:10000;    7084.5000 
[2023-12-06 11:09:44.396] magnitudes:15000;    4522.4375 
[2023-12-06 11:09:44.428] magnitudes:20000;    3359.6875 
[2023-12-06 11:09:44.461] magnitudes:30000;    2403.1875 
[2023-12-06 11:09:44.476] magnitudes:40000;    2170.6250 
[2023-12-06 11:09:44.508] magnitudes:50000;    1910.9375 
[2023-12-06 11:09:44.542] magnitudes:60000;    2018.6875 
[2023-12-06 11:09:44.573] magnitudes:70000;    1743.7500 
[2023-12-06 11:09:44.605] magnitudes:200;  391675.8125 
[2023-12-06 11:09:44.637] magnitudes:500;  143705.1875 
[2023-12-06 11:09:44.670] magnitudes:800;  107181.5000 
[2023-12-06 11:09:44.684] magnitudes:1000;   90646.8125 
[2023-12-06 11:09:44.716] magnitudes:2000;   42849.2500 
[2023-12-06 11:09:44.748] magnitudes:5000;   17747.6250 
[2023-12-06 11:09:44.781] magnitudes:8000;   10986.7500 
[2023-12-06 11:09:44.814] magnitudes:10000;    8761.3750 
[2023-12-06 11:09:44.846] magnitudes:15000;    5935.3125 
[2023-12-06 11:09:44.861] magnitudes:20000;    4467.0625 
[2023-12-06 11:09:44.893] magnitudes:30000;    3029.6250 
[2023-12-06 11:09:44.924] magnitudes:40000;    2477.5625 
[2023-12-06 11:09:44.959] magnitudes:50000;    2174.2500 
[2023-12-06 11:09:44.991] magnitudes:60000;    1971.2500 
[2023-12-06 11:09:45.021] magnitudes:70000;    2479.8750 
[2023-12-06 11:09:45.053] magnitudes:200;  725892.5625 
[2023-12-06 11:09:45.068] magnitudes:500;  207571.9375 
[2023-12-06 11:09:45.101] magnitudes:800;  115147.1875 
[2023-12-06 11:09:45.132] magnitudes:1000;   84299.2500 
[2023-12-06 11:09:45.166] magnitudes:2000;   42191.2500 
[2023-12-06 11:09:45.198] magnitudes:5000;   16383.0625 
[2023-12-06 11:09:45.229] magnitudes:8000;    9809.9375 
[2023-12-06 11:09:45.245] magnitudes:10000;    7643.8750 
[2023-12-06 11:09:45.279] magnitudes:15000;    5260.5625 
[2023-12-06 11:09:45.309] magnitudes:20000;    4027.5000 
[2023-12-06 11:09:45.342] magnitudes:30000;    2744.4375 
[2023-12-06 11:09:45.373] magnitudes:40000;    2265.3750 
[2023-12-06 11:09:45.388] magnitudes:50000;    1890.9375 
[2023-12-06 11:09:45.421] magnitudes:60000;    1971.2500 
[2023-12-06 11:09:45.453] magnitudes:70000;    1721.2500 
[2023-12-06 11:09:45.484] magnitudes:200;  479273.5625 
[2023-12-06 11:09:45.519] magnitudes:500;  160532.2500 
[2023-12-06 11:09:45.550] magnitudes:800;   92057.0000 
[2023-12-06 11:09:45.583] magnitudes:1000;   85891.8125 
[2023-12-06 11:09:45.596] magnitudes:2000;   39776.0625 
[2023-12-06 11:09:45.629] magnitudes:5000;   16114.5000 
[2023-12-06 11:09:45.662] magnitudes:8000;   10083.5000 
[2023-12-06 11:09:45.693] magnitudes:10000;    7862.2500 
[2023-12-06 11:09:45.726] magnitudes:15000;    5291.7500 
[2023-12-06 11:09:45.757] magnitudes:20000;    4042.8750 
[2023-12-06 11:09:45.773] magnitudes:30000;    2911.5000 
[2023-12-06 11:09:45.806] magnitudes:40000;    2131.5625 
[2023-12-06 11:09:45.838] magnitudes:50000;    2061.9375 
[2023-12-06 11:09:45.869] magnitudes:60000;    1998.8125 
[2023-12-06 11:09:45.902] magnitudes:70000;    1753.5000 
[2023-12-06 11:09:45.934] magnitudes:200;  351421.0000 
[2023-12-06 11:09:45.965] magnitudes:500;  164879.0625 
[2023-12-06 11:09:45.981] magnitudes:800;  110790.9375 
[2023-12-06 11:09:46.015] magnitudes:1000;   82041.5625 
[2023-12-06 11:09:46.045] magnitudes:2000;   41080.5625 
[2023-12-06 11:09:46.078] magnitudes:5000;   15916.1250 
[2023-12-06 11:09:46.109] magnitudes:8000;    9631.5000 
[2023-12-06 11:09:46.143] magnitudes:10000;    9752.6250 
[2023-12-06 11:09:46.158] magnitudes:15000;    6531.0000 
[2023-12-06 11:09:46.189] magnitudes:20000;    4550.5625 
[2023-12-06 11:09:46.222] magnitudes:30000;    2827.2500 
[2023-12-06 11:09:46.255] magnitudes:40000;    2136.7500 
[2023-12-06 11:09:46.286] magnitudes:50000;    2081.6875 
[2023-12-06 11:09:46.318] magnitudes:60000;    1580.1875 
[2023-12-06 11:09:46.334] magnitudes:70000;    1712.0625 
[2023-12-06 11:09:46.366] magnitudes:200; 1862790.8750 
[2023-12-06 11:09:46.399] magnitudes:500; 2336637.0625 
[2023-12-06 11:09:46.430] magnitudes:800;  277124.8750 
[2023-12-06 11:09:46.461] magnitudes:1000;  291710.8125 
[2023-12-06 11:09:46.494] magnitudes:2000;   94148.1875 
[2023-12-06 11:09:46.528] magnitudes:5000;    5734.8125 
[2023-12-06 11:09:46.543] magnitudes:8000;    7614.3750 
[2023-12-06 11:09:46.574] magnitudes:10000;    1559.3125 
[2023-12-06 11:09:46.605] magnitudes:15000;    1816.1250 
[2023-12-06 11:09:46.640] magnitudes:20000;    1169.8750 
[2023-12-06 11:09:46.671] magnitudes:30000;    1136.0000 
[2023-12-06 11:09:46.687] magnitudes:40000;     456.5000 
[2023-12-06 11:09:46.718] magnitudes:50000;    2760.1875 
[2023-12-06 11:09:46.749] magnitudes:60000;    7586.8750 
[2023-12-06 11:09:46.781] magnitudes:70000;    6422.1875 
[2023-12-06 11:09:46.815] magnitudes:200;12091865.0625 
[2023-12-06 11:09:46.846] magnitudes:500;24626373.6875 
[2023-12-06 11:09:46.879] magnitudes:800;13602042.3750 
[2023-12-06 11:09:46.893] magnitudes:1000; 4518672.6875 
[2023-12-06 11:09:46.926] magnitudes:2000;   68024.2500 
[2023-12-06 11:09:46.960] magnitudes:5000;   27138.7500 
[2023-12-06 11:09:46.990] magnitudes:8000;   16534.1250 
[2023-12-06 11:09:47.023] magnitudes:10000;   11815.3125 
[2023-12-06 11:09:47.056] magnitudes:15000;    7827.0625 
[2023-12-06 11:09:47.072] magnitudes:20000;    5710.0000 
[2023-12-06 11:09:47.102] magnitudes:30000;    4049.5625 
[2023-12-06 11:09:47.134] magnitudes:40000;    3066.2500 
[2023-12-06 11:09:47.166] magnitudes:50000;    2507.8125 
[2023-12-06 11:09:47.198] magnitudes:60000;    3568.5625 
[2023-12-06 11:09:47.231] magnitudes:70000;    2518.9375 
[2023-12-06 11:09:47.263] magnitudes:200; 3230868.5000 
[2023-12-06 11:09:47.278] magnitudes:500;  325620.0000 
[2023-12-06 11:09:47.310] magnitudes:800;  223376.2500 
[2023-12-06 11:09:47.342] magnitudes:1000; 4062632.8125 
[2023-12-06 11:09:47.376] magnitudes:2000; 2443723.6250 
[2023-12-06 11:09:47.407] magnitudes:5000;  548877.2500 
[2023-12-06 11:09:47.440] magnitudes:8000;  255027.0000 
[2023-12-06 11:09:47.455] magnitudes:10000;  232158.0000 
[2023-12-06 11:09:47.487] magnitudes:15000;  110955.1875 
[2023-12-06 11:09:47.520] magnitudes:20000;   65462.8125 
[2023-12-06 11:09:47.552] magnitudes:30000;   31123.6875 
[2023-12-06 11:09:47.584] magnitudes:40000;   19093.3125 
[2023-12-06 11:09:47.614] magnitudes:50000;   14055.6250 
[2023-12-06 11:09:47.630] magnitudes:60000;   11400.9375 
[2023-12-06 11:09:47.664] magnitudes:70000;   10422.5625 
[2023-12-06 11:09:47.694] magnitudes:200;78127330.8125 
[2023-12-06 11:09:47.728] magnitudes:500;37494260.3125 
[2023-12-06 11:09:47.759] magnitudes:800;18282658.1875 
[2023-12-06 11:09:47.790] magnitudes:1000;14570760.3750 
[2023-12-06 11:09:47.824] magnitudes:2000; 3854900.8750 
[2023-12-06 11:09:47.838] magnitudes:5000;  558915.0625 
[2023-12-06 11:09:47.871] magnitudes:8000;  164245.5000 
[2023-12-06 11:09:47.903] magnitudes:10000;   78446.2500 
[2023-12-06 11:09:47.934] magnitudes:15000;   22559.5000 
[2023-12-06 11:09:47.966] magnitudes:20000;    9686.5000 
[2023-12-06 11:09:47.999] magnitudes:30000;    5409.5625 
[2023-12-06 11:09:48.014] magnitudes:40000;    3324.1250 
[2023-12-06 11:09:48.046] magnitudes:50000;    2344.8125 
[2023-12-06 11:09:48.079] magnitudes:60000;    1866.5000 
[2023-12-06 11:09:48.111] magnitudes:70000;    1857.9375 
[2023-12-06 11:09:48.143] magnitudes:200;   25679.5000 
[2023-12-06 11:09:48.175] magnitudes:500;   32148.0000 
[2023-12-06 11:09:48.207] magnitudes:800;   37010.1875 
[2023-12-06 11:09:48.222] magnitudes:1000;   37459.6250 
[2023-12-06 11:09:48.255] magnitudes:2000;   36386.8125 
[2023-12-06 11:09:48.288] magnitudes:5000;   21433.3125 
[2023-12-06 11:09:48.320] magnitudes:8000;   13817.1250 
[2023-12-06 11:09:48.352] magnitudes:10000;   10925.6250 
[2023-12-06 11:09:48.367] magnitudes:15000;    7097.2500 
[2023-12-06 11:09:48.399] magnitudes:20000;    5087.8750 
[2023-12-06 11:09:48.430] magnitudes:30000;    3198.0625 
[2023-12-06 11:09:48.463] magnitudes:40000;    2328.0000 
[2023-12-06 11:09:48.496] magnitudes:50000;    1784.8750 
[2023-12-06 11:09:48.529] magnitudes:60000;    1561.6250 
[2023-12-06 11:09:48.543] magnitudes:70000;    1443.9375 
[2023-12-06 11:09:48.576] magnitudes:200;   14167.9375 
[2023-12-06 11:09:48.607] magnitudes:500;   18419.5000 
[2023-12-06 11:09:48.639] magnitudes:800;   22218.8750 
[2023-12-06 11:09:48.672] magnitudes:1000;   23767.7500 
[2023-12-06 11:09:48.704] magnitudes:2000;   24606.1250 
[2023-12-06 11:09:48.735] magnitudes:5000;   15768.1875 
[2023-12-06 11:09:48.751] magnitudes:8000;    9553.7500 
[2023-12-06 11:09:48.783] magnitudes:10000;    7057.3125 
[2023-12-06 11:09:48.816] magnitudes:15000;    4400.0625 
[2023-12-06 11:09:48.848] magnitudes:20000;    2953.5625 
[2023-12-06 11:09:48.879] magnitudes:30000;    1900.7500 
[2023-12-06 11:09:48.912] magnitudes:40000;    1511.1875 
[2023-12-06 11:09:48.927] magnitudes:50000;    1253.7500 
[2023-12-06 11:09:48.961] magnitudes:60000;    1085.0000 
[2023-12-06 11:09:48.993] magnitudes:70000;    1021.0000 
[2023-12-06 11:09:49.023] magnitudes:200;    9761.6250 
[2023-12-06 11:09:49.057] magnitudes:500;   12097.7500 
[2023-12-06 11:09:49.088] magnitudes:800;   14526.3125 
[2023-12-06 11:09:49.119] magnitudes:1000;   15415.5000 
[2023-12-06 11:09:49.136] magnitudes:2000;   15848.6875 
[2023-12-06 11:09:49.167] magnitudes:5000;    9013.8125 
[2023-12-06 11:09:49.200] magnitudes:8000;    5548.3750 
[2023-12-06 11:09:49.233] magnitudes:10000;    4150.0625 
[2023-12-06 11:09:49.264] magnitudes:15000;    2592.2500 
[2023-12-06 11:09:49.295] magnitudes:20000;    1855.7500 
[2023-12-06 11:09:49.311] magnitudes:30000;    1364.5625 
[2023-12-06 11:09:49.345] magnitudes:40000;    1236.4375 
[2023-12-06 11:09:49.377] magnitudes:50000;    1150.9375 
[2023-12-06 11:09:49.409] magnitudes:60000;    1077.5000 
[2023-12-06 11:09:49.439] magnitudes:70000;    1419.1875 
[2023-12-06 11:09:49.472] magnitudes:200;    9097.6250 
[2023-12-06 11:09:49.505] magnitudes:500;    8788.0625 
[2023-12-06 11:09:49.520] magnitudes:800;   11439.2500 
[2023-12-06 11:09:49.552] magnitudes:1000;   11680.5000 
[2023-12-06 11:09:49.583] magnitudes:2000;   11306.0625 
[2023-12-06 11:09:49.616] magnitudes:5000;    6336.1250 
[2023-12-06 11:09:49.649] magnitudes:8000;    3803.5625 
[2023-12-06 11:09:49.664] magnitudes:10000;    2873.0000 
[2023-12-06 11:09:49.696] magnitudes:15000;    1944.2500 
[2023-12-06 11:09:49.729] magnitudes:20000;    1450.5625 
[2023-12-06 11:09:49.761] magnitudes:30000;    1253.3125 
[2023-12-06 11:09:49.792] magnitudes:40000;    1132.0625 
[2023-12-06 11:09:49.825] magnitudes:50000;    1222.3750 
[2023-12-06 11:09:49.840] magnitudes:60000;    1187.5000 
[2023-12-06 11:09:49.872] magnitudes:70000;    1390.1875 
[2023-12-06 11:09:49.904] magnitudes:200;    6716.3125 
[2023-12-06 11:09:49.935] magnitudes:500;    8395.7500 
[2023-12-06 11:09:49.969] magnitudes:800;    8814.1875 
[2023-12-06 11:09:50.001] magnitudes:1000;    8890.0625 
[2023-12-06 11:09:50.031] magnitudes:2000;    8466.9375 
[2023-12-06 11:09:50.048] magnitudes:5000;    4324.6250 
[2023-12-06 11:09:50.081] magnitudes:8000;    2480.7500 
[2023-12-06 11:09:50.111] magnitudes:10000;    1785.9375 
[2023-12-06 11:09:50.143] magnitudes:15000;    1301.6250 
[2023-12-06 11:09:50.176] magnitudes:20000;    1161.7500 
[2023-12-06 11:09:50.211] magnitudes:30000;    1168.5000 
[2023-12-06 11:09:50.224] magnitudes:40000;    1128.5000 
[2023-12-06 11:09:50.255] magnitudes:50000;    1159.0000 
[2023-12-06 11:09:50.288] magnitudes:60000;    1390.1875 
[2023-12-06 11:09:50.320] magnitudes:70000;    1394.5000 
[2023-12-06 11:09:50.353] magnitudes:200;    7114.8125 
[2023-12-06 11:09:50.385] magnitudes:500;    8048.9375 
[2023-12-06 11:09:50.416] magnitudes:800;    7582.0625 
[2023-12-06 11:09:50.433] magnitudes:1000;    8067.6250 
[2023-12-06 11:09:50.463] magnitudes:2000;    7057.0000 
[2023-12-06 11:09:50.496] magnitudes:5000;    3461.1250 
[2023-12-06 11:09:50.530] magnitudes:8000;    1918.0000 
[2023-12-06 11:09:50.562] magnitudes:10000;    1413.0000 
[2023-12-06 11:09:50.594] magnitudes:15000;    1097.1875 
[2023-12-06 11:09:50.608] magnitudes:20000;    1061.3750 
[2023-12-06 11:09:50.641] magnitudes:30000;    1126.7500 
[2023-12-06 11:09:50.673] magnitudes:40000;    1237.9375 
[2023-12-06 11:09:50.704] magnitudes:50000;    1261.3125 
[2023-12-06 11:09:50.735] magnitudes:60000;    1465.3125 
[2023-12-06 11:09:50.768] magnitudes:70000;    1394.5000 
[2023-12-06 11:09:50.800] magnitudes:200;    6661.6250 
[2023-12-06 11:09:50.817] magnitudes:500;    6847.5000 
[2023-12-06 11:09:50.848] magnitudes:800;    7362.8750 
[2023-12-06 11:09:50.881] magnitudes:1000;    6866.3125 
[2023-12-06 11:09:50.913] magnitudes:2000;    6062.1250 
[2023-12-06 11:09:50.945] magnitudes:5000;    2784.5000 
[2023-12-06 11:09:50.960] magnitudes:8000;    1384.8125 
[2023-12-06 11:09:50.992] magnitudes:10000;    1144.1875 
[2023-12-06 11:09:51.024] magnitudes:15000;    1021.1250 
[2023-12-06 11:09:51.056] magnitudes:20000;    1034.8125 
[2023-12-06 11:09:51.089] magnitudes:30000;    1104.0625 
[2023-12-06 11:09:51.120] magnitudes:40000;    1186.1250 
[2023-12-06 11:09:51.136] magnitudes:50000;    1254.4375 
[2023-12-06 11:09:51.170] magnitudes:60000;    1269.0000 
[2023-12-06 11:09:51.201] magnitudes:70000;    1398.8125 
[2023-12-06 11:09:51.232] magnitudes:200;    6197.2500 
[2023-12-06 11:09:51.266] magnitudes:500;    6727.3125 
[2023-12-06 11:09:51.299] magnitudes:800;    6623.7500 
[2023-12-06 11:09:51.330] magnitudes:1000;    6885.6875 
[2023-12-06 11:09:51.344] magnitudes:2000;    5578.5000 
[2023-12-06 11:09:51.377] magnitudes:5000;    2441.3750 
[2023-12-06 11:09:51.408] magnitudes:8000;    1212.8125 
[2023-12-06 11:09:51.442] magnitudes:10000;    1034.6250 
[2023-12-06 11:09:51.473] magnitudes:15000;     950.5000 
[2023-12-06 11:09:51.504] magnitudes:20000;    1000.3750 
[2023-12-06 11:09:51.520] magnitudes:30000;    1102.8125 
[2023-12-06 11:09:51.553] magnitudes:40000;    1182.9375 
[2023-12-06 11:09:51.585] magnitudes:50000;    1253.0625 
[2023-12-06 11:09:51.617] magnitudes:60000;    1460.1250 
[2023-12-06 11:09:51.650] magnitudes:70000;    1382.3125 
[2023-12-06 11:09:51.682] magnitudes:200;    7370.5000 
[2023-12-06 11:09:51.712] magnitudes:500;    7102.8750 
[2023-12-06 11:09:51.728] magnitudes:800;    6426.3125 
[2023-12-06 11:09:51.761] magnitudes:1000;    6562.4375 
[2023-12-06 11:09:51.793] magnitudes:2000;    5627.0625 
[2023-12-06 11:09:51.825] magnitudes:5000;    2769.6875 
[2023-12-06 11:09:51.858] magnitudes:8000;    1779.6250 
[2023-12-06 11:09:51.889] magnitudes:10000;    1726.2500 
[2023-12-06 11:09:51.905] magnitudes:15000;    1383.0000 
[2023-12-06 11:09:51.938] magnitudes:20000;    1296.3125 
[2023-12-06 11:09:51.970] magnitudes:30000;    1184.1875 
[2023-12-06 11:09:52.003] magnitudes:40000;    1181.6250 
[2023-12-06 11:09:52.033] magnitudes:50000;    1268.2500 
[2023-12-06 11:09:52.065] magnitudes:60000;    1287.0625 
[2023-12-06 11:09:52.082] magnitudes:70000;    1394.5000 
[2023-12-06 11:09:52.113] magnitudes:200;    8636.1250 
[2023-12-06 11:09:52.145] magnitudes:500;   11554.4375 
[2023-12-06 11:09:52.179] magnitudes:800;   16572.1875 
[2023-12-06 11:09:52.210] magnitudes:1000;   18903.1250 
[2023-12-06 11:09:52.244] magnitudes:2000;   21913.0000 
[2023-12-06 11:09:52.257] magnitudes:5000;   15657.2500 
[2023-12-06 11:09:52.290] magnitudes:8000;   11763.5625 
[2023-12-06 11:09:52.322] magnitudes:10000;   10447.1250 
[2023-12-06 11:09:52.354] magnitudes:15000;   10164.0000 
[2023-12-06 11:09:52.385] magnitudes:20000;   34683.4375 
[2023-12-06 11:09:52.417] magnitudes:30000;   38014.7500 
[2023-12-06 11:09:52.434] magnitudes:40000;   22723.0000 
[2023-12-06 11:09:52.464] magnitudes:50000;   15400.7500 
[2023-12-06 11:09:52.497] magnitudes:60000;   12010.5625 
[2023-12-06 11:09:52.530] magnitudes:70000;   10442.9375 
[2023-12-06 11:09:52.561] magnitudes:200;95998120.8125 
[2023-12-06 11:09:52.593] magnitudes:500;31784024.1250 
[2023-12-06 11:09:52.625] magnitudes:800;17703399.3750 
[2023-12-06 11:09:52.642] magnitudes:1000;13171111.4375 
[2023-12-06 11:09:52.675] magnitudes:2000; 4785113.3125 
[2023-12-06 11:09:52.706] magnitudes:5000;  906202.0000 
[2023-12-06 11:09:52.737] magnitudes:8000;  361997.1875 
[2023-12-06 11:09:52.770] magnitudes:10000;  234716.9375 
[2023-12-06 11:09:52.803] magnitudes:15000;  105109.9375 
[2023-12-06 11:09:52.817] magnitudes:20000;   55938.1875 
[2023-12-06 11:09:52.849] magnitudes:30000;   23485.8125 
[2023-12-06 11:09:52.882] magnitudes:40000;   12381.5000 
[2023-12-06 11:09:52.914] magnitudes:50000;    2756.4375 
[2023-12-06 11:09:52.946] magnitudes:60000;    2117.1875 
[2023-12-06 11:09:52.977] magnitudes:70000;    2353.0625 
[2023-12-06 11:09:53.009] magnitudes:200;  889340.0625 
[2023-12-06 11:09:53.026] magnitudes:500;  187829.6250 
[2023-12-06 11:09:53.057] magnitudes:800;  120465.8125 
[2023-12-06 11:09:53.090] magnitudes:1000;   96497.5625 
[2023-12-06 11:09:53.121] magnitudes:2000;   44336.2500 
[2023-12-06 11:09:53.154] magnitudes:5000;   17415.6250 
[2023-12-06 11:09:53.188] magnitudes:8000;   10803.0625 
[2023-12-06 11:09:53.202] magnitudes:10000;    8341.6250 
[2023-12-06 11:09:53.234] magnitudes:15000;    5468.3750 
[2023-12-06 11:09:53.267] magnitudes:20000;    4163.6250 
[2023-12-06 11:09:53.298] magnitudes:30000;    2809.5625 
[2023-12-06 11:09:53.330] magnitudes:40000;    2389.3750 
[2023-12-06 11:09:53.364] magnitudes:50000;    1974.0000 
[2023-12-06 11:09:53.379] magnitudes:60000;    1922.5000 
[2023-12-06 11:09:53.412] magnitudes:70000;    1690.7500 
[2023-12-06 11:09:53.442] magnitudes:200;  460087.7500 
[2023-12-06 11:09:53.474] magnitudes:500;  160554.3750 
[2023-12-06 11:09:53.506] magnitudes:800;  118239.3125 
[2023-12-06 11:09:53.537] magnitudes:1000;   76739.8125 
[2023-12-06 11:09:53.570] magnitudes:2000;   41827.1250 
[2023-12-06 11:09:53.586] magnitudes:5000;   16485.7500 
[2023-12-06 11:09:53.618] magnitudes:8000;   10223.5625 
[2023-12-06 11:09:53.652] magnitudes:10000;    8279.1250 
[2023-12-06 11:09:53.683] magnitudes:15000;    5587.0625 
[2023-12-06 11:09:53.714] magnitudes:20000;    4133.1250 
[2023-12-06 11:09:53.730] magnitudes:30000;    2933.5000 
[2023-12-06 11:09:53.761] magnitudes:40000;    2257.0625 
[2023-12-06 11:09:53.794] magnitudes:50000;    1984.0625 
[2023-12-06 11:09:53.826] magnitudes:60000;    2276.0000 
[2023-12-06 11:09:53.858] magnitudes:70000;    1721.2500 
[2023-12-06 11:09:53.890] magnitudes:200; 1639305.7500 
[2023-12-06 11:09:53.923] magnitudes:500;  172613.8125 
[2023-12-06 11:09:53.938] magnitudes:800;   99105.1250 
[2023-12-06 11:09:53.970] magnitudes:1000;   89048.6250 
[2023-12-06 11:09:54.002] magnitudes:2000;   43182.5625 
[2023-12-06 11:09:54.034] magnitudes:5000;   17447.2500 
[2023-12-06 11:09:54.068] magnitudes:8000;   10754.5625 
[2023-12-06 11:09:54.098] magnitudes:10000;    8605.8125 
[2023-12-06 11:09:54.113] magnitudes:15000;    5949.8750 
[2023-12-06 11:09:54.147] magnitudes:20000;    4498.0625 
[2023-12-06 11:09:54.179] magnitudes:30000;    3099.7500 
[2023-12-06 11:09:54.211] magnitudes:40000;    2622.8750 
[2023-12-06 11:09:54.244] magnitudes:50000;    2312.2500 
[2023-12-06 11:09:54.275] magnitudes:60000;    2267.2500 
[2023-12-06 11:09:54.290] magnitudes:70000;    2427.6875 
[2023-12-06 11:09:54.322] magnitudes:200;  532696.6250 
[2023-12-06 11:09:54.355] magnitudes:500;  231924.7500 
[2023-12-06 11:09:54.387] magnitudes:800;  125369.5625 
[2023-12-06 11:09:54.418] magnitudes:1000;   94019.3125 
[2023-12-06 11:09:54.450] magnitudes:2000;   46498.2500 
[2023-12-06 11:09:54.483] magnitudes:5000;   17783.2500 
[2023-12-06 11:09:54.498] magnitudes:8000;   11272.3750 
[2023-12-06 11:09:54.531] magnitudes:10000;    8900.7500 
[2023-12-06 11:09:54.564] magnitudes:15000;    5949.8750 
[2023-12-06 11:09:54.597] magnitudes:20000;    4498.0625 
[2023-12-06 11:09:54.627] magnitudes:30000;    3113.0000 
[2023-12-06 11:09:54.659] magnitudes:40000;    2508.1875 
[2023-12-06 11:09:54.675] magnitudes:50000;    2324.1875 
[2023-12-06 11:09:54.707] magnitudes:60000;    2298.3125 
[2023-12-06 11:09:54.739] magnitudes:70000;    2391.0625 
[2023-12-06 11:09:54.774] magnitudes:200;  758795.0625 
[2023-12-06 11:09:54.803] magnitudes:500;  214975.9375 
[2023-12-06 11:09:54.835] magnitudes:800;  117460.5000 
[2023-12-06 11:09:54.868] magnitudes:1000;   91685.9375 
[2023-12-06 11:09:54.884] magnitudes:2000;   45653.0625 
[2023-12-06 11:09:54.915] magnitudes:5000;   17447.2500 
[2023-12-06 11:09:54.947] magnitudes:8000;   11024.0625 
[2023-12-06 11:09:54.979] magnitudes:10000;    8682.9375 
[2023-12-06 11:09:55.010] magnitudes:15000;    5859.0625 
[2023-12-06 11:09:55.027] magnitudes:20000;    4433.3750 
[2023-12-06 11:09:55.059] magnitudes:30000;    3138.6250 
[2023-12-06 11:09:55.091] magnitudes:40000;    2520.1875 
[2023-12-06 11:09:55.123] magnitudes:50000;    2336.3125 
[2023-12-06 11:09:55.157] magnitudes:60000;    1979.1250 
[2023-12-06 11:09:55.187] magnitudes:70000;    2391.0625 
[2023-12-06 11:09:55.219] magnitudes:200;  698138.5625 
[2023-12-06 11:09:55.235] magnitudes:500;  192186.3750 
[2023-12-06 11:09:55.267] magnitudes:800;  120417.0000 
[2023-12-06 11:09:55.299] magnitudes:1000;   91685.9375 
[2023-12-06 11:09:55.331] magnitudes:2000;   45204.1250 
[2023-12-06 11:09:55.365] magnitudes:5000;   18088.6875 
[2023-12-06 11:09:55.396] magnitudes:8000;   11194.7500 
[2023-12-06 11:09:55.411] magnitudes:10000;    8938.6250 
[2023-12-06 11:09:55.443] magnitudes:15000;    6037.5625 
[2023-12-06 11:09:55.475] magnitudes:20000;    4433.3750 
[2023-12-06 11:09:55.509] magnitudes:30000;    3162.0625 
[2023-12-06 11:09:55.539] magnitudes:40000;    2540.8750 
[2023-12-06 11:09:55.573] magnitudes:50000;    2336.3125 
[2023-12-06 11:09:55.587] magnitudes:60000;    2320.7500 
[2023-12-06 11:09:55.619] magnitudes:70000;    2427.6875 
[2023-12-06 11:09:55.653] magnitudes:200;  468168.6250 
[2023-12-06 11:09:55.683] magnitudes:500;  215691.8750 
[2023-12-06 11:09:55.717] magnitudes:800;  114293.4375 
[2023-12-06 11:09:55.748] magnitudes:1000;   83869.8125 
[2023-12-06 11:09:55.780] magnitudes:2000;   40153.3125 
[2023-12-06 11:09:55.795] magnitudes:5000;   16142.4375 
[2023-12-06 11:09:55.827] magnitudes:8000;    9609.5625 
[2023-12-06 11:09:55.859] magnitudes:10000;    7304.3125 
[2023-12-06 11:09:55.891] magnitudes:15000;    4828.8125 
[2023-12-06 11:09:55.924] magnitudes:20000;    3707.1875 
[2023-12-06 11:09:55.956] magnitudes:30000;    2486.6875 
[2023-12-06 11:09:55.972] magnitudes:40000;    2140.6875 
[2023-12-06 11:09:56.004] magnitudes:50000;    1778.7500 
[2023-12-06 11:09:56.035] magnitudes:60000;    1879.5000 
[2023-12-06 11:09:56.068] magnitudes:70000;    1604.3125 
[2023-12-06 11:09:56.100] magnitudes:200;  729663.6250 
[2023-12-06 11:09:56.132] magnitudes:500;  162988.2500 
[2023-12-06 11:09:56.164] magnitudes:800;   90107.8125 
[2023-12-06 11:09:56.180] magnitudes:1000;   78349.3750 
[2023-12-06 11:09:56.212] magnitudes:2000;   37273.5000 
[2023-12-06 11:09:56.243] magnitudes:5000;   14362.7500 
[2023-12-06 11:09:56.276] magnitudes:8000;    8795.8125 
[2023-12-06 11:09:56.308] magnitudes:10000;    7163.7500 
[2023-12-06 11:09:56.324] magnitudes:15000;    4807.1250 
[2023-12-06 11:09:56.356] magnitudes:20000;    3693.9375 
[2023-12-06 11:09:56.388] magnitudes:30000;    2477.4375 
