
[2023-12-06 11:48:47.404] magnitudes:40000;    4597.6250 
[2023-12-06 11:48:47.428] magnitudes:50000;    4049.5000 
[2023-12-06 11:48:47.428] magnitudes:60000;    3904.6250 
[2023-12-06 11:48:47.428] magnitudes:70000;    4070.5625 
[2023-12-06 11:48:47.428] magnitudes:200;  717948.5625 
[2023-12-06 11:48:47.428] magnitudes:500;  369657.9375 
[2023-12-06 11:48:47.428] magnitudes:800;  179493.0000 
[2023-12-06 11:48:47.428] magnitudes:1000;  154486.8125 
[2023-12-06 11:48:47.428] magnitudes:2000;   76119.1875 
[2023-12-06 11:48:47.428] magnitudes:5000;   30507.1250 
[2023-12-06 11:48:47.428] magnitudes:8000;   19150.4375 
[2023-12-06 11:48:47.428] magnitudes:10000;   15302.1250 
[2023-12-06 11:48:47.428] magnitudes:15000;   10410.6250 
[2023-12-06 11:48:47.428] magnitudes:20000;    7964.9375 
[2023-12-06 11:48:47.428] magnitudes:30000;    5604.6250 
[2023-12-06 11:48:47.428] magnitudes:40000;    4675.9375 
[2023-12-06 11:48:47.428] magnitudes:50000;    4049.5000 
[2023-12-06 11:48:47.428] magnitudes:60000;    3904.6250 
[2023-12-06 11:48:47.428] magnitudes:70000;    4070.5625 
[2023-12-06 11:48:47.428] magnitudes:200;  381020.6250 
[2023-12-06 11:48:47.428] magnitudes:500;  160408.3125 
[2023-12-06 11:48:47.428] magnitudes:800;  217649.4375 
[2023-12-06 11:48:47.428] magnitudes:1000;  151829.9375 
[2023-12-06 11:48:47.428] magnitudes:2000;   75015.8750 
[2023-12-06 11:48:47.428] magnitudes:5000;   30383.3125 
[2023-12-06 11:48:47.428] magnitudes:8000;   19150.4375 
[2023-12-06 11:48:47.428] magnitudes:10000;   15237.2500 
[2023-12-06 11:48:47.428] magnitudes:15000;   10364.8750 
[2023-12-06 11:48:47.428] magnitudes:20000;    7974.6250 
[2023-12-06 11:48:47.428] magnitudes:30000;    5620.1250 
[2023-12-06 11:48:47.428] magnitudes:40000;    4597.6250 
[2023-12-06 11:48:47.428] magnitudes:50000;    4149.5000 
[2023-12-06 11:48:47.428] magnitudes:60000;    3904.6250 
[2023-12-06 11:48:47.444] magnitudes:70000;    4070.5625 
[2023-12-06 11:48:47.444] magnitudes:200; 1080231.4375 
[2023-12-06 11:48:47.444] magnitudes:500;  316059.4375 
[2023-12-06 11:48:47.444] magnitudes:800;  187681.3125 
[2023-12-06 11:48:47.444] magnitudes:1000;  154314.6875 
[2023-12-06 11:48:47.444] magnitudes:2000;   76119.1875 
[2023-12-06 11:48:47.444] magnitudes:5000;   30507.1250 
[2023-12-06 11:48:47.444] magnitudes:8000;   19271.1250 
[2023-12-06 11:48:47.444] magnitudes:10000;   15479.8125 
[2023-12-06 11:48:47.444] magnitudes:15000;   10364.8750 
[2023-12-06 11:48:47.444] magnitudes:20000;    7940.0000 
[2023-12-06 11:48:47.444] magnitudes:30000;    5602.0000 
[2023-12-06 11:48:47.444] magnitudes:40000;    4502.1875 
[2023-12-06 11:48:47.444] magnitudes:50000;    4149.5000 
[2023-12-06 11:48:47.444] magnitudes:60000;    3904.6250 
[2023-12-06 11:48:47.444] magnitudes:70000;    4129.3750 
[2023-12-06 11:48:47.444] magnitudes:200;  742173.6875 
[2023-12-06 11:48:47.444] magnitudes:500;  434041.5000 
[2023-12-06 11:48:47.444] magnitudes:800;  171708.2500 
[2023-12-06 11:48:47.444] magnitudes:1000;  148077.4375 
[2023-12-06 11:48:47.444] magnitudes:2000;   74315.0625 
[2023-12-06 11:48:47.444] magnitudes:5000;   30507.1250 
[2023-12-06 11:48:47.444] magnitudes:8000;   18944.9375 
[2023-12-06 11:48:47.444] magnitudes:10000;   15341.1250 
[2023-12-06 11:48:47.444] magnitudes:15000;   10364.8750 
[2023-12-06 11:48:47.444] magnitudes:20000;    7964.9375 
[2023-12-06 11:48:47.444] magnitudes:30000;    5604.6250 
[2023-12-06 11:48:47.444] magnitudes:40000;    4527.0000 
[2023-12-06 11:48:47.444] magnitudes:50000;    4149.5000 
[2023-12-06 11:48:47.444] magnitudes:60000;    3904.6250 
[2023-12-06 11:48:47.444] magnitudes:70000;    4133.4375 
[2023-12-06 11:48:47.459] magnitudes:200;  927898.5625 
[2023-12-06 11:48:47.459] magnitudes:500;  477314.1875 
[2023-12-06 11:48:47.460] magnitudes:800;  206873.1875 
[2023-12-06 11:48:47.460] magnitudes:1000;  149695.8125 
[2023-12-06 11:48:47.460] magnitudes:2000;   78886.4375 
[2023-12-06 11:48:47.460] magnitudes:5000;   30944.0000 
[2023-12-06 11:48:47.460] magnitudes:8000;   19064.3125 
[2023-12-06 11:48:47.460] magnitudes:10000;   15413.9375 
[2023-12-06 11:48:47.460] magnitudes:15000;   10324.7500 
[2023-12-06 11:48:47.460] magnitudes:20000;    7940.0000 
[2023-12-06 11:48:47.460] magnitudes:30000;    5604.6250 
[2023-12-06 11:48:47.460] magnitudes:40000;    4717.2500 
[2023-12-06 11:48:47.460] magnitudes:50000;    4049.5000 
[2023-12-06 11:48:47.460] magnitudes:60000;    3871.7500 
[2023-12-06 11:48:47.460] magnitudes:70000;    4129.3750 
[2023-12-06 11:48:47.460] magnitudes:200; 1822277.5000 
[2023-12-06 11:48:47.460] magnitudes:500;  180284.3125 
[2023-12-06 11:48:47.460] magnitudes:800;  214720.1875 
[2023-12-06 11:48:47.460] magnitudes:1000;  155189.6250 
[2023-12-06 11:48:47.460] magnitudes:2000;   74315.0625 
[2023-12-06 11:48:47.460] magnitudes:5000;   30238.3125 
[2023-12-06 11:48:47.460] magnitudes:8000;   19294.8750 
[2023-12-06 11:48:47.460] magnitudes:10000;   15311.4375 
[2023-12-06 11:48:47.460] magnitudes:15000;   10364.8750 
[2023-12-06 11:48:47.460] magnitudes:20000;    7964.9375 
[2023-12-06 11:48:47.460] magnitudes:30000;    5586.5000 
[2023-12-06 11:48:47.460] magnitudes:40000;    4587.6875 
[2023-12-06 11:48:47.460] magnitudes:50000;    4049.5000 
[2023-12-06 11:48:47.460] magnitudes:60000;    4168.3750 
[2023-12-06 11:48:47.460] magnitudes:70000;    4129.3750 
[2023-12-06 11:48:47.460] magnitudes:200; 1060459.4375 
[2023-12-06 11:48:47.460] magnitudes:500;  227477.5000 
[2023-12-06 11:48:47.475] magnitudes:800;  173624.1875 
[2023-12-06 11:48:47.475] magnitudes:1000;  151146.3125 
[2023-12-06 11:48:47.475] magnitudes:2000;   78433.7500 
[2023-12-06 11:48:47.475] magnitudes:5000;   30507.1250 
[2023-12-06 11:48:47.475] magnitudes:8000;   19294.8750 
[2023-12-06 11:48:47.475] magnitudes:10000;   15284.9375 
[2023-12-06 11:48:47.475] magnitudes:15000;   10324.7500 
[2023-12-06 11:48:47.475] magnitudes:20000;    7940.0000 
[2023-12-06 11:48:47.475] magnitudes:30000;    5604.6250 
[2023-12-06 11:48:47.475] magnitudes:40000;    4572.5000 
[2023-12-06 11:48:47.475] magnitudes:50000;    4049.5000 
[2023-12-06 11:48:47.475] magnitudes:60000;    4168.3750 
[2023-12-06 11:48:47.475] magnitudes:70000;    4066.6875 
[2023-12-06 11:48:47.475] magnitudes:200;  789075.5000 
[2023-12-06 11:48:47.475] magnitudes:500;  331915.7500 
[2023-12-06 11:48:47.475] magnitudes:800;  202415.8125 
[2023-12-06 11:48:47.475] magnitudes:1000;  152638.0000 
[2023-12-06 11:48:47.475] magnitudes:2000;   75414.4375 
[2023-12-06 11:48:47.475] magnitudes:5000;   30507.1250 
[2023-12-06 11:48:47.475] magnitudes:8000;   19150.4375 
[2023-12-06 11:48:47.475] magnitudes:10000;   15284.9375 
[2023-12-06 11:48:47.475] magnitudes:15000;   10453.3125 
[2023-12-06 11:48:47.475] magnitudes:20000;    7940.0000 
[2023-12-06 11:48:47.475] magnitudes:30000;    5586.5000 
[2023-12-06 11:48:47.475] magnitudes:40000;    4675.9375 
[2023-12-06 11:48:47.475] magnitudes:50000;    4049.5000 
[2023-12-06 11:48:47.475] magnitudes:60000;    3871.7500 
[2023-12-06 11:48:47.475] magnitudes:70000;    4066.6875 
[2023-12-06 11:48:47.475] magnitudes:200; 1396282.4375 
[2023-12-06 11:48:47.475] magnitudes:500;  580758.0000 
[2023-12-06 11:48:47.475] magnitudes:800;  212853.0625 
[2023-12-06 11:48:47.490] magnitudes:1000;  151488.5625 
[2023-12-06 11:48:47.490] magnitudes:2000;   77373.6875 
[2023-12-06 11:48:47.490] magnitudes:5000;   30507.1250 
[2023-12-06 11:48:47.490] magnitudes:8000;   19150.4375 
[2023-12-06 11:48:47.490] magnitudes:10000;   15350.4375 
[2023-12-06 11:48:47.490] magnitudes:15000;   10364.8750 
[2023-12-06 11:48:47.490] magnitudes:20000;    7964.9375 
[2023-12-06 11:48:47.490] magnitudes:30000;    5602.0000 
[2023-12-06 11:48:47.490] magnitudes:40000;    4701.6250 
[2023-12-06 11:48:47.490] magnitudes:50000;    4049.5000 
[2023-12-06 11:48:47.490] magnitudes:60000;    3871.7500 
[2023-12-06 11:48:47.490] magnitudes:70000;    4070.5625 
[2023-12-06 11:48:47.490] magnitudes:200;  596583.4375 
[2023-12-06 11:48:47.490] magnitudes:500;  281893.2500 
[2023-12-06 11:48:47.490] magnitudes:800;  172284.8750 
[2023-12-06 11:48:47.490] magnitudes:1000;  154486.8125 
[2023-12-06 11:48:47.490] magnitudes:2000;   75414.4375 
[2023-12-06 11:48:47.490] magnitudes:5000;   30507.1250 
[2023-12-06 11:48:47.490] magnitudes:8000;   18944.9375 
[2023-12-06 11:48:47.490] magnitudes:10000;   15237.2500 
[2023-12-06 11:48:47.490] magnitudes:15000;   10364.8750 
[2023-12-06 11:48:47.490] magnitudes:20000;    7964.9375 
[2023-12-06 11:48:47.490] magnitudes:30000;    5583.9375 
[2023-12-06 11:48:47.490] magnitudes:40000;    4562.5625 
[2023-12-06 11:48:47.490] magnitudes:50000;    4036.4375 
[2023-12-06 11:48:47.490] magnitudes:60000;    3904.6250 
[2023-12-06 11:48:47.490] magnitudes:70000;    4070.5625 
[2023-12-06 11:48:47.490] magnitudes:200;  372329.1875 
[2023-12-06 11:48:47.490] magnitudes:500;  232824.2500 
[2023-12-06 11:48:47.490] magnitudes:800;  177306.0000 
[2023-12-06 11:48:47.490] magnitudes:1000;  156629.5000 
[2023-12-06 11:48:47.506] magnitudes:2000;   77373.6875 
[2023-12-06 11:48:47.506] magnitudes:5000;   30527.6875 
[2023-12-06 11:48:47.506] magnitudes:8000;   19064.3125 
[2023-12-06 11:48:47.506] magnitudes:10000;   15479.8125 
[2023-12-06 11:48:47.506] magnitudes:15000;   10324.7500 
[2023-12-06 11:48:47.506] magnitudes:20000;    7940.0000 
[2023-12-06 11:48:47.506] magnitudes:30000;    5604.6250 
[2023-12-06 11:48:47.506] magnitudes:40000;    4572.5000 
[2023-12-06 11:48:47.506] magnitudes:50000;    4049.5000 
[2023-12-06 11:48:47.506] magnitudes:60000;    3904.6250 
[2023-12-06 11:48:47.506] magnitudes:70000;    4066.6875 
[2023-12-06 11:48:47.506] magnitudes:200; 1537354.0000 
[2023-12-06 11:48:47.506] magnitudes:500;  196865.7500 
[2023-12-06 11:48:47.506] magnitudes:800;  217649.4375 
[2023-12-06 11:48:47.506] magnitudes:1000;  157158.9375 
[2023-12-06 11:48:47.506] magnitudes:2000;   76119.1875 
[2023-12-06 11:48:47.506] magnitudes:5000;   30507.1250 
[2023-12-06 11:48:47.506] magnitudes:8000;   19064.3125 
[2023-12-06 11:48:47.506] magnitudes:10000;   15479.8125 
[2023-12-06 11:48:47.506] magnitudes:15000;   10364.8750 
[2023-12-06 11:48:47.506] magnitudes:20000;    7964.9375 
[2023-12-06 11:48:47.506] magnitudes:30000;    5602.0000 
[2023-12-06 11:48:47.506] magnitudes:40000;    4597.6250 
[2023-12-06 11:48:47.506] magnitudes:50000;    4049.5000 
[2023-12-06 11:48:47.506] magnitudes:60000;    3904.6250 
[2023-12-06 11:48:47.506] magnitudes:70000;    4070.5625 
[2023-12-06 11:48:47.506] magnitudes:200; 1191913.6250 
[2023-12-06 11:48:47.506] magnitudes:500;  486037.8750 
[2023-12-06 11:48:47.506] magnitudes:800;  193692.0000 
[2023-12-06 11:48:47.506] magnitudes:1000;  153688.3750 
[2023-12-06 11:48:47.506] magnitudes:2000;   75015.8750 
[2023-12-06 11:48:47.506] magnitudes:5000;   30507.1250 
[2023-12-06 11:48:47.522] magnitudes:8000;   19087.8125 
[2023-12-06 11:48:47.522] magnitudes:10000;   15237.2500 
[2023-12-06 11:48:47.522] magnitudes:15000;   10405.1250 
[2023-12-06 11:48:47.522] magnitudes:20000;    7974.6250 
[2023-12-06 11:48:47.522] magnitudes:30000;    5604.6250 
[2023-12-06 11:48:47.522] magnitudes:40000;    4587.6875 
[2023-12-06 11:48:47.522] magnitudes:50000;    4149.5000 
[2023-12-06 11:48:47.522] magnitudes:60000;    3893.5625 
[2023-12-06 11:48:47.522] magnitudes:70000;    4070.5625 
[2023-12-06 11:48:47.522] magnitudes:200;  765120.6250 
[2023-12-06 11:48:47.522] magnitudes:500;  362375.8750 
[2023-12-06 11:48:47.522] magnitudes:800;  172683.2500 
[2023-12-06 11:48:47.522] magnitudes:1000;  150837.7500 
[2023-12-06 11:48:47.522] magnitudes:2000;   77172.2500 
[2023-12-06 11:48:47.522] magnitudes:5000;   30507.1250 
[2023-12-06 11:48:47.522] magnitudes:8000;   19294.8750 
[2023-12-06 11:48:47.522] magnitudes:10000;   15284.9375 
[2023-12-06 11:48:47.522] magnitudes:15000;   10364.8750 
[2023-12-06 11:48:47.522] magnitudes:20000;    7964.9375 
[2023-12-06 11:48:47.522] magnitudes:30000;    5622.8125 
[2023-12-06 11:48:47.522] magnitudes:40000;    4527.0000 
[2023-12-06 11:48:47.522] magnitudes:50000;    4049.5000 
[2023-12-06 11:48:47.522] magnitudes:60000;    4168.3750 
[2023-12-06 11:48:47.522] magnitudes:70000;    4066.6875 
[2023-12-06 11:48:47.522] magnitudes:200; 1874832.6875 
[2023-12-06 11:48:47.522] magnitudes:500;  281609.4375 
[2023-12-06 11:48:47.522] magnitudes:800;  205926.1250 
[2023-12-06 11:48:47.522] magnitudes:1000;  152327.7500 
[2023-12-06 11:48:47.522] magnitudes:2000;   75015.8750 
[2023-12-06 11:48:47.522] magnitudes:5000;   30507.1250 
[2023-12-06 11:48:47.522] magnitudes:8000;   19173.8125 
[2023-12-06 11:48:47.537] magnitudes:10000;   15284.9375 
[2023-12-06 11:48:47.537] magnitudes:15000;   10364.8750 
[2023-12-06 11:48:47.537] magnitudes:20000;    7974.6250 
[2023-12-06 11:48:47.537] magnitudes:30000;    5622.8125 
[2023-12-06 11:48:47.537] magnitudes:40000;    4536.8750 
[2023-12-06 11:48:47.537] magnitudes:50000;    4149.5000 
[2023-12-06 11:48:47.537] magnitudes:60000;    4203.7500 
[2023-12-06 11:48:47.537] magnitudes:70000;    4133.4375 
[2023-12-06 11:48:47.537] magnitudes:200;  973506.6875 
[2023-12-06 11:48:47.537] magnitudes:500;  174640.2500 
[2023-12-06 11:48:47.537] magnitudes:800;  193233.1250 
[2023-12-06 11:48:47.537] magnitudes:1000;  151265.2500 
[2023-12-06 11:48:47.537] magnitudes:2000;   76647.8125 
[2023-12-06 11:48:47.537] magnitudes:5000;   30638.1875 
[2023-12-06 11:48:47.537] magnitudes:8000;   19087.8125 
[2023-12-06 11:48:47.537] magnitudes:10000;   15398.3125 
[2023-12-06 11:48:47.537] magnitudes:15000;   10445.8750 
[2023-12-06 11:48:47.537] magnitudes:20000;    7885.3125 
[2023-12-06 11:48:47.537] magnitudes:30000;    5641.1250 
[2023-12-06 11:48:47.537] magnitudes:40000;    4428.3125 
[2023-12-06 11:48:47.537] magnitudes:50000;    4081.3750 
[2023-12-06 11:48:47.537] magnitudes:60000;    3904.6250 
[2023-12-06 11:48:47.537] magnitudes:70000;    4133.4375 
[2023-12-06 11:48:47.537] magnitudes:200;  297267.5000 
[2023-12-06 11:48:47.537] magnitudes:500;  391484.5625 
[2023-12-06 11:48:47.537] magnitudes:800;  164917.7500 
[2023-12-06 11:48:47.537] magnitudes:1000;  152731.0000 
[2023-12-06 11:48:47.537] magnitudes:2000;   76119.1875 
[2023-12-06 11:48:47.537] magnitudes:5000;   30924.7500 
[2023-12-06 11:48:47.537] magnitudes:8000;   19294.8750 
[2023-12-06 11:48:47.537] magnitudes:10000;   15558.0000 
[2023-12-06 11:48:47.539] magnitudes:15000;   10410.6250 
[2023-12-06 11:48:47.539] magnitudes:20000;    7990.1250 
[2023-12-06 11:48:47.539] magnitudes:30000;    5641.1250 
[2023-12-06 11:48:47.540] magnitudes:40000;    4413.6250 
[2023-12-06 11:48:47.573] magnitudes:50000;    4149.5000 
[2023-12-06 11:48:47.605] magnitudes:60000;    3904.6250 
[2023-12-06 11:48:47.636] magnitudes:70000;    4133.4375 
[2023-12-06 11:48:47.669] magnitudes:200;  871575.2500 
[2023-12-06 11:48:47.700] magnitudes:500;  418216.8750 
[2023-12-06 11:48:47.717] magnitudes:800;  204974.5625 
[2023-12-06 11:48:47.750] magnitudes:1000;  156172.6875 
[2023-12-06 11:48:47.780] magnitudes:2000;   78092.8750 
[2023-12-06 11:48:47.814] magnitudes:5000;   31672.1875 
[2023-12-06 11:48:47.845] magnitudes:8000;   19687.3750 
[2023-12-06 11:48:47.861] magnitudes:10000;   15983.3750 
[2023-12-06 11:48:47.893] magnitudes:15000;   10640.4375 
[2023-12-06 11:48:47.925] magnitudes:20000;    8238.7500 
[2023-12-06 11:48:47.958] magnitudes:30000;    5857.0625 
[2023-12-06 11:48:47.990] magnitudes:40000;    4905.1250 
[2023-12-06 11:48:48.022] magnitudes:50000;    4291.5625 
[2023-12-06 11:48:48.036] magnitudes:60000;    4168.3750 
[2023-12-06 11:48:48.069] magnitudes:70000;    4546.7500 
[2023-12-06 11:48:48.101] magnitudes:200; 1133294.9375 
[2023-12-06 11:48:48.133] magnitudes:500;  412060.5625 
[2023-12-06 11:48:48.166] magnitudes:800;  203130.0000 
[2023-12-06 11:48:48.198] magnitudes:1000;  162185.4375 
[2023-12-06 11:48:48.229] magnitudes:2000;   79985.1875 
[2023-12-06 11:48:48.245] magnitudes:5000;   32403.7500 
[2023-12-06 11:48:48.277] magnitudes:8000;   20062.5625 
[2023-12-06 11:48:48.309] magnitudes:10000;   16354.5625 
[2023-12-06 11:48:48.342] magnitudes:15000;   10896.7500 
[2023-12-06 11:48:48.373] magnitudes:20000;    8435.6250 
[2023-12-06 11:48:48.405] magnitudes:30000;    5926.3750 
[2023-12-06 11:48:48.421] magnitudes:40000;    4735.0625 
[2023-12-06 11:48:48.453] magnitudes:50000;    4297.1250 
[2023-12-06 11:48:48.485] magnitudes:60000;    4168.3750 
[2023-12-06 11:48:48.519] magnitudes:70000;    4621.3125 
[2023-12-06 11:48:48.550] magnitudes:200;  881589.8750 
[2023-12-06 11:48:48.582] magnitudes:500;  162773.6250 
[2023-12-06 11:48:48.613] magnitudes:800;  177259.3750 
[2023-12-06 11:48:48.630] magnitudes:1000;  168323.5000 
[2023-12-06 11:48:48.661] magnitudes:2000;   81291.3750 
[2023-12-06 11:48:48.694] magnitudes:5000;   32699.5625 
[2023-12-06 11:48:48.725] magnitudes:8000;   20682.6875 
[2023-12-06 11:48:48.758] magnitudes:10000;   16599.1250 
[2023-12-06 11:48:48.789] magnitudes:15000;   11238.5000 
[2023-12-06 11:48:48.805] magnitudes:20000;    8568.1250 
[2023-12-06 11:48:48.837] magnitudes:30000;    6051.1250 
[2023-12-06 11:48:48.869] magnitudes:40000;    5052.4375 
[2023-12-06 11:48:48.902] magnitudes:50000;    4466.6875 
[2023-12-06 11:48:48.934] magnitudes:60000;    4445.2500 
[2023-12-06 11:48:48.949] magnitudes:70000;    4616.8125 
[2023-12-06 11:48:48.998] magnitudes:200; 1419672.3125 
[2023-12-06 11:48:49.013] magnitudes:500;  322186.8125 
[2023-12-06 11:48:49.046] magnitudes:800;  200602.1875 
[2023-12-06 11:48:49.078] magnitudes:1000;  167029.6875 
[2023-12-06 11:48:49.109] magnitudes:2000;   83775.6250 
[2023-12-06 11:48:49.141] magnitudes:5000;   32990.1875 
[2023-12-06 11:48:49.157] magnitudes:8000;   20475.1875 
[2023-12-06 11:48:49.190] magnitudes:10000;   16599.1250 
[2023-12-06 11:48:49.221] magnitudes:15000;   11174.2500 
[2023-12-06 11:48:49.254] magnitudes:20000;    8568.1250 
[2023-12-06 11:48:49.286] magnitudes:30000;    6067.8750 
[2023-12-06 11:48:49.319] magnitudes:40000;    5086.0625 
[2023-12-06 11:48:49.334] magnitudes:50000;    4487.1250 
[2023-12-06 11:48:49.366] magnitudes:60000;    4483.0000 
[2023-12-06 11:48:49.398] magnitudes:70000;    4621.3125 
[2023-12-06 11:48:49.430] magnitudes:200; 1004404.5625 
[2023-12-06 11:48:49.463] magnitudes:500;  416714.5625 
[2023-12-06 11:48:49.495] magnitudes:800;  242105.4375 
[2023-12-06 11:48:49.527] magnitudes:1000;  175866.4375 
[2023-12-06 11:48:49.543] magnitudes:2000;   88616.0000 
[2023-12-06 11:48:49.573] magnitudes:5000;   35644.7500 
[2023-12-06 11:48:49.605] magnitudes:8000;   22245.4375 
[2023-12-06 11:48:49.638] magnitudes:10000;   17981.7500 
[2023-12-06 11:48:49.671] magnitudes:15000;   12028.3750 
[2023-12-06 11:48:49.702] magnitudes:20000;    9259.4375 
[2023-12-06 11:48:49.718] magnitudes:30000;    6458.7500 
[2023-12-06 11:48:49.751] magnitudes:40000;    5358.0000 
[2023-12-06 11:48:49.782] magnitudes:50000;    4778.5000 
[2023-12-06 11:48:49.814] magnitudes:60000;    4521.0000 
[2023-12-06 11:48:49.845] magnitudes:70000;    5243.8750 
[2023-12-06 11:48:49.878] magnitudes:200;  725048.8125 
[2023-12-06 11:48:49.910] magnitudes:500;  370712.1875 
[2023-12-06 11:48:49.925] magnitudes:800;  222775.7500 
[2023-12-06 11:48:49.958] magnitudes:1000;  183965.3125 
[2023-12-06 11:48:49.990] magnitudes:2000;   87169.1875 
[2023-12-06 11:48:50.022] magnitudes:5000;   34754.7500 
[2023-12-06 11:48:50.054] magnitudes:8000;   20411.8750 
[2023-12-06 11:48:50.087] magnitudes:10000;   14719.1250 
[2023-12-06 11:48:50.102] magnitudes:15000;   11552.6875 
[2023-12-06 11:48:50.135] magnitudes:20000;    9179.3750 
[2023-12-06 11:48:50.168] magnitudes:30000;    6034.4375 
[2023-12-06 11:48:50.199] magnitudes:40000;    4923.4375 
[2023-12-06 11:48:50.230] magnitudes:50000;    4475.8125 
[2023-12-06 11:48:50.263] magnitudes:60000;    4383.1250 
[2023-12-06 11:48:50.278] magnitudes:70000;    4415.6250 
[2023-12-06 11:48:50.310] magnitudes:200;  491987.0625 
[2023-12-06 11:48:50.342] magnitudes:500;  138235.6875 
[2023-12-06 11:48:50.374] magnitudes:800;   78669.0000 
[2023-12-06 11:48:50.408] magnitudes:1000;   71523.0000 
[2023-12-06 11:48:50.438] magnitudes:2000;   59375.0000 
[2023-12-06 11:48:50.455] magnitudes:5000;   31587.0625 
[2023-12-06 11:48:50.487] magnitudes:8000;   20191.3125 
[2023-12-06 11:48:50.518] magnitudes:10000;   16623.3125 
[2023-12-06 11:48:50.551] magnitudes:15000;   11589.8125 
[2023-12-06 11:48:50.584] magnitudes:20000;    9034.4375 
[2023-12-06 11:48:50.614] magnitudes:30000;    6543.2500 
[2023-12-06 11:48:50.631] magnitudes:40000;    5450.5000 
[2023-12-06 11:48:50.664] magnitudes:50000;    4868.8125 
[2023-12-06 11:48:50.697] magnitudes:60000;    4778.6250 
[2023-12-06 11:48:50.729] magnitudes:70000;    5030.4375 
[2023-12-06 11:48:50.759] magnitudes:200;   63775.3750 
[2023-12-06 11:48:50.792] magnitudes:500;   64540.9375 
[2023-12-06 11:48:50.824] magnitudes:800;   65731.3750 
[2023-12-06 11:48:50.839] magnitudes:1000;   66133.5625 
[2023-12-06 11:48:50.871] magnitudes:2000;   62924.7500 
[2023-12-06 11:48:50.903] magnitudes:5000;   39793.1250 
[2023-12-06 11:48:50.935] magnitudes:8000;   26956.1875 
[2023-12-06 11:48:50.967] magnitudes:10000;   22036.6875 
[2023-12-06 11:48:50.999] magnitudes:15000;   15080.0625 
[2023-12-06 11:48:51.014] magnitudes:20000;   11399.6250 
[2023-12-06 11:48:51.047] magnitudes:30000;    7780.8750 
[2023-12-06 11:48:51.079] magnitudes:40000;    6082.9375 
[2023-12-06 11:48:51.111] magnitudes:50000;    5249.5625 
[2023-12-06 11:48:51.142] magnitudes:60000;    4870.6875 
[2023-12-06 11:48:51.175] magnitudes:70000;    5484.0625 
[2023-12-06 11:48:51.208] magnitudes:200;   62637.8125 
[2023-12-06 11:48:51.223] magnitudes:500;   63948.1250 
[2023-12-06 11:48:51.255] magnitudes:800;   65510.5625 
[2023-12-06 11:48:51.287] magnitudes:1000;   66143.1875 
[2023-12-06 11:48:51.320] magnitudes:2000;   63803.8750 
[2023-12-06 11:48:51.352] magnitudes:5000;   41360.1250 
[2023-12-06 11:48:51.383] magnitudes:8000;   28288.2500 
[2023-12-06 11:48:51.398] magnitudes:10000;   23202.1250 
[2023-12-06 11:48:51.431] magnitudes:15000;   15776.3750 
[2023-12-06 11:48:51.464] magnitudes:20000;   11914.1875 
[2023-12-06 11:48:51.497] magnitudes:30000;    8111.0625 
[2023-12-06 11:48:51.528] magnitudes:40000;    6376.5000 
[2023-12-06 11:48:51.561] magnitudes:50000;    5412.8750 
[2023-12-06 11:48:51.576] magnitudes:60000;    5161.3125 
[2023-12-06 11:48:51.607] magnitudes:70000;    5420.4375 
[2023-12-06 11:48:51.641] magnitudes:200;   62212.6875 
[2023-12-06 11:48:51.674] magnitudes:500;   63849.6875 
[2023-12-06 11:48:51.703] magnitudes:800;   65696.0000 
[2023-12-06 11:48:51.737] magnitudes:1000;   66387.6250 
[2023-12-06 11:48:51.769] magnitudes:2000;   64493.6250 
[2023-12-06 11:48:51.784] magnitudes:5000;   42167.8125 
[2023-12-06 11:48:51.816] magnitudes:8000;   28815.1875 
[2023-12-06 11:48:51.849] magnitudes:10000;   23617.0000 
[2023-12-06 11:48:51.881] magnitudes:15000;   16127.8125 
[2023-12-06 11:48:51.912] magnitudes:20000;   12144.0000 
[2023-12-06 11:48:51.927] magnitudes:30000;    8331.1875 
[2023-12-06 11:48:51.959] magnitudes:40000;    6456.1875 
[2023-12-06 11:48:51.991] magnitudes:50000;    5597.8125 
[2023-12-06 11:48:52.023] magnitudes:60000;    5310.2500 
[2023-12-06 11:48:52.055] magnitudes:70000;    5488.1875 
[2023-12-06 11:48:52.088] magnitudes:200;   62991.4375 
[2023-12-06 11:48:52.121] magnitudes:500;   63773.9375 
[2023-12-06 11:48:52.137] magnitudes:800;   65689.0000 
[2023-12-06 11:48:52.170] magnitudes:1000;   66552.0000 
[2023-12-06 11:48:52.201] magnitudes:2000;   65108.0000 
[2023-12-06 11:48:52.234] magnitudes:5000;   42925.3750 
[2023-12-06 11:48:52.264] magnitudes:8000;   29428.1250 
[2023-12-06 11:48:52.296] magnitudes:10000;   24067.0000 
[2023-12-06 11:48:52.311] magnitudes:15000;   16386.3750 
[2023-12-06 11:48:52.344] magnitudes:20000;   12439.1250 
[2023-12-06 11:48:52.376] magnitudes:30000;    8418.1250 
[2023-12-06 11:48:52.409] magnitudes:40000;    6547.0625 
[2023-12-06 11:48:52.440] magnitudes:50000;    5751.1875 
[2023-12-06 11:48:52.472] magnitudes:60000;    5250.4375 
[2023-12-06 11:48:52.489] magnitudes:70000;    5680.0000 
[2023-12-06 11:48:52.520] magnitudes:200;   62638.1875 
[2023-12-06 11:48:52.554] magnitudes:500;   64248.2500 
[2023-12-06 11:48:52.586] magnitudes:800;   65533.3125 
[2023-12-06 11:48:52.616] magnitudes:1000;   66462.5000 
[2023-12-06 11:48:52.648] magnitudes:2000;   64954.1875 
[2023-12-06 11:48:52.681] magnitudes:5000;   42818.4375 
[2023-12-06 11:48:52.696] magnitudes:8000;   29376.5000 
[2023-12-06 11:48:52.728] magnitudes:10000;   24122.3750 
[2023-12-06 11:48:52.760] magnitudes:15000;   16472.1250 
[2023-12-06 11:48:52.793] magnitudes:20000;   12517.7500 
[2023-12-06 11:48:52.826] magnitudes:30000;    8441.9375 
[2023-12-06 11:48:52.858] magnitudes:40000;    6544.5000 
[2023-12-06 11:48:52.872] magnitudes:50000;    5554.9375 
[2023-12-06 11:48:52.906] magnitudes:60000;    4991.1250 
[2023-12-06 11:48:52.938] magnitudes:70000;    5396.9375 
[2023-12-06 11:48:52.969] magnitudes:200;   60028.5000 
[2023-12-06 11:48:53.000] magnitudes:500;   61365.8750 
[2023-12-06 11:48:53.034] magnitudes:800;   51915.8125 
[2023-12-06 11:48:53.064] magnitudes:1000;   11669.1875 
[2023-12-06 11:48:53.081] magnitudes:2000;   76828.9375 
[2023-12-06 11:48:53.112] magnitudes:5000;   29861.6250 
[2023-12-06 11:48:53.144] magnitudes:8000;   21624.0625 
[2023-12-06 11:48:53.177] magnitudes:10000;   18723.5625 
[2023-12-06 11:48:53.210] magnitudes:15000;   11648.3125 
[2023-12-06 11:48:53.225] magnitudes:20000;    9072.8750 
[2023-12-06 11:48:53.258] magnitudes:30000;    6390.3750 
[2023-12-06 11:48:53.288] magnitudes:40000;    5377.3125 
[2023-12-06 11:48:53.322] magnitudes:50000;    4801.5000 
[2023-12-06 11:48:53.354] magnitudes:60000;    4689.8125 
[2023-12-06 11:48:53.386] magnitudes:70000;    5076.2500 
[2023-12-06 11:48:53.416] magnitudes:200; 1892171.7500 
[2023-12-06 11:48:53.432] magnitudes:500;  370850.9375 
[2023-12-06 11:48:53.466] magnitudes:800;  239929.8750 
[2023-12-06 11:48:53.498] magnitudes:1000;  180373.1250 
[2023-12-06 11:48:53.531] magnitudes:2000;   91050.3750 
[2023-12-06 11:48:53.563] magnitudes:5000;   36315.0625 
[2023-12-06 11:48:53.593] magnitudes:8000;   22556.2500 
[2023-12-06 11:48:53.609] magnitudes:10000;   18317.7500 
[2023-12-06 11:48:53.642] magnitudes:15000;   12053.7500 
[2023-12-06 11:48:53.672] magnitudes:20000;    9420.5000 
[2023-12-06 11:48:53.704] magnitudes:30000;    6390.3750 
[2023-12-06 11:48:53.739] magnitudes:40000;    5383.2500 
[2023-12-06 11:48:53.771] magnitudes:50000;    4744.0000 
[2023-12-06 11:48:53.784] magnitudes:60000;    4613.4375 
[2023-12-06 11:48:53.816] magnitudes:70000;    4936.8125 
[2023-12-06 11:48:53.849] magnitudes:200; 1015542.5000 
[2023-12-06 11:48:53.880] magnitudes:500;  315387.8750 
[2023-12-06 11:48:53.915] magnitudes:800;  221324.5625 
[2023-12-06 11:48:53.947] magnitudes:1000;  183184.2500 
[2023-12-06 11:48:53.977] magnitudes:2000;   91050.3750 
[2023-12-06 11:48:53.994] magnitudes:5000;   35117.5625 
[2023-12-06 11:48:54.025] magnitudes:8000;   22184.1875 
[2023-12-06 11:48:54.057] magnitudes:10000;   17611.8125 
[2023-12-06 11:48:54.089] magnitudes:15000;   11951.9375 
[2023-12-06 11:48:54.121] magnitudes:20000;    9181.6875 
[2023-12-06 11:48:54.154] magnitudes:30000;    6434.0625 
[2023-12-06 11:48:54.169] magnitudes:40000;    5326.1250 
[2023-12-06 11:48:54.202] magnitudes:50000;    4708.3750 
[2023-12-06 11:48:54.233] magnitudes:60000;    4613.4375 
[2023-12-06 11:48:54.266] magnitudes:70000;    4932.4375 
[2023-12-06 11:48:54.298] magnitudes:200; 1181197.3125 
[2023-12-06 11:48:54.332] magnitudes:500;  361006.1875 
[2023-12-06 11:48:54.361] magnitudes:800;  225766.3125 
[2023-12-06 11:48:54.377] magnitudes:1000;  169808.2500 
[2023-12-06 11:48:54.409] magnitudes:2000;   92456.3125 
[2023-12-06 11:48:54.441] magnitudes:5000;   35709.6250 
[2023-12-06 11:48:54.473] magnitudes:8000;   23029.0000 
[2023-12-06 11:48:54.505] magnitudes:10000;   17866.6250 
[2023-12-06 11:48:54.521] magnitudes:15000;   12384.8750 
[2023-12-06 11:48:54.554] magnitudes:20000;    9280.9375 
[2023-12-06 11:48:54.587] magnitudes:30000;    6557.0000 
[2023-12-06 11:48:54.618] magnitudes:40000;    5354.6250 
[2023-12-06 11:48:54.651] magnitudes:50000;    4780.1875 
[2023-12-06 11:48:54.681] magnitudes:60000;    4651.1875 
[2023-12-06 11:48:54.697] magnitudes:70000;    5088.1875 
[2023-12-06 11:48:54.729] magnitudes:200; 1713456.8125 
[2023-12-06 11:48:54.763] magnitudes:500;  389119.3125 
[2023-12-06 11:48:54.794] magnitudes:800;  243867.2500 
[2023-12-06 11:48:54.825] magnitudes:1000;  185851.1250 
[2023-12-06 11:48:54.859] magnitudes:2000;   92100.2500 
[2023-12-06 11:48:54.891] magnitudes:5000;   36135.4375 
[2023-12-06 11:48:54.906] magnitudes:8000;   22861.1250 
[2023-12-06 11:48:54.938] magnitudes:10000;   18033.3125 
[2023-12-06 11:48:54.971] magnitudes:15000;   12338.0000 
[2023-12-06 11:48:55.002] magnitudes:20000;    9080.9375 
[2023-12-06 11:48:55.034] magnitudes:30000;    6513.0625 
[2023-12-06 11:48:55.066] magnitudes:40000;    5241.3750 
[2023-12-06 11:48:55.082] magnitudes:50000;    4687.7500 
[2023-12-06 11:48:55.114] magnitudes:60000;    4613.4375 
[2023-12-06 11:48:55.146] magnitudes:70000;    4932.4375 
[2023-12-06 11:48:55.178] magnitudes:200;  545424.0625 
[2023-12-06 11:48:55.210] magnitudes:500;  330076.1875 
[2023-12-06 11:48:55.242] magnitudes:800;  220066.4375 
[2023-12-06 11:48:55.274] magnitudes:1000;  164718.1875 
[2023-12-06 11:48:55.290] magnitudes:2000;   87151.3750 
[2023-12-06 11:48:55.322] magnitudes:5000;   34819.9375 
[2023-12-06 11:48:55.355] magnitudes:8000;   21758.0625 
[2023-12-06 11:48:55.387] magnitudes:10000;   17254.0000 
[2023-12-06 11:48:55.419] magnitudes:15000;   12023.6875 
[2023-12-06 11:48:55.450] magnitudes:20000;    8950.0625 
[2023-12-06 11:48:55.465] magnitudes:30000;    6449.5000 
[2023-12-06 11:48:55.498] magnitudes:40000;    5088.6250 
[2023-12-06 11:48:55.530] magnitudes:50000;    4653.0625 
[2023-12-06 11:48:55.562] magnitudes:60000;    4575.9375 
[2023-12-06 11:48:55.595] magnitudes:70000;    4859.7500 
[2023-12-06 11:48:55.626] magnitudes:200;  888500.3750 
[2023-12-06 11:48:55.660] magnitudes:500;  325681.0000 
[2023-12-06 11:48:55.675] magnitudes:800; 1652436.3125 
[2023-12-06 11:48:55.707] magnitudes:1000;  218678.8750 
[2023-12-06 11:48:55.739] magnitudes:2000;  100767.0625 
[2023-12-06 11:48:55.772] magnitudes:5000;   41965.8750 
[2023-12-06 11:48:55.804] magnitudes:8000;   24822.4375 
[2023-12-06 11:48:55.819] magnitudes:10000;   18824.6250 
[2023-12-06 11:48:55.851] magnitudes:15000;   12217.9375 
[2023-12-06 11:48:55.883] magnitudes:20000;    9237.1250 
[2023-12-06 11:48:55.916] magnitudes:30000;    6309.4375 
[2023-12-06 11:48:55.948] magnitudes:40000;    5220.7500 
[2023-12-06 11:48:55.980] magnitudes:50000;    4598.8750 
[2023-12-06 11:48:55.995] magnitudes:60000;    4491.6875 
[2023-12-06 11:48:56.026] magnitudes:70000;    4794.1875 
[2023-12-06 11:48:56.058] magnitudes:200; 1415219.4375 
[2023-12-06 11:48:56.091] magnitudes:500;  819382.0000 
[2023-12-06 11:48:56.122] magnitudes:800;  253177.1875 
[2023-12-06 11:48:56.155] magnitudes:1000;  212494.3750 
[2023-12-06 11:48:56.188] magnitudes:2000;   87384.6875 
[2023-12-06 11:48:56.204] magnitudes:5000;   35856.3750 
[2023-12-06 11:48:56.236] magnitudes:8000;   21676.2500 
[2023-12-06 11:48:56.268] magnitudes:10000;   17562.4375 
[2023-12-06 11:48:56.301] magnitudes:15000;   11683.1875 
[2023-12-06 11:48:56.332] magnitudes:20000;   10904.8750 
[2023-12-06 11:48:56.363] magnitudes:30000;    7125.5625 
[2023-12-06 11:48:56.378] magnitudes:40000;    5764.8750 
[2023-12-06 11:48:56.412] magnitudes:50000;    5159.9375 
[2023-12-06 11:48:56.444] magnitudes:60000;    4970.5000 
[2023-12-06 11:48:56.474] magnitudes:70000;    5238.6250 
[2023-12-06 11:48:56.509] magnitudes:200;   77165.5000 
[2023-12-06 11:48:56.539] magnitudes:500;   81151.8125 
[2023-12-06 11:48:56.570] magnitudes:800;   82303.2500 
[2023-12-06 11:48:56.586] magnitudes:1000;   81678.2500 
[2023-12-06 11:48:56.619] magnitudes:2000;   79237.4375 
[2023-12-06 11:48:56.650] magnitudes:5000;   49473.7500 
[2023-12-06 11:48:56.684] magnitudes:8000;   32940.8125 
[2023-12-06 11:48:56.715] magnitudes:10000;   26617.0000 
[2023-12-06 11:48:56.747] magnitudes:15000;   17572.6875 
[2023-12-06 11:48:56.763] magnitudes:20000;   13050.8125 
[2023-12-06 11:48:56.796] magnitudes:30000;    8562.5625 
[2023-12-06 11:48:56.828] magnitudes:40000;    6593.2500 
[2023-12-06 11:48:56.859] magnitudes:50000;    5550.3750 
[2023-12-06 11:48:56.892] magnitudes:60000;    5165.8125 
[2023-12-06 11:48:56.925] magnitudes:70000;    5349.3750 
[2023-12-06 11:48:56.957] magnitudes:200;   64006.5625 
[2023-12-06 11:48:56.972] magnitudes:500;   70276.8125 
[2023-12-06 11:48:57.003] magnitudes:800;   71781.5625 
[2023-12-06 11:48:57.036] magnitudes:1000;   75084.1875 
[2023-12-06 11:48:57.067] magnitudes:2000;   70661.4375 
[2023-12-06 11:48:57.100] magnitudes:5000;   45318.6875 
[2023-12-06 11:48:57.131] magnitudes:8000;   31044.6875 
[2023-12-06 11:48:57.147] magnitudes:10000;   25178.8750 
[2023-12-06 11:48:57.180] magnitudes:15000;   16821.3125 
[2023-12-06 11:48:57.213] magnitudes:20000;   12590.5000 
[2023-12-06 11:48:57.245] magnitudes:30000;    8346.9375 
[2023-12-06 11:48:57.277] magnitudes:40000;    6462.5625 
[2023-12-06 11:48:57.292] magnitudes:50000;    5604.1875 
[2023-12-06 11:48:57.325] magnitudes:60000;    5085.6875 
[2023-12-06 11:48:57.356] magnitudes:70000;    5480.3125 
[2023-12-06 11:48:57.387] magnitudes:200;   62802.2500 
[2023-12-06 11:48:57.420] magnitudes:500;   65789.2500 
[2023-12-06 11:48:57.452] magnitudes:800;   69298.1250 
[2023-12-06 11:48:57.484] magnitudes:1000;   70568.3125 
[2023-12-06 11:48:57.499] magnitudes:2000;   69666.5625 
[2023-12-06 11:48:57.531] magnitudes:5000;   45396.7500 
[2023-12-06 11:48:57.563] magnitudes:8000;   30808.3125 
[2023-12-06 11:48:57.597] magnitudes:10000;   25038.1875 
[2023-12-06 11:48:57.629] magnitudes:15000;   16929.6875 
[2023-12-06 11:48:57.662] magnitudes:20000;   12709.4375 
[2023-12-06 11:48:57.675] magnitudes:30000;    8497.3750 
[2023-12-06 11:48:57.709] magnitudes:40000;    6569.4375 
[2023-12-06 11:48:57.741] magnitudes:50000;    5736.9375 
[2023-12-06 11:48:57.774] magnitudes:60000;    5398.4375 
[2023-12-06 11:48:57.806] magnitudes:70000;    5576.5000 
[2023-12-06 11:48:57.836] magnitudes:200;   63453.5000 
[2023-12-06 11:48:57.869] magnitudes:500;   65698.6875 
[2023-12-06 11:48:57.884] magnitudes:800;   68408.8750 
[2023-12-06 11:48:57.915] magnitudes:1000;   69849.0625 
[2023-12-06 11:48:57.948] magnitudes:2000;   69316.0625 
[2023-12-06 11:48:57.980] magnitudes:5000;   45676.3750 
[2023-12-06 11:48:58.012] magnitudes:8000;   31047.1875 
[2023-12-06 11:48:58.046] magnitudes:10000;   25311.8750 
[2023-12-06 11:48:58.060] magnitudes:15000;   17069.6250 
[2023-12-06 11:48:58.091] magnitudes:20000;   12803.8750 
[2023-12-06 11:48:58.125] magnitudes:30000;    8598.0000 
[2023-12-06 11:48:58.156] magnitudes:40000;    6681.0000 
[2023-12-06 11:48:58.188] magnitudes:50000;    5736.1250 
[2023-12-06 11:48:58.224] magnitudes:60000;    5398.4375 
[2023-12-06 11:48:58.235] magnitudes:70000;    5545.1250 
[2023-12-06 11:48:58.269] magnitudes:200;   62745.8125 
[2023-12-06 11:48:58.301] magnitudes:500;   65676.3125 
[2023-12-06 11:48:58.333] magnitudes:800;   68342.5625 
[2023-12-06 11:48:58.365] magnitudes:1000;   69650.3750 
[2023-12-06 11:48:58.398] magnitudes:2000;   69321.3750 
[2023-12-06 11:48:58.428] magnitudes:5000;   45819.0000 
[2023-12-06 11:48:58.444] magnitudes:8000;   31173.2500 
[2023-12-06 11:48:58.476] magnitudes:10000;   25443.3750 
[2023-12-06 11:48:58.510] magnitudes:15000;   17150.3125 
[2023-12-06 11:48:58.540] magnitudes:20000;   12880.7500 
[2023-12-06 11:48:58.572] magnitudes:30000;    8616.8125 
[2023-12-06 11:48:58.588] magnitudes:40000;    6659.8750 
[2023-12-06 11:48:58.620] magnitudes:50000;    5736.9375 
[2023-12-06 11:48:58.654] magnitudes:60000;    5398.4375 
[2023-12-06 11:48:58.685] magnitudes:70000;    5480.3125 
[2023-12-06 11:48:58.717] magnitudes:200;   63142.8125 
[2023-12-06 11:48:58.748] magnitudes:500;   65676.9375 
[2023-12-06 11:48:58.780] magnitudes:800;   68072.3125 
[2023-12-06 11:48:58.797] magnitudes:1000;   69251.8125 
[2023-12-06 11:48:58.828] magnitudes:2000;   69102.1250 
[2023-12-06 11:48:58.860] magnitudes:5000;   45853.3125 
[2023-12-06 11:48:58.892] magnitudes:8000;   31269.5000 
[2023-12-06 11:48:58.924] magnitudes:10000;   25511.5000 
[2023-12-06 11:48:58.957] magnitudes:15000;   17219.8750 
[2023-12-06 11:48:58.973] magnitudes:20000;   12903.3125 
[2023-12-06 11:48:59.005] magnitudes:30000;    8687.9375 
[2023-12-06 11:48:59.038] magnitudes:40000;    6645.8125 
[2023-12-06 11:48:59.068] magnitudes:50000;    5736.9375 
[2023-12-06 11:48:59.101] magnitudes:60000;    5398.4375 
[2023-12-06 11:48:59.132] magnitudes:70000;    5480.3125 
[2023-12-06 11:48:59.166] magnitudes:200;   63163.6875 
[2023-12-06 11:48:59.180] magnitudes:500;   65045.2500 
[2023-12-06 11:48:59.212] magnitudes:800;   67701.6875 
[2023-12-06 11:48:59.247] magnitudes:1000;   69188.2500 
[2023-12-06 11:48:59.277] magnitudes:2000;   68941.8125 
[2023-12-06 11:48:59.308] magnitudes:5000;   45845.8125 
[2023-12-06 11:48:59.342] magnitudes:8000;   31265.6875 
[2023-12-06 11:48:59.357] magnitudes:10000;   25380.8125 
[2023-12-06 11:48:59.388] magnitudes:15000;   17150.8750 
[2023-12-06 11:48:59.422] magnitudes:20000;   12847.0625 
[2023-12-06 11:48:59.454] magnitudes:30000;    8601.8125 
[2023-12-06 11:48:59.485] magnitudes:40000;    6652.6250 
[2023-12-06 11:48:59.517] magnitudes:50000;    5710.3125 
[2023-12-06 11:48:59.533] magnitudes:60000;    5388.2500 
[2023-12-06 11:48:59.567] magnitudes:70000;    5480.3125 
[2023-12-06 11:48:59.597] magnitudes:200;   62643.0625 
[2023-12-06 11:48:59.629] magnitudes:500;   64879.1250 
[2023-12-06 11:48:59.661] magnitudes:800;   67693.8125 
[2023-12-06 11:48:59.695] magnitudes:1000;   69031.8750 
[2023-12-06 11:48:59.726] magnitudes:2000;   68722.0000 
[2023-12-06 11:48:59.741] magnitudes:5000;   45791.5625 
[2023-12-06 11:48:59.774] magnitudes:8000;   31169.5000 
[2023-12-06 11:48:59.806] magnitudes:10000;   25455.3750 
[2023-12-06 11:48:59.839] magnitudes:15000;   17178.3750 
[2023-12-06 11:48:59.870] magnitudes:20000;   12869.7500 
[2023-12-06 11:48:59.886] magnitudes:30000;    8642.5625 
[2023-12-06 11:48:59.917] magnitudes:40000;    6721.5625 
[2023-12-06 11:48:59.949] magnitudes:50000;    5735.0000 
[2023-12-06 11:48:59.982] magnitudes:60000;    5388.2500 
[2023-12-06 11:49:00.013] magnitudes:70000;    5448.6875 
[2023-12-06 11:49:00.047] magnitudes:200;   62976.7500 
[2023-12-06 11:49:00.077] magnitudes:500;   65009.4375 
[2023-12-06 11:49:00.092] magnitudes:800;   67535.0625 
[2023-12-06 11:49:00.125] magnitudes:1000;   68763.0000 
[2023-12-06 11:49:00.158] magnitudes:2000;   68503.2500 
[2023-12-06 11:49:00.191] magnitudes:5000;   45690.7500 
[2023-12-06 11:49:00.222] magnitudes:8000;   31300.4375 
[2023-12-06 11:49:00.254] magnitudes:10000;   25708.9375 
[2023-12-06 11:49:00.269] magnitudes:15000;   17508.1875 
[2023-12-06 11:49:00.302] magnitudes:20000;   13285.8125 
[2023-12-06 11:49:00.334] magnitudes:30000;    9057.5625 
[2023-12-06 11:49:00.366] magnitudes:40000;    6972.8750 
[2023-12-06 11:49:00.397] magnitudes:50000;    5911.3125 
[2023-12-06 11:49:00.431] magnitudes:60000;    5324.6250 
[2023-12-06 11:49:00.446] magnitudes:70000;    5071.0625 
[2023-12-06 11:49:00.478] magnitudes:200;   61854.6875 
[2023-12-06 11:49:00.509] magnitudes:500;   62077.4375 
[2023-12-06 11:49:00.542] magnitudes:800;    5113.1250 
[2023-12-06 11:49:00.573] magnitudes:1000;  170681.1875 
[2023-12-06 11:49:00.606] magnitudes:2000;   89191.0000 
[2023-12-06 11:49:00.639] magnitudes:5000;   34795.5625 
[2023-12-06 11:49:00.654] magnitudes:8000;   22088.8125 
[2023-12-06 11:49:00.685] magnitudes:10000;   17784.4375 
[2023-12-06 11:49:00.719] magnitudes:15000;   12006.8125 
[2023-12-06 11:49:00.750] magnitudes:20000;    9234.6875 
[2023-12-06 11:49:00.782] magnitudes:30000;    6551.5625 
[2023-12-06 11:49:00.813] magnitudes:40000;    5458.0000 
[2023-12-06 11:49:00.829] magnitudes:50000;    5000.5625 
[2023-12-06 11:49:00.863] magnitudes:60000;    4845.3750 
[2023-12-06 11:49:00.894] magnitudes:70000;    4936.8125 
[2023-12-06 11:49:00.926] magnitudes:200;  834465.9375 
[2023-12-06 11:49:00.957] magnitudes:500;  416311.0625 
[2023-12-06 11:49:00.990] magnitudes:800;  231981.1875 
[2023-12-06 11:49:01.022] magnitudes:1000;  190909.6875 
[2023-12-06 11:49:01.038] magnitudes:2000;   98732.6250 
[2023-12-06 11:49:01.070] magnitudes:5000;   38731.3750 
[2023-12-06 11:49:01.102] magnitudes:8000;   24718.5625 
[2023-12-06 11:49:01.135] magnitudes:10000;   19445.8750 
[2023-12-06 11:49:01.168] magnitudes:15000;   13373.3125 
[2023-12-06 11:49:01.199] magnitudes:20000;   10126.2500 
[2023-12-06 11:49:01.215] magnitudes:30000;    7170.8750 
[2023-12-06 11:49:01.246] magnitudes:40000;    5783.5625 
[2023-12-06 11:49:01.279] magnitudes:50000;    5286.7500 
[2023-12-06 11:49:01.310] magnitudes:60000;    4885.0625 
[2023-12-06 11:49:01.344] magnitudes:70000;    5034.6250 
[2023-12-06 11:49:01.374] magnitudes:200; 1169900.1875 
[2023-12-06 11:49:01.390] magnitudes:500;  398911.1875 
[2023-12-06 11:49:01.422] magnitudes:800;  254099.7500 
[2023-12-06 11:49:01.456] magnitudes:1000;  195189.1250 
[2023-12-06 11:49:01.487] magnitudes:2000;   95342.2500 
[2023-12-06 11:49:01.519] magnitudes:5000;   38278.8750 
[2023-12-06 11:49:01.550] magnitudes:8000;   23959.7500 
[2023-12-06 11:49:01.566] magnitudes:10000;   19068.0625 
[2023-12-06 11:49:01.598] magnitudes:15000;   12927.0000 
[2023-12-06 11:49:01.632] magnitudes:20000;    9780.6250 
[2023-12-06 11:49:01.662] magnitudes:30000;    6965.5625 
[2023-12-06 11:49:01.694] magnitudes:40000;    5694.6250 
[2023-12-06 11:49:01.726] magnitudes:50000;    5126.6875 
[2023-12-06 11:49:01.743] magnitudes:60000;    4898.0000 
[2023-12-06 11:49:01.776] magnitudes:70000;    5492.5625 
[2023-12-06 11:49:01.808] magnitudes:200; 1569682.0000 
[2023-12-06 11:49:01.839] magnitudes:500;  323983.1875 
[2023-12-06 11:49:01.870] magnitudes:800;  239594.7500 
[2023-12-06 11:49:01.902] magnitudes:1000;  185102.6875 
[2023-12-06 11:49:01.936] magnitudes:2000;   95010.9375 
[2023-12-06 11:49:01.950] magnitudes:5000;   38233.0625 
[2023-12-06 11:49:01.982] magnitudes:8000;   23783.9375 
[2023-12-06 11:49:02.015] magnitudes:10000;   19068.0625 
[2023-12-06 11:49:02.047] magnitudes:15000;   12927.0000 
[2023-12-06 11:49:02.078] magnitudes:20000;    9780.6250 
[2023-12-06 11:49:02.110] magnitudes:30000;    7009.7500 
[2023-12-06 11:49:02.127] magnitudes:40000;    5632.7500 
[2023-12-06 11:49:02.159] magnitudes:50000;    5126.6875 
[2023-12-06 11:49:02.192] magnitudes:60000;    4885.0625 
[2023-12-06 11:49:02.224] magnitudes:70000;    5574.6875 
[2023-12-06 11:49:02.255] magnitudes:200;  691908.0000 
[2023-12-06 11:49:02.287] magnitudes:500;  437793.9375 
[2023-12-06 11:49:02.318] magnitudes:800;  226032.6250 
[2023-12-06 11:49:02.335] magnitudes:1000;  192401.6875 
[2023-12-06 11:49:02.366] magnitudes:2000;   93636.6875 
[2023-12-06 11:49:02.399] magnitudes:5000;   38278.8750 
[2023-12-06 11:49:02.440] magnitudes:8000;   23861.0000 
[2023-12-06 11:49:02.462] magnitudes:10000;   19345.8750 
[2023-12-06 11:49:02.494] magnitudes:15000;   12949.8125 
[2023-12-06 11:49:02.510] magnitudes:20000;    9913.9375 
[2023-12-06 11:49:02.544] magnitudes:30000;    6976.0000 
[2023-12-06 11:49:02.575] magnitudes:40000;    5724.1875 
[2023-12-06 11:49:02.607] magnitudes:50000;    5188.5625 
[2023-12-06 11:49:02.640] magnitudes:60000;    4925.0000 
[2023-12-06 11:49:02.655] magnitudes:70000;    5006.2500 
[2023-12-06 11:49:02.703] magnitudes:200;  914506.5000 
[2023-12-06 11:49:02.718] magnitudes:500;  424555.1875 
[2023-12-06 11:49:02.750] magnitudes:800;  239383.8750 
[2023-12-06 11:49:02.783] magnitudes:1000;  190353.7500 
[2023-12-06 11:49:02.815] magnitudes:2000;   94203.6875 
[2023-12-06 11:49:02.848] magnitudes:5000;   37137.5625 
[2023-12-06 11:49:02.863] magnitudes:8000;   23310.4375 
[2023-12-06 11:49:02.898] magnitudes:10000;   18724.8125 
[2023-12-06 11:49:02.929] magnitudes:15000;   12636.0000 
[2023-12-06 11:49:02.959] magnitudes:20000;    9663.6875 
[2023-12-06 11:49:02.991] magnitudes:30000;    6870.5000 
[2023-12-06 11:49:03.023] magnitudes:40000;    5563.6875 
[2023-12-06 11:49:03.039] magnitudes:50000;    4964.3125 
[2023-12-06 11:49:03.071] magnitudes:60000;    5007.1250 
[2023-12-06 11:49:03.104] magnitudes:70000;    5006.2500 
[2023-12-06 11:49:03.136] magnitudes:200; 1425652.6250 
[2023-12-06 11:49:03.168] magnitudes:500;  498083.3125 
[2023-12-06 11:49:03.200] magnitudes:800;  225802.3750 
[2023-12-06 11:49:03.231] magnitudes:1000;  195866.7500 
[2023-12-06 11:49:03.247] magnitudes:2000;   96557.0000 
[2023-12-06 11:49:03.279] magnitudes:5000;   38685.8125 
[2023-12-06 11:49:03.312] magnitudes:8000;   24393.9375 
[2023-12-06 11:49:03.346] magnitudes:10000;   19631.8750 
[2023-12-06 11:49:03.377] magnitudes:15000;   13240.5000 
[2023-12-06 11:49:03.408] magnitudes:20000;   10081.8125 
[2023-12-06 11:49:03.423] magnitudes:30000;    7128.6875 
[2023-12-06 11:49:03.455] magnitudes:40000;    5849.8750 
[2023-12-06 11:49:03.488] magnitudes:50000;    5252.0625 
[2023-12-06 11:49:03.520] magnitudes:60000;    5007.1250 
