magnitudes:1000;  144718.8750 
magnitudes:2000;   76011.3750 
magnitudes:5000;   30060.3750 
magnitudes:8000;   18605.9375 
magnitudes:10000;   15136.8125 
magnitudes:15000;   10063.2500 
magnitudes:20000;    7778.8125 
magnitudes:30000;    5304.1250 
magnitudes:40000;    4469.6875 
magnitudes:50000;    3849.2500 
magnitudes:60000;    3834.3125 
magnitudes:70000;    3947.5000 
magnitudes:200;  555891.6875 
magnitudes:500;  349188.6875 
magnitudes:800;  200645.5625 
magnitudes:1000;  148521.0000 
magnitudes:2000;   75573.3125 
magnitudes:5000;   29375.3750 
magnitudes:8000;   18633.5000 
magnitudes:10000;   14697.5625 
magnitudes:15000;    9961.2500 
magnitudes:20000;    7602.5625 
magnitudes:30000;    5419.0625 
magnitudes:40000;    4335.8750 
magnitudes:50000;    3865.1875 
magnitudes:60000;    3834.3125 
magnitudes:70000;    3871.8750 
magnitudes:200;  622496.6250 
magnitudes:500;  326873.3125 
magnitudes:800;  192728.1250 
magnitudes:1000;  160814.3750 
magnitudes:2000;   77078.5000 
magnitudes:5000;   30626.4375 
magnitudes:8000;   19348.1250 
magnitudes:10000;   15136.8125 
magnitudes:15000;   10422.7500 
magnitudes:20000;    7832.9375 
magnitudes:30000;    5642.0625 
magnitudes:40000;    4590.0000 
magnitudes:50000;    4079.5000 
magnitudes:60000;    4180.6875 
magnitudes:70000;    4576.2500 
magnitudes:200; 1038657.6250 
magnitudes:500;  408630.0625 
magnitudes:800;  186836.5000 
magnitudes:1000;  166680.1875 
magnitudes:2000;   78215.0625 
magnitudes:5000;   31501.3125 
magnitudes:8000;   19756.7500 
magnitudes:10000;   15826.3125 
magnitudes:15000;   10824.2500 
magnitudes:20000;    8115.0625 
magnitudes:30000;    5776.5625 
magnitudes:40000;    4719.0000 
magnitudes:50000;    4306.8750 
magnitudes:60000;    4180.6875 
magnitudes:70000;    4481.1250 
magnitudes:200; 1475969.2500 
magnitudes:500;  288153.1250 
magnitudes:800;  199116.8125 
magnitudes:1000;  172159.0625 
magnitudes:2000;   81008.3125 
magnitudes:5000;   32414.0000 
magnitudes:8000;   20174.1875 
magnitudes:10000;   16279.0625 
magnitudes:15000;   10772.0000 
magnitudes:20000;    8262.8750 
magnitudes:30000;    5776.5625 
magnitudes:40000;    4801.7500 
magnitudes:50000;    4079.5000 
magnitudes:60000;    4180.6875 
magnitudes:70000;    4470.8750 
magnitudes:200; 1869859.1875 
magnitudes:500;  357708.0000 
magnitudes:800;  211087.5625 
magnitudes:1000;  170604.9375 
magnitudes:2000;   80431.2500 
magnitudes:5000;   32414.0000 
magnitudes:8000;   19787.0000 
magnitudes:10000;   16190.8750 
magnitudes:15000;   10663.5000 
magnitudes:20000;    8282.4375 
magnitudes:30000;    5688.2500 
magnitudes:40000;    4876.1875 
magnitudes:50000;    4079.5000 
magnitudes:60000;    4136.3125 
magnitudes:70000;    4576.2500 
magnitudes:200;  973323.5000 
magnitudes:500;  351505.5625 
magnitudes:800;  204738.8125 
magnitudes:1000;  167838.4375 
magnitudes:2000;   80431.2500 
magnitudes:5000;   31871.0000 
magnitudes:8000;   19860.6250 
magnitudes:10000;   15998.5625 
magnitudes:15000;   10605.0000 
magnitudes:20000;    8248.2500 
magnitudes:30000;    5645.2500 
magnitudes:40000;    4758.9375 
magnitudes:50000;    4102.8750 
magnitudes:60000;    4180.6875 
magnitudes:70000;    3880.7500 
magnitudes:200;  479176.7500 
magnitudes:500;  364453.2500 
magnitudes:800;  193815.3125 
magnitudes:1000;  159584.9375 
magnitudes:2000;   82357.1250 
magnitudes:5000;   31679.6250 
magnitudes:8000;   20085.1875 
magnitudes:10000;   15803.1875 
magnitudes:15000;   10824.2500 
magnitudes:20000;    8083.3125 
magnitudes:30000;    5776.5625 
magnitudes:40000;    4801.7500 
magnitudes:50000;    4079.5000 
magnitudes:60000;    4180.6875 
magnitudes:70000;    3880.7500 
magnitudes:200;  888105.0000 
magnitudes:500;  301847.8125 
magnitudes:800;  199116.8125 
magnitudes:1000;  155403.0000 
magnitudes:2000;   81324.8125 
magnitudes:5000;   31501.3125 
magnitudes:8000;   20016.8125 
magnitudes:10000;   15803.1875 
magnitudes:15000;   10824.2500 
magnitudes:20000;    7953.3125 
magnitudes:30000;    5799.9375 
magnitudes:40000;    4645.0000 
magnitudes:50000;    4079.5000 
magnitudes:60000;    4196.8750 
magnitudes:70000;    4576.2500 
magnitudes:200; 1331622.9375 
magnitudes:500;  302137.5625 
magnitudes:800;  209128.3125 
magnitudes:1000;  153532.8125 
magnitudes:2000;   79552.1875 
magnitudes:5000;   31871.0000 
magnitudes:8000;   19756.7500 
magnitudes:10000;   15888.0000 
magnitudes:15000;   10817.0625 
magnitudes:20000;    8115.0625 
magnitudes:30000;    5826.7500 
magnitudes:40000;    4652.0000 
magnitudes:50000;    4079.5000 
magnitudes:60000;    3828.6875 
magnitudes:70000;    4470.8750 
magnitudes:200; 2030835.6250 
magnitudes:500;  346701.0000 
magnitudes:800;  202671.0000 
magnitudes:1000;  155820.6875 
magnitudes:2000;   80113.1250 
magnitudes:5000;   32043.7500 
magnitudes:8000;   19632.1250 
magnitudes:10000;   16104.4375 
magnitudes:15000;   10612.0000 
magnitudes:20000;    8260.8750 
magnitudes:30000;    5773.3125 
magnitudes:40000;    4706.3750 
magnitudes:50000;    4079.5000 
magnitudes:60000;    4218.3750 
magnitudes:70000;    4576.2500 
magnitudes:200; 1134751.6250 
magnitudes:500;  368571.2500 
magnitudes:800;  191192.1875 
magnitudes:1000;  157663.6875 
magnitudes:2000;   80431.2500 
magnitudes:5000;   31871.0000 
magnitudes:8000;   19602.5625 
magnitudes:10000;   16104.4375 
magnitudes:15000;   10663.5000 
magnitudes:20000;    8308.0000 
magnitudes:30000;    5668.1250 
magnitudes:40000;    4738.8125 
magnitudes:50000;    4102.8750 
magnitudes:60000;    4180.6875 
magnitudes:70000;    4576.2500 
magnitudes:200;  693604.4375 
magnitudes:500;  389058.1250 
magnitudes:800;  201747.8125 
magnitudes:1000;  154377.1875 
magnitudes:2000;   79992.9375 
magnitudes:5000;   32043.7500 
magnitudes:8000;   19890.5625 
magnitudes:10000;   15803.1875 
magnitudes:15000;   10663.5000 
magnitudes:20000;    8295.3125 
magnitudes:30000;    5661.8750 
magnitudes:40000;    4822.5625 
magnitudes:50000;    4079.5000 
magnitudes:60000;    4264.0000 
magnitudes:70000;    4558.1875 
magnitudes:200;  577837.1875 
magnitudes:500;  270251.2500 
magnitudes:800;  229796.7500 
magnitudes:1000;  156449.5625 
magnitudes:2000;   82357.1250 
magnitudes:5000;   31331.5000 
magnitudes:8000;   19860.6250 
magnitudes:10000;   15803.1875 
magnitudes:15000;   10772.0000 
magnitudes:20000;    8127.5000 
magnitudes:30000;    5799.9375 
magnitudes:40000;    4613.1875 
magnitudes:50000;    4079.5000 
magnitudes:60000;    4196.8750 
magnitudes:70000;    4662.3125 
magnitudes:200; 1359636.7500 
magnitudes:500;  332561.3750 
magnitudes:800;  203111.3750 
magnitudes:1000;  157912.4375 
magnitudes:2000;   80431.2500 
magnitudes:5000;   31501.3125 
magnitudes:8000;   20016.8125 
magnitudes:10000;   15639.0625 
magnitudes:15000;   10772.0000 
magnitudes:20000;    7996.7500 
magnitudes:30000;    5776.5625 
magnitudes:40000;    4738.8125 
magnitudes:50000;    4079.5000 
magnitudes:60000;    4247.5625 
magnitudes:70000;    4662.3125 
magnitudes:200; 2183228.1875 
magnitudes:500;  330415.2500 
magnitudes:800;  191192.1875 
magnitudes:1000;  165172.2500 
magnitudes:2000;   79109.0000 
magnitudes:5000;   31679.6250 
magnitudes:8000;   19756.7500 
magnitudes:10000;   15629.3125 
magnitudes:15000;   10612.0000 
magnitudes:20000;    7984.5000 
magnitudes:30000;    5776.5625 
magnitudes:40000;    4570.7500 
magnitudes:50000;    4102.8750 
magnitudes:60000;    3828.6875 
magnitudes:70000;    4481.1250 
magnitudes:200; 1272902.1250 
magnitudes:500;  392140.3750 
magnitudes:800;  208002.3750 
magnitudes:1000;  162084.5625 
magnitudes:2000;   79109.0000 
magnitudes:5000;   32043.7500 
magnitudes:8000;   19530.1875 
magnitudes:10000;   15949.0000 
magnitudes:15000;   10663.5000 
magnitudes:20000;    8127.5000 
magnitudes:30000;    5668.1250 
magnitudes:40000;    4726.0625 
magnitudes:50000;    4079.5000 
magnitudes:60000;    4196.8750 
magnitudes:70000;    4576.2500 
magnitudes:200;  729097.6250 
magnitudes:500;  277956.0625 
magnitudes:800;  221865.9375 
magnitudes:1000;  166680.1875 
magnitudes:2000;   79207.8750 
magnitudes:5000;   32043.7500 
magnitudes:8000;   19500.3125 
magnitudes:10000;   16060.9375 
magnitudes:15000;   10480.2500 
magnitudes:20000;    8162.8750 
magnitudes:30000;    5665.1250 
magnitudes:40000;    4596.8750 
magnitudes:50000;    4079.5000 
magnitudes:60000;    4196.8750 
magnitudes:70000;    3956.8750 
magnitudes:200;  680890.5000 
magnitudes:500;  302355.5625 
magnitudes:800;  203855.5000 
magnitudes:1000;  167115.5000 
magnitudes:
magnitudes:500;  377673.4375 
magnitudes:800;  195228.6250 
magnitudes:1000;  152115.1250 
magnitudes:2000;   76011.3750 
magnitudes:5000;   31474.8750 
magnitudes:8000;   19211.6875 
magnitudes:10000;   15496.0625 
magnitudes:15000;   10319.1875 
magnitudes:20000;    7984.5000 
magnitudes:30000;    5507.0000 
magnitudes:40000;    4531.8750 
magnitudes:50000;    4102.8750 
magnitudes:60000;    3802.4375 
magnitudes:70000;    3963.1875 
magnitudes:200; 1955098.4375 
magnitudes:500;  312567.1250 
magnitudes:800;  186248.0000 
magnitudes:1000;  150252.1875 
magnitudes:2000;   77789.3750 
magnitudes:5000;   31130.8750 
magnitudes:8000;   19032.5625 
magnitudes:10000;   15496.0625 
magnitudes:15000;   10319.1875 
magnitudes:20000;    7953.3125 
magnitudes:30000;    5484.7500 
magnitudes:40000;    4613.1875 
magnitudes:50000;    4079.5000 
magnitudes:60000;    4136.3125 
magnitudes:70000;    3963.1875 
magnitudes:200; 1441168.4375 
magnitudes:500;  275348.3125 
magnitudes:800;  205172.2500 
magnitudes:1000;  148851.7500 
magnitudes:2000;   78215.0625 
magnitudes:5000;   30766.7500 
magnitudes:8000;   19032.5625 
magnitudes:10000;   15217.3750 
magnitudes:15000;   10269.3125 
magnitudes:20000;    7996.7500 
magnitudes:30000;    5507.0000 
magnitudes:40000;    4638.0000 
magnitudes:50000;    4079.5000 
magnitudes:60000;    3788.0625 
magnitudes:70000;    4044.3750 
magnitudes:200;  531666.8750 
magnitudes:500;  358378.0000 
magnitudes:800;  203750.4375 
magnitudes:1000;  152269.1875 
magnitudes:2000;   78776.8125 
magnitudes:5000;   30060.3750 
magnitudes:8000;   19756.7500 
magnitudes:10000;   15136.8125 
magnitudes:15000;   10429.6250 
magnitudes:20000;    7922.4375 
magnitudes:30000;    5613.1250 
magnitudes:40000;    4546.3750 
magnitudes:50000;    4079.5000 
magnitudes:60000;    4152.0000 
magnitudes:70000;    3947.5000 
magnitudes:200;  642741.0625 
magnitudes:500;  328229.6875 
magnitudes:800;  194376.8750 
magnitudes:1000;  152115.1250 
magnitudes:2000;   79109.0000 
magnitudes:5000;   30600.8750 
magnitudes:8000;   19602.5625 
magnitudes:10000;   15355.6250 
magnitudes:15000;   10561.2500 
magnitudes:20000;    7910.2500 
magnitudes:30000;    5619.5000 
magnitudes:40000;    4667.3125 
magnitudes:50000;    4039.8125 
magnitudes:60000;    3788.0625 
magnitudes:70000;    4487.9375 
magnitudes:200; 1110671.8750 
magnitudes:500;  358888.0000 
magnitudes:800;  179952.8750 
magnitudes:1000;  158531.6250 
magnitudes:2000;   79109.0000 
magnitudes:5000;   31508.8750 
magnitudes:8000;   19602.5625 
magnitudes:10000;   15529.4375 
magnitudes:15000;   10554.3125 
magnitudes:20000;    7910.2500 
magnitudes:30000;    5776.5625 
magnitudes:40000;    4719.0000 
magnitudes:50000;    4062.5000 
magnitudes:60000;    3788.0625 
magnitudes:70000;    4576.2500 
magnitudes:200; 1476712.8125 
magnitudes:500;  266010.1875 
magnitudes:800;  210614.3125 
magnitudes:1000;  171627.0000 
magnitudes:2000;   77078.5000 
magnitudes:5000;   32043.7500 
magnitudes:8000;   19451.9375 
magnitudes:10000;   15830.4375 
magnitudes:15000;   10561.2500 
magnitudes:20000;    8083.3125 
magnitudes:30000;    5619.5000 
magnitudes:40000;    4553.0625 
magnitudes:50000;    4056.5000 
magnitudes:60000;    4136.3125 
magnitudes:70000;    4470.8750 
magnitudes:200; 1761951.5000 
magnitudes:500;  352354.8750 
magnitudes:800;  203111.3750 
magnitudes:1000;  167115.5000 
magnitudes:2000;   79109.0000 
magnitudes:5000;   31871.0000 
magnitudes:8000;   19451.9375 
magnitudes:10000;   15830.4375 
magnitudes:15000;   10536.8750 
magnitudes:20000;    8230.8125 
magnitudes:30000;    5642.2500 
magnitudes:40000;    4619.8125 
magnitudes:50000;    4056.5000 
magnitudes:60000;    4136.3125 
magnitudes:70000;    3880.7500 
magnitudes:200;  932720.4375 
magnitudes:500;  355411.6875 
magnitudes:800;  191192.1875 
magnitudes:1000;  169084.1250 
magnitudes:2000;   77939.7500 
magnitudes:5000;   31331.5625 
magnitudes:8000;   19451.9375 
magnitudes:10000;   15803.1875 
magnitudes:15000;   10612.0000 
magnitudes:20000;    8218.1875 
magnitudes:30000;    5616.3750 
magnitudes:40000;    4835.4375 
magnitudes:50000;    4056.5000 
magnitudes:60000;    4136.3125 
magnitudes:70000;    3880.7500 
magnitudes:200;  516656.2500 
magnitudes:500;  333714.4375 
magnitudes:800;  201427.5000 
magnitudes:1000;  168222.6875 
magnitudes:2000;   81756.0000 
magnitudes:5000;   31871.0000 
magnitudes:8000;   19931.3125 
magnitudes:10000;   15719.7500 
magnitudes:15000;   10720.5000 
magnitudes:20000;    8230.8125 
magnitudes:30000;    5753.2500 
magnitudes:40000;    4763.3750 
magnitudes:50000;    4247.0625 
magnitudes:60000;    4152.0000 
magnitudes:70000;    4569.0000 
magnitudes:200;  945140.5625 
magnitudes:500;  298189.1250 
magnitudes:800;  216456.0625 
magnitudes:1000;  168654.0000 
magnitudes:2000;   83252.1875 
magnitudes:5000;   31524.5000 
magnitudes:8000;   20373.7500 
magnitudes:10000;   16019.4375 
magnitudes:15000;   11029.5625 
magnitudes:20000;    8230.8125 
magnitudes:30000;    5860.4375 
magnitudes:40000;    4693.6250 
magnitudes:50000;    4371.6875 
magnitudes:60000;    4136.3125 
magnitudes:70000;    4569.0000 
magnitudes:200; 2338365.9375 
magnitudes:500;  301435.9375 
magnitudes:800;  204738.8125 
magnitudes:1000;  176511.2500 
magnitudes:2000;   82635.2500 
magnitudes:5000;   32417.5000 
magnitudes:8000;   20270.7500 
magnitudes:10000;   16019.4375 
magnitudes:15000;   11029.5625 
magnitudes:20000;    8327.6250 
magnitudes:30000;    5857.1250 
magnitudes:40000;    4686.7500 
magnitudes:50000;    4389.7500 
magnitudes:60000;    4152.0000 
magnitudes:70000;    4481.1250 
magnitudes:200; 1368689.6875 
magnitudes:500;  458428.1250 
magnitudes:800;  198792.1875 
magnitudes:1000;  176099.1875 
magnitudes:2000;   81324.8125 
magnitudes:5000;   32781.6250 
magnitudes:8000;   19960.8125 
magnitudes:10000;   16325.0000 
magnitudes:15000;   10870.3125 
magnitudes:20000;    8360.1250 
magnitudes:30000;    5883.9375 
magnitudes:40000;    4763.3750 
magnitudes:50000;    4371.6875 
magnitudes:60000;    4152.0000 
magnitudes:70000;    4569.0000 
magnitudes:200;  682555.8125 
magnitudes:500;  327907.3750 
magnitudes:800;  220453.1250 
magnitudes:1000;  172022.3750 
magnitudes:2000;   79657.5625 
magnitudes:5000;   32417.5000 
magnitudes:8000;   19708.0000 
magnitudes:10000;   16411.6875 
magnitudes:15000;   10720.5000 
magnitudes:20000;    8360.1250 
magnitudes:30000;    5750.0000 
magnitudes:40000;    4802.6250 
magnitudes:50000;    4062.5000 
magnitudes:60000;    4136.3125 
magnitudes:70000;    4470.8750 
magnitudes:200;  654866.6250 
magnitudes:500;  312918.5625 
magnitudes:800;  227011.3750 
magnitudes:1000;  174117.1250 
magnitudes:2000;   81324.8125 
magnitudes:5000;   32229.2500 
magnitudes:8000;   19708.0000 
magnitudes:10000;   16042.6250 
magnitudes:15000;   10720.5000 
magnitudes:20000;    8347.3125 
magnitudes:30000;    5750.0000 
magnitudes:40000;    4769.1250 
magnitudes:50000;    4056.5000 
magnitudes:60000;    4136.3125 
magnitudes:70000;    3963.1875 
magnitudes:200;  734907.8750 
magnitudes:500;  290260.1875 
magnitudes:800;  191479.0625 
magnitudes:1000;  163896.7500 
magnitudes:2000;   81324.8125 
magnitudes:5000;   31508.8750 
magnitudes:8000;   20115.3750 
magnitudes:10000;   15803.1875 
magnitudes:15000;   10713.4375 
magnitudes:20000;    8171.5625 
magnitudes:30000;    5730.2500 
magnitudes:40000;    4534.1875 
magnitudes:50000;    4079.5000 
magnitudes:60000;    4136.3125 
magnitudes:70000;    4481.1250 
magnitudes:200; 1338480.1250 
magnitudes:500;  355765.3125 
magnitudes:800;  201427.5000 
magnitudes:1000;  163851.6250 
magnitudes:2000;   81324.8125 
magnitudes:5000;   31166.3125 
magnitudes:8000;   20115.3750 
magnitudes:10000;   15742.5000 
magnitudes:15000;   10877.4375 
magnitudes:20000;    8039.6250 
magnitudes:30000;    5750.0000 
magnitudes:40000;    4706.3750 
magnitudes:50000;    4039.8125 
magnitudes:60000;    4136.3125 
magnitudes:70000;    4481.1250 
magnitudes:200; 1972984.1875 
magnitudes:500;  395895.1250 
magnitudes:800;  225610.2500 
magnitudes:1000;  160613.5000 
magnitudes:2000;   80514.2500 
magnitudes:5000;   31888.7500 
magnitudes:8000;   20115.3750 
magnitudes:10000;   16128.0000 
magnitudes:15000;   10877.4375 
magnitudes:20000;    8184.1250 
magnitudes:30000;    5860.4375 
magnitudes:40000;    4661.6250 
magnitudes:50000;    4414.6250 
magnitudes:60000;    4136.3125 
magnitudes:70000;    4487.9375 
magnitudes:200;  853115.0625 
magnitudes:500;  284562.8750 
magnitudes:800;  189519.8750 
magnitudes:1000;  169798.7500 
magnitudes:2000;   81452.1875 
magnitudes:5000;   31888.7500 
magnitudes:8000;   19860.6250 
magnitudes:10000;   16042.6250 
magnitudes:15000;   10720.5000 
magnitudes:20000;    8230.8125 
magnitudes:30000;    5753.2500 
magnitudes:40000;    4769.1250 
magnitudes:50000;    4264.6250 
magnitudes:60000;    4136.3125 
magnitudes:70000;    4558.1875 
magnitudes:200;  698268.7500 
magnitudes:500;  383053.8125 
magnitudes:800;  196231.3125 
magnitudes:1000;  165802.0625 
magnitudes:2000;   77078.5000 
magnitudes:5000;   32043.7500 
magnitudes:8000;   19199.5000 
magnitudes:10000;   15913.8125 
magnitudes:15000;   10323.3750 
magnitudes:20000;    8055.6250 
magnitudes:30000;    5590.5625 
magnitudes:40000;    4534.1875 
magnitudes:50000;    4079.5000 
magnitudes:60000;    3802.4375 
magnitudes:70000;    3947.5000 
magnitudes:200; 1121285.4375 
magnitudes:500;  316926.2500 
magnitudes:800;  201286.6250 
magnitudes:1000;  159554.6875 
magnitudes:2000;   76905.5000 
magnitudes:5000;   30963.0625 
magnitudes:8000;   18886.3750 
magnitudes:10000;   15660.0000 
magnitudes:15000;   10379.7500 
magnitudes:20000;    8218.1875 
magnitudes:30000;    5619.5000 
magnitudes:40000;    4699.1875 
magnitudes:50000;    4039.8125 
magnitudes:60000;    4136.3125 
magnitudes:70000;    3947.5000 
magnitudes:200; 1657949.8750 
magnitudes:500;  325620.0000 
magnitudes:800;  206783.3125 
magnitudes:1000;  163502.3125 
magnitudes:2000;   81324.8125 
magnitudes:5000;   31508.8750 
magnitudes:8000;   19860.6250 
magnitudes:10000;   15660.0000 
magnitudes:15000;   10503.8750 
magnitudes:20000;    8184.1250 
magnitudes:30000;    5597.0000 
magnitudes:40000;    4527.6250 
magnitudes:50000;    4039.8125 
magnitudes:60000;    4136.3125 
magnitudes:70000;    3880.7500 
magnitudes:200;  946158.2500 
magnitudes:500;  283818.2500 
magnitudes:800;  193914.1875 
magnitudes:1000;  159584.9375 
magnitudes:2000;   79992.9375 
magnitudes:5000;   30626.4375 
magnitudes:8000;   19860.6250 
magnitudes:10000;   15436.5625 
magnitudes:15000;   10510.6875 
magnitudes:20000;    7910.2500 
magnitudes:30000;    5593.6875 
magnitudes:40000;    4457.6875 
magnitudes:50000;    4056.5000 
magnitudes:60000;    3788.0625 
magnitudes:70000;    3806.0625 
magnitudes:200;  722860.3125 
magnitudes:500;  324693.5000 
magnitudes:800;  209128.3125 
magnitudes:1000;  153156.0625 
magnitudes:2000;   79109.0000 
magnitudes:5000;   30268.1875 
magnitudes:8000;   19199.5000 
magnitudes:10000;   15114.9375 
magnitudes:15000;   10330.1250 
magnitudes:20000;    7790.7500 
magnitudes:30000;    5568.1875 
magnitudes:40000;    4414.4375 
magnitudes:50000;    4017.0625 
magnitudes:60000;    3788.0625 
magnitudes:70000;    3947.5000 
magnitudes:200;  835123.1250 
magnitudes:500;  389684.5000 
magnitudes:800;  189791.6875 
magnitudes:1000;  161515.5625 
magnitudes:2000;   76532.5625 
magnitudes:5000;   30268.1875 
magnitudes:8000;   18777.8125 
magnitudes:10000;   15057.4375 
magnitudes:15000;   10220.1875 
magnitudes:20000;    7620.3750 
magnitudes:30000;    5440.8125 
magnitudes:40000;    4234.0000 
magnitudes:50000;    4056.5000 
magnitudes:60000;    3788.0625 
magnitudes:70000;    3947.5000 
magnitudes:200; 1406465.7500 
magnitudes:500;  274576.0625 
magnitudes:800;  179803.4375 
magnitudes:1000;  155302.0000 
magnitudes:2000;   75132.6250 
magnitudes:5000;   30626.4375 
magnitudes:8000;   18777.8125 
magnitudes:10000;   15671.4375 
magnitudes:15000;   10213.5000 
magnitudes:20000;    7922.4375 
magnitudes:30000;    5571.3125 
magnitudes:40000;    4654.8750 
magnitudes:50000;    4039.8125 
magnitudes:60000;    3748.6875 
magnitudes:70000;    3947.5000 
magnitudes:200; 1867803.5625 
magnitudes:500;  333899.6250 
magnitudes:800;  211087.5625 
magnitudes:1000;  164290.2500 
magnitudes:2000;   75792.7500 
magnitudes:5000;   31166.3125 
magnitudes:8000;   18886.3750 
magnitudes:10000;   15546.7500 
magnitudes:15000;   10171.3125 
magnitudes:20000;    8051.9375 
magnitudes:30000;    5440.8125 
magnitudes:40000;    4686.7500 
magnitudes:50000;    4056.5000 
magnitudes:60000;    4136.3125 
magnitudes:70000;    3956.8750 
magnitudes:200;  927112.9375 
magnitudes:500;  329826.6875 
magnitudes:800;  196856.4375 
magnitudes:1000;  161515.5625 
magnitudes:2000;   78215.0625 
magnitudes:5000;   30268.1875 
magnitudes:8000;   18741.1250 
magnitudes:10000;   15186.0000 
magnitudes:15000;   10164.7500 
magnitudes:20000;    7718.8750 
magnitudes:30000;    5440.8125 
magnitudes:40000;    4635.6250 
magnitudes:50000;    3849.2500 
magnitudes:60000;    3820.1250 
magnitudes:70000;    3871.8750 
magnitudes:200;  429867.5000 
magnitudes:500;  352101.8750 
magnitudes:800;  172926.8125 
magnitudes:1000;  155610.6250 
magnitudes:2000;   75792.7500 
magnitudes:5000;   29698.2500 
magnitudes:8000;   18858.4375 
magnitudes:10000;   15020.5000 
magnitudes:15000;   10220.1875 
magnitudes:20000;    7650.0625 
magnitudes:30000;    5459.6250 
magnitudes:40000;    4444.6250 
magnitudes:50000;    3865.1875 
magnitudes:60000;    3874.8750 
magnitudes:70000;    3880.7500 
magnitudes:200;  905850.3125 
magnitudes:500;  253412.0625 
magnitudes:800;  211087.5625 
magnitudes:1000;  157978.6875 
magnitudes:2000;   76905.5000 
magnitudes:5000;   29375.3750 
magnitudes:8000;   19032.5625 
magnitudes:10000;   14830.9375 
magnitudes:15000;   10171.3125 
magnitudes:20000;    7444.2500 
magnitudes:30000;    5416.0625 
magnitudes:40000;    4353.8125 
magnitudes:50000;    3827.6250 
magnitudes:60000;    3748.6875 
magnitudes:70000;    3947.5000 
magnitudes:200; 1798935.2500 
magnitudes:500;  308501.7500 
magnitudes:800;  182803.0625 
magnitudes:1000;  165465.1875 
magnitudes:2000;   74931.6250 
magnitudes:5000;   30626.4375 
magnitudes:8000;   19051.8750 
magnitudes:10000;   15297.7500 
magnitudes:15000;   10355.9375 
magnitudes:20000;    7789.2500 
magnitudes:30000;    5505.6875 
magnitudes:40000;    4247.3125 
magnitudes:50000;    3956.3125 
magnitudes:60000;    3709.6250 
magnitudes:70000;    3740.8125 
magnitudes:200; 1373293.6875 
magnitudes:500;  414115.1875 
magnitudes:800;  170779.3125 
magnitudes:1000;  156514.3125 
magnitudes:2000;   74060.4375 
magnitudes:5000;   30504.9375 
magnitudes:8000;   18432.2500 
magnitudes:10000;   15077.6250 
magnitudes:15000;   10030.1875 
magnitudes:20000;    7649.3125 
magnitudes:30000;    5392.5000 
magnitudes:40000;    4513.4375 
magnitudes:50000;    3919.0000 
magnitudes:60000;    3634.1875 
magnitudes:70000;    4319.5000 
magnitudes:200;  652965.0625 
magnitudes:500;  312655.3750 
magnitudes:800;  192968.3750 
magnitudes:1000;  151551.6250 
magnitudes:2000;   72066.8750 
magnitudes:5000;   29509.2500 
magnitudes:8000;   18050.1875 
magnitudes:10000;   14743.1875 
magnitudes:15000;    9635.0625 
magnitudes:20000;    7476.8125 
magnitudes:30000;    5245.8125 
magnitudes:40000;    4441.8125 
magnitudes:50000;    3912.8750 
magnitudes:60000;    3703.4375 
magnitudes:70000;    3740.8125 
magnitudes:200;  631542.0000 
magnitudes:500;  262475.6250 
magnitudes:800;  195228.6250 
magnitudes:1000;  160972.8125 
magnitudes:2000;   67436.9375 
magnitudes:5000;   26911.6875 
magnitudes:8000;   16788.1250 
magnitudes:10000;   13445.0625 
magnitudes:15000;    9005.0625 
magnitudes:20000;    6884.7500 
magnitudes:30000;    5492.1250 
magnitudes:40000;    3904.6250 
magnitudes:50000;    3618.1875 
magnitudes:60000;    3544.3125 
magnitudes:70000;    3719.8125 
magnitudes:200;    4905.5000 
magnitudes:500;    6490.1875 
magnitudes:800;    8369.7500 
magnitudes:1000;    7034.6875 
magnitudes:2000;    3822.8750 
magnitudes:5000;    2193.7500 
magnitudes:8000;    2979.0625 
magnitudes:10000;    3236.1875 
magnitudes:15000;    3274.8750 
magnitudes:20000;    3051.3125 
magnitudes:30000;    2753.0625 
magnitudes:40000;    2720.4375 
magnitudes:50000;    2868.5625 
magnitudes:60000;    2811.1250 
magnitudes:70000;    3379.5625 
magnitudes:200;    6662.6875 
magnitudes:500;    5531.0625 
magnitudes:800;    4566.2500 
magnitudes:1000;    3946.1250 
magnitudes:2000;    2755.9375 
magnitudes:5000;    2807.7500 
magnitudes:8000;    2709.8750 
magnitudes:10000;    2632.4375 
magnitudes:15000;    2534.7500 
magnitudes:20000;    2452.8125 
magnitudes:30000;    2457.0625 
magnitudes:40000;    2458.1250 
magnitudes:50000;    2588.6875 
magnitudes:60000;    2693.0000 
magnitudes:70000;    3247.1250 
magnitudes:200;    6429.9375 
magnitudes:500;    5446.9375 
magnitudes:800;    4715.1875 
magnitudes:1000;    4167.6250 
magnitudes:2000;    2575.0000 
magnitudes:5000;    2174.4375 
magnitudes:8000;    2262.1250 
magnitudes:10000;    2275.8750 
magnitudes:15000;    2294.9375 
magnitudes:20000;    2318.8750 
magnitudes:30000;    2323.7500 
magnitudes:40000;    2367.6250 
magnitudes:50000;    2585.7500 
magnitudes:60000;    2599.4375 
magnitudes:70000;    3214.6875 
magnitudes:200;    6286.3750 
magnitudes:500;    5181.5000 
magnitudes:800;    4358.8125 
magnitudes:1000;    3799.5625 
magnitudes:2000;    1860.2500 
magnitudes:5000;    1695.6250 
magnitudes:8000;    2019.8125 
magnitudes:10000;    2111.8750 
magnitudes:15000;    2149.3125 
magnitudes:20000;    2227.5625 
magnitudes:30000;    2227.5000 
magnitudes:40000;    2253.6875 
magnitudes:50000;    2507.4375 
magnitudes:60000;    2548.9375 
magnitudes:70000;    3112.1875 
magnitudes:200;    6032.6250 
magnitudes:500;    4916.4375 
magnitudes:800;    4115.8750 
magnitudes:1000;    3530.3750 
magnitudes:2000;    1298.0625 
magnitudes:5000;    1502.6875 
magnitudes:8000;    1872.3125 
magnitudes:10000;    2003.3750 
magnitudes:15000;    2066.8750 
magnitudes:20000;    2149.4375 
magnitudes:30000;    2154.1250 
magnitudes:40000;    2189.6250 
magnitudes:50000;    2337.8125 
magnitudes:60000;    2599.7500 
magnitudes:70000;    3018.9375 
magnitudes:200;    5977.8750 
magnitudes:500;    4981.4375 
magnitudes:800;    4108.1875 
magnitudes:1000;    3472.5625 
magnitudes:2000;    1130.9375 
magnitudes:5000;    1342.8750 
magnitudes:8000;    1792.5000 
magnitudes:10000;    1882.6250 
magnitudes:15000;    2010.7500 
magnitudes:20000;    2070.3750 
magnitudes:30000;    2097.6875 
magnitudes:40000;    2214.6875 
magnitudes:50000;    2294.5625 
magnitudes:60000;    2549.8750 
magnitudes:70000;    2958.1250 
magnitudes:200;    5948.4375 
magnitudes:500;    4849.0625 
magnitudes:800;    4074.1875 
magnitudes:1000;    3458.1250 
magnitudes:2000;    1114.0000 
magnitudes:5000;    1252.2500 
magnitudes:8000;    1740.7500 
magnitudes:10000;    1878.0000 
magnitudes:15000;    1977.8125 
magnitudes:20000;    2023.3750 
magnitudes:30000;    2061.0000 
magnitudes:40000;    2178.6250 
magnitudes:50000;    2256.0625 
magnitudes:60000;    2528.1250 
magnitudes:70000;    2958.1250 
magnitudes:200;    5905.9375 
magnitudes:500;    4850.5000 
magnitudes:800;    4031.9375 
magnitudes:1000;    3486.5625 
magnitudes:2000;    1170.4375 
magnitudes:5000;    1256.1875 
magnitudes:8000;    1747.7500 
magnitudes:10000;    1870.5625 
magnitudes:15000;    1965.8750 
magnitudes:20000;    2026.6875 
magnitudes:30000;    2104.3125 
magnitudes:40000;    2177.2500 
magnitudes:50000;    2333.6250 
magnitudes:60000;    2517.1875 
magnitudes:70000;    2958.1250 
magnitudes:200;    5869.6250 
magnitudes:500;    4797.6875 
magnitudes:800;    4086.1875 
magnitudes:1000;    3518.6875 
magnitudes:2000;    1270.5625 
magnitudes:5000;    1260.3125 
magnitudes:8000;    1733.5625 
magnitudes:10000;    1838.7500 
magnitudes:15000;    1958.5000 
magnitudes:20000;    2003.6250 
magnitudes:30000;    2087.0000 
magnitudes:40000;    2118.1875 
magnitudes:50000;    2326.4375 
magnitudes:60000;    2501.0000 
magnitudes:70000;    2990.1250 
magnitudes:200;    5743.0000 
magnitudes:500;    4877.3750 
magnitudes:800;    4123.6250 
magnitudes:1000;    3539.4375 
magnitudes:2000;    1337.3750 
magnitudes:5000;    1272.1250 
magnitudes:8000;    1719.2500 
magnitudes:10000;    1857.7500 
magnitudes:15000;    1957.0000 
magnitudes:20000;    2015.5000 
magnitudes:30000;    2080.1250 
magnitudes:40000;    2107.2500 
magnitudes:50000;    2313.5000 
magnitudes:60000;    2490.3750 
magnitudes:70000;    2928.4375 
magnitudes:200;    5731.0000 
magnitudes:500;    4849.6250 
magnitudes:800;    4068.8125 
magnitudes:1000;    3562.0625 
magnitudes:2000;    1372.7500 
magnitudes:5000;    1282.9375 
magnitudes:8000;    1732.5000 
magnitudes:10000;    1838.7500 
magnitudes:15000;    1953.1875 
magnitudes:20000;    2008.0625 
magnitudes:30000;    2074.6250 
magnitudes:40000;    2065.3125 
magnitudes:50000;    2300.7500 
magnitudes:60000;    2479.5625 
magnitudes:70000;    2898.4375 
magnitudes:200;    5807.3125 
magnitudes:500;    4805.3125 
magnitudes:800;    4063.3125 
magnitudes:1000;    3571.0000 
magnitudes:2000;    1505.3750 
magnitudes:5000;    1329.1250 
magnitudes:8000;    1719.4375 
magnitudes:10000;    1848.4375 
magnitudes:15000;    1948.5625 
magnitudes:20000;    1983.7500 
magnitudes:30000;    2065.3125 
magnitudes:40000;    2129.7500 
magnitudes:50000;    2297.1250 
magnitudes:60000;    2479.5625 
magnitudes:70000;    2898.4375 
magnitudes:200;    5768.8750 
magnitudes:500;    4782.2500 
magnitudes:800;    4116.5625 
magnitudes:1000;    3624.6250 
magnitudes:2000;    1612.4375 
magnitudes:5000;    1355.8750 
magnitudes:8000;    1738.6250 
magnitudes:10000;    1836.1250 
magnitudes:15000;    1948.1875 
magnitudes:20000;    2001.7500 
magnitudes:30000;    2058.5625 
magnitudes:40000;    2130.2500 
magnitudes:50000;    2284.5000 
magnitudes:60000;    2479.5625 
magnitudes:70000;    2959.4375 
magnitudes:200;    5778.5000 
magnitudes:500;    4792.8125 
magnitudes:800;    4162.0000 
magnitudes:1000;    3638.5625 
magnitudes:2000;    1654.8125 
magnitudes:5000;    1385.9375 
magnitudes:8000;    1737.0000 
magnitudes:10000;    1828.0625 
magnitudes:15000;    1947.0000 
magnitudes:20000;    1968.8125 
magnitudes:30000;    2047.7500 
magnitudes:40000;    2158.3750 
magnitudes:50000;    2297.1250 
magnitudes:60000;    2479.5625 
magnitudes:70000;    2959.4375 
magnitudes:200;    5616.6875 
magnitudes:500;    4794.8125 
magnitudes:800;    3925.0625 
magnitudes:1000;    3395.3125 
magnitudes:2000;    1022.3750 
magnitudes:5000;    1607.3750 
magnitudes:8000;    2092.3125 
magnitudes:10000;    2330.3125 
magnitudes:15000;    2542.9375 
magnitudes:20000;    2774.6875 
magnitudes:30000;    3126.5000 
magnitudes:40000;    4381.0625 
magnitudes:50000;    4749.9375 
magnitudes:60000;    4196.8750 
magnitudes:70000;    4044.3750 
magnitudes:200;  763048.4375 
magnitudes:500;  325818.2500 
magnitudes:800;  171663.5625 
magnitudes:1000;  149818.9375 
magnitudes:2000;   73633.5625 
magnitudes:5000;   29417.1875 
magnitudes:8000;   18325.5000 
magnitudes:10000;   14565.3750 
magnitudes:15000;    9954.8750 
magnitudes:20000;    7561.8750 
magnitudes:30000;    5459.7500 
magnitudes:40000;    4455.1250 
magnitudes:50000;    4182.5625 
magnitudes:60000;    4065.3750 
magnitudes:70000;    4481.1250 
magnitudes:200; 1440779.6250 
magnitudes:500;  275675.1875 
magnitudes:800;  205351.9375 
magnitudes:1000;  185213.7500 
magnitudes:2000;   84820.9375 
magnitudes:5000;   34560.6875 
magnitudes:8000;   21020.8750 
magnitudes:10000;   17095.1250 
magnitudes:15000;   11259.8750 
magnitudes:20000;    8656.0625 
magnitudes:30000;    6016.9375 
magnitudes:40000;    4989.3125 
magnitudes:50000;    4469.6250 
magnitudes:60000;    4441.3750 
magnitudes:70000;    4487.9375 
magnitudes:200; 1557932.5000 
magnitudes:500;  340874.3750 
magnitudes:800;  228292.1875 
magnitudes:1000;  169273.6875 
magnitudes:2000;   83697.3750 
magnitudes:5000;   34020.1250 
magnitudes:8000;   20526.3125 
magnitudes:10000;   16940.4375 
magnitudes:15000;   11099.8750 
magnitudes:20000;    8777.5000 
magnitudes:30000;    6040.6250 
magnitudes:40000;    4905.6250 
magnitudes:50000;    4494.5625 
magnitudes:60000;    4441.3750 
magnitudes:70000;    4487.9375 
magnitudes:200; 1171872.7500 
magnitudes:500;  358378.2500 
magnitudes:800;  217613.3750 
magnitudes:1000;  162846.1250 
magnitudes:2000;   81384.7500 
magnitudes:5000;   32072.5625 
magnitudes:8000;   19934.0000 
magnitudes:10000;   16200.8750 
magnitudes:15000;   10849.5625 
magnitudes:20000;    8305.0625 
magnitudes:30000;    5735.8125 
magnitudes:40000;    4680.3125 
magnitudes:50000;    4176.1875 
magnitudes:60000;    4050.6250 
magnitudes:70000;    4394.8750 
magnitudes:200;  676577.6875 
magnitudes:500;  360858.8750 
magnitudes:800;  186496.1875 
magnitudes:1000;  155221.6875 
magnitudes:2000;   79237.4375 
magnitudes:5000;   30137.1875 
magnitudes:8000;   19204.8750 
magnitudes:10000;   15026.1250 
magnitudes:15000;   10456.2500 
magnitudes:20000;    7815.1875 
magnitudes:30000;    5633.6875 
magnitudes:40000;    4649.0625 
magnitudes:50000;    3981.0625 
magnitudes:60000;    5242.3125 
magnitudes:70000;    3869.8750 
magnitudes:200; 2083219.5625 
magnitudes:500;10343262.6875 
magnitudes:800; 5937530.9375 
magnitudes:1000; 2053781.8750 
magnitudes:2000; 1097231.3750 
magnitudes:5000;   28212.2500 
magnitudes:8000;   19731.1250 
magnitudes:10000;   15536.0000 
magnitudes:15000;   10665.0625 
magnitudes:20000;    7958.7500 
magnitudes:30000;    5589.6875 
magnitudes:40000;    4373.1875 
magnitudes:50000;    3793.9375 
magnitudes:60000;    3465.5625 
magnitudes:70000;    3671.2500 
magnitudes:200; 1461226.1875 
magnitudes:500;  693832.8125 
magnitudes:800;  503594.1875 
magnitudes:1000;  117414.6250 
magnitudes:2000;   25630.5625 
magnitudes:5000;   10379.2500 
magnitudes:8000;    7150.6250 
magnitudes:10000;    6107.3750 
magnitudes:15000;    4824.3125 
magnitudes:20000;    4197.1875 
magnitudes:30000;    3667.2500 
magnitudes:40000;    3433.1875 
magnitudes:50000;    3267.6875 
magnitudes:60000;    3232.0625 
magnitudes:70000;    3612.5625 
magnitudes:200;    6774.5000 
magnitudes:500;    6115.7500 
magnitudes:800;    6036.6250 
magnitudes:1000;    5710.4375 
magnitudes:2000;    5181.6875 
magnitudes:5000;    3895.4375 
magnitudes:8000;    3379.8125 
magnitudes:10000;    3145.1250 
magnitudes:15000;    2819.9375 
magnitudes:20000;    2709.6875 
magnitudes:30000;    2586.4375 
magnitudes:40000;    2592.6250 
magnitudes:50000;    2592.7500 
magnitudes:60000;    2816.8750 
magnitudes:70000;    3388.5625 
magnitudes:200;    6693.6875 
magnitudes:500;    5027.5625 
magnitudes:800;    6300.4375 
magnitudes:1000;    6469.8750 
magnitudes:2000;    6635.4375 
magnitudes:5000;    4914.3750 
magnitudes:8000;    3844.1875 
magnitudes:10000;    3449.5000 
magnitudes:15000;    2931.5000 
magnitudes:20000;    2710.0000 
magnitudes:30000;    2519.8125 
magnitudes:40000;    2580.1250 
magnitudes:50000;    2654.3125 
magnitudes:60000;    2917.8750 
magnitudes:70000;    3280.5625 
magnitudes:200;    5698.9375 
magnitudes:500;    6455.3125 
magnitudes:800;    5946.0625 
magnitudes:1000;    6730.6250 
magnitudes:2000;    6967.4375 
magnitudes:5000;    5087.1875 
magnitudes:8000;    3921.0625 
magnitudes:10000;    3504.6250 
magnitudes:15000;    2930.3125 
magnitudes:20000;    2707.9375 
magnitudes:30000;    2520.3750 
magnitudes:40000;    2537.1250 
magnitudes:50000;    2638.8750 
magnitudes:60000;    2917.8750 
magnitudes:70000;    3247.3125 
magnitudes:200;    5057.4375 
magnitudes:500;    5530.0625 
magnitudes:800;    6045.1875 
magnitudes:1000;    6527.8750 
magnitudes:2000;    7030.5625 
magnitudes:5000;    5104.5625 
magnitudes:8000;    3966.8750 
magnitudes:10000;    3514.8125 
magnitudes:15000;    2943.8750 
magnitudes:20000;    2694.0625 
magnitudes:30000;    2502.5000 
magnitudes:40000;    2446.8125 
magnitudes:50000;    2623.6250 
magnitudes:60000;    2905.8750 
magnitudes:70000;    3280.5625 
magnitudes:200;    5457.6250 
magnitudes:500;    5600.3125 
magnitudes:800;    6554.0625 
magnitudes:1000;    6559.8750 
magnitudes:2000;    6950.1250 
magnitudes:5000;    5111.3125 
magnitudes:8000;    3963.5000 
magnitudes:10000;    3508.1250 
magnitudes:15000;    2956.9375 
magnitudes:20000;    2667.8750 
magnitudes:30000;    2542.5000 
magnitudes:40000;    2522.1250 
magnitudes:50000;    2608.5625 
magnitudes:60000;    2687.0000 
magnitudes:70000;    3247.3125 
magnitudes:200;    6179.7500 
magnitudes:500;    5381.5625 
magnitudes:800;    6386.0000 
magnitudes:1000;    6433.5625 
magnitudes:2000;    7089.5000 
magnitudes:5000;    5117.3750 
magnitudes:8000;    3965.8750 
magnitudes:10000;    3509.5625 
magnitudes:15000;    2967.0625 
magnitudes:20000;    2695.8750 
magnitudes:30000;    2475.5625 
magnitudes:40000;    2501.5625 
magnitudes:50000;    2604.8125 
magnitudes:60000;    2675.7500 
magnitudes:70000;    3209.0000 
magnitudes:200;    6151.9375 
magnitudes:500;    5776.0000 
magnitudes:800;    5963.1250 
magnitudes:1000;    6445.1250 
magnitudes:2000;    7042.2500 
magnitudes:5000;    5196.6875 
magnitudes:8000;    3974.7500 
magnitudes:10000;    3545.9375 
magnitudes:15000;    2956.7500 
magnitudes:20000;    2731.0000 
magnitudes:30000;    2471.1875 
magnitudes:40000;    2411.9375 
magnitudes:50000;    2593.5625 
magnitudes:60000;    2657.4375 
magnitudes:70000;    3252.0000 
magnitudes:200;    5855.3750 
magnitudes:500;    6356.0000 
magnitudes:800;    6165.8750 
magnitudes:1000;    6512.1875 
magnitudes:2000;    7071.7500 
magnitudes:5000;    5214.0625 
magnitudes:8000;    3980.5000 
magnitudes:10000;    3551.1250 
magnitudes:15000;    2945.8125 
magnitudes:20000;    2745.8750 
magnitudes:30000;    2489.1250 
magnitudes:40000;    2480.3125 
magnitudes:50000;    2500.9375 
magnitudes:60000;    2850.4375 
magnitudes:70000;    3247.3125 
magnitudes:200;    5025.4375 
magnitudes:500;    5235.8750 
magnitudes:800;    6727.9375 
magnitudes:1000;    6592.4375 
magnitudes:2000;    7374.2500 
magnitudes:5000;    5432.5625 
magnitudes:8000;    4174.1250 
magnitudes:10000;    3698.1875 
magnitudes:15000;    3036.2500 
magnitudes:20000;    2765.6250 
magnitudes:30000;    2511.0625 
magnitudes:40000;    2573.2500 
magnitudes:50000;    2490.1250 
magnitudes:60000;    2850.4375 
magnitudes:70000;    3218.0625 
magnitudes:200;    5096.3125 
magnitudes:500;    5871.5625 
magnitudes:800;    6613.8750 
magnitudes:1000;    6949.5000 
magnitudes:2000;    7772.0625 
magnitudes:5000;    5790.0625 
magnitudes:8000;    4398.6250 
magnitudes:10000;    3868.0625 
magnitudes:15000;    3126.8750 
magnitudes:20000;    2813.2500 
magnitudes:30000;    2589.4375 
magnitudes:40000;    2572.9375 
magnitudes:50000;    2598.5625 
magnitudes:60000;    2850.4375 
magnitudes:70000;    3182.2500 
magnitudes:200;    5821.9375 
magnitudes:500;    4953.3125 
magnitudes:800;    5429.8750 
magnitudes:1000;   71520.9375 
magnitudes:2000;   60858.3125 
magnitudes:5000;   32031.0000 
magnitudes:8000;   13442.6250 
magnitudes:10000;   13515.7500 
magnitudes:15000;   10021.5000 
magnitudes:20000;    7677.6875 
magnitudes:30000;    5455.9375 
magnitudes:40000;    4459.6875 
magnitudes:50000;    3940.4375 
magnitudes:60000;    4050.6250 
magnitudes:70000;    4401.3125 
magnitudes:200; 1785469.7500 
magnitudes:500;  541609.1875 
magnitudes:800;  226757.0625 
magnitudes:1000;  173329.6875 
magnitudes:2000;   86979.5625 
magnitudes:5000;   34020.1250 
magnitudes:8000;   21654.0000 
magnitudes:10000;   17181.3750 
magnitudes:15000;   11469.0000 
magnitudes:20000;    8019.1875 
magnitudes:30000;    5036.3125 
magnitudes:40000;    3882.1250 
magnitudes:50000;    3455.1250 
magnitudes:60000;    3190.2500 
magnitudes:70000;    3043.5625 
magnitudes:200;  646503.3750 
magnitudes:500;  245266.6250 
magnitudes:800;  143351.1250 
magnitudes:1000;  117798.3125 
magnitudes:2000;   56944.1250 
magnitudes:5000;   22776.8750 
magnitudes:8000;   13644.6250 
magnitudes:10000;   10582.8125 
magnitudes:15000;    6935.7500 
magnitudes:20000;    5118.5000 
magnitudes:30000;    3606.7500 
magnitudes:40000;    2847.3125 
magnitudes:50000;    2482.2500 
magnitudes:60000;    2604.8125 
magnitudes:70000;    2400.5000 
magnitudes:200;  655566.5000 
magnitudes:500;  177393.1875 
magnitudes:800;  133311.1875 
magnitudes:1000;  122974.9375 
magnitudes:2000;   68058.6250 
magnitudes:5000;   27143.8750 
magnitudes:8000;   16716.1875 
magnitudes:10000;   13253.0625 
magnitudes:15000;    8861.8750 
magnitudes:20000;    6739.6875 
magnitudes:30000;    4678.3750 
magnitudes:40000;    3633.5625 
magnitudes:50000;    3290.8125 
magnitudes:60000;    3075.5000 
magnitudes:70000;    3173.4375 
magnitudes:200;  698925.4375 
magnitudes:500;  242609.6875 
magnitudes:800;  154848.0625 
magnitudes:1000;  124491.8750 
magnitudes:2000;   63754.0000 
magnitudes:5000;   25690.8125 
magnitudes:8000;   15935.1250 
magnitudes:10000;   12731.0625 
magnitudes:15000;    8609.8125 
magnitudes:20000;    6591.9375 
magnitudes:30000;    4585.1250 
magnitudes:40000;    3760.3125 
magnitudes:50000;    3506.2500 
magnitudes:60000;    3254.8125 
magnitudes:70000;    3797.6875 
magnitudes:200; 1019592.6875 
magnitudes:500;  290378.9375 
magnitudes:800;  174462.4375 
magnitudes:1000;  132309.9375 
magnitudes:2000;   66320.0000 
magnitudes:5000;   26156.8125 
magnitudes:8000;   16338.4375 
magnitudes:10000;   12910.0000 
magnitudes:15000;    8875.6250 
magnitudes:20000;    6715.0625 
magnitudes:30000;    4734.4375 
magnitudes:40000;    3847.3125 
magnitudes:50000;    3525.4375 
magnitudes:60000;    3331.4375 
magnitudes:70000;    3727.6250 
magnitudes:200; 1043536.6250 
magnitudes:500;  267324.9375 
magnitudes:800;  163660.1875 
magnitudes:1000;  132309.9375 
magnitudes:2000;   66320.0000 
magnitudes:5000;   26156.8125 
magnitudes:8000;   16338.4375 
magnitudes:10000;   12957.8750 
magnitudes:15000;    8916.6250 
magnitudes:20000;    6740.2500 
magnitudes:30000;    4736.9375 
magnitudes:40000;    3790.6875 
magnitudes:50000;    3525.4375 
magnitudes:60000;    3254.8125 
magnitudes:70000;    3740.8125 
magnitudes:200; 1043010.4375 
magnitudes:500;  263186.4375 
magnitudes:800;  161715.3125 
magnitudes:1000;  131927.3125 
magnitudes:2000;   65435.8125 
magnitudes:5000;   26156.8125 
magnitudes:8000;   16361.5625 
magnitudes:10000;   13172.3125 
magnitudes:15000;    8958.2500 
magnitudes:20000;    6724.8750 
magnitudes:30000;    4718.5625 
magnitudes:40000;    4005.2500 
magnitudes:50000;    3525.4375 
magnitudes:60000;    3331.4375 
magnitudes:70000;    3727.6250 
magnitudes:200;  753713.0000 
magnitudes:500;  260882.1875 
magnitudes:800;  164355.7500 
magnitudes:1000;  132309.9375 
magnitudes:2000;   65899.2500 
magnitudes:5000;   26156.8125 
magnitudes:8000;   16338.4375 
magnitudes:10000;   13172.3125 
magnitudes:15000;    8916.6250 
magnitudes:20000;    6750.1875 
magnitudes:30000;    4774.0000 
magnitudes:40000;    3831.5000 
magnitudes:50000;    3559.0625 
